
                                  PYDB_Server 

         Version Q-2019.12-SP1-1 for linux64 - Feb 24, 2020 cl#5351723

                    Copyright (c) 2007 - 2020 Synopsys, Inc.
   This software and the associated documentation are proprietary to Synopsys,
 Inc. This software may only be used in accordance with the terms and conditions
 of a written license agreement with Synopsys, Inc. All other use, reproduction,
            or distribution of this software is strictly prohibited.

variable width coordinate support enabled.
Removing old database /DCNFS/users/student/lkim/Desktop/ELEN153L/synopsys_custom/pvjob_Lab6Pt2.ripplecarryadder.icv.drc/run_details/pydb/PYDB_ripplecarryadder
Listening for connections on port 7403
PYDB_Server Started on host linux11112.dc.engr.scu.edu, Mon 03/15/2021 00:23:33
Client linux11112(7306):14 connected (1 total client)
Verified current licenses.
SQLite page_size=65536
SQLite cache_size=65536
SQLite mmap_size=0
SQLite journal_mode=OFF
SQLite version 3.24.0
Client linux11112(7379):20 connected (2 total clients)
Client linux11112(7381):21 connected (3 total clients)
Client linux11112(7381):21 connection closed
Client linux11112(7381):21 disconnected (2 clients remain)
Client linux11112(7381):21 connected (3 total clients)
Client linux11112(7379):20 connection closed
Client linux11112(7379):20 disconnected (2 clients remain)
Client linux11112(7379):20 connected (3 total clients)
Client linux11112(7379):20 connection closed
Client linux11112(7379):20 disconnected (2 clients remain)
Client linux11112(7379):20 connected (3 total clients)
Client linux11112(7381):21 connection closed
Client linux11112(7381):21 disconnected (2 clients remain)
Client linux11112(7381):21 connected (3 total clients)
Begin error insertion: /DCNFS/users/student/lkim/Desktop/ELEN153L/synopsys_custom/pvjob_LAB3.CMOSInverter.icv.drc/rules.drc.9m_saed90_icv.drc.rs:666:internal1
Error insertion complete: /DCNFS/users/student/lkim/Desktop/ELEN153L/synopsys_custom/pvjob_LAB3.CMOSInverter.icv.drc/rules.drc.9m_saed90_icv.drc.rs:666:internal1
  Error Insertion Time=0:00:00  User=0.00 Sys=0.00 Mem=0.001 GB SQLite=0.006 GB Unpooled=0.000 GB
Client linux11112(7381):21 connection closed
Client linux11112(7381):21 disconnected (2 clients remain)
Client linux11112(7381):21 connected (3 total clients)
Client linux11112(7381):21 connection closed
Client linux11112(7381):21 disconnected (2 clients remain)
Client linux11112(7379):20 connection closed
Client linux11112(7379):20 disconnected (1 client remains)
 Total error insertion Time=0:00:05  User=0.00 Sys=0.00 Mem=0.001 GB SQLite=0.006 GB Unpooled=0.000 GB
  Total Commands: 1
  Total Errors: 8
  Avg Time/Cmd: Wall=0 User=0.00 Sys=0.00 Mem=0.001 GB MySQL Mem=0.000 GB
Generating /DCNFS/users/student/lkim/Desktop/ELEN153L/synopsys_custom/pvjob_Lab6Pt2.ripplecarryadder.icv.drc/ripplecarryadder.LAYOUT_ERRORS
  Generation Time=0:00:00  User=0.00 Sys=0.00 Mem=0.001 GB
Shutdown requested by client linux11112(7306):14
0 clients remain connected
Client linux11112(7306):14 connection closed
Overall server Time=0:00:12  User=0.03 Sys=0.03 Mem=0.001 GB SQLite=0.006 GB Unpooled=0.000 GB

                                  PYDB_Server 

         Version Q-2019.12-SP1-1 for linux64 - Feb 24, 2020 cl#5351723

                    Copyright (c) 2007 - 2020 Synopsys, Inc.
   This software and the associated documentation are proprietary to Synopsys,
 Inc. This software may only be used in accordance with the terms and conditions
 of a written license agreement with Synopsys, Inc. All other use, reproduction,
            or distribution of this software is strictly prohibited.

variable width coordinate support enabled.
Listening for connections on port 7297
PYDB_Server Started on host linux11112, Mon 03/15/2021 00:23:48
Client linux11112(7631):8 connected (1 total client)
Verified current licenses.
SQLite page_size=65536
SQLite cache_size=65536
SQLite mmap_size=0
SQLite journal_mode=OFF
SQLite version 3.24.0
Shutdown requested by client linux11112(7631):8
0 clients remain connected
Client linux11112(7631):8 connection closed
Overall server Time=0:06:55  User=0.01 Sys=0.01 Mem=0.000 GB SQLite=0.002 GB Unpooled=0.000 GB
