[14:36:36.03] /r giWindowId 0
[14:36:36.03] /r giWindowGeometry 600x300
[14:36:36.04] /o 
              /c                                 Custom Compiler 
              /c 
              /c               Version P-2019.06-SP1-7 for linux64 - Feb 13, 2020 
              /c 
              /c                     Copyright (c) 2004 - 2020 Synopsys, Inc.
              /c    This software and the associated documentation are proprietary to Synopsys,
              /c  Inc. This software may only be used in accordance with the terms and conditions
              /c  of a written license agreement with Synopsys, Inc. All other use, reproduction,
              /c             or distribution of this software is strictly prohibited.
              /c 
              /c Build  (OPT) Config 5329942 compiled on Thu Feb 13 14:05:50 2020 for RHEL64 6.6
              /c Invocation: /DCNFS/applications/synopsys/2019/app/customcompiler/P-2019.06-SP1-7/linux64/platform/bin/custom_compiler
              /c Execution time: Sun Mar 14 14:36:33 2021
              /c Host: linux11110
              /c Working directory: /DCNFS/users/student/lkim/Desktop/ELEN153L
              /c 
[14:36:40.75] /r giShowFrameTabs true
[14:36:40.75] /r giWindowId 1
[14:36:40.75] /r giWindowGeometry 1040x800
[14:36:42.74] /# gi::pressButton {/scroll/scrollArea/scrollAreaInnerWidget/applications/dmLibraryManager} -in [gi::getWindows 1]
[14:36:42.75] /# 
[14:36:42.85] /# gi::pressButton {/scroll/scrollArea/scrollAreaInnerWidget/applications/dmLibraryManager} -in [gi::getWindows 1]
[14:36:42.85] /# 
[14:36:43.05] /i dm::showLibraryManager
[14:36:43.05] /r giWindowId 2
[14:36:43.05] /r giWindowGeometry 660x600+50+76
[14:36:43.10] /o oa:0x20a08df0
[14:36:44.15] /i gi::setCurrentIndex {libs} -index {LAB5} -in [gi::getWindows 2]
[14:36:44.16] /i gi::setItemSelection {libs} -index {LAB5} -in [gi::getWindows 2]
[14:36:52.55] /i gi::setCurrentIndex {cells} -index {FullAdder} -in [gi::getWindows 2]
[14:36:52.65] /i gi::setItemSelection {cells} -index {FullAdder} -in [gi::getWindows 2]
[14:36:55.03] /i gi::setCurrentIndex {views} -index {layout} -in [gi::getWindows 2]
[14:36:55.05] /i gi::setItemSelection {views} -index {layout} -in [gi::getWindows 2]
[14:36:55.15] /i gi::executeAction {dmOpen} -in [gi::getWindows 2]
[14:36:55.17] /m Information: License 'Basic' checked out. (LICENSE-003)
[14:36:55.24] /o 	############################################
[14:36:55.24] /o 	        Synopsys Generic 90nm iPDK          
[14:36:55.24] /o 	--------------------------------------------
[14:36:55.24] /o 	Release Date .............. : 11-May-2016    
[14:36:55.24] /o 	============================================
[14:36:55.24] /o 	        Recommended Tool Versions           
[14:36:55.24] /o 	--------------------------------------------
[14:36:55.24] /o 	Custom Designer ........... : J-2014.12-2    
[14:36:55.24] /o 	IC Validator .............. : K-2015.12   
[14:36:55.24] /o 	StarRC..................... : K-2015.12  
[14:36:55.24] /o 	--------------------------------------------
[14:36:55.24] /o 	############################################
[14:36:55.24] /o 
[14:36:55.26] /o SAED PDK 90: Loaded callbacks
[14:36:55.30] /o SAED PDK 90: Loaded display resources
[14:36:55.39] /r giWindowId 3
[14:36:55.39] /r giWindowGeometry 1632x869
[14:37:05.85] /# gi::executeAction {xtLVSRun} -in [gi::getWindows 3]
[14:37:05.85] /i xt::physicalVerification::executeRun lvs 3
[14:37:06.24] /i xt::physicalVerification::executePve lvs 3 xtLVSExecutePve
[14:37:06.35] /m Information: "Starting netlisting for design "LAB5/FullAdder/schematic"..." (NETLISTING-010)
[14:37:06.45] /o No Design Integrity rule violations found in "LAB5/FullAdder/schematic"
[14:37:06.86] /m Information: "Netlisting design "LAB5/FullAdder/schematic" finished successfully." (NETLISTING-012)
[14:37:07.15] /i db::setAttr maximized -of [gi::getFrames 1] -value true
[14:37:07.45] /i db::setAttr dockSize -of [gi::getAssistants dePropertyEditor -from [gi::getWindows 3]] -value 290x719
[14:37:07.51] /i db::setAttr geometry -of [gi::getFrames 1] -value 1910x933+5+54
[14:37:08.65] /# gi::executeAction {deFitView} -in [gi::getWindows 3]
[14:37:08.65] /i de::fit -window 3 -fitView true
[14:37:12.28] /r giWindowId 4
[14:37:12.29] /r giWindowGeometry 800x600
[14:37:26.76] /m Information: 
              /c =============================
              /c JobID: icv_lvs_21
              /c --- ERROR SUMMARY -----------
              /c Compare Error Summary
              /c Refer to FullAdder.LVS_ERRORS.
              /c LVS Compare Result: FAIL
              /c TOP equivalence point:
              /c 		[FullAdder, FullAdder]
              /c     0 Successful equivalence points
              /c   * 1 Failed equivalence points
              /c         1 First priority errors
              /c         0 Second priority errors
              /c =============================
              /c 
[14:37:27.77] /j ::xt::icv::vue::_private::registerConnection linux11110.dc.engr.scu.edu:51464 tcp1 icvVue_1 
[14:37:27.83] /j ::xt::icv::vue::_private::isJobReady 
[14:37:27.83] /o false
[14:37:28.83] /j ::xt::icv::vue::_private::isJobReady 
[14:37:28.83] /o false
[14:37:29.83] /m Information: Connection established with 'IC Validator VUE' running on 'linux11110.dc.engr.scu.edu'.
[14:37:29.83] /j ::xt::icv::vue::_private::isJobReady 
[14:37:29.83] /o true
[14:37:29.85] /j xt::icv::vue::startFilter LAY 
[14:37:29.88] /j xt::icv::vue::setWorkingDir /DCNFS/users/student/lkim/Desktop/ELEN153L/synopsys_custom/pvjob_LAB5.FullAdder.icv.lvs 
[14:37:29.90] /j xt::icv::vue::startFilter SCH 
[14:37:29.91] /j xt::icv::vue::setWorkingDir /DCNFS/users/student/lkim/Desktop/ELEN153L/synopsys_custom/pvjob_LAB5.FullAdder.icv.lvs 
[14:37:30.55] /j xt::icv::vue::setWorkingDir /DCNFS/users/student/lkim/Desktop/ELEN153L/synopsys_custom/pvjob_LAB5.FullAdder.icv.lvs 
[14:37:30.57] /j xt::icv::vue::setTopLayLCV LAB5/FullAdder/layout 
[14:37:30.60] /j xt::icv::vue::setWorkingDir /DCNFS/users/student/lkim/Desktop/ELEN153L/synopsys_custom/pvjob_LAB5.FullAdder.icv.lvs 
[14:37:30.61] /j xt::icv::vue::openModule FullAdder 
[14:37:30.69] /r giWindowId 5
[14:37:30.69] /r giWindowGeometry 1632x869
[14:37:30.91] /j xt::icv::vue::openLCV LAB5/FullAdder/layout 
[14:37:31.08] /j xt::icv::vue::clearAllHighlights LAB5/FullAdder/layout 
[14:37:31.10] /j xt::icv::vue::clearAllProbes FullAdder 
[14:37:31.20] /i db::setAttr dockSize -of [gi::getAssistants giConsole -from [gi::getWindows 5]] -value 1571x132
[14:37:31.21] /i db::setAttr dockSize -of [gi::getAssistants dePropertyEditor -from [gi::getWindows 5]] -value 290x753
[14:37:34.74] /j xt::icv::vue::clearAllHighlights LAB5/FullAdder/layout 
[14:37:34.76] /j xt::icv::vue::clearAllProbes FullAdder 
[14:37:34.78] /j xt::icv::vue::clearAllHighlights LAB5/FullAdder/layout 
[14:37:34.80] /j xt::icv::vue::clearAllProbes FullAdder 
[14:37:34.82] /j xt::icv::vue::openLCVInstance LAB5/FullAdder/layout LAB5/FullAdder/layout 
[14:37:34.84] /j xt::icv::vue::openModule FullAdder 
[14:37:34.86] /j xt::icv::vue::clearAllHighlights LAB5/FullAdder/layout 
[14:37:34.88] /j xt::icv::vue::clearAllProbes FullAdder 
[14:38:00.30] /j xt::icv::vue::setHiliteId {} 
[14:38:00.32] /j xt::icv::vue::setHighlightProperty cyan brick 
[14:38:00.34] /j xt::icv::vue::HighlightFromFile LAB5/FullAdder/layout /tmp/lkim_vue_7YGX7U/highlight_20210314143800_000000.oas 41d298456f54ac2fccafee7ab605986c 
[14:38:00.40] /j xt::icv::vue::drawHighlights LAB5/FullAdder/layout 
[14:38:00.43] /j xt::icv::vue::setViewPort LAB5/FullAdder/layout {11.9525 0.425 12.0775 0.925} 
[14:38:01.27] /# gi::executeAction {deCanvasZoomOutAtPoint} -in [gi::getWindows 3]
[14:38:01.27] /i de::zoom -window [gi::getWindows 3] -factor 0.5 -center {12.23 0.62}
[14:38:01.29] /# gi::executeAction {deCanvasZoomOutAtPoint} -in [gi::getWindows 3]
[14:38:01.29] /i de::zoom -window [gi::getWindows 3] -factor 0.5 -center {12.227 0.619}
[14:38:01.31] /# gi::executeAction {deCanvasZoomOutAtPoint} -in [gi::getWindows 3]
[14:38:01.31] /i de::zoom -window [gi::getWindows 3] -factor 0.5 -center {12.225 0.62}
[14:38:01.32] /# gi::executeAction {deCanvasZoomOutAtPoint} -in [gi::getWindows 3]
[14:38:01.32] /i de::zoom -window [gi::getWindows 3] -factor 0.5 -center {12.219 0.619}
[14:38:01.57] /# gi::executeAction {deCanvasZoomOutAtPoint} -in [gi::getWindows 3]
[14:38:01.57] /i de::zoom -window [gi::getWindows 3] -factor 0.5 -center {12.219 0.684}
[14:38:01.59] /# gi::executeAction {deCanvasZoomOutAtPoint} -in [gi::getWindows 3]
[14:38:01.59] /i de::zoom -window [gi::getWindows 3] -factor 0.5 -center {12.219 0.683}
[14:38:01.95] /# gi::executeAction {deCanvasZoomInAtPoint} -in [gi::getWindows 3]
[14:38:01.95] /i de::zoom -window [gi::getWindows 3] -factor 2.0 -center {12.219 0.683}
[14:38:01.99] /# gi::executeAction {deCanvasZoomInAtPoint} -in [gi::getWindows 3]
[14:38:01.99] /i de::zoom -window [gi::getWindows 3] -factor 2.0 -center {12.219 0.683}
[14:38:03.29] /# gi::executeAction {leDisplayAllLevels} -in [gi::getWindows 3]
[14:38:03.29] /i db::setPrefValue leStopLevel -value 32 -scope [db::getNext [de::getContexts -window 3]]
[14:38:05.70] /# gi::executeAction {deCanvasZoomInAtPoint} -in [gi::getWindows 3]
[14:38:05.71] /i de::zoom -window [gi::getWindows 3] -factor 2.0 -center {12.326 0.705}
[14:38:05.73] /# gi::executeAction {deCanvasZoomInAtPoint} -in [gi::getWindows 3]
[14:38:05.73] /i de::zoom -window [gi::getWindows 3] -factor 2.0 -center {12.315 0.705}
[14:38:05.91] /# gi::executeAction {deCanvasZoomInAtPoint} -in [gi::getWindows 3]
[14:38:05.91] /i de::zoom -window [gi::getWindows 3] -factor 2.0 -center {12.307 0.702}
[14:38:06.69] /# gi::executeAction {deCanvasZoomOutAtPoint} -in [gi::getWindows 3]
[14:38:06.69] /i de::zoom -window [gi::getWindows 3] -factor 0.5 -center {12.052 0.691}
[14:38:08.31] /# gi::executeAction {deCanvasZoomOutAtPoint} -in [gi::getWindows 3]
[14:38:08.31] /i de::zoom -window [gi::getWindows 3] -factor 0.5 -center {12.111 0.63}
[14:38:08.34] /# gi::executeAction {deCanvasZoomOutAtPoint} -in [gi::getWindows 3]
[14:38:08.34] /i de::zoom -window [gi::getWindows 3] -factor 0.5 -center {12.111 0.63}
[14:38:08.39] /# gi::executeAction {deCanvasZoomOutAtPoint} -in [gi::getWindows 3]
[14:38:08.39] /i de::zoom -window [gi::getWindows 3] -factor 0.5 -center {12.112 0.63}
[14:38:08.81] /# gi::executeAction {deCanvasZoomInAtPoint} -in [gi::getWindows 3]
[14:38:08.81] /i de::zoom -window [gi::getWindows 3] -factor 2.0 -center {12.09 0.63}
[14:38:10.72] /# gi::executeAction {deCanvasZoomOutAtPoint} -in [gi::getWindows 3]
[14:38:10.72] /i de::zoom -window [gi::getWindows 3] -factor 0.5 -center {12.025 0.651}
[14:38:11.74] /# gi::executeAction {deCanvasZoomInAtPoint} -in [gi::getWindows 3]
[14:38:11.74] /i de::zoom -window [gi::getWindows 3] -factor 2.0 -center {16.901 3.487}
[14:38:11.92] /# gi::executeAction {deCanvasZoomInAtPoint} -in [gi::getWindows 3]
[14:38:11.92] /i de::zoom -window [gi::getWindows 3] -factor 2.0 -center {16.751 3.111}
[14:38:14.64] /# gi::executeAction {deCanvasZoomOutAtPoint} -in [gi::getWindows 3]
[14:38:14.64] /i de::zoom -window [gi::getWindows 3] -factor 0.5 -center {16.472 2.354}
[14:38:14.72] /# gi::executeAction {deCanvasZoomOutAtPoint} -in [gi::getWindows 3]
[14:38:14.72] /i de::zoom -window [gi::getWindows 3] -factor 0.5 -center {16.471 2.375}
[14:38:15.33] /# gi::executeAction {deCanvasZoomInAtPoint} -in [gi::getWindows 3]
[14:38:15.33] /i de::zoom -window [gi::getWindows 3] -factor 2.0 -center {20.96 3.192}
[14:38:15.56] /# gi::executeAction {deCanvasZoomInAtPoint} -in [gi::getWindows 3]
[14:38:15.56] /i de::zoom -window [gi::getWindows 3] -factor 2.0 -center {20.939 3.074}
[14:38:21.58] /# gi::executeAction {deCanvasZoomOutAtPoint} -in [gi::getWindows 3]
[14:38:21.58] /i de::zoom -window [gi::getWindows 3] -factor 0.5 -center {20.509 2.789}
[14:38:21.61] /# gi::executeAction {deCanvasZoomOutAtPoint} -in [gi::getWindows 3]
[14:38:21.61] /i de::zoom -window [gi::getWindows 3] -factor 0.5 -center {20.499 2.8}
[14:38:21.64] /# gi::executeAction {deCanvasZoomOutAtPoint} -in [gi::getWindows 3]
[14:38:21.64] /i de::zoom -window [gi::getWindows 3] -factor 0.5 -center {20.499 2.801}
[14:38:38.93] /j xt::icv::vue::clearAllHighlights LAB5/FullAdder/layout 
[14:38:38.95] /j xt::icv::vue::clearAllProbes FullAdder 
[14:38:42.23] /j xt::icv::vue::clearAllHighlights LAB5/FullAdder/layout 
[14:38:42.25] /j xt::icv::vue::clearAllProbes FullAdder 
[14:38:42.73] /j xt::icv::vue::clearAllProbes FullAdder 
[14:38:42.75] /j xt::icv::vue::clearAllHighlights LAB5/FullAdder/layout 
[14:38:42.77] /j xt::icv::vue::openModule FullAdder 
[14:38:42.79] /j xt::icv::vue::openLCVInstance LAB5/FullAdder/layout LAB5/FullAdder/layout 
[14:38:45.79] /j xt::icv::vue::setHiliteId {} 
[14:38:45.81] /j xt::icv::vue::setHighlightProperty yellow brick 
[14:38:45.83] /j xt::icv::vue::setProbeProperty yellow brick 
[14:38:45.85] /j xt::icv::vue::HighlightFromFile LAB5/FullAdder/layout /tmp/lkim_vue_7YGX7U/highlight_20210314143845_000001.oas c86b04a98afb06f8e5f37cc6a76706ce 
[14:38:45.87] /j xt::icv::vue::addProbe FullAdder Ci1 net 
[14:38:45.89] /j xt::icv::vue::drawHighlights LAB5/FullAdder/layout 
[14:38:45.91] /j xt::icv::vue::zoomToProbes FullAdder 
[14:38:45.98] /j xt::icv::vue::setViewPort LAB5/FullAdder/layout {20.21625 -0.0831250000000003 20.60375 5.498125} 
[14:38:51.31] /j xt::icv::vue::clearAllHighlights LAB5/FullAdder/layout 
[14:38:51.33] /j xt::icv::vue::clearAllProbes FullAdder 
[14:38:51.63] /j xt::icv::vue::clearAllHighlights LAB5/FullAdder/layout 
[14:38:51.65] /j xt::icv::vue::clearAllProbes FullAdder 
[14:38:52.33] /j xt::icv::vue::clearAllProbes FullAdder 
[14:38:52.35] /j xt::icv::vue::clearAllHighlights LAB5/FullAdder/layout 
[14:38:52.37] /j xt::icv::vue::openModule FullAdder 
[14:38:52.39] /j xt::icv::vue::openLCVInstance LAB5/FullAdder/layout LAB5/FullAdder/layout 
[14:38:59.01] /i gi::setActiveWindow 4
[14:38:59.01] /i gi::setActiveWindow 4 -raise true
[14:39:05.82] /j xt::icv::vue::setHiliteId {} 
[14:39:05.84] /j xt::icv::vue::setHighlightProperty yellow brick 
[14:39:05.86] /j xt::icv::vue::setProbeProperty yellow brick 
[14:39:05.88] /j xt::icv::vue::HighlightFromFile LAB5/FullAdder/layout /tmp/lkim_vue_7YGX7U/highlight_20210314143905_000002.oas 9cff3e53a6f86c714011197a7f6005c7 
[14:39:05.91] /j xt::icv::vue::addProbe FullAdder gnd! net 
[14:39:05.91] /e Error: [CD-icvVue] couldn't find gnd! giving up
[14:39:05.93] /j xt::icv::vue::drawHighlights LAB5/FullAdder/layout 
[14:39:05.95] /j xt::icv::vue::zoomToProbes FullAdder 
[14:39:05.96] /j xt::icv::vue::setViewPort LAB5/FullAdder/layout {-3.725625 -2.05 24.630625 9.35} 
[14:39:11.62] /# gi::executeAction {deCanvasZoomInAtPoint} -in [gi::getWindows 3]
[14:39:11.62] /i de::zoom -window [gi::getWindows 3] -factor 2.0 -center {9.324 4.219}
[14:39:12.32] /# gi::executeAction {deCanvasZoomOutAtPoint} -in [gi::getWindows 3]
[14:39:12.32] /i de::zoom -window [gi::getWindows 3] -factor 0.5 -center {9.306 3.975}
[14:39:18.80] /# gi::executeAction {deCanvasZoomInAtPoint} -in [gi::getWindows 3]
[14:39:18.80] /i de::zoom -window [gi::getWindows 3] -factor 2.0 -center {20.678 2.369}
[14:39:18.84] /# gi::executeAction {deCanvasZoomInAtPoint} -in [gi::getWindows 3]
[14:39:18.84] /i de::zoom -window [gi::getWindows 3] -factor 2.0 -center {20.678 2.369}
[14:39:21.84] /# gi::executeAction {deCanvasZoomOutAtPoint} -in [gi::getWindows 3]
[14:39:21.84] /i de::zoom -window [gi::getWindows 3] -factor 0.5 -center {20.479 3.28}
[14:39:41.55] /j xt::icv::vue::clearAllHighlights LAB5/FullAdder/layout 
[14:39:41.57] /j xt::icv::vue::clearAllProbes FullAdder 
[14:39:44.80] /# gi::executeAction {leStartStretchDrag} -in [gi::getWindows 3]
[14:39:44.80] /i layout_editor::directStretch [de::getActiveFigure [gi::getWindows 3] -point {19.081 3.822} -index 0 -intent none] 3
[14:39:44.80] /i db::setPrefValue deSelectMode -value Replace -scope [db::getScopes [db::getNext [de::getContexts -window 3]]]; ide::selectByRegion -region rectangle -point {19.08 3.82} 
[14:39:44.87] /# gi::executeAction {deEndDrag} -in [gi::getWindows 3]
[14:39:44.87] /i de::endDrag {18.332 2.875} -context [db::getNext [de::getContexts -window 3]]
[14:39:46.04] /# gi::executeAction {leCopy} -in [gi::getWindows 3]
[14:39:46.04] /i ile::copy
[14:39:46.42] /# gi::executeAction {deAddPoint} -in [gi::getWindows 3]
[14:39:46.42] /i de::addPoint {18.729 3.371} -context [db::getNext [de::getContexts -window 3]]
[14:39:47.18] /# gi::executeAction {deAddPoint} -in [gi::getWindows 3]
[14:39:47.18] /i de::addPoint {21.599 3.507} -context [db::getNext [de::getContexts -window 3]]
[14:39:47.38] /i gi::executeAction {deCanvasDragCancel} -in [gi::getWindows 3]
[14:39:47.69] /# gi::executeAction {deSelectByWindow} -in [gi::getWindows 3]
[14:39:47.69] /i db::setPrefValue deSelectMode -value Replace -scope [db::getScopes [db::getNext [de::getContexts -window 3]]]; ide::selectByRegion -region rectangle -point {22.195 3.895} 
[14:39:47.77] /# gi::executeAction {deEndDrag} -in [gi::getWindows 3]
[14:39:47.77] /i de::endDrag {20.678 2.721} -context [db::getNext [de::getContexts -window 3]]
[14:39:47.96] /# gi::executeAction {deCanvasZoomInAtPoint} -in [gi::getWindows 3]
[14:39:47.96] /i de::zoom -window [gi::getWindows 3] -factor 2.0 -center {21.202 3.209}
[14:39:47.97] /# gi::executeAction {deCanvasZoomInAtPoint} -in [gi::getWindows 3]
[14:39:47.97] /i de::zoom -window [gi::getWindows 3] -factor 2.0 -center {21.202 3.209}
[14:39:47.98] /# gi::executeAction {deCanvasZoomInAtPoint} -in [gi::getWindows 3]
[14:39:47.98] /i de::zoom -window [gi::getWindows 3] -factor 2.0 -center {21.206 3.209}
[14:39:48.56] /# gi::executeAction {deCanvasZoomInAtPoint} -in [gi::getWindows 3]
[14:39:48.56] /i de::zoom -window [gi::getWindows 3] -factor 2.0 -center {21.292 3.22}
[14:39:48.57] /# gi::executeAction {deCanvasZoomOutAtPoint} -in [gi::getWindows 3]
[14:39:48.57] /i de::zoom -window [gi::getWindows 3] -factor 0.5 -center {21.29 3.22}
[14:39:48.59] /# gi::executeAction {deCanvasZoomOutAtPoint} -in [gi::getWindows 3]
[14:39:48.59] /i de::zoom -window [gi::getWindows 3] -factor 0.5 -center {21.289 3.219}
[14:39:48.61] /# gi::executeAction {deCanvasZoomOutAtPoint} -in [gi::getWindows 3]
[14:39:48.61] /i de::zoom -window [gi::getWindows 3] -factor 0.5 -center {21.29 3.219}
[14:39:48.64] /# gi::executeAction {deCanvasZoomOutAtPoint} -in [gi::getWindows 3]
[14:39:48.64] /i de::zoom -window [gi::getWindows 3] -factor 0.5 -center {21.281 3.219}
[14:39:49.23] /# gi::executeAction {deCanvasZoomInAtPoint} -in [gi::getWindows 3]
[14:39:49.23] /i de::zoom -window [gi::getWindows 3] -factor 2.0 -center {22.12 3.355}
[14:39:49.25] /# gi::executeAction {deCanvasZoomInAtPoint} -in [gi::getWindows 3]
[14:39:49.25] /i de::zoom -window [gi::getWindows 3] -factor 2.0 -center {22.12 3.355}
[14:39:49.28] /# gi::executeAction {deCanvasZoomInAtPoint} -in [gi::getWindows 3]
[14:39:49.28] /i de::zoom -window [gi::getWindows 3] -factor 2.0 -center {22.12 3.355}
[14:39:50.24] /# gi::executeAction {deSelectByWindow} -in [gi::getWindows 3]
[14:39:50.24] /i db::setPrefValue deSelectMode -value Replace -scope [db::getScopes [db::getNext [de::getContexts -window 3]]]; ide::selectByRegion -region rectangle -point {21.79 3.49} 
[14:39:50.37] /# gi::executeAction {deEndDrag} -in [gi::getWindows 3]
[14:39:50.37] /i de::endDrag {21.381 3.212} -context [db::getNext [de::getContexts -window 3]]
[14:39:51.43] /# gi::executeAction {deSelectActive} -in [gi::getWindows 3]
[14:39:51.43] /i de::deselectAll [db::getNext [de::getContexts -window 3]]
[14:39:51.43] /i de::select [de::getActiveFigure [gi::getWindows 3] -point {21.646 3.326} -index 0 -intent none]
[14:39:51.43] /o oa:0x22f76400
[14:39:51.43] /# gi::executeAction {leMove} -in [gi::getWindows 3]
[14:39:51.43] /i ile::move
[14:39:51.58] /# gi::executeAction {deCanvasZoomOutAtPoint} -in [gi::getWindows 3]
[14:39:51.58] /i de::zoom -window [gi::getWindows 3] -factor 0.5 -center {21.646 3.326}
[14:39:51.61] /# gi::executeAction {deCanvasZoomOutAtPoint} -in [gi::getWindows 3]
[14:39:51.62] /i de::zoom -window [gi::getWindows 3] -factor 0.5 -center {21.646 3.325}
[14:39:52.49] /# gi::executeAction {deAddPoint} -in [gi::getWindows 3]
[14:39:52.49] /i de::addPoint {21.624 3.389} -context [db::getNext [de::getContexts -window 3]]
[14:39:52.76] /# gi::executeAction {deCanvasZoomOutAtPoint} -in [gi::getWindows 3]
[14:39:52.76] /i de::zoom -window [gi::getWindows 3] -factor 0.5 -center {21.66 3.588}
[14:39:53.82] /# gi::executeAction {deAbortCommand} -in [gi::getWindows 3]
[14:39:53.82] /i de::abortCommand -context [db::getNext [de::getContexts -window 3]]
[14:39:54.34] /# gi::executeAction {deSelectByWindow} -in [gi::getWindows 3]
[14:39:54.35] /i db::setPrefValue deSelectMode -value Replace -scope [db::getScopes [db::getNext [de::getContexts -window 3]]]; ide::selectByRegion -region rectangle -point {22.335 3.795} 
[14:39:54.49] /# gi::executeAction {deEndDrag} -in [gi::getWindows 3]
[14:39:54.49] /i de::endDrag {20.722 2.495} -context [db::getNext [de::getContexts -window 3]]
[14:39:55.46] /# gi::executeAction {leMove} -in [gi::getWindows 3]
[14:39:55.46] /i ile::move
[14:39:55.88] /# gi::executeAction {deAddPoint} -in [gi::getWindows 3]
[14:39:55.88] /i de::addPoint {21.661 3.371} -context [db::getNext [de::getContexts -window 3]]
[14:39:56.64] /# gi::executeAction {deAddPoint} -in [gi::getWindows 3]
[14:39:56.64] /i de::addPoint {21.606 4.896} -context [db::getNext [de::getContexts -window 3]]
[14:39:57.46] /# gi::executeAction {deSelectActive} -in [gi::getWindows 3]
[14:39:57.46] /i de::deselectAll [db::getNext [de::getContexts -window 3]]
[14:39:57.46] /i de::select [de::getActiveFigure [gi::getWindows 3] -point {21.724 4.878} -index 0 -intent none]
[14:39:57.46] /o oa:0x23029050
[14:39:58.99] /# gi::executeAction {leMove} -in [gi::getWindows 3]
[14:39:58.99] /i ile::move
[14:39:59.11] /# gi::executeAction {deAddPoint} -in [gi::getWindows 3]
[14:39:59.11] /i de::addPoint {21.697 4.896} -context [db::getNext [de::getContexts -window 3]]
[14:40:00.25] /# gi::executeAction {deAbortCommand} -in [gi::getWindows 3]
[14:40:00.25] /i de::abortCommand -context [db::getNext [de::getContexts -window 3]]
[14:40:00.48] /i gi::executeAction {deCanvasDragCancel} -in [gi::getWindows 3]
[14:40:00.86] /# gi::executeAction {deSelectByWindow} -in [gi::getWindows 3]
[14:40:00.86] /i db::setPrefValue deSelectMode -value Replace -scope [db::getScopes [db::getNext [de::getContexts -window 3]]]; ide::selectByRegion -region rectangle -point {22.04 5.175} 
[14:40:00.98] /# gi::executeAction {deEndDrag} -in [gi::getWindows 3]
[14:40:00.98] /i de::endDrag {20.857 4.526} -context [db::getNext [de::getContexts -window 3]]
[14:40:01.91] /# gi::executeAction {leMove} -in [gi::getWindows 3]
[14:40:01.91] /i ile::move
[14:40:02.04] /# gi::executeAction {deAddPoint} -in [gi::getWindows 3]
[14:40:02.04] /i de::addPoint {21.67 4.869} -context [db::getNext [de::getContexts -window 3]]
[14:40:02.75] /# gi::executeAction {deCanvasZoomInAtPoint} -in [gi::getWindows 3]
[14:40:02.75] /i de::zoom -window [gi::getWindows 3] -factor 2.0 -center {20.442 4.824}
[14:40:03.26] /# gi::executeAction {deCanvasZoomInAtPoint} -in [gi::getWindows 3]
[14:40:03.26] /i de::zoom -window [gi::getWindows 3] -factor 2.0 -center {20.505 4.833}
[14:40:03.34] /# gi::executeAction {deCanvasZoomInAtPoint} -in [gi::getWindows 3]
[14:40:03.34] /i de::zoom -window [gi::getWindows 3] -factor 2.0 -center {20.505 4.833}
[14:40:06.29] /# gi::executeAction {deAddPoint} -in [gi::getWindows 3]
[14:40:06.29] /i de::addPoint {20.502 4.812} -context [db::getNext [de::getContexts -window 3]]
[14:40:07.24] /# gi::executeAction {deCanvasZoomOutAtPoint} -in [gi::getWindows 3]
[14:40:07.24] /i de::zoom -window [gi::getWindows 3] -factor 0.5 -center {20.622 4.774}
[14:40:07.81] /# gi::executeAction {deSelectByWindow} -in [gi::getWindows 3]
[14:40:07.81] /i db::setPrefValue deSelectMode -value Replace -scope [db::getScopes [db::getNext [de::getContexts -window 3]]]; ide::selectByRegion -region rectangle -point {20.645 4.775} 
[14:40:07.92] /# gi::executeAction {deEndDrag} -in [gi::getWindows 3]
[14:40:07.92] /i de::endDrag {20.21 5.099} -context [db::getNext [de::getContexts -window 3]]
[14:40:10.27] /i gi::executeAction {deCanvasDragCancel} -in [gi::getWindows 3]
[14:40:10.91] /# gi::executeAction {deSelectByWindow} -in [gi::getWindows 3]
[14:40:10.91] /i db::setPrefValue deSelectMode -value Replace -scope [db::getScopes [db::getNext [de::getContexts -window 3]]]; ide::selectByRegion -region rectangle -point {20.605 5} 
[14:40:11.97] /# gi::executeAction {deEndDrag} -in [gi::getWindows 3]
[14:40:11.97] /i de::endDrag {20.271 4.797} -context [db::getNext [de::getContexts -window 3]]
[14:40:13.12] /# gi::executeAction {leMove} -in [gi::getWindows 3]
[14:40:13.12] /i ile::move
[14:40:13.21] /# gi::executeAction {deAddPoint} -in [gi::getWindows 3]
[14:40:13.21] /i de::addPoint {20.469 4.849} -context [db::getNext [de::getContexts -window 3]]
[14:40:13.96] /# gi::executeAction {deCanvasZoomInAtPoint} -in [gi::getWindows 3]
[14:40:13.96] /i de::zoom -window [gi::getWindows 3] -factor 2.0 -center {20.467 4.813}
[14:40:16.21] /# gi::executeAction {deCanvasZoomInAtPoint} -in [gi::getWindows 3]
[14:40:16.21] /i de::zoom -window [gi::getWindows 3] -factor 2.0 -center {20.467 4.813}
[14:40:16.75] /# gi::executeAction {deCanvasZoomOutAtPoint} -in [gi::getWindows 3]
[14:40:16.75] /i de::zoom -window [gi::getWindows 3] -factor 0.5 -center {20.467 4.813}
[14:40:17.69] /# gi::executeAction {deCanvasZoomInAtPoint} -in [gi::getWindows 3]
[14:40:17.69] /i de::zoom -window [gi::getWindows 3] -factor 2.0 -center {20.466 4.823}
[14:40:18.82] /# gi::executeAction {deAddPoint} -in [gi::getWindows 3]
[14:40:18.82] /i de::addPoint {20.466 4.819} -context [db::getNext [de::getContexts -window 3]]
[14:40:19.21] /# gi::executeAction {deCanvasZoomOutAtPoint} -in [gi::getWindows 3]
[14:40:19.21] /i de::zoom -window [gi::getWindows 3] -factor 0.5 -center {20.628 4.781}
[14:40:19.74] /# gi::executeAction {deCanvasZoomOutAtPoint} -in [gi::getWindows 3]
[14:40:19.74] /i de::zoom -window [gi::getWindows 3] -factor 0.5 -center {20.628 4.782}
[14:40:19.78] /# gi::executeAction {deCanvasZoomOutAtPoint} -in [gi::getWindows 3]
[14:40:19.78] /i de::zoom -window [gi::getWindows 3] -factor 0.5 -center {20.625 4.781}
[14:40:23.74] /i gi::executeAction {deSaveDesign} -in [gi::getWindows 3]
[14:40:23.75] /m Information: Saving design 'LAB5 FullAdder layout'. (DESIGN_WINDOW-004)
[14:40:29.42] /# gi::executeAction {deCanvasZoomInAtPoint} -in [gi::getWindows 3]
[14:40:29.42] /i de::zoom -window [gi::getWindows 3] -factor 2.0 -center {20.535 4.754}
[14:40:29.46] /# gi::executeAction {deCanvasZoomInAtPoint} -in [gi::getWindows 3]
[14:40:29.46] /i de::zoom -window [gi::getWindows 3] -factor 2.0 -center {20.494 4.77}
[14:40:30.66] /# gi::executeAction {deCanvasZoomOutAtPoint} -in [gi::getWindows 3]
[14:40:30.66] /i de::zoom -window [gi::getWindows 3] -factor 0.5 -center {20.535 4.759}
[14:40:30.68] /# gi::executeAction {deCanvasZoomOutAtPoint} -in [gi::getWindows 3]
[14:40:30.68] /i de::zoom -window [gi::getWindows 3] -factor 0.5 -center {20.512 4.74}
[14:40:30.73] /# gi::executeAction {deCanvasZoomOutAtPoint} -in [gi::getWindows 3]
[14:40:30.73] /i de::zoom -window [gi::getWindows 3] -factor 0.5 -center {20.314 4.682}
[14:40:32.42] /i gi::setActiveWindow 5
[14:40:32.42] /i gi::setActiveWindow 5 -raise true
[14:40:33.86] /# gi::executeAction {deDeselectByPoint} -in [gi::getWindows 5]
[14:40:33.86] /i ide::selectByRegion -region point -select false
[14:40:33.89] /# gi::executeAction {deFitEdit} -in [gi::getWindows 5]
[14:40:33.89] /i de::fit -window 5 -fitEdit true
[14:40:35.95] /i gi::setActiveWindow 3
[14:40:35.95] /i gi::setActiveWindow 3 -raise true
[14:40:36.91] /# gi::executeAction {deCanvasZoomOutAtPoint} -in [gi::getWindows 3]
[14:40:36.91] /i de::zoom -window [gi::getWindows 3] -factor 0.5 -center {11.062 5.847}
[14:40:36.94] /# gi::executeAction {deCanvasZoomOutAtPoint} -in [gi::getWindows 3]
[14:40:36.94] /i de::zoom -window [gi::getWindows 3] -factor 0.5 -center {11.063 5.991}
[14:40:41.20] /i gi::executeAction {deSaveDesign} -in [gi::getWindows 3]
[14:40:41.21] /m Information: Saving design 'LAB5 FullAdder layout'. (DESIGN_WINDOW-004)
[14:40:42.86] /j xt::icv::vue::clearAllProbes FullAdder 
[14:40:42.88] /j xt::icv::vue::clearAllHighlights LAB5/FullAdder/layout 
[14:40:42.90] /j xt::icv::vue::clearAllProbes FullAdder 
[14:40:42.92] /j xt::icv::vue::clearAllHighlights LAB5/FullAdder/layout 
[14:40:42.94] /j xt::icv::vue::openLCVInstance LAB5/FullAdder/layout LAB5/FullAdder/layout 
[14:40:42.96] /j xt::icv::vue::openModule FullAdder 
[14:40:42.98] /j xt::icv::vue::clearAllHighlights LAB5/FullAdder/layout 
[14:40:43.00] /j xt::icv::vue::clearAllProbes FullAdder 
[14:40:43.14] /i db::setAttr iconified -of [gi::getFrames 1] -value true
[14:40:43.63] /m Information: Connection closed with 'IC Validator VUE' running on 'linux11110.dc.engr.scu.edu'.
[14:40:44.42] /i db::setAttr maximized -of [gi::getFrames 1] -value true
[14:40:44.42] /i db::setAttr iconified -of [gi::getFrames 1] -value false
[14:40:46.72] /# gi::executeAction {xtLVSRun} -in [gi::getWindows 3]
[14:40:46.72] /i xt::physicalVerification::executeRun lvs 3
[14:40:46.96] /i xt::physicalVerification::executePve lvs 3 xtLVSExecutePve
[14:40:47.05] /m Information: "Starting netlisting for design "LAB5/FullAdder/schematic"..." (NETLISTING-010)
[14:40:47.09] /o No Design Integrity rule violations found in "LAB5/FullAdder/schematic"
[14:40:47.56] /m Information: "Netlisting design "LAB5/FullAdder/schematic" finished successfully." (NETLISTING-012)
[14:41:07.95] /m Information: 
              /c =============================
              /c JobID: icv_lvs_22
              /c --- ERROR SUMMARY -----------
              /c Compare Error Summary
              /c Refer to FullAdder.LVS_ERRORS.
              /c LVS Compare Result: FAIL
              /c TOP equivalence point:
              /c 		[FullAdder, FullAdder]
              /c     0 Successful equivalence points
              /c   * 1 Failed equivalence points
              /c         1 First priority errors
              /c         0 Second priority errors
              /c =============================
              /c 
[14:41:08.94] /j ::xt::icv::vue::_private::registerConnection linux11110.dc.engr.scu.edu:33509 tcp3 icvVue_2 
[14:41:09.00] /j ::xt::icv::vue::_private::isJobReady 
[14:41:09.00] /o false
[14:41:10.01] /j ::xt::icv::vue::_private::isJobReady 
[14:41:10.01] /o false
[14:41:11.01] /m Information: Connection established with 'IC Validator VUE' running on 'linux11110.dc.engr.scu.edu'.
[14:41:11.01] /j ::xt::icv::vue::_private::isJobReady 
[14:41:11.01] /o true
[14:41:11.03] /i gi::setActiveWindow 5
[14:41:11.03] /i gi::setActiveWindow 5 -raise true
[14:41:11.06] /j xt::icv::vue::startFilter LAY 
[14:41:11.08] /j xt::icv::vue::setWorkingDir /DCNFS/users/student/lkim/Desktop/ELEN153L/synopsys_custom/pvjob_LAB5.FullAdder.icv.lvs 
[14:41:11.10] /j xt::icv::vue::startFilter SCH 
[14:41:11.12] /j xt::icv::vue::setWorkingDir /DCNFS/users/student/lkim/Desktop/ELEN153L/synopsys_custom/pvjob_LAB5.FullAdder.icv.lvs 
[14:41:11.77] /j xt::icv::vue::setWorkingDir /DCNFS/users/student/lkim/Desktop/ELEN153L/synopsys_custom/pvjob_LAB5.FullAdder.icv.lvs 
[14:41:11.79] /j xt::icv::vue::setTopLayLCV LAB5/FullAdder/layout 
[14:41:11.86] /j xt::icv::vue::openLCV LAB5/FullAdder/layout 
[14:41:11.88] /j xt::icv::vue::setWorkingDir /DCNFS/users/student/lkim/Desktop/ELEN153L/synopsys_custom/pvjob_LAB5.FullAdder.icv.lvs 
[14:41:11.90] /j xt::icv::vue::openModule FullAdder 
[14:41:12.06] /j xt::icv::vue::clearAllHighlights LAB5/FullAdder/layout 
[14:41:12.08] /j xt::icv::vue::clearAllProbes FullAdder 
[14:41:16.24] /j xt::icv::vue::clearAllHighlights LAB5/FullAdder/layout 
[14:41:16.26] /j xt::icv::vue::clearAllProbes FullAdder 
[14:41:16.28] /j xt::icv::vue::clearAllHighlights LAB5/FullAdder/layout 
[14:41:16.31] /j xt::icv::vue::clearAllProbes FullAdder 
[14:41:16.33] /j xt::icv::vue::openModule FullAdder 
[14:41:16.35] /j xt::icv::vue::clearAllProbes FullAdder 
[14:41:16.36] /j xt::icv::vue::openLCVInstance LAB5/FullAdder/layout LAB5/FullAdder/layout 
[14:41:16.39] /j xt::icv::vue::clearAllHighlights LAB5/FullAdder/layout 
[14:41:30.86] /j xt::icv::vue::clearAllHighlights LAB5/FullAdder/layout 
[14:41:30.89] /j xt::icv::vue::clearAllProbes FullAdder 
[14:42:53.66] /# gi::executeAction {deFitView} -in [gi::getWindows 3]
[14:42:53.66] /i de::fit -window 3 -fitView true
[14:42:56.22] /# gi::executeAction {leDisplayTopLevel} -in [gi::getWindows 3]
[14:42:56.22] /i db::setPrefValue leStopLevel -value 0 -scope [db::getNext [de::getContexts -window 3]]; db::setPrefValue leStartLevel -value 0 -scope [db::getNext [de::getContexts -window 3]]; de::redraw -window 3
[14:42:58.42] /# gi::executeAction {leDisplayAllLevels} -in [gi::getWindows 3]
[14:42:58.42] /i db::setPrefValue leStopLevel -value 32 -scope [db::getNext [de::getContexts -window 3]]
[14:43:03.64] /# gi::executeAction {deCanvasZoomInAtPoint} -in [gi::getWindows 3]
[14:43:03.64] /i de::zoom -window [gi::getWindows 3] -factor 2.0 -center {2.977 5.273}
[14:43:03.68] /# gi::executeAction {deCanvasZoomInAtPoint} -in [gi::getWindows 3]
[14:43:03.68] /i de::zoom -window [gi::getWindows 3] -factor 2.0 -center {2.999 5.251}
[14:43:03.69] /# gi::executeAction {deCanvasZoomInAtPoint} -in [gi::getWindows 3]
[14:43:03.69] /i de::zoom -window [gi::getWindows 3] -factor 2.0 -center {3.003 5.247}
[14:43:04.28] /# gi::executeAction {deCanvasZoomOutAtPoint} -in [gi::getWindows 3]
[14:43:04.28] /i de::zoom -window [gi::getWindows 3] -factor 0.5 -center {3.023 5.289}
[14:43:04.29] /# gi::executeAction {deCanvasZoomOutAtPoint} -in [gi::getWindows 3]
[14:43:04.29] /i de::zoom -window [gi::getWindows 3] -factor 0.5 -center {3.023 5.29}
[14:43:04.30] /# gi::executeAction {deCanvasZoomOutAtPoint} -in [gi::getWindows 3]
[14:43:04.30] /i de::zoom -window [gi::getWindows 3] -factor 0.5 -center {3.023 5.29}
[14:43:04.32] /# gi::executeAction {deCanvasZoomOutAtPoint} -in [gi::getWindows 3]
[14:43:04.32] /i de::zoom -window [gi::getWindows 3] -factor 0.5 -center {3.053 5.304}
[14:43:04.96] /# gi::executeAction {deCanvasZoomInAtPoint} -in [gi::getWindows 3]
[14:43:04.96] /i de::zoom -window [gi::getWindows 3] -factor 2.0 -center {3.288 5.833}
[14:43:05.25] /# gi::executeAction {deCanvasZoomInAtPoint} -in [gi::getWindows 3]
[14:43:05.25] /i de::zoom -window [gi::getWindows 3] -factor 2.0 -center {4.95 5.48}
[14:43:05.42] /# gi::executeAction {deCanvasZoomInAtPoint} -in [gi::getWindows 3]
[14:43:05.42] /i de::zoom -window [gi::getWindows 3] -factor 2.0 -center {5.715 5.362}
[14:43:05.47] /# gi::executeAction {deCanvasZoomInAtPoint} -in [gi::getWindows 3]
[14:43:05.47] /i de::zoom -window [gi::getWindows 3] -factor 2.0 -center {5.814 5.34}
[14:43:06.19] /# gi::executeAction {deCanvasZoomOutAtPoint} -in [gi::getWindows 3]
[14:43:06.19] /i de::zoom -window [gi::getWindows 3] -factor 0.5 -center {6.281 5.292}
[14:43:06.22] /# gi::executeAction {deCanvasZoomOutAtPoint} -in [gi::getWindows 3]
[14:43:06.22] /i de::zoom -window [gi::getWindows 3] -factor 0.5 -center {6.281 5.293}
[14:43:06.80] /# gi::executeAction {deCanvasZoomOutAtPoint} -in [gi::getWindows 3]
[14:43:06.80] /i de::zoom -window [gi::getWindows 3] -factor 0.5 -center {6.164 5.138}
[14:43:09.26] /# gi::executeAction {deSelectActive} -in [gi::getWindows 3]
[14:43:09.26] /i de::deselectAll [db::getNext [de::getContexts -window 3]]
[14:43:09.29] /# gi::executeAction {deFitView} -in [gi::getWindows 3]
[14:43:09.29] /i de::fit -window 3 -fitView true
[14:43:10.74] /# gi::executeAction {deCanvasZoomInAtPoint} -in [gi::getWindows 3]
[14:43:10.74] /i de::zoom -window [gi::getWindows 3] -factor 2.0 -center {2.727 5.287}
[14:43:10.78] /# gi::executeAction {deCanvasZoomInAtPoint} -in [gi::getWindows 3]
[14:43:10.78] /i de::zoom -window [gi::getWindows 3] -factor 2.0 -center {2.727 5.295}
[14:43:11.25] /# gi::executeAction {deCanvasZoomOutAtPoint} -in [gi::getWindows 3]
[14:43:11.25] /i de::zoom -window [gi::getWindows 3] -factor 0.5 -center {2.727 5.295}
[14:43:11.32] /# gi::executeAction {deCanvasZoomOutAtPoint} -in [gi::getWindows 3]
[14:43:11.32] /i de::zoom -window [gi::getWindows 3] -factor 0.5 -center {2.727 5.295}
[14:43:11.74] /# gi::executeAction {deFitView} -in [gi::getWindows 3]
[14:43:11.74] /i de::fit -window 3 -fitView true
[14:44:27.56] /i db::setAttr iconified -of [gi::getFrames 1] -value true
[14:47:21.27] /i db::setAttr maximized -of [gi::getFrames 1] -value true
[14:47:21.27] /i db::setAttr iconified -of [gi::getFrames 1] -value false
[14:47:23.68] /i gi::setActiveWindow 2
[14:47:23.68] /i gi::setActiveWindow 2 -raise true
[14:47:29.30] /# gi::executeAction {dmShowNewLibrary} -in [gi::getWindows 2]
[14:47:29.30] /i dm::showNewLibrary -parent 2
[14:47:29.37] /i gi::setActiveDialog [gi::getDialogs {dmNewLibrary} -parent [gi::getWindows 2]]
[14:47:29.64] /i db::setAttr geometry -of [gi::getDialogs {dmNewLibrary} -parent [gi::getWindows 2]] -value 458x467+721+236
[14:47:30.70] /i gi::pressButton {libDirBrowse} -in [gi::getDialogs {dmNewLibrary} -parent [gi::getWindows 2]]
[14:47:33.10] /r giFileDialog accept Tutorial
[14:47:34.77] /i gi::pressButton {ok} -in [gi::getDialogs {dmNewLibrary} -parent [gi::getWindows 2]]
[14:47:34.77] /e Error: The requested action could not be completed because one or more inputs are incomplete or invalid. (CUSTOM_WIDGETS-001)
[14:47:42.77] /i gi::pressButton {libDirBrowse} -in [gi::getDialogs {dmNewLibrary} -parent [gi::getWindows 2]]
[14:48:06.76] /r giFileDialog accept Tutorial/lab67carryadder
[14:48:11.72] /i gi::setField {libName} -value {67ca} -in [gi::getDialogs {dmNewLibrary} -parent [gi::getWindows 2]]
[14:48:11.72] /i gi::pressButton {ok} -in [gi::getDialogs {dmNewLibrary} -parent [gi::getWindows 2]]
[14:48:11.75] /# dm::createLib 67ca -path {Tutorial/lab67carryadder/67ca} -dmSystem oaDMFileSys
[14:48:12.12] /# db::attachTech [oa::LibFind [ oa::ScalarName [oa::CdbaNS] 67ca]] -refLib [oa::LibFind [ oa::ScalarName [oa::CdbaNS] SAED\_PDK\_90]]
[14:48:14.92] /i gi::setCurrentIndex {libs} -index {67ca} -in [gi::getWindows 2]
[14:48:14.96] /i gi::setItemSelection {libs} -index {67ca} -in [gi::getWindows 2]
[14:48:16.00] /i gi::setCurrentIndex {cellCategories} -index {Uncategorized} -in [gi::getWindows 2]
[14:48:16.00] /i gi::setItemSelection {cellCategories} -index {Uncategorized} -in [gi::getWindows 2]
[14:48:17.10] /i gi::setCurrentIndex {cellCategories} -index {All} -in [gi::getWindows 2]
[14:48:17.10] /i gi::setItemSelection {cellCategories} -index {All} -in [gi::getWindows 2]
[14:48:34.40] /# gi::executeAction {dmShowNewLibrary} -in [gi::getWindows 2]
[14:48:34.40] /i dm::showNewLibrary -parent 2
[14:48:34.46] /i gi::setActiveDialog [gi::getDialogs {dmNewLibrary} -parent [gi::getWindows 2]]
[14:48:34.73] /i db::setAttr geometry -of [gi::getDialogs {dmNewLibrary} -parent [gi::getWindows 2]] -value 458x467+721+236
[14:49:45.75] /i db::setAttr geometry -of [gi::getDialogs {dmNewLibrary} -parent [gi::getWindows 2]] -value 458x467+722+236
[14:49:46.39] /i gi::pressButton {cancel} -in [gi::getDialogs {dmNewLibrary} -parent [gi::getWindows 2]]
[14:49:50.61] /i gi::setActiveWindow 4
[14:49:50.61] /i gi::setActiveWindow 4 -raise true
[14:49:51.00] /i gi::setActiveWindow 3
[14:49:51.00] /i gi::setActiveWindow 3 -raise true
[14:49:51.36] /# gi::executeAction {leSplit} -in [gi::getWindows 3]
[14:49:51.36] /i ile::split
[14:49:51.61] /i gi::setActiveWindow 5
[14:49:51.61] /i gi::setActiveWindow 5 -raise true
[14:49:51.96] /# gi::executeAction {deSaveDesignAs} -in [gi::getWindows 5]
[14:49:51.96] /i de::showSaveDesignAs -context [db::getNext [de::getContexts -window 5]]
[14:49:52.05] /r giDialog gi::setActiveDialog [gi::getDialogs {deSaveDesignAs} -parent [gi::getWindows 5]]
[14:49:52.33] /r giDialog db::setAttr geometry -of [gi::getDialogs {deSaveDesignAs} -parent [gi::getWindows 5]] -value 274x128+813+405
[14:49:53.62] /r giDialog gi::pressButton {cancel} -in [gi::getDialogs {deSaveDesignAs} -parent [gi::getWindows 5]]
[14:49:54.04] /# gi::executeAction {deAddPoint} -in [gi::getWindows 5]
[14:49:54.04] /i de::addPoint {5.40625 2.1} -context [db::getNext [de::getContexts -window 5]]
[14:50:01.91] /r giDialog gi::setActiveDialog [gi::getDialogs {giCloseFrame}]
[14:50:02.20] /r giDialog db::setAttr geometry -of [gi::getDialogs {giCloseFrame}] -value 299x108+801+415
[14:50:02.90] /r giDialog gi::pressButton {giCloseTabsButton} -in [gi::getDialogs {giCloseFrame}]
[14:50:02.93] /i exit
[14:50:03.00] /r giDialog gi::setActiveDialog [gi::getDialogs {deExitDialog} -parent [gi::getWindows 5]]
[14:50:03.23] /r giDialog db::setAttr geometry -of [gi::getDialogs {deExitDialog} -parent [gi::getWindows 5]] -value 419x207+741+366
[14:50:04.26] /r giDialog gi::pressButton {ok} -in [gi::getDialogs {deExitDialog} -parent [gi::getWindows 5]]
[14:50:05.19] /o Shutdown time: Sun Mar 14 14:50:05 2021
[14:50:05.19] /o Elapsed session real time: 13.48 minutes
[14:50:05.19] /o Session terminated. Log is at /DCNFS/users/student/lkim/Desktop/ELEN153L/synopsys_custom/logs/ccompiler.lkim.2021_3_14_143633_13772.log
