[10:25:25.92] /r giWindowId 0
[10:25:25.92] /r giWindowGeometry 600x300
[10:25:25.93] /o 
              /c                                 Custom Compiler 
              /c 
              /c               Version P-2019.06-SP1-7 for linux64 - Feb 13, 2020 
              /c 
              /c                     Copyright (c) 2004 - 2020 Synopsys, Inc.
              /c    This software and the associated documentation are proprietary to Synopsys,
              /c  Inc. This software may only be used in accordance with the terms and conditions
              /c  of a written license agreement with Synopsys, Inc. All other use, reproduction,
              /c             or distribution of this software is strictly prohibited.
              /c 
              /c Build  (OPT) Config 5329942 compiled on Thu Feb 13 14:05:50 2020 for RHEL64 6.6
              /c Invocation: /DCNFS/applications/synopsys/2019/app/customcompiler/P-2019.06-SP1-7/linux64/platform/bin/custom_compiler
              /c Execution time: Sun Mar 14 10:25:23 2021
              /c Host: linux11111
              /c Working directory: /DCNFS/users/student/lkim/Desktop/ELEN153L
              /c 
[10:25:30.26] /r giShowFrameTabs true
[10:25:30.26] /r giWindowId 1
[10:25:30.27] /r giWindowGeometry 1040x800
[10:25:32.89] /# gi::pressButton {/scroll/scrollArea/scrollAreaInnerWidget/applications/dmLibraryManager} -in [gi::getWindows 1]
[10:25:32.89] /# 
[10:25:33.03] /# gi::pressButton {/scroll/scrollArea/scrollAreaInnerWidget/applications/dmLibraryManager} -in [gi::getWindows 1]
[10:25:33.03] /# 
[10:25:33.19] /i dm::showLibraryManager
[10:25:33.20] /r giWindowId 2
[10:25:33.20] /r giWindowGeometry 660x600+50+76
[10:25:33.24] /o oa:0x21db4250
[10:25:34.41] /i gi::setCurrentIndex {libs} -index {LAB5} -in [gi::getWindows 2]
[10:25:34.43] /i gi::setItemSelection {libs} -index {LAB5} -in [gi::getWindows 2]
[10:25:35.48] /i gi::sortItems {cells} -column {Cells} -order {descending} -in [gi::getWindows 2]
[10:25:36.50] /i gi::sortItems {cells} -column {Cells} -order {ascending} -in [gi::getWindows 2]
[10:25:36.98] /i gi::setCurrentIndex {cells} -index {HalfAdder} -in [gi::getWindows 2]
[10:25:37.07] /i gi::setItemSelection {cells} -index {HalfAdder} -in [gi::getWindows 2]
[10:25:37.70] /i gi::setCurrentIndex {cells} -index {FullAdder} -in [gi::getWindows 2]
[10:25:37.79] /i gi::setItemSelection {cells} -index {FullAdder} -in [gi::getWindows 2]
[10:25:38.48] /i gi::setCurrentIndex {views} -index {layout} -in [gi::getWindows 2]
[10:25:38.51] /i gi::setItemSelection {views} -index {layout} -in [gi::getWindows 2]
[10:25:40.18] /i gi::executeAction {dmOpen} -in [gi::getWindows 2]
[10:25:40.20] /m Information: License 'Basic' checked out. (LICENSE-003)
[10:25:40.26] /o 	############################################
[10:25:40.26] /o 	        Synopsys Generic 90nm iPDK          
[10:25:40.26] /o 	--------------------------------------------
[10:25:40.26] /o 	Release Date .............. : 11-May-2016    
[10:25:40.26] /o 	============================================
[10:25:40.26] /o 	        Recommended Tool Versions           
[10:25:40.26] /o 	--------------------------------------------
[10:25:40.26] /o 	Custom Designer ........... : J-2014.12-2    
[10:25:40.26] /o 	IC Validator .............. : K-2015.12   
[10:25:40.26] /o 	StarRC..................... : K-2015.12  
[10:25:40.26] /o 	--------------------------------------------
[10:25:40.26] /o 	############################################
[10:25:40.26] /o 
[10:25:40.29] /o SAED PDK 90: Loaded callbacks
[10:25:40.32] /o SAED PDK 90: Loaded display resources
[10:25:40.40] /r giWindowId 3
[10:25:40.40] /r giWindowGeometry 1632x869
[10:25:44.10] /# gi::executeAction {xtLVSRun} -in [gi::getWindows 3]
[10:25:44.10] /i xt::physicalVerification::executeRun lvs 3
[10:25:44.53] /i xt::physicalVerification::executePve lvs 3 xtLVSExecutePve
[10:25:44.70] /m Information: "Starting netlisting for design "LAB5/FullAdder/schematic"..." (NETLISTING-010)
[10:25:44.81] /o No Design Integrity rule violations found in "LAB5/FullAdder/schematic"
[10:25:45.25] /m Information: "Netlisting design "LAB5/FullAdder/schematic" finished successfully." (NETLISTING-012)
[10:25:45.84] /r giWindowId 4
[10:25:45.85] /r giWindowGeometry 800x600
[10:26:06.16] /m Information: 
              /c =============================
              /c JobID: icv_lvs_9
              /c --- ERROR SUMMARY -----------
              /c Compare Error Summary
              /c Refer to FullAdder.LVS_ERRORS.
              /c LVS Compare Result: FAIL
              /c TOP equivalence point:
              /c 		[FullAdder, FullAdder]
              /c     0 Successful equivalence points
              /c   * 1 Failed equivalence points
              /c         1 First priority errors
              /c         0 Second priority errors
              /c =============================
              /c 
[10:26:07.22] /j ::xt::icv::vue::_private::registerConnection linux11111.dc.engr.scu.edu:52971 tcp1 icvVue_1 
[10:26:07.30] /j ::xt::icv::vue::_private::isJobReady 
[10:26:07.30] /o true
[10:26:07.30] /m Information: Connection established with 'IC Validator VUE' running on 'linux11111.dc.engr.scu.edu'.
[10:26:07.32] /j xt::icv::vue::startFilter LAY 
[10:26:07.34] /j xt::icv::vue::setWorkingDir /DCNFS/users/student/lkim/Desktop/ELEN153L/synopsys_custom/pvjob_LAB5.FullAdder.icv.lvs 
[10:26:07.36] /j xt::icv::vue::startFilter SCH 
[10:26:07.38] /j xt::icv::vue::setWorkingDir /DCNFS/users/student/lkim/Desktop/ELEN153L/synopsys_custom/pvjob_LAB5.FullAdder.icv.lvs 
[10:26:08.00] /j xt::icv::vue::setWorkingDir /DCNFS/users/student/lkim/Desktop/ELEN153L/synopsys_custom/pvjob_LAB5.FullAdder.icv.lvs 
[10:26:08.02] /j xt::icv::vue::setTopLayLCV LAB5/FullAdder/layout 
[10:26:08.04] /j xt::icv::vue::setWorkingDir /DCNFS/users/student/lkim/Desktop/ELEN153L/synopsys_custom/pvjob_LAB5.FullAdder.icv.lvs 
[10:26:08.06] /j xt::icv::vue::openLCV LAB5/FullAdder/layout 
[10:26:08.08] /j xt::icv::vue::openModule FullAdder 
[10:26:08.15] /r giWindowId 5
[10:26:08.16] /r giWindowGeometry 1632x869
[10:26:08.38] /j xt::icv::vue::clearAllHighlights LAB5/FullAdder/layout 
[10:26:08.40] /j xt::icv::vue::clearAllProbes FullAdder 
[10:26:08.64] /i db::setAttr dockSize -of [gi::getAssistants giConsole -from [gi::getWindows 5]] -value 701x132
[10:26:08.64] /i db::setAttr dockSize -of [gi::getAssistants deMarkerBrowser -from [gi::getWindows 5]] -value 290x644
[10:26:08.65] /i db::setAttr dockSize -of [gi::getAssistants dePropertyEditor -from [gi::getWindows 5]] -value 290x179
[10:26:16.74] /j xt::icv::vue::clearAllHighlights LAB5/FullAdder/layout 
[10:26:16.76] /j xt::icv::vue::clearAllProbes FullAdder 
[10:26:16.78] /j xt::icv::vue::clearAllHighlights LAB5/FullAdder/layout 
[10:26:16.80] /j xt::icv::vue::clearAllProbes FullAdder 
[10:26:16.82] /j xt::icv::vue::openModule FullAdder 
[10:26:16.84] /j xt::icv::vue::clearAllProbes FullAdder 
[10:26:16.86] /j xt::icv::vue::openLCVInstance LAB5/FullAdder/layout LAB5/FullAdder/layout 
[10:26:16.88] /j xt::icv::vue::clearAllHighlights LAB5/FullAdder/layout 
[10:26:54.28] /j xt::icv::vue::setProbeProperty cyan brick 
[10:26:54.30] /j xt::icv::vue::addProbe FullAdder XI1/XI1/MM0 device 
[10:26:54.38] /j xt::icv::vue::zoomToProbes FullAdder 
[10:26:54.46] /# Navigating to Adder/AND/schematic (I1)
[10:26:57.94] /j xt::icv::vue::setHiliteId {} 
[10:26:57.96] /j xt::icv::vue::setHighlightProperty cyan brick 
[10:26:57.98] /j xt::icv::vue::HighlightFromFile LAB5/FullAdder/layout /tmp/lkim_vue_G1hE2E/highlight_20210314102657_000000.oas 8e8655fc754285102210fc8b38eeb956 
[10:26:58.02] /j xt::icv::vue::drawHighlights LAB5/FullAdder/layout 
[10:26:58.05] /j xt::icv::vue::setViewPort LAB5/FullAdder/layout {11.4825 0.425 11.6075 0.925} 
[10:27:02.12] /# gi::executeAction {deCanvasZoomOutAtPoint} -in [gi::getWindows 3]
[10:27:02.12] /i de::zoom -window [gi::getWindows 3] -factor 0.5 -center {11.562 0.674}
[10:27:02.16] /# gi::executeAction {deCanvasZoomOutAtPoint} -in [gi::getWindows 3]
[10:27:02.16] /i de::zoom -window [gi::getWindows 3] -factor 0.5 -center {11.544 0.682}
[10:27:02.19] /# gi::executeAction {deCanvasZoomOutAtPoint} -in [gi::getWindows 3]
[10:27:02.19] /i de::zoom -window [gi::getWindows 3] -factor 0.5 -center {11.543 0.689}
[10:27:02.21] /# gi::executeAction {deCanvasZoomOutAtPoint} -in [gi::getWindows 3]
[10:27:02.21] /i de::zoom -window [gi::getWindows 3] -factor 0.5 -center {11.543 0.701}
[10:27:02.93] /# gi::executeAction {deCanvasZoomOutAtPoint} -in [gi::getWindows 3]
[10:27:02.93] /i de::zoom -window [gi::getWindows 3] -factor 0.5 -center {12.285 0.966}
[10:27:02.99] /# gi::executeAction {deCanvasZoomOutAtPoint} -in [gi::getWindows 3]
[10:27:02.99] /i de::zoom -window [gi::getWindows 3] -factor 0.5 -center {12.285 0.966}
[10:27:03.06] /# gi::executeAction {deCanvasZoomOutAtPoint} -in [gi::getWindows 3]
[10:27:03.06] /i de::zoom -window [gi::getWindows 3] -factor 0.5 -center {12.286 0.965}
[10:27:03.60] /# gi::executeAction {deCanvasZoomInAtPoint} -in [gi::getWindows 3]
[10:27:03.60] /i de::zoom -window [gi::getWindows 3] -factor 2.0 -center {10.776 -0.142}
[10:27:03.63] /# gi::executeAction {deCanvasZoomInAtPoint} -in [gi::getWindows 3]
[10:27:03.63] /i de::zoom -window [gi::getWindows 3] -factor 2.0 -center {10.826 -0.092}
[10:27:03.68] /# gi::executeAction {deCanvasZoomInAtPoint} -in [gi::getWindows 3]
[10:27:03.68] /i de::zoom -window [gi::getWindows 3] -factor 2.0 -center {10.927 -0.067}
[10:27:06.02] /# gi::executeAction {leDisplayAllLevels} -in [gi::getWindows 3]
[10:27:06.02] /i db::setPrefValue leStopLevel -value 32 -scope [db::getNext [de::getContexts -window 3]]
[10:27:07.49] /# gi::executeAction {deCanvasZoomInAtPoint} -in [gi::getWindows 3]
[10:27:07.49] /i de::zoom -window [gi::getWindows 3] -factor 2.0 -center {11.682 0.801}
[10:27:19.16] /j xt::icv::vue::setHiliteId {} 
[10:27:19.20] /j xt::icv::vue::setHighlightProperty cyan brick 
[10:27:19.22] /j xt::icv::vue::HighlightFromFile LAB5/FullAdder/layout /tmp/lkim_vue_G1hE2E/highlight_20210314102719_000001.oas 22ae91db0ea98f7ff35f2dcd2cf9a698 
[10:27:19.24] /j xt::icv::vue::drawHighlights LAB5/FullAdder/layout 
[10:27:19.26] /j xt::icv::vue::setViewPort LAB5/FullAdder/layout {15.4725 1.71 15.5975 3.21} 
[10:27:26.70] /j xt::icv::vue::setProbeProperty cyan brick 
[10:27:26.72] /j xt::icv::vue::addProbe FullAdder XI1/XI7/MM3 device 
[10:27:26.77] /j xt::icv::vue::zoomToProbes FullAdder 
[10:27:26.85] /# Navigating to Adder/XOR/schematic (I7)
[10:27:30.63] /i gi::executeAction giCloseWindow -in [gi::getWindows 5]
[10:27:31.79] /# gi::executeAction {deCanvasZoomOutAtPoint} -in [gi::getWindows 3]
[10:27:31.79] /i de::zoom -window [gi::getWindows 3] -factor 0.5 -center {16.223 2.653}
[10:27:31.84] /# gi::executeAction {deCanvasZoomOutAtPoint} -in [gi::getWindows 3]
[10:27:31.84] /i de::zoom -window [gi::getWindows 3] -factor 0.5 -center {16.223 2.654}
[10:27:32.09] /# gi::executeAction {deCanvasZoomOutAtPoint} -in [gi::getWindows 3]
[10:27:32.09] /i de::zoom -window [gi::getWindows 3] -factor 0.5 -center {16.223 2.654}
[10:27:32.75] /# gi::executeAction {deCanvasZoomInAtPoint} -in [gi::getWindows 3]
[10:27:32.75] /i de::zoom -window [gi::getWindows 3] -factor 2.0 -center {16.185 2.672}
[10:29:09.83] /# gi::executeAction {deCanvasZoomOutAtPoint} -in [gi::getWindows 3]
[10:29:09.83] /i de::zoom -window [gi::getWindows 3] -factor 0.5 -center {14.798 2.757}
[10:29:09.89] /# gi::executeAction {deCanvasZoomOutAtPoint} -in [gi::getWindows 3]
[10:29:09.89] /i de::zoom -window [gi::getWindows 3] -factor 0.5 -center {14.799 2.757}
[10:29:10.59] /# gi::executeAction {deCanvasZoomInAtPoint} -in [gi::getWindows 3]
[10:29:10.59] /i de::zoom -window [gi::getWindows 3] -factor 2.0 -center {15.817 2.983}
[10:29:10.71] /# gi::executeAction {deCanvasZoomInAtPoint} -in [gi::getWindows 3]
[10:29:10.71] /i de::zoom -window [gi::getWindows 3] -factor 2.0 -center {15.591 3.153}
[10:29:16.55] /j xt::icv::vue::clearAllHighlights LAB5/FullAdder/layout 
[10:29:16.57] /j xt::icv::vue::clearAllProbes FullAdder 
[10:29:18.19] /j xt::icv::vue::clearAllProbes FullAdder 
[10:29:18.21] /j xt::icv::vue::clearAllHighlights LAB5/FullAdder/layout 
[10:29:18.23] /j xt::icv::vue::openModule FullAdder 
[10:29:18.25] /j xt::icv::vue::openLCVInstance LAB5/FullAdder/layout LAB5/FullAdder/layout 
[10:29:22.77] /j xt::icv::vue::setProbeProperty cyan brick 
[10:29:22.79] /j xt::icv::vue::addProbe FullAdder XI1/XI1/MM1 device 
[10:29:22.79] /w Warning: [CD-icvVue] couldn't find I1/I1/M1 trying I1/I1
[10:29:22.79] /e Error: [CD-icvVue] couldn't find I1/I1 giving up
[10:29:22.81] /j xt::icv::vue::zoomToProbes FullAdder 
[10:29:25.43] /j xt::icv::vue::setHiliteId {} 
[10:29:25.45] /j xt::icv::vue::setHighlightProperty cyan brick 
[10:29:25.47] /j xt::icv::vue::HighlightFromFile LAB5/FullAdder/layout /tmp/lkim_vue_G1hE2E/highlight_20210314102925_000002.oas 41d298456f54ac2fccafee7ab605986c 
[10:29:25.49] /j xt::icv::vue::drawHighlights LAB5/FullAdder/layout 
[10:29:25.51] /j xt::icv::vue::setViewPort LAB5/FullAdder/layout {11.9525 0.425 12.0775 0.925} 
[10:29:28.13] /j xt::icv::vue::setHiliteId {} 
[10:29:28.15] /j xt::icv::vue::setHighlightProperty cyan brick 
[10:29:28.17] /j xt::icv::vue::HighlightFromFile LAB5/FullAdder/layout /tmp/lkim_vue_G1hE2E/highlight_20210314102928_000003.oas e8c2de888d125a004dea834978c0ad2a 
[10:29:28.19] /j xt::icv::vue::drawHighlights LAB5/FullAdder/layout 
[10:29:28.21] /j xt::icv::vue::setViewPort LAB5/FullAdder/layout {2.6925 0.425 2.8175 0.925} 
[10:29:28.67] /j xt::icv::vue::setProbeProperty cyan brick 
[10:29:28.69] /j xt::icv::vue::addProbe FullAdder XI1/XI1/MM5 device 
[10:29:28.69] /w Warning: [CD-icvVue] couldn't find I1/I1/M5 trying I1/I1
[10:29:28.69] /e Error: [CD-icvVue] couldn't find I1/I1 giving up
[10:29:28.71] /j xt::icv::vue::zoomToProbes FullAdder 
[10:29:37.78] /# gi::executeAction {deCanvasZoomOutAtPoint} -in [gi::getWindows 3]
[10:29:37.78] /i de::zoom -window [gi::getWindows 3] -factor 0.5 -center {2.962 0.697}
[10:29:37.86] /# gi::executeAction {deCanvasZoomOutAtPoint} -in [gi::getWindows 3]
[10:29:37.86] /i de::zoom -window [gi::getWindows 3] -factor 0.5 -center {2.96 0.699}
[10:29:38.60] /# gi::executeAction {deCanvasZoomOutAtPoint} -in [gi::getWindows 3]
[10:29:38.60] /i de::zoom -window [gi::getWindows 3] -factor 0.5 -center {2.934 0.701}
[10:29:39.31] /# gi::executeAction {deCanvasZoomOutAtPoint} -in [gi::getWindows 3]
[10:29:39.31] /i de::zoom -window [gi::getWindows 3] -factor 0.5 -center {2.935 0.702}
[10:30:09.93] /# gi::executeAction {deCanvasZoomOutAtPoint} -in [gi::getWindows 3]
[10:30:09.93] /i de::zoom -window [gi::getWindows 3] -factor 0.5 -center {0.142 -0.393}
[10:30:10.94] /# gi::executeAction {deCanvasZoomInAtPoint} -in [gi::getWindows 3]
[10:30:10.94] /i de::zoom -window [gi::getWindows 3] -factor 2.0 -center {5.5 1.318}
[10:30:14.54] /i db::setAttr maximized -of [gi::getFrames 1] -value true
[10:30:14.84] /i db::setAttr dockSize -of [gi::getAssistants dePropertyEditor -from [gi::getWindows 3]] -value 290x719
[10:30:14.92] /i db::setAttr geometry -of [gi::getFrames 1] -value 1910x933+5+54
[10:30:19.43] /j xt::icv::vue::setHiliteId {} 
[10:30:19.45] /j xt::icv::vue::setHighlightProperty yellow brick 
[10:30:19.47] /j xt::icv::vue::setProbeProperty yellow brick 
[10:30:19.49] /j xt::icv::vue::addProbe FullAdder Ci1 net 
[10:30:19.49] /e Error: [CD-icvVue] couldn't find Ci1 giving up
[10:30:19.51] /j xt::icv::vue::HighlightFromFile LAB5/FullAdder/layout /tmp/lkim_vue_G1hE2E/highlight_20210314103019_000004.oas c86b04a98afb06f8e5f37cc6a76706ce 
[10:30:19.53] /j xt::icv::vue::zoomToProbes FullAdder 
[10:30:19.55] /j xt::icv::vue::drawHighlights LAB5/FullAdder/layout 
[10:30:19.57] /j xt::icv::vue::setViewPort LAB5/FullAdder/layout {20.21625 -0.0831250000000003 20.60375 5.498125} 
[10:31:35.17] /j xt::icv::vue::clearAllHighlights LAB5/FullAdder/layout 
[10:31:35.19] /j xt::icv::vue::clearAllProbes FullAdder 
[10:31:36.27] /j xt::icv::vue::clearAllProbes FullAdder 
[10:31:36.29] /j xt::icv::vue::clearAllHighlights LAB5/FullAdder/layout 
[10:31:36.31] /j xt::icv::vue::openModule FullAdder 
[10:31:36.33] /j xt::icv::vue::openLCVInstance LAB5/FullAdder/layout LAB5/FullAdder/layout 
[10:31:36.75] /j xt::icv::vue::clearAllHighlights LAB5/FullAdder/layout 
[10:31:36.77] /j xt::icv::vue::clearAllProbes FullAdder 
[10:31:37.35] /j xt::icv::vue::clearAllProbes FullAdder 
[10:31:37.37] /j xt::icv::vue::clearAllHighlights LAB5/FullAdder/layout 
[10:31:37.39] /j xt::icv::vue::openLCVInstance LAB5/FullAdder/layout LAB5/FullAdder/layout 
[10:31:37.41] /j xt::icv::vue::openModule FullAdder 
[10:33:11.05] /j xt::icv::vue::clearAllHighlights LAB5/FullAdder/layout 
[10:33:11.07] /j xt::icv::vue::clearAllProbes FullAdder 
[10:33:18.23] /j xt::icv::vue::clearAllHighlights LAB5/FullAdder/layout 
[10:33:18.25] /j xt::icv::vue::clearAllProbes FullAdder 
[10:33:18.27] /j xt::icv::vue::clearAllHighlights LAB5/FullAdder/layout 
[10:33:18.29] /j xt::icv::vue::clearAllProbes FullAdder 
[10:33:18.31] /j xt::icv::vue::openModule FullAdder 
[10:33:18.33] /j xt::icv::vue::openLCVInstance LAB5/FullAdder/layout LAB5/FullAdder/layout 
[10:33:18.35] /j xt::icv::vue::clearAllProbes FullAdder 
[10:33:18.37] /j xt::icv::vue::clearAllHighlights LAB5/FullAdder/layout 
[10:33:19.04] /m Information: Connection closed with 'IC Validator VUE' running on 'linux11111.dc.engr.scu.edu'.
[10:33:19.98] /# gi::executeAction {deCanvasZoomOutAtPoint} -in [gi::getWindows 3]
[10:33:19.98] /i de::zoom -window [gi::getWindows 3] -factor 0.5 -center {19.365 0.778}
[10:33:23.30] /# gi::executeAction {deCanvasZoomInAtPoint} -in [gi::getWindows 3]
[10:33:23.30] /i de::zoom -window [gi::getWindows 3] -factor 2.0 -center {12.293 1.064}
[10:33:23.81] /# gi::executeAction {deCanvasZoomOutAtPoint} -in [gi::getWindows 3]
[10:33:23.81] /i de::zoom -window [gi::getWindows 3] -factor 0.5 -center {12.293 1.064}
[10:33:23.86] /# gi::executeAction {deCanvasZoomOutAtPoint} -in [gi::getWindows 3]
[10:33:23.87] /i de::zoom -window [gi::getWindows 3] -factor 0.5 -center {12.293 1.064}
[10:33:24.59] /# gi::executeAction {deCanvasZoomInAtPoint} -in [gi::getWindows 3]
[10:33:24.59] /i de::zoom -window [gi::getWindows 3] -factor 2.0 -center {8.907 1.003}
[10:33:24.70] /# gi::executeAction {deCanvasZoomInAtPoint} -in [gi::getWindows 3]
[10:33:24.70] /i de::zoom -window [gi::getWindows 3] -factor 2.0 -center {8.877 1.003}
[10:34:09.22] /# gi::executeAction {deCanvasZoomOutAtPoint} -in [gi::getWindows 3]
[10:34:09.22] /i de::zoom -window [gi::getWindows 3] -factor 0.5 -center {16.563 3.176}
[10:34:09.29] /# gi::executeAction {deCanvasZoomOutAtPoint} -in [gi::getWindows 3]
[10:34:09.29] /i de::zoom -window [gi::getWindows 3] -factor 0.5 -center {16.578 3.205}
[10:34:10.32] /# gi::executeAction {deCanvasZoomInAtPoint} -in [gi::getWindows 3]
[10:34:10.32] /i de::zoom -window [gi::getWindows 3] -factor 2.0 -center {15.979 4.284}
[10:34:10.38] /# gi::executeAction {deCanvasZoomInAtPoint} -in [gi::getWindows 3]
[10:34:10.38] /i de::zoom -window [gi::getWindows 3] -factor 2.0 -center {15.964 4.254}
[10:34:18.44] /i gi::setActiveWindow 4
[10:34:18.44] /i gi::setActiveWindow 4 -raise true
[10:34:23.05] /i gi::executeAction giCloseWindow -in [gi::getWindows 4]
[10:34:25.28] /# gi::executeAction {xtLVSRun} -in [gi::getWindows 3]
[10:34:25.28] /i xt::physicalVerification::executeRun lvs 3
[10:34:25.52] /i xt::physicalVerification::executePve lvs 3 xtLVSExecutePve
[10:34:25.67] /m Information: "Starting netlisting for design "LAB5/FullAdder/schematic"..." (NETLISTING-010)
[10:34:25.80] /o No Design Integrity rule violations found in "LAB5/FullAdder/schematic"
[10:34:26.31] /m Information: "Netlisting design "LAB5/FullAdder/schematic" finished successfully." (NETLISTING-012)
[10:34:27.11] /r giWindowId 6
[10:34:27.12] /r giWindowGeometry 800x600
[10:34:48.16] /m Information: 
              /c =============================
              /c JobID: icv_lvs_10
              /c --- ERROR SUMMARY -----------
              /c Compare Error Summary
              /c Refer to FullAdder.LVS_ERRORS.
              /c LVS Compare Result: FAIL
              /c TOP equivalence point:
              /c 		[FullAdder, FullAdder]
              /c     0 Successful equivalence points
              /c   * 1 Failed equivalence points
              /c         1 First priority errors
              /c         0 Second priority errors
              /c =============================
              /c 
[10:34:49.10] /j ::xt::icv::vue::_private::registerConnection linux11111.dc.engr.scu.edu:56328 tcp3 icvVue_2 
[10:34:49.17] /j ::xt::icv::vue::_private::isJobReady 
[10:34:49.17] /o true
[10:34:49.17] /m Information: Connection established with 'IC Validator VUE' running on 'linux11111.dc.engr.scu.edu'.
[10:34:49.19] /j xt::icv::vue::startFilter LAY 
[10:34:49.21] /j xt::icv::vue::setWorkingDir /DCNFS/users/student/lkim/Desktop/ELEN153L/synopsys_custom/pvjob_LAB5.FullAdder.icv.lvs 
[10:34:49.23] /j xt::icv::vue::startFilter SCH 
[10:34:49.25] /j xt::icv::vue::setWorkingDir /DCNFS/users/student/lkim/Desktop/ELEN153L/synopsys_custom/pvjob_LAB5.FullAdder.icv.lvs 
[10:34:49.79] /j xt::icv::vue::setWorkingDir /DCNFS/users/student/lkim/Desktop/ELEN153L/synopsys_custom/pvjob_LAB5.FullAdder.icv.lvs 
[10:34:49.81] /j xt::icv::vue::setTopLayLCV LAB5/FullAdder/layout 
[10:34:49.83] /j xt::icv::vue::setWorkingDir /DCNFS/users/student/lkim/Desktop/ELEN153L/synopsys_custom/pvjob_LAB5.FullAdder.icv.lvs 
[10:34:49.85] /j xt::icv::vue::openLCV LAB5/FullAdder/layout 
[10:34:49.87] /j xt::icv::vue::openModule FullAdder 
[10:34:49.94] /r giWindowId 7
[10:34:49.94] /r giWindowGeometry 1632x869
[10:34:50.15] /j xt::icv::vue::clearAllHighlights LAB5/FullAdder/layout 
[10:34:50.17] /j xt::icv::vue::clearAllProbes FullAdder 
[10:34:50.43] /i db::setAttr dockSize -of [gi::getAssistants giConsole -from [gi::getWindows 7]] -value 1571x132
[10:34:50.43] /i db::setAttr dockSize -of [gi::getAssistants deMarkerBrowser -from [gi::getWindows 7]] -value 290x753
[10:34:50.44] /i db::setAttr dockSize -of [gi::getAssistants dePropertyEditor -from [gi::getWindows 7]] -value 290x179
[10:34:55.65] /j xt::icv::vue::clearAllHighlights LAB5/FullAdder/layout 
[10:34:55.67] /j xt::icv::vue::clearAllProbes FullAdder 
[10:34:55.69] /j xt::icv::vue::clearAllHighlights LAB5/FullAdder/layout 
[10:34:55.71] /j xt::icv::vue::clearAllProbes FullAdder 
[10:34:55.73] /j xt::icv::vue::openModule FullAdder 
[10:34:55.75] /j xt::icv::vue::openLCVInstance LAB5/FullAdder/layout LAB5/FullAdder/layout 
[10:34:55.77] /j xt::icv::vue::clearAllProbes FullAdder 
[10:34:55.79] /j xt::icv::vue::clearAllHighlights LAB5/FullAdder/layout 
[10:34:59.65] /j xt::icv::vue::clearAllHighlights LAB5/FullAdder/layout 
[10:34:59.67] /j xt::icv::vue::clearAllProbes FullAdder 
[10:35:00.69] /j xt::icv::vue::clearAllHighlights LAB5/FullAdder/layout 
[10:35:00.71] /j xt::icv::vue::clearAllProbes FullAdder 
[10:35:14.69] /j xt::icv::vue::clearAllHighlights LAB5/FullAdder/layout 
[10:35:14.71] /j xt::icv::vue::clearAllProbes FullAdder 
[10:35:16.93] /j xt::icv::vue::setHiliteId {} 
[10:35:16.95] /j xt::icv::vue::setHighlightProperty yellow brick 
[10:35:16.97] /j xt::icv::vue::setProbeProperty yellow brick 
[10:35:16.99] /j xt::icv::vue::HighlightFromFile LAB5/FullAdder/layout /tmp/lkim_vue_al2hcI/highlight_20210314103516_000000.oas a91d9292007fa46b68d950bfec592b36 
[10:35:17.02] /j xt::icv::vue::addProbe FullAdder gnd! net 
[10:35:17.02] /e Error: [CD-icvVue] couldn't find gnd! giving up
[10:35:17.04] /j xt::icv::vue::drawHighlights LAB5/FullAdder/layout 
[10:35:17.06] /j xt::icv::vue::zoomToProbes FullAdder 
[10:35:17.07] /j xt::icv::vue::setViewPort LAB5/FullAdder/layout {-3.725625 -2.066875 24.630625 9.351875} 
[10:35:30.73] /j xt::icv::vue::clearAllHighlights LAB5/FullAdder/layout 
[10:35:30.75] /j xt::icv::vue::clearAllProbes FullAdder 
[10:35:32.69] /j xt::icv::vue::setHiliteId {} 
[10:35:32.71] /j xt::icv::vue::setHighlightProperty yellow brick 
[10:35:32.73] /j xt::icv::vue::setProbeProperty yellow brick 
[10:35:32.75] /j xt::icv::vue::HighlightFromFile LAB5/FullAdder/layout /tmp/lkim_vue_al2hcI/highlight_20210314103532_000001.oas fb11f54930cf350ac91117fb2399d6d7 
[10:35:32.77] /j xt::icv::vue::addProbe FullAdder vdd! net 
[10:35:32.78] /e Error: [CD-icvVue] couldn't find vdd! giving up
[10:35:32.79] /j xt::icv::vue::drawHighlights LAB5/FullAdder/layout 
[10:35:32.81] /j xt::icv::vue::zoomToProbes FullAdder 
[10:35:32.83] /j xt::icv::vue::setViewPort LAB5/FullAdder/layout {-2.475625 1.3475 23.380625 4.0725} 
[10:35:33.27] /j xt::icv::vue::setHiliteId {} 
[10:35:33.29] /j xt::icv::vue::setHighlightProperty yellow brick 
[10:35:33.31] /j xt::icv::vue::setProbeProperty yellow brick 
[10:35:33.33] /j xt::icv::vue::addProbe FullAdder Ai net 
[10:35:33.35] /j xt::icv::vue::HighlightFromFile LAB5/FullAdder/layout /tmp/lkim_vue_al2hcI/highlight_20210314103533_000002.oas 091a065fa1c64df6b5e12ad241d45202 
[10:35:33.37] /j xt::icv::vue::zoomToProbes FullAdder 
[10:35:33.48] /j xt::icv::vue::drawHighlights LAB5/FullAdder/layout 
[10:35:33.50] /i gi::setActiveWindow 7
[10:35:33.50] /i gi::setActiveWindow 7 -raise true
[10:35:33.51] /j xt::icv::vue::setViewPort LAB5/FullAdder/layout {0.145 -0.40125 7.645 6.56125} 
[10:35:33.60] /j xt::icv::vue::setHiliteId {} 
[10:35:33.62] /j xt::icv::vue::setHighlightProperty yellow brick 
[10:35:33.64] /j xt::icv::vue::setProbeProperty yellow brick 
[10:35:33.66] /j xt::icv::vue::addProbe FullAdder Bi net 
[10:35:33.68] /j xt::icv::vue::HighlightFromFile LAB5/FullAdder/layout /tmp/lkim_vue_al2hcI/highlight_20210314103533_000003.oas 1387622cdf121046337ff07b3c8c8df4 
[10:35:33.71] /j xt::icv::vue::zoomToProbes FullAdder 
[10:35:33.77] /j xt::icv::vue::drawHighlights LAB5/FullAdder/layout 
[10:35:33.79] /j xt::icv::vue::setViewPort LAB5/FullAdder/layout {0.145 -0.43625 7.645 6.57625} 
[10:35:40.28] /j xt::icv::vue::clearAllHighlights LAB5/FullAdder/layout 
[10:35:40.30] /j xt::icv::vue::clearAllProbes FullAdder 
[10:35:40.32] /j xt::icv::vue::setHiliteId {} 
[10:35:40.34] /j xt::icv::vue::setHighlightProperty yellow brick 
[10:35:40.36] /j xt::icv::vue::HighlightFromFile LAB5/FullAdder/layout /tmp/lkim_vue_al2hcI/highlight_20210314103540_000004.oas fb11f54930cf350ac91117fb2399d6d7 
[10:35:40.38] /j xt::icv::vue::drawHighlights LAB5/FullAdder/layout 
[10:35:40.68] /j xt::icv::vue::setHiliteId {} 
[10:35:40.70] /j xt::icv::vue::setHighlightProperty yellow brick 
[10:35:40.72] /j xt::icv::vue::HighlightFromFile LAB5/FullAdder/layout /tmp/lkim_vue_al2hcI/highlight_20210314103540_000005.oas 091a065fa1c64df6b5e12ad241d45202 
[10:35:40.74] /j xt::icv::vue::drawHighlights LAB5/FullAdder/layout 
[10:35:40.88] /j xt::icv::vue::setViewPort LAB5/FullAdder/layout {-2.475625 -0.40125 23.380625 6.56125} 
[10:35:40.90] /j xt::icv::vue::setProbeProperty yellow brick 
[10:35:40.92] /j xt::icv::vue::addProbe FullAdder vdd! net 
[10:35:40.92] /e Error: [CD-icvVue] couldn't find vdd! giving up
[10:35:40.94] /j xt::icv::vue::zoomToProbes FullAdder 
[10:35:41.16] /j xt::icv::vue::setProbeProperty yellow brick 
[10:35:41.18] /j xt::icv::vue::addProbe FullAdder Ai net 
[10:35:41.20] /j xt::icv::vue::zoomToProbes FullAdder 
[10:35:45.05] /# gi::executeAction {deCanvasZoomOutAtPoint} -in [gi::getWindows 7]
[10:35:45.05] /i de::zoom -window [gi::getWindows 7] -factor 0.5 -center {2.7375 1.65625}
[10:35:47.14] /i gi::setActiveWindow 6
[10:35:47.14] /i gi::setActiveWindow 6 -raise true
[10:35:59.64] /j xt::icv::vue::clearAllHighlights LAB5/FullAdder/layout 
[10:35:59.66] /j xt::icv::vue::clearAllProbes FullAdder 
[10:35:59.68] /j xt::icv::vue::setHiliteId {} 
[10:35:59.70] /j xt::icv::vue::setHighlightProperty yellow brick 
[10:35:59.72] /j xt::icv::vue::HighlightFromFile LAB5/FullAdder/layout /tmp/lkim_vue_al2hcI/highlight_20210314103559_000006.oas fb11f54930cf350ac91117fb2399d6d7 
[10:35:59.77] /j xt::icv::vue::drawHighlights LAB5/FullAdder/layout 
[10:35:59.95] /j xt::icv::vue::setViewPort LAB5/FullAdder/layout {-2.475625 1.3475 23.380625 4.0725} 
[10:35:59.97] /j xt::icv::vue::setProbeProperty yellow brick 
[10:35:59.99] /j xt::icv::vue::addProbe FullAdder vdd! net 
[10:35:59.99] /e Error: [CD-icvVue] couldn't find vdd! giving up
[10:36:00.01] /j xt::icv::vue::zoomToProbes FullAdder 
[10:36:01.58] /# gi::executeAction {deCanvasZoomInAtPoint} -in [gi::getWindows 3]
[10:36:01.58] /i de::zoom -window [gi::getWindows 3] -factor 2.0 -center {9.918 3.458}
[10:36:02.35] /# gi::executeAction {deCanvasZoomOutAtPoint} -in [gi::getWindows 3]
[10:36:02.35] /i de::zoom -window [gi::getWindows 3] -factor 0.5 -center {9.951 3.458}
[10:36:02.41] /# gi::executeAction {deCanvasZoomOutAtPoint} -in [gi::getWindows 3]
[10:36:02.41] /i de::zoom -window [gi::getWindows 3] -factor 0.5 -center {9.95 3.458}
[10:36:03.55] /# gi::executeAction {deCanvasZoomInAtPoint} -in [gi::getWindows 3]
[10:36:03.55] /i de::zoom -window [gi::getWindows 3] -factor 2.0 -center {3.795 8.199}
[10:36:07.13] /j xt::icv::vue::clearAllProbes FullAdder 
[10:36:07.15] /j xt::icv::vue::clearAllHighlights LAB5/FullAdder/layout 
[10:36:10.55] /j xt::icv::vue::setHiliteId {} 
[10:36:10.57] /j xt::icv::vue::setHighlightProperty yellow brick 
[10:36:10.59] /j xt::icv::vue::HighlightFromFile LAB5/FullAdder/layout /tmp/lkim_vue_al2hcI/highlight_20210314103610_000007.oas 091a065fa1c64df6b5e12ad241d45202 
[10:36:10.61] /j xt::icv::vue::drawHighlights LAB5/FullAdder/layout 
[10:36:10.77] /j xt::icv::vue::setViewPort LAB5/FullAdder/layout {0.145 -0.40125 7.645 6.56125} 
[10:36:10.79] /j xt::icv::vue::setProbeProperty yellow brick 
[10:36:10.81] /j xt::icv::vue::addProbe FullAdder Ai net 
[10:36:10.83] /j xt::icv::vue::zoomToProbes FullAdder 
[10:36:16.25] /# gi::executeAction {deCanvasZoomOutAtPoint} -in [gi::getWindows 7]
[10:36:16.25] /i de::zoom -window [gi::getWindows 7] -factor 0.5 -center {2.3125 1.4875}
[10:36:17.86] /i gi::setActiveWindow 6
[10:36:17.86] /i gi::setActiveWindow 6 -raise true
[10:36:19.04] /i gi::setActiveWindow 7
[10:36:19.04] /i gi::setActiveWindow 7 -raise true
[10:36:27.02] /j xt::icv::vue::clearAllHighlights LAB5/FullAdder/layout 
[10:36:27.04] /j xt::icv::vue::clearAllProbes FullAdder 
[10:36:27.67] /j xt::icv::vue::setHiliteId {} 
[10:36:27.69] /j xt::icv::vue::setHighlightProperty yellow brick 
[10:36:27.71] /j xt::icv::vue::HighlightFromFile LAB5/FullAdder/layout /tmp/lkim_vue_al2hcI/highlight_20210314103627_000008.oas fb11f54930cf350ac91117fb2399d6d7 
[10:36:27.77] /j xt::icv::vue::drawHighlights LAB5/FullAdder/layout 
[10:36:27.99] /j xt::icv::vue::setViewPort LAB5/FullAdder/layout {-2.475625 1.3475 23.380625 4.0725} 
[10:36:28.01] /j xt::icv::vue::setProbeProperty yellow brick 
[10:36:28.03] /j xt::icv::vue::addProbe FullAdder vdd! net 
[10:36:28.03] /e Error: [CD-icvVue] couldn't find vdd! giving up
[10:36:28.05] /j xt::icv::vue::zoomToProbes FullAdder 
[10:36:28.95] /# gi::executeAction {deCanvasZoomInAtPoint} -in [gi::getWindows 3]
[10:36:28.95] /i de::zoom -window [gi::getWindows 3] -factor 2.0 -center {9.572 3.524}
[10:36:29.38] /# gi::executeAction {deCanvasZoomInAtPoint} -in [gi::getWindows 3]
[10:36:29.38] /i de::zoom -window [gi::getWindows 3] -factor 2.0 -center {9.704 3.598}
[10:36:29.44] /# gi::executeAction {deCanvasZoomInAtPoint} -in [gi::getWindows 3]
[10:36:29.44] /i de::zoom -window [gi::getWindows 3] -factor 2.0 -center {9.811 3.631}
[10:36:32.89] /# gi::executeAction {deCanvasZoomOutAtPoint} -in [gi::getWindows 3]
[10:36:32.89] /i de::zoom -window [gi::getWindows 3] -factor 0.5 -center {10.266 3.722}
[10:36:34.34] /# gi::executeAction {deCanvasZoomOutAtPoint} -in [gi::getWindows 3]
[10:36:34.34] /i de::zoom -window [gi::getWindows 3] -factor 0.5 -center {8.706 3.277}
[10:36:55.98] /j xt::icv::vue::clearAllHighlights LAB5/FullAdder/layout 
[10:36:56.00] /j xt::icv::vue::clearAllProbes FullAdder 
[10:36:56.36] /j xt::icv::vue::setHiliteId {} 
[10:36:56.38] /j xt::icv::vue::setHighlightProperty yellow brick 
[10:36:56.40] /j xt::icv::vue::HighlightFromFile LAB5/FullAdder/layout /tmp/lkim_vue_al2hcI/highlight_20210314103656_000009.oas a91d9292007fa46b68d950bfec592b36 
[10:36:56.42] /j xt::icv::vue::drawHighlights LAB5/FullAdder/layout 
[10:36:56.58] /j xt::icv::vue::setViewPort LAB5/FullAdder/layout {-3.725625 -2.066875 24.630625 9.351875} 
[10:36:56.60] /j xt::icv::vue::setProbeProperty yellow brick 
[10:36:56.62] /j xt::icv::vue::addProbe FullAdder gnd! net 
[10:36:56.62] /e Error: [CD-icvVue] couldn't find gnd! giving up
[10:36:56.64] /j xt::icv::vue::zoomToProbes FullAdder 
[10:37:06.05] /j xt::icv::vue::clearAllProbes FullAdder 
[10:37:06.07] /j xt::icv::vue::clearAllHighlights LAB5/FullAdder/layout 
[10:37:06.09] /j xt::icv::vue::clearAllProbes FullAdder 
[10:37:06.11] /j xt::icv::vue::clearAllHighlights LAB5/FullAdder/layout 
[10:37:06.13] /j xt::icv::vue::openLCVInstance LAB5/FullAdder/layout LAB5/FullAdder/layout 
[10:37:06.15] /j xt::icv::vue::openModule FullAdder 
[10:37:06.17] /j xt::icv::vue::clearAllHighlights LAB5/FullAdder/layout 
[10:37:06.19] /j xt::icv::vue::clearAllProbes FullAdder 
[10:37:06.74] /m Information: Connection closed with 'IC Validator VUE' running on 'linux11111.dc.engr.scu.edu'.
[10:37:07.55] /# gi::executeAction {deCanvasZoomInAtPoint} -in [gi::getWindows 3]
[10:37:07.55] /i de::zoom -window [gi::getWindows 3] -factor 2.0 -center {10.678 3.904}
[10:37:07.68] /# gi::executeAction {deCanvasZoomInAtPoint} -in [gi::getWindows 3]
[10:37:07.68] /i de::zoom -window [gi::getWindows 3] -factor 2.0 -center {10.678 3.895}
[10:37:07.89] /# gi::executeAction {deCanvasZoomInAtPoint} -in [gi::getWindows 3]
[10:37:07.89] /i de::zoom -window [gi::getWindows 3] -factor 2.0 -center {10.746 3.859}
[10:37:08.64] /# gi::executeAction {deSelectActive} -in [gi::getWindows 3]
[10:37:08.64] /i de::deselectAll [db::getNext [de::getContexts -window 3]]
[10:37:08.64] /i de::select [de::getActiveFigure [gi::getWindows 3] -point {10.888 3.703} -index 0 -intent none]
[10:37:08.64] /o oa:0x24753c80
[10:37:09.39] /# gi::executeAction {deSelectActive} -in [gi::getWindows 3]
[10:37:09.39] /i de::deselectAll [db::getNext [de::getContexts -window 3]]
[10:37:09.39] /i de::select [de::getActiveFigure [gi::getWindows 3] -point {10.974 3.687} -index 0 -intent none]
[10:37:09.40] /o oa:0x2346b660
[10:37:10.68] /# gi::executeAction {leDelete} -in [gi::getWindows 3]
[10:37:10.69] /i le::delete [de::getSelected -design [ed]] -partialObject ignore
[10:37:11.26] /# gi::executeAction {deCanvasZoomOutAtPoint} -in [gi::getWindows 3]
[10:37:11.26] /i de::zoom -window [gi::getWindows 3] -factor 0.5 -center {10.926 3.816}
[10:37:11.28] /# gi::executeAction {deCanvasZoomOutAtPoint} -in [gi::getWindows 3]
[10:37:11.28] /i de::zoom -window [gi::getWindows 3] -factor 0.5 -center {10.859 3.821}
[10:37:11.31] /# gi::executeAction {deCanvasZoomOutAtPoint} -in [gi::getWindows 3]
[10:37:11.31] /i de::zoom -window [gi::getWindows 3] -factor 0.5 -center {10.814 3.829}
[10:37:12.44] /# gi::executeAction {deCanvasZoomInAtPoint} -in [gi::getWindows 3]
[10:37:12.44] /i de::zoom -window [gi::getWindows 3] -factor 2.0 -center {10.94 0.057}
[10:37:12.49] /# gi::executeAction {deCanvasZoomInAtPoint} -in [gi::getWindows 3]
[10:37:12.49] /i de::zoom -window [gi::getWindows 3] -factor 2.0 -center {10.94 0.057}
[10:37:13.53] /# gi::executeAction {deSelectActive} -in [gi::getWindows 3]
[10:37:13.53] /i de::deselectAll [db::getNext [de::getContexts -window 3]]
[10:37:13.53] /i de::select [de::getActiveFigure [gi::getWindows 3] -point {10.931 0.134} -index 0 -intent none]
[10:37:13.53] /o oa:0x232f8d40
[10:37:14.49] /# gi::executeAction {leDelete} -in [gi::getWindows 3]
[10:37:14.49] /i le::delete [de::getSelected -design [ed]] -partialObject ignore
[10:37:18.45] /i gi::executeAction {deSaveDesign} -in [gi::getWindows 3]
[10:37:18.46] /m Information: Saving design 'LAB5 FullAdder layout'. (DESIGN_WINDOW-004)
[10:37:20.54] /# gi::executeAction {xtLVSRun} -in [gi::getWindows 3]
[10:37:20.55] /i xt::physicalVerification::executeRun lvs 3
[10:37:20.76] /i xt::physicalVerification::executePve lvs 3 xtLVSExecutePve
[10:37:20.87] /m Information: "Starting netlisting for design "LAB5/FullAdder/schematic"..." (NETLISTING-010)
[10:37:20.92] /o No Design Integrity rule violations found in "LAB5/FullAdder/schematic"
[10:37:21.41] /m Information: "Netlisting design "LAB5/FullAdder/schematic" finished successfully." (NETLISTING-012)
[10:37:42.96] /m Information: 
              /c =============================
              /c JobID: icv_lvs_11
              /c --- ERROR SUMMARY -----------
              /c Compare Error Summary
              /c Refer to FullAdder.LVS_ERRORS.
              /c LVS Compare Result: FAIL
              /c TOP equivalence point:
              /c 		[FullAdder, FullAdder]
              /c     0 Successful equivalence points
              /c   * 1 Failed equivalence points
              /c         1 First priority errors
              /c         0 Second priority errors
              /c =============================
              /c 
[10:37:43.94] /j ::xt::icv::vue::_private::registerConnection linux11111.dc.engr.scu.edu:44217 tcp5 icvVue_3 
[10:37:44.00] /j ::xt::icv::vue::_private::isJobReady 
[10:37:44.00] /o false
[10:37:45.00] /j ::xt::icv::vue::_private::isJobReady 
[10:37:45.00] /o false
[10:37:46.00] /m Information: Connection established with 'IC Validator VUE' running on 'linux11111.dc.engr.scu.edu'.
[10:37:46.01] /j ::xt::icv::vue::_private::isJobReady 
[10:37:46.01] /o true
[10:37:46.03] /j xt::icv::vue::startFilter LAY 
[10:37:46.05] /j xt::icv::vue::setWorkingDir /DCNFS/users/student/lkim/Desktop/ELEN153L/synopsys_custom/pvjob_LAB5.FullAdder.icv.lvs 
[10:37:46.07] /j xt::icv::vue::startFilter SCH 
[10:37:46.09] /j xt::icv::vue::setWorkingDir /DCNFS/users/student/lkim/Desktop/ELEN153L/synopsys_custom/pvjob_LAB5.FullAdder.icv.lvs 
[10:37:46.58] /j xt::icv::vue::setWorkingDir /DCNFS/users/student/lkim/Desktop/ELEN153L/synopsys_custom/pvjob_LAB5.FullAdder.icv.lvs 
[10:37:46.60] /j xt::icv::vue::setTopLayLCV LAB5/FullAdder/layout 
[10:37:46.62] /j xt::icv::vue::openLCV LAB5/FullAdder/layout 
[10:37:46.64] /j xt::icv::vue::setWorkingDir /DCNFS/users/student/lkim/Desktop/ELEN153L/synopsys_custom/pvjob_LAB5.FullAdder.icv.lvs 
[10:37:46.66] /j xt::icv::vue::openModule FullAdder 
[10:37:46.79] /j xt::icv::vue::clearAllHighlights LAB5/FullAdder/layout 
[10:37:46.81] /j xt::icv::vue::clearAllProbes FullAdder 
[10:37:50.71] /j xt::icv::vue::clearAllHighlights LAB5/FullAdder/layout 
[10:37:50.73] /j xt::icv::vue::clearAllProbes FullAdder 
[10:37:54.21] /j xt::icv::vue::clearAllHighlights LAB5/FullAdder/layout 
[10:37:54.23] /j xt::icv::vue::clearAllProbes FullAdder 
[10:37:54.25] /j xt::icv::vue::clearAllHighlights LAB5/FullAdder/layout 
[10:37:54.27] /j xt::icv::vue::clearAllProbes FullAdder 
[10:37:54.29] /j xt::icv::vue::openLCVInstance LAB5/FullAdder/layout LAB5/FullAdder/layout 
[10:37:54.31] /j xt::icv::vue::clearAllHighlights LAB5/FullAdder/layout 
[10:37:54.33] /j xt::icv::vue::openModule FullAdder 
[10:37:54.35] /j xt::icv::vue::clearAllProbes FullAdder 
[10:38:07.41] /j xt::icv::vue::clearAllHighlights LAB5/FullAdder/layout 
[10:38:07.43] /j xt::icv::vue::clearAllProbes FullAdder 
[10:38:35.87] /j xt::icv::vue::setHiliteId {} 
[10:38:35.89] /j xt::icv::vue::setHighlightProperty yellow brick 
[10:38:35.91] /j xt::icv::vue::setProbeProperty yellow brick 
[10:38:35.93] /j xt::icv::vue::addProbe FullAdder Ci1 net 
[10:38:35.95] /j xt::icv::vue::HighlightFromFile LAB5/FullAdder/layout /tmp/lkim_vue_VDenEc/highlight_20210314103835_000000.oas c86b04a98afb06f8e5f37cc6a76706ce 
[10:38:35.97] /j xt::icv::vue::zoomToProbes FullAdder 
[10:38:36.05] /j xt::icv::vue::drawHighlights LAB5/FullAdder/layout 
[10:38:36.07] /i gi::setActiveWindow 7
[10:38:36.07] /i gi::setActiveWindow 7 -raise true
[10:38:36.08] /j xt::icv::vue::setViewPort LAB5/FullAdder/layout {20.21625 -0.0831250000000003 20.60375 5.498125} 
[10:38:36.32] /# gi::executeAction {deSelectActive} -in [gi::getWindows 7]
[10:38:36.32] /i de::deselectAllLogic -context [de::getContexts -filter {%editDesign==[db::getAttr editDesign -of [db::getNext [de::getContexts -window 7]]]}]
[10:38:37.40] /# gi::executeAction {deCanvasZoomOutAtPoint} -in [gi::getWindows 7]
[10:38:37.40] /i de::zoom -window [gi::getWindows 7] -factor 0.5 -center {21.01875 2.6875}
[10:38:37.42] /# gi::executeAction {deCanvasZoomOutAtPoint} -in [gi::getWindows 7]
[10:38:37.42] /i de::zoom -window [gi::getWindows 7] -factor 0.5 -center {20.9125 2.66875}
[10:38:37.45] /# gi::executeAction {deCanvasZoomOutAtPoint} -in [gi::getWindows 7]
[10:38:37.45] /i de::zoom -window [gi::getWindows 7] -factor 0.5 -center {20.7 2.775}
[10:38:38.76] /# gi::executeAction {deFitEdit} -in [gi::getWindows 7]
[10:38:38.76] /i de::fit -window 7 -fitEdit true
[10:38:49.58] /i gi::setActiveWindow 6
[10:38:49.58] /i gi::setActiveWindow 6 -raise true
[10:38:50.88] /i gi::setActiveWindow 3
[10:38:50.88] /i gi::setActiveWindow 3 -raise true
[10:38:51.78] /# gi::executeAction {deCanvasZoomOutAtPoint} -in [gi::getWindows 3]
[10:38:51.78] /i de::zoom -window [gi::getWindows 3] -factor 0.5 -center {11.874 1.072}
[10:38:51.83] /# gi::executeAction {deCanvasZoomOutAtPoint} -in [gi::getWindows 3]
[10:38:51.83] /i de::zoom -window [gi::getWindows 3] -factor 0.5 -center {11.865 1.046}
[10:38:51.91] /# gi::executeAction {deCanvasZoomOutAtPoint} -in [gi::getWindows 3]
[10:38:51.91] /i de::zoom -window [gi::getWindows 3] -factor 0.5 -center {11.811 1.1}
[10:38:52.54] /# gi::executeAction {deCanvasZoomInAtPoint} -in [gi::getWindows 3]
[10:38:52.55] /i de::zoom -window [gi::getWindows 3] -factor 2.0 -center {11.487 3.229}
[10:38:52.58] /# gi::executeAction {deCanvasZoomInAtPoint} -in [gi::getWindows 3]
[10:38:52.58] /i de::zoom -window [gi::getWindows 3] -factor 2.0 -center {11.487 3.229}
[10:38:52.75] /# gi::executeAction {deCanvasZoomInAtPoint} -in [gi::getWindows 3]
[10:38:52.75] /i de::zoom -window [gi::getWindows 3] -factor 2.0 -center {11.496 3.247}
[10:38:54.45] /i gi::setActiveWindow 2
[10:38:54.45] /i gi::setActiveWindow 2 -raise true
[10:40:03.65] /i gi::executeAction {dmOpen} -in [gi::getWindows 2]
[10:40:03.67] /r giWindowId 8
[10:40:03.70] /r giWindowGeometry 1632x869
[10:40:13.29] /# gi::executeAction {deCanvasZoomInAtPoint} -in [gi::getWindows 8]
[10:40:13.29] /i de::zoom -window [gi::getWindows 8] -factor 2.0 -center {10.448 4.714}
[10:40:19.00] /# gi::executeAction {deSelectActive} -in [gi::getWindows 8]
[10:40:19.00] /i de::deselectAll [db::getNext [de::getContexts -window 8]]
[10:40:19.00] /i de::select [de::getActiveFigure [gi::getWindows 8] -point {10.985 5.008} -index 0 -intent none]
[10:40:19.00] /o oa:0x232f43b0
[10:40:22.76] /# gi::executeAction {deCanvasZoomOutAtPoint} -in [gi::getWindows 8]
[10:40:22.76] /i de::zoom -window [gi::getWindows 8] -factor 0.5 -center {8.727 4.126}
[10:41:40.42] /j xt::icv::vue::clearAllHighlights LAB5/FullAdder/layout 
[10:41:40.44] /j xt::icv::vue::clearAllProbes FullAdder 
[10:41:42.18] /j xt::icv::vue::clearAllProbes FullAdder 
[10:41:42.20] /j xt::icv::vue::clearAllHighlights LAB5/FullAdder/layout 
[10:41:42.22] /j xt::icv::vue::openLCVInstance LAB5/FullAdder/layout LAB5/FullAdder/layout 
[10:41:42.24] /j xt::icv::vue::openModule FullAdder 
[10:41:46.00] /j xt::icv::vue::setHiliteId {} 
[10:41:46.02] /j xt::icv::vue::setHighlightProperty yellow brick 
[10:41:46.04] /j xt::icv::vue::setProbeProperty yellow brick 
[10:41:46.06] /j xt::icv::vue::addProbe FullAdder gnd! net 
[10:41:46.06] /e Error: [CD-icvVue] couldn't find gnd! giving up
[10:41:46.08] /j xt::icv::vue::HighlightFromFile LAB5/FullAdder/layout /tmp/lkim_vue_VDenEc/highlight_20210314104145_000001.oas a91d9292007fa46b68d950bfec592b36 
[10:41:46.10] /j xt::icv::vue::zoomToProbes FullAdder 
[10:41:46.12] /j xt::icv::vue::drawHighlights LAB5/FullAdder/layout 
[10:41:46.14] /j xt::icv::vue::setViewPort LAB5/FullAdder/layout {-3.725625 -2.066875 24.630625 9.351875} 
[10:41:46.52] /j xt::icv::vue::setHiliteId {} 
[10:41:46.54] /j xt::icv::vue::setProbeProperty yellow brick 
[10:41:46.56] /j xt::icv::vue::setHighlightProperty yellow brick 
[10:41:46.58] /j xt::icv::vue::addProbe FullAdder vdd! net 
[10:41:46.58] /e Error: [CD-icvVue] couldn't find vdd! giving up
[10:41:46.60] /j xt::icv::vue::HighlightFromFile LAB5/FullAdder/layout /tmp/lkim_vue_VDenEc/highlight_20210314104146_000002.oas fb11f54930cf350ac91117fb2399d6d7 
[10:41:46.62] /j xt::icv::vue::zoomToProbes FullAdder 
[10:41:46.64] /j xt::icv::vue::drawHighlights LAB5/FullAdder/layout 
[10:41:46.66] /j xt::icv::vue::setViewPort LAB5/FullAdder/layout {-2.475625 1.3475 23.380625 4.0725} 
[10:41:47.00] /j xt::icv::vue::setHiliteId {} 
[10:41:47.02] /j xt::icv::vue::setProbeProperty yellow brick 
[10:41:47.04] /j xt::icv::vue::setHighlightProperty yellow brick 
[10:41:47.06] /j xt::icv::vue::addProbe FullAdder Ai net 
[10:41:47.08] /j xt::icv::vue::HighlightFromFile LAB5/FullAdder/layout /tmp/lkim_vue_VDenEc/highlight_20210314104146_000003.oas 091a065fa1c64df6b5e12ad241d45202 
[10:41:47.10] /j xt::icv::vue::zoomToProbes FullAdder 
[10:41:47.19] /j xt::icv::vue::drawHighlights LAB5/FullAdder/layout 
[10:41:47.20] /i gi::setActiveWindow 7
[10:41:47.20] /i gi::setActiveWindow 7 -raise true
[10:41:47.22] /j xt::icv::vue::setViewPort LAB5/FullAdder/layout {0.145 -0.40125 7.645 6.56125} 
[10:41:47.67] /j xt::icv::vue::setHiliteId {} 
[10:41:47.69] /j xt::icv::vue::setProbeProperty yellow brick 
[10:41:47.71] /j xt::icv::vue::setHighlightProperty yellow brick 
[10:41:47.73] /j xt::icv::vue::addProbe FullAdder Bi net 
[10:41:47.75] /j xt::icv::vue::HighlightFromFile LAB5/FullAdder/layout /tmp/lkim_vue_VDenEc/highlight_20210314104147_000004.oas 1387622cdf121046337ff07b3c8c8df4 
[10:41:47.79] /j xt::icv::vue::zoomToProbes FullAdder 
[10:41:47.86] /j xt::icv::vue::drawHighlights LAB5/FullAdder/layout 
[10:41:47.88] /j xt::icv::vue::setViewPort LAB5/FullAdder/layout {0.145 -0.43625 7.645 6.57625} 
[10:42:58.88] /# gi::executeAction {deCanvasZoomOutAtPoint} -in [gi::getWindows 7]
[10:42:58.88] /i de::zoom -window [gi::getWindows 7] -factor 0.5 -center {2.375 1.425}
[10:42:58.94] /# gi::executeAction {deCanvasZoomOutAtPoint} -in [gi::getWindows 7]
[10:42:58.94] /i de::zoom -window [gi::getWindows 7] -factor 0.5 -center {2.375 1.41875}
[10:47:40.17] /# gi::executeAction {deCanvasZoomOutAtPoint} -in [gi::getWindows 7]
[10:47:40.17] /i de::zoom -window [gi::getWindows 7] -factor 0.5 -center {2.75 2.8625}
[10:47:41.12] /i gi::setActiveWindow 3
[10:47:41.12] /i gi::setActiveWindow 3 -raise true
[10:47:42.58] /# gi::executeAction {deCanvasZoomOutAtPoint} -in [gi::getWindows 3]
[10:47:42.58] /i de::zoom -window [gi::getWindows 3] -factor 0.5 -center {10.255 3.225}
[10:47:42.62] /# gi::executeAction {deCanvasZoomOutAtPoint} -in [gi::getWindows 3]
[10:47:42.62] /i de::zoom -window [gi::getWindows 3] -factor 0.5 -center {10.255 3.224}
[10:47:45.13] /i gi::setActiveWindow 8
[10:47:45.13] /i gi::setActiveWindow 8 -raise true
[10:47:47.70] /j xt::icv::vue::clearAllProbes FullAdder 
[10:47:47.72] /j xt::icv::vue::clearAllHighlights LAB5/FullAdder/layout 
[10:47:47.74] /j xt::icv::vue::clearAllProbes FullAdder 
[10:47:47.76] /j xt::icv::vue::clearAllHighlights LAB5/FullAdder/layout 
[10:47:47.78] /j xt::icv::vue::openModule FullAdder 
[10:47:47.80] /j xt::icv::vue::openLCVInstance LAB5/FullAdder/layout LAB5/FullAdder/layout 
[10:47:47.82] /j xt::icv::vue::clearAllProbes FullAdder 
[10:47:47.84] /j xt::icv::vue::clearAllHighlights LAB5/FullAdder/layout 
[10:47:48.44] /m Information: Connection closed with 'IC Validator VUE' running on 'linux11111.dc.engr.scu.edu'.
[10:49:34.26] /i gi::setActiveWindow 3
[10:49:34.26] /i gi::setActiveWindow 3 -raise true
[10:49:35.14] /i gi::setActiveWindow 6
[10:49:35.14] /i gi::setActiveWindow 6 -raise true
[10:50:41.16] /i gi::setActiveWindow 7
[10:50:41.16] /i gi::setActiveWindow 7 -raise true
[10:50:43.93] /# gi::executeAction {deCanvasZoomInAtPoint} -in [gi::getWindows 7]
[10:50:43.93] /i de::zoom -window [gi::getWindows 7] -factor 2.0 -center {3.01875 2.0875}
[10:50:44.04] /# gi::executeAction {deCanvasZoomInAtPoint} -in [gi::getWindows 7]
[10:50:44.04] /i de::zoom -window [gi::getWindows 7] -factor 2.0 -center {3.01875 2.0875}
[10:50:44.77] /# gi::executeAction {deCanvasZoomOutAtPoint} -in [gi::getWindows 7]
[10:50:44.77] /i de::zoom -window [gi::getWindows 7] -factor 0.5 -center {3.01875 2.0875}
[10:51:07.81] /i gi::setActiveWindow 6
[10:51:07.81] /i gi::setActiveWindow 6 -raise true
[10:51:08.46] /i gi::setActiveWindow 3
[10:51:08.46] /i gi::setActiveWindow 3 -raise true
[10:51:10.88] /i gi::setActiveWindow 8
[10:51:10.88] /i gi::setActiveWindow 8 -raise true
[10:51:13.28] /i gi::executeAction giCloseWindow -in [gi::getWindows 8]
[10:51:15.69] /i gi::setActiveWindow 6
[10:51:15.69] /i gi::setActiveWindow 6 -raise true
[10:51:21.01] /i gi::setActiveWindow 7
[10:51:21.01] /i gi::setActiveWindow 7 -raise true
[10:51:22.64] /i gi::setActiveWindow 3
[10:51:22.64] /i gi::setActiveWindow 3 -raise true
[10:51:23.14] /i gi::setActiveWindow 2
[10:51:23.14] /i gi::setActiveWindow 2 -raise true
[10:51:24.78] /i gi::setActiveWindow 3
[10:51:24.78] /i gi::setActiveWindow 3 -raise true
[10:51:29.95] /# gi::executeAction {deCanvasZoomInAtPoint} -in [gi::getWindows 3]
[10:51:29.95] /i de::zoom -window [gi::getWindows 3] -factor 2.0 -center {17.746 4.722}
[10:51:30.00] /# gi::executeAction {deCanvasZoomInAtPoint} -in [gi::getWindows 3]
[10:51:30.00] /i de::zoom -window [gi::getWindows 3] -factor 2.0 -center {17.746 4.722}
[10:51:30.71] /# gi::executeAction {deCanvasZoomOutAtPoint} -in [gi::getWindows 3]
[10:51:30.71] /i de::zoom -window [gi::getWindows 3] -factor 0.5 -center {17.755 4.713}
[10:51:30.76] /# gi::executeAction {deCanvasZoomOutAtPoint} -in [gi::getWindows 3]
[10:51:30.76] /i de::zoom -window [gi::getWindows 3] -factor 0.5 -center {17.755 4.713}
[10:51:36.67] /# gi::executeAction {xtLVSRun} -in [gi::getWindows 3]
[10:51:36.67] /i xt::physicalVerification::executeRun lvs 3
[10:51:36.91] /i xt::physicalVerification::executePve lvs 3 xtLVSExecutePve
[10:51:37.01] /m Information: "Starting netlisting for design "LAB5/FullAdder/schematic"..." (NETLISTING-010)
[10:51:37.05] /o No Design Integrity rule violations found in "LAB5/FullAdder/schematic"
[10:51:37.53] /m Information: "Netlisting design "LAB5/FullAdder/schematic" finished successfully." (NETLISTING-012)
[10:51:58.46] /m Information: 
              /c =============================
              /c JobID: icv_lvs_12
              /c --- ERROR SUMMARY -----------
              /c Compare Error Summary
              /c Refer to FullAdder.LVS_ERRORS.
              /c LVS Compare Result: FAIL
              /c TOP equivalence point:
              /c 		[FullAdder, FullAdder]
              /c     0 Successful equivalence points
              /c   * 1 Failed equivalence points
              /c         1 First priority errors
              /c         0 Second priority errors
              /c =============================
              /c 
[10:51:59.55] /j ::xt::icv::vue::_private::registerConnection linux11111.dc.engr.scu.edu:40686 tcp7 icvVue_4 
[10:51:59.61] /j ::xt::icv::vue::_private::isJobReady 
[10:51:59.61] /o false
[10:52:00.61] /j ::xt::icv::vue::_private::isJobReady 
[10:52:00.61] /o false
[10:52:01.61] /m Information: Connection established with 'IC Validator VUE' running on 'linux11111.dc.engr.scu.edu'.
[10:52:01.61] /j ::xt::icv::vue::_private::isJobReady 
[10:52:01.61] /o true
[10:52:01.63] /j xt::icv::vue::startFilter LAY 
[10:52:01.65] /j xt::icv::vue::setWorkingDir /DCNFS/users/student/lkim/Desktop/ELEN153L/synopsys_custom/pvjob_LAB5.FullAdder.icv.lvs 
[10:52:01.69] /j xt::icv::vue::startFilter SCH 
[10:52:01.71] /j xt::icv::vue::setWorkingDir /DCNFS/users/student/lkim/Desktop/ELEN153L/synopsys_custom/pvjob_LAB5.FullAdder.icv.lvs 
[10:52:02.36] /j xt::icv::vue::setWorkingDir /DCNFS/users/student/lkim/Desktop/ELEN153L/synopsys_custom/pvjob_LAB5.FullAdder.icv.lvs 
[10:52:02.38] /j xt::icv::vue::setTopLayLCV LAB5/FullAdder/layout 
[10:52:02.40] /j xt::icv::vue::openLCV LAB5/FullAdder/layout 
[10:52:02.42] /j xt::icv::vue::setWorkingDir /DCNFS/users/student/lkim/Desktop/ELEN153L/synopsys_custom/pvjob_LAB5.FullAdder.icv.lvs 
[10:52:02.44] /j xt::icv::vue::openModule FullAdder 
[10:52:02.65] /j xt::icv::vue::clearAllHighlights LAB5/FullAdder/layout 
[10:52:02.67] /j xt::icv::vue::clearAllProbes FullAdder 
[10:52:48.57] /j xt::icv::vue::clearAllHighlights LAB5/FullAdder/layout 
[10:52:48.59] /j xt::icv::vue::clearAllProbes FullAdder 
[10:52:48.61] /j xt::icv::vue::clearAllHighlights LAB5/FullAdder/layout 
[10:52:48.63] /j xt::icv::vue::clearAllProbes FullAdder 
[10:52:48.65] /j xt::icv::vue::openLCVInstance LAB5/FullAdder/layout LAB5/FullAdder/layout 
[10:52:48.67] /j xt::icv::vue::openModule FullAdder 
[10:52:48.69] /j xt::icv::vue::clearAllHighlights LAB5/FullAdder/layout 
[10:52:48.71] /j xt::icv::vue::clearAllProbes FullAdder 
[10:55:58.07] /j xt::icv::vue::setHiliteId {} 
[10:55:58.09] /j xt::icv::vue::setHighlightProperty yellow brick 
[10:55:58.11] /j xt::icv::vue::setProbeProperty yellow brick 
[10:55:58.13] /j xt::icv::vue::HighlightFromFile LAB5/FullAdder/layout /tmp/lkim_vue_xlPLsh/highlight_20210314105558_000000.oas c86b04a98afb06f8e5f37cc6a76706ce 
[10:55:58.15] /j xt::icv::vue::addProbe FullAdder Ci1 net 
[10:55:58.17] /j xt::icv::vue::drawHighlights LAB5/FullAdder/layout 
[10:55:58.19] /j xt::icv::vue::zoomToProbes FullAdder 
[10:55:58.27] /j xt::icv::vue::setViewPort LAB5/FullAdder/layout {20.21625 -0.0831250000000003 20.60375 5.498125} 
[10:55:59.10] /# gi::executeAction {deCanvasZoomOutAtPoint} -in [gi::getWindows 7]
[10:55:59.10] /i de::zoom -window [gi::getWindows 7] -factor 0.5 -center {21.0375 4.51875}
[10:55:59.13] /# gi::executeAction {deCanvasZoomOutAtPoint} -in [gi::getWindows 7]
[10:55:59.13] /i de::zoom -window [gi::getWindows 7] -factor 0.5 -center {21.03125 4.5125}
[10:56:00.43] /i gi::setActiveWindow 6
[10:56:00.43] /i gi::setActiveWindow 6 -raise true
[10:56:27.15] /i gi::setActiveWindow 7
[10:56:27.15] /i gi::setActiveWindow 7 -raise true
[10:56:28.78] /# gi::executeAction {deFitEdit} -in [gi::getWindows 7]
[10:56:28.78] /i de::fit -window 7 -fitEdit true
[10:56:30.20] /i gi::setActiveWindow 3
[10:56:30.20] /i gi::setActiveWindow 3 -raise true
[10:56:42.46] /j xt::icv::vue::clearAllHighlights LAB5/FullAdder/layout 
[10:56:42.48] /j xt::icv::vue::clearAllProbes FullAdder 
[10:56:43.62] /j xt::icv::vue::clearAllProbes FullAdder 
[10:56:43.64] /j xt::icv::vue::clearAllHighlights LAB5/FullAdder/layout 
[10:56:43.66] /j xt::icv::vue::openModule FullAdder 
[10:56:43.68] /j xt::icv::vue::openLCVInstance LAB5/FullAdder/layout LAB5/FullAdder/layout 
[10:57:09.24] /j xt::icv::vue::setProbeProperty cyan brick 
[10:57:09.26] /j xt::icv::vue::addProbe FullAdder XI1/XI1/MM0 device 
[10:57:09.32] /j xt::icv::vue::zoomToProbes FullAdder 
[10:57:09.39] /# Navigating to Adder/AND/schematic (I1)
[10:57:14.00] /# gi::executeAction {deCanvasZoomOutAtPoint} -in [gi::getWindows 7]
[10:57:14.00] /i de::zoom -window [gi::getWindows 7] -factor 0.5 -center {2.2 0.875}
[10:57:14.36] /# gi::executeAction {deCanvasZoomOutAtPoint} -in [gi::getWindows 7]
[10:57:14.36] /i de::zoom -window [gi::getWindows 7] -factor 0.5 -center {2.2 0.86875}
[10:57:16.38] /i gi::setActiveWindow 6
[10:57:16.38] /i gi::setActiveWindow 6 -raise true
[10:57:17.06] /i gi::setActiveWindow 7
[10:57:17.06] /i gi::setActiveWindow 7 -raise true
[10:57:36.99] /j xt::icv::vue::setHiliteId {} 
[10:57:37.01] /j xt::icv::vue::setHighlightProperty yellow brick 
[10:57:37.03] /j xt::icv::vue::setProbeProperty yellow brick 
[10:57:37.04] /j xt::icv::vue::addProbe FullAdder gnd! net 
[10:57:37.05] /e Error: [CD-icvVue] couldn't find gnd! giving up
[10:57:37.06] /j xt::icv::vue::HighlightFromFile LAB5/FullAdder/layout /tmp/lkim_vue_xlPLsh/highlight_20210314105736_000001.oas a91d9292007fa46b68d950bfec592b36 
[10:57:37.13] /j xt::icv::vue::zoomToProbes FullAdder 
[10:57:37.15] /j xt::icv::vue::drawHighlights LAB5/FullAdder/layout 
[10:57:37.17] /j xt::icv::vue::setViewPort LAB5/FullAdder/layout {-3.725625 -2.066875 24.630625 9.351875} 
[10:57:49.27] /j xt::icv::vue::setHiliteId {} 
[10:57:49.29] /j xt::icv::vue::setProbeProperty yellow brick 
[10:57:49.31] /j xt::icv::vue::setHighlightProperty yellow brick 
[10:57:49.33] /j xt::icv::vue::addProbe FullAdder vdd! net 
[10:57:49.33] /e Error: [CD-icvVue] couldn't find vdd! giving up
[10:57:49.35] /j xt::icv::vue::HighlightFromFile LAB5/FullAdder/layout /tmp/lkim_vue_xlPLsh/highlight_20210314105749_000002.oas fb11f54930cf350ac91117fb2399d6d7 
[10:57:49.37] /j xt::icv::vue::zoomToProbes FullAdder 
[10:57:49.39] /j xt::icv::vue::drawHighlights LAB5/FullAdder/layout 
[10:57:49.41] /j xt::icv::vue::setViewPort LAB5/FullAdder/layout {-2.475625 1.3475 23.380625 4.0725} 
[10:57:51.97] /j xt::icv::vue::setHiliteId {} 
[10:57:51.99] /j xt::icv::vue::setProbeProperty yellow brick 
[10:57:52.01] /j xt::icv::vue::setHighlightProperty yellow brick 
[10:57:52.03] /j xt::icv::vue::addProbe FullAdder Ai net 
[10:57:52.05] /j xt::icv::vue::HighlightFromFile LAB5/FullAdder/layout /tmp/lkim_vue_xlPLsh/highlight_20210314105751_000003.oas 091a065fa1c64df6b5e12ad241d45202 
[10:57:52.07] /j xt::icv::vue::zoomToProbes FullAdder 
[10:57:52.12] /# Navigating to LAB5/FullAdder/schematic
[10:57:52.18] /j xt::icv::vue::drawHighlights LAB5/FullAdder/layout 
[10:57:52.20] /i gi::setActiveWindow 7
[10:57:52.20] /i gi::setActiveWindow 7 -raise true
[10:57:52.22] /j xt::icv::vue::setViewPort LAB5/FullAdder/layout {0.145 -0.40125 7.645 6.56125} 
[10:57:55.93] /j xt::icv::vue::setHiliteId {} 
[10:57:55.95] /j xt::icv::vue::setHighlightProperty yellow brick 
[10:57:55.97] /j xt::icv::vue::setProbeProperty yellow brick 
[10:57:55.99] /j xt::icv::vue::HighlightFromFile LAB5/FullAdder/layout /tmp/lkim_vue_xlPLsh/highlight_20210314105755_000004.oas 1387622cdf121046337ff07b3c8c8df4 
[10:57:56.03] /j xt::icv::vue::addProbe FullAdder Bi net 
[10:57:56.03] /e Error: [CD-icvVue] couldn't find Bi giving up
[10:57:56.05] /j xt::icv::vue::drawHighlights LAB5/FullAdder/layout 
[10:57:56.07] /j xt::icv::vue::zoomToProbes FullAdder 
[10:57:56.09] /j xt::icv::vue::setViewPort LAB5/FullAdder/layout {0.145 -0.43625 7.645 6.57625} 
[10:58:00.51] /# gi::executeAction {deCanvasZoomOutAtPoint} -in [gi::getWindows 3]
[10:58:00.51] /i de::zoom -window [gi::getWindows 3] -factor 0.5 -center {5.123 3.686}
[10:58:00.57] /# gi::executeAction {deCanvasZoomOutAtPoint} -in [gi::getWindows 3]
[10:58:00.57] /i de::zoom -window [gi::getWindows 3] -factor 0.5 -center {5.124 3.612}
[10:58:01.50] /# gi::executeAction {deCanvasZoomInAtPoint} -in [gi::getWindows 3]
[10:58:01.50] /i de::zoom -window [gi::getWindows 3] -factor 2.0 -center {3.467 6.736}
[10:58:03.12] /# gi::executeAction {deFitView} -in [gi::getWindows 3]
[10:58:03.12] /i de::fit -window 3 -fitView true
[10:58:05.39] /j xt::icv::vue::clearAllHighlights LAB5/FullAdder/layout 
[10:58:05.41] /j xt::icv::vue::clearAllProbes FullAdder 
[10:58:05.43] /j xt::icv::vue::setHiliteId {} 
[10:58:05.45] /j xt::icv::vue::setHighlightProperty yellow brick 
[10:58:05.47] /j xt::icv::vue::HighlightFromFile LAB5/FullAdder/layout /tmp/lkim_vue_xlPLsh/highlight_20210314105805_000005.oas a91d9292007fa46b68d950bfec592b36 
[10:58:05.49] /j xt::icv::vue::drawHighlights LAB5/FullAdder/layout 
[10:58:05.73] /j xt::icv::vue::setHiliteId {} 
[10:58:05.75] /j xt::icv::vue::setHighlightProperty yellow brick 
[10:58:05.77] /j xt::icv::vue::HighlightFromFile LAB5/FullAdder/layout /tmp/lkim_vue_xlPLsh/highlight_20210314105805_000006.oas fb11f54930cf350ac91117fb2399d6d7 
[10:58:05.79] /j xt::icv::vue::drawHighlights LAB5/FullAdder/layout 
[10:58:06.05] /j xt::icv::vue::setHiliteId {} 
[10:58:06.07] /j xt::icv::vue::setHighlightProperty yellow brick 
[10:58:06.09] /j xt::icv::vue::HighlightFromFile LAB5/FullAdder/layout /tmp/lkim_vue_xlPLsh/highlight_20210314105806_000007.oas 1387622cdf121046337ff07b3c8c8df4 
[10:58:06.11] /j xt::icv::vue::drawHighlights LAB5/FullAdder/layout 
[10:58:06.25] /j xt::icv::vue::setViewPort LAB5/FullAdder/layout {-3.725625 -2.066875 24.630625 9.351875} 
[10:58:06.27] /j xt::icv::vue::setProbeProperty yellow brick 
[10:58:06.29] /j xt::icv::vue::addProbe FullAdder gnd! net 
[10:58:06.31] /j xt::icv::vue::clearAllHighlights LAB5/FullAdder/layout 
[10:58:06.33] /j xt::icv::vue::zoomToProbes FullAdder 
[10:58:06.43] /j xt::icv::vue::clearAllProbes FullAdder 
[10:58:06.55] /j xt::icv::vue::setProbeProperty yellow brick 
[10:58:06.57] /j xt::icv::vue::addProbe FullAdder vdd! net 
[10:58:06.57] /e Error: [CD-icvVue] couldn't find vdd! giving up
[10:58:06.59] /j xt::icv::vue::zoomToProbes FullAdder 
[10:58:06.85] /j xt::icv::vue::setProbeProperty yellow brick 
[10:58:06.87] /j xt::icv::vue::addProbe FullAdder Bi net 
[10:58:06.89] /j xt::icv::vue::zoomToProbes FullAdder 
[10:58:07.15] /j xt::icv::vue::setProbeProperty cyan brick 
[10:58:07.17] /j xt::icv::vue::addProbe FullAdder XI1/XI1/MM0 device 
[10:58:07.21] /j xt::icv::vue::zoomToProbes FullAdder 
[10:58:07.28] /# Navigating to Adder/AND/schematic (I1)
[10:58:07.46] /j xt::icv::vue::setHiliteId {} 
[10:58:07.48] /j xt::icv::vue::setHighlightProperty yellow brick 
[10:58:07.50] /j xt::icv::vue::HighlightFromFile LAB5/FullAdder/layout /tmp/lkim_vue_xlPLsh/highlight_20210314105807_000008.oas a91d9292007fa46b68d950bfec592b36 
[10:58:07.55] /j xt::icv::vue::drawHighlights LAB5/FullAdder/layout 
[10:58:07.85] /j xt::icv::vue::setHiliteId {} 
[10:58:07.87] /j xt::icv::vue::setHighlightProperty yellow brick 
[10:58:07.89] /j xt::icv::vue::HighlightFromFile LAB5/FullAdder/layout /tmp/lkim_vue_xlPLsh/highlight_20210314105807_000009.oas 1387622cdf121046337ff07b3c8c8df4 
[10:58:07.91] /j xt::icv::vue::drawHighlights LAB5/FullAdder/layout 
[10:58:08.05] /j xt::icv::vue::setViewPort LAB5/FullAdder/layout {-3.725625 -2.066875 24.630625 9.351875} 
[10:58:08.07] /j xt::icv::vue::setProbeProperty yellow brick 
[10:58:08.09] /j xt::icv::vue::addProbe FullAdder gnd! net 
[10:58:08.09] /e Error: [CD-icvVue] couldn't find gnd! giving up
[10:58:08.11] /j xt::icv::vue::zoomToProbes FullAdder 
[10:58:08.35] /j xt::icv::vue::setProbeProperty yellow brick 
[10:58:08.37] /j xt::icv::vue::addProbe FullAdder Bi net 
[10:58:08.39] /j xt::icv::vue::zoomToProbes FullAdder 
[10:58:08.44] /# Navigating to LAB5/FullAdder/schematic
[10:58:08.64] /j xt::icv::vue::setProbeProperty cyan brick 
[10:58:08.66] /j xt::icv::vue::addProbe FullAdder XI1/XI1/MM0 device 
[10:58:08.66] /w Warning: [CD-icvVue] couldn't find I1/I1/M0 trying I1/I1
[10:58:08.67] /e Error: [CD-icvVue] couldn't find I1/I1 giving up
[10:58:08.68] /j xt::icv::vue::zoomToProbes FullAdder 
[10:58:14.41] /j xt::icv::vue::clearAllHighlights LAB5/FullAdder/layout 
[10:58:14.43] /j xt::icv::vue::clearAllProbes FullAdder 
[10:58:14.45] /j xt::icv::vue::setHiliteId {} 
[10:58:14.47] /j xt::icv::vue::setHighlightProperty yellow brick 
[10:58:14.49] /j xt::icv::vue::HighlightFromFile LAB5/FullAdder/layout /tmp/lkim_vue_xlPLsh/highlight_20210314105814_000010.oas a91d9292007fa46b68d950bfec592b36 
[10:58:14.53] /j xt::icv::vue::drawHighlights LAB5/FullAdder/layout 
[10:58:14.73] /j xt::icv::vue::setViewPort LAB5/FullAdder/layout {-3.725625 -2.066875 24.630625 9.351875} 
[10:58:14.75] /j xt::icv::vue::setProbeProperty yellow brick 
[10:58:14.77] /j xt::icv::vue::addProbe FullAdder gnd! net 
[10:58:14.79] /j xt::icv::vue::zoomToProbes FullAdder 
[10:58:15.05] /j xt::icv::vue::setProbeProperty cyan brick 
[10:58:15.07] /j xt::icv::vue::addProbe FullAdder XI1/XI1/MM0 device 
[10:58:15.11] /j xt::icv::vue::zoomToProbes FullAdder 
[10:58:15.19] /# Navigating to Adder/AND/schematic (I1)
[10:58:18.37] /j xt::icv::vue::clearAllHighlights LAB5/FullAdder/layout 
[10:58:18.39] /j xt::icv::vue::clearAllProbes FullAdder 
[10:58:18.41] /j xt::icv::vue::setHiliteId {} 
[10:58:18.43] /j xt::icv::vue::setHighlightProperty yellow brick 
[10:58:18.45] /j xt::icv::vue::HighlightFromFile LAB5/FullAdder/layout /tmp/lkim_vue_xlPLsh/highlight_20210314105818_000011.oas a91d9292007fa46b68d950bfec592b36 
[10:58:18.48] /j xt::icv::vue::drawHighlights LAB5/FullAdder/layout 
[10:58:18.67] /j xt::icv::vue::setViewPort LAB5/FullAdder/layout {-3.725625 -2.066875 24.630625 9.351875} 
[10:58:18.69] /j xt::icv::vue::setProbeProperty yellow brick 
[10:58:18.71] /j xt::icv::vue::addProbe FullAdder gnd! net 
[10:58:18.71] /e Error: [CD-icvVue] couldn't find gnd! giving up
[10:58:18.73] /j xt::icv::vue::zoomToProbes FullAdder 
[10:58:34.80] /j xt::icv::vue::setHiliteId {} 
[10:58:34.82] /j xt::icv::vue::setHighlightProperty yellow brick 
[10:58:34.84] /j xt::icv::vue::HighlightFromFile LAB5/FullAdder/layout /tmp/lkim_vue_xlPLsh/highlight_20210314105834_000012.oas fb11f54930cf350ac91117fb2399d6d7 
[10:58:34.86] /j xt::icv::vue::drawHighlights LAB5/FullAdder/layout 
[10:58:35.02] /j xt::icv::vue::setViewPort LAB5/FullAdder/layout {-2.475625 1.3475 23.380625 4.0725} 
[10:58:35.04] /j xt::icv::vue::setProbeProperty yellow brick 
[10:58:35.06] /j xt::icv::vue::addProbe FullAdder vdd! net 
[10:58:35.06] /e Error: [CD-icvVue] couldn't find vdd! giving up
[10:58:35.08] /j xt::icv::vue::zoomToProbes FullAdder 
[10:58:35.46] /j xt::icv::vue::clearAllHighlights LAB5/FullAdder/layout 
[10:58:35.48] /j xt::icv::vue::clearAllProbes FullAdder 
[10:58:35.50] /j xt::icv::vue::setHiliteId {} 
[10:58:35.52] /j xt::icv::vue::setHighlightProperty yellow brick 
[10:58:35.54] /j xt::icv::vue::HighlightFromFile LAB5/FullAdder/layout /tmp/lkim_vue_xlPLsh/highlight_20210314105835_000013.oas fb11f54930cf350ac91117fb2399d6d7 
[10:58:35.56] /j xt::icv::vue::drawHighlights LAB5/FullAdder/layout 
[10:58:35.76] /j xt::icv::vue::setViewPort LAB5/FullAdder/layout {-2.475625 1.3475 23.380625 4.0725} 
[10:58:35.78] /j xt::icv::vue::setProbeProperty yellow brick 
[10:58:35.80] /j xt::icv::vue::addProbe FullAdder vdd! net 
[10:58:35.80] /e Error: [CD-icvVue] couldn't find vdd! giving up
[10:58:35.82] /j xt::icv::vue::zoomToProbes FullAdder 
[10:58:39.25] /# gi::executeAction {deCanvasZoomInAtPoint} -in [gi::getWindows 3]
[10:58:39.25] /i de::zoom -window [gi::getWindows 3] -factor 2.0 -center {10.741 2.866}
[10:58:43.51] /j xt::icv::vue::clearAllHighlights LAB5/FullAdder/layout 
[10:58:43.53] /j xt::icv::vue::clearAllProbes FullAdder 
[10:58:55.73] /# gi::executeAction {leStartStretchDrag} -in [gi::getWindows 3]
[10:58:55.73] /i layout_editor::directStretch [de::getActiveFigure [gi::getWindows 3] -point {7.424 3.821} -index 0 -intent none] 3
[10:58:55.73] /i db::setPrefValue deSelectMode -value Replace -scope [db::getScopes [db::getNext [de::getContexts -window 3]]]; ide::selectByRegion -region rectangle -point {7.425 3.82} 
[10:58:56.54] /# gi::executeAction {deEndDrag} -in [gi::getWindows 3]
[10:58:56.54] /i de::endDrag {7.079 3.565} -context [db::getNext [de::getContexts -window 3]]
[10:59:01.42] /w Warning: Nothing is bound to the 'BackSpace' in the current active set. (WINDOW-015)
[10:59:03.09] /# gi::executeAction {leDelete} -in [gi::getWindows 3]
[10:59:03.10] /i le::delete [de::getSelected -design [ed]] -partialObject ignore
[10:59:04.40] /# gi::executeAction {deSelectByWindow} -in [gi::getWindows 3]
[10:59:04.41] /i db::setPrefValue deSelectMode -value Replace -scope [db::getScopes [db::getNext [de::getContexts -window 3]]]; ide::selectByRegion -region rectangle -point {7.505 0.465} 
[10:59:05.85] /# gi::executeAction {deEndDrag} -in [gi::getWindows 3]
[10:59:05.85] /i de::endDrag {7.095 -0.056} -context [db::getNext [de::getContexts -window 3]]
[10:59:06.88] /# gi::executeAction {leDelete} -in [gi::getWindows 3]
[10:59:06.88] /i le::delete [de::getSelected -design [ed]] -partialObject ignore
[10:59:11.73] /i gi::executeAction {deSaveDesign} -in [gi::getWindows 3]
[10:59:11.73] /m Information: Saving design 'LAB5 FullAdder layout'. (DESIGN_WINDOW-004)
[10:59:14.42] /# gi::executeAction {xtLVSRun} -in [gi::getWindows 3]
[10:59:14.42] /i xt::physicalVerification::executeRun lvs 3
[10:59:14.65] /i xt::physicalVerification::executePve lvs 3 xtLVSExecutePve
[10:59:14.75] /m Information: "Starting netlisting for design "LAB5/FullAdder/schematic"..." (NETLISTING-010)
[10:59:14.79] /o No Design Integrity rule violations found in "LAB5/FullAdder/schematic"
[10:59:15.24] /m Information: "Netlisting design "LAB5/FullAdder/schematic" finished successfully." (NETLISTING-012)
[10:59:21.25] /i gi::setActiveTab {tabs} -tabName {stdout.lvs.log} -in [gi::getWindows 6]
[10:59:21.25] /i gi::setActiveTab {tabs} -tabName {stdout.lvs.log} -in [gi::getWindows 6]
[10:59:21.25] /i gi::setActiveTab {tabs} -tabName {stdout.lvs.log} -in [gi::getWindows 6]
[10:59:21.25] /i gi::setActiveTab {tabs} -tabName {stdout.lvs.log} -in [gi::getWindows 6]
[10:59:21.25] /i gi::setActiveTab {tabs} -tabName {stdout.lvs.log} -in [gi::getWindows 6]
[10:59:21.25] /i gi::setActiveTab {tabs} -tabName {stdout.lvs.log} -in [gi::getWindows 6]
[10:59:21.25] /i gi::setActiveTab {tabs} -tabName {stdout.lvs.log} -in [gi::getWindows 6]
[10:59:21.25] /i gi::setActiveTab {tabs} -tabName {stdout.lvs.log} -in [gi::getWindows 6]
[10:59:21.25] /i gi::setActiveTab {tabs} -tabName {stdout.lvs.log} -in [gi::getWindows 6]
[10:59:21.25] /i gi::setActiveTab {tabs} -tabName {stdout.lvs.log} -in [gi::getWindows 6]
[10:59:21.25] /i gi::setActiveTab {tabs} -tabName {stdout.lvs.log} -in [gi::getWindows 6]
[10:59:21.25] /i gi::setActiveTab {tabs} -tabName {stdout.lvs.log} -in [gi::getWindows 6]
[10:59:21.33] /e Error: The job 'icv_lvs_13' started on host 'localhost' with process id 14093 failed to start or complete successfully; the job's return code is 33.
[10:59:24.77] /j xt::icv::vue::clearAllHighlights LAB5/FullAdder/layout 
[10:59:24.78] /j xt::icv::vue::clearAllProbes FullAdder 
[10:59:24.80] /j xt::icv::vue::clearAllHighlights LAB5/FullAdder/layout 
[10:59:24.82] /j xt::icv::vue::clearAllProbes FullAdder 
[10:59:24.84] /j xt::icv::vue::openLCVInstance LAB5/FullAdder/layout LAB5/FullAdder/layout 
[10:59:24.86] /j xt::icv::vue::openModule FullAdder 
[10:59:24.88] /j xt::icv::vue::clearAllHighlights LAB5/FullAdder/layout 
[10:59:24.90] /j xt::icv::vue::clearAllProbes FullAdder 
[10:59:25.54] /m Information: Connection closed with 'IC Validator VUE' running on 'linux11111.dc.engr.scu.edu'.
[10:59:26.87] /i gi::setActiveWindow 3
[10:59:26.87] /i gi::setActiveWindow 3 -raise true
[10:59:29.66] /# gi::executeAction {xtLVSRun} -in [gi::getWindows 3]
[10:59:29.66] /i xt::physicalVerification::executeRun lvs 3
[10:59:29.90] /i xt::physicalVerification::executePve lvs 3 xtLVSExecutePve
[10:59:29.98] /m Information: "Starting netlisting for design "LAB5/FullAdder/schematic"..." (NETLISTING-010)
[10:59:30.01] /o No Design Integrity rule violations found in "LAB5/FullAdder/schematic"
[10:59:30.42] /m Information: "Netlisting design "LAB5/FullAdder/schematic" finished successfully." (NETLISTING-012)
[10:59:50.56] /m Information: 
              /c =============================
              /c JobID: icv_lvs_14
              /c --- ERROR SUMMARY -----------
              /c Compare Error Summary
              /c Refer to FullAdder.LVS_ERRORS.
              /c LVS Compare Result: FAIL
              /c TOP equivalence point:
              /c 		[FullAdder, FullAdder]
              /c     0 Successful equivalence points
              /c   * 1 Failed equivalence points
              /c         1 First priority errors
              /c         0 Second priority errors
              /c =============================
              /c 
[10:59:51.57] /j ::xt::icv::vue::_private::registerConnection linux11111.dc.engr.scu.edu:52789 tcp9 icvVue_5 
[10:59:51.61] /j ::xt::icv::vue::_private::isJobReady 
[10:59:51.61] /o false
[10:59:52.61] /j ::xt::icv::vue::_private::isJobReady 
[10:59:52.61] /o false
[10:59:53.61] /m Information: Connection established with 'IC Validator VUE' running on 'linux11111.dc.engr.scu.edu'.
[10:59:53.61] /j ::xt::icv::vue::_private::isJobReady 
[10:59:53.61] /o true
[10:59:53.63] /j xt::icv::vue::startFilter LAY 
[10:59:53.65] /j xt::icv::vue::setWorkingDir /DCNFS/users/student/lkim/Desktop/ELEN153L/synopsys_custom/pvjob_LAB5.FullAdder.icv.lvs 
[10:59:53.67] /j xt::icv::vue::startFilter SCH 
[10:59:53.69] /j xt::icv::vue::setWorkingDir /DCNFS/users/student/lkim/Desktop/ELEN153L/synopsys_custom/pvjob_LAB5.FullAdder.icv.lvs 
[10:59:54.35] /j xt::icv::vue::setWorkingDir /DCNFS/users/student/lkim/Desktop/ELEN153L/synopsys_custom/pvjob_LAB5.FullAdder.icv.lvs 
[10:59:54.37] /j xt::icv::vue::setTopLayLCV LAB5/FullAdder/layout 
[10:59:54.39] /j xt::icv::vue::setWorkingDir /DCNFS/users/student/lkim/Desktop/ELEN153L/synopsys_custom/pvjob_LAB5.FullAdder.icv.lvs 
[10:59:54.41] /j xt::icv::vue::openLCV LAB5/FullAdder/layout 
[10:59:54.43] /j xt::icv::vue::openModule FullAdder 
[10:59:54.62] /j xt::icv::vue::clearAllHighlights LAB5/FullAdder/layout 
[10:59:54.64] /j xt::icv::vue::clearAllProbes FullAdder 
[11:00:18.52] /j xt::icv::vue::clearAllHighlights LAB5/FullAdder/layout 
[11:00:18.54] /j xt::icv::vue::clearAllProbes FullAdder 
[11:00:18.56] /j xt::icv::vue::clearAllHighlights LAB5/FullAdder/layout 
[11:00:18.58] /j xt::icv::vue::clearAllProbes FullAdder 
[11:00:18.60] /j xt::icv::vue::openLCVInstance LAB5/FullAdder/layout LAB5/FullAdder/layout 
[11:00:18.62] /j xt::icv::vue::openModule FullAdder 
[11:00:18.64] /j xt::icv::vue::clearAllHighlights LAB5/FullAdder/layout 
[11:00:18.66] /j xt::icv::vue::clearAllProbes FullAdder 
[11:00:25.14] /j xt::icv::vue::setProbeProperty yellow brick 
[11:00:25.16] /j xt::icv::vue::addProbe FullAdder vdd! net 
[11:00:25.18] /j xt::icv::vue::zoomToProbes FullAdder 
[11:00:25.25] /# Navigating to LAB5/FullAdder/schematic
[11:00:26.46] /# gi::executeAction {deCanvasZoomOutAtPoint} -in [gi::getWindows 7]
[11:00:26.46] /i de::zoom -window [gi::getWindows 7] -factor 0.5 -center {2.69375 2.80625}
[11:00:26.51] /# gi::executeAction {deCanvasZoomOutAtPoint} -in [gi::getWindows 7]
[11:00:26.51] /i de::zoom -window [gi::getWindows 7] -factor 0.5 -center {2.68125 2.8125}
[11:00:29.69] /i gi::setActiveWindow 6
[11:00:29.69] /i gi::setActiveWindow 6 -raise true
[11:00:30.89] /i gi::setActiveWindow 7
[11:00:30.89] /i gi::setActiveWindow 7 -raise true
[11:00:44.81] /j xt::icv::vue::setHiliteId {} 
[11:00:44.83] /j xt::icv::vue::setHighlightProperty yellow brick 
[11:00:44.85] /j xt::icv::vue::setProbeProperty yellow brick 
[11:00:44.87] /j xt::icv::vue::HighlightFromFile LAB5/FullAdder/layout /tmp/lkim_vue_gOPi5o/highlight_20210314110044_000000.oas 1387622cdf121046337ff07b3c8c8df4 
[11:00:44.91] /j xt::icv::vue::addProbe FullAdder Bi net 
[11:00:44.91] /e Error: [CD-icvVue] couldn't find Bi giving up
[11:00:44.93] /j xt::icv::vue::drawHighlights LAB5/FullAdder/layout 
[11:00:44.95] /j xt::icv::vue::zoomToProbes FullAdder 
[11:00:44.97] /j xt::icv::vue::setViewPort LAB5/FullAdder/layout {0.145 -0.43625 7.645 6.57625} 
[11:00:57.20] /i gi::setActiveWindow 7
[11:00:57.20] /i gi::setActiveWindow 7 -raise true
[11:00:58.49] /i gi::setActiveWindow 3
[11:00:58.49] /i gi::setActiveWindow 3 -raise true
[11:01:01.98] /j xt::icv::vue::clearAllProbes FullAdder 
[11:01:02.00] /j xt::icv::vue::clearAllHighlights LAB5/FullAdder/layout 
[11:01:02.02] /j xt::icv::vue::clearAllProbes FullAdder 
[11:01:02.04] /j xt::icv::vue::clearAllHighlights LAB5/FullAdder/layout 
[11:01:02.06] /j xt::icv::vue::openModule FullAdder 
[11:01:02.08] /j xt::icv::vue::openLCVInstance LAB5/FullAdder/layout LAB5/FullAdder/layout 
[11:01:02.10] /j xt::icv::vue::clearAllHighlights LAB5/FullAdder/layout 
[11:01:02.12] /j xt::icv::vue::clearAllProbes FullAdder 
[11:01:02.64] /m Information: Connection closed with 'IC Validator VUE' running on 'linux11111.dc.engr.scu.edu'.
[11:01:02.81] /# gi::executeAction {deUndo} -in [gi::getWindows 3]
[11:01:02.81] /i de::undoTransaction -design [db::getAttr editDesign -of [db::getNext [de::getContexts -window 3]]]
[11:01:03.15] /# gi::executeAction {deUndo} -in [gi::getWindows 3]
[11:01:03.15] /i de::undoTransaction -design [db::getAttr editDesign -of [db::getNext [de::getContexts -window 3]]]
[11:01:03.31] /# gi::executeAction {deUndo} -in [gi::getWindows 3]
[11:01:03.31] /i de::undoTransaction -design [db::getAttr editDesign -of [db::getNext [de::getContexts -window 3]]]
[11:01:03.46] /# gi::executeAction {deUndo} -in [gi::getWindows 3]
[11:01:03.46] /i de::undoTransaction -design [db::getAttr editDesign -of [db::getNext [de::getContexts -window 3]]]
[11:01:03.67] /e Error: Cannot execute 'u' binding because target action deUndo is disabled. (WINDOW-118)
[11:01:04.15] /e Error: Cannot execute 'u' binding because target action deUndo is disabled. (WINDOW-118)
[11:01:04.60] /e Error: Cannot execute 'u' binding because target action deUndo is disabled. (WINDOW-118)
[11:01:05.56] /e Error: Cannot execute 'u' binding because target action deUndo is disabled. (WINDOW-118)
[11:01:05.74] /e Error: Cannot execute 'u' binding because target action deUndo is disabled. (WINDOW-118)
[11:01:05.89] /e Error: Cannot execute 'u' binding because target action deUndo is disabled. (WINDOW-118)
[11:01:08.95] /i de::redoTransaction -design [db::getAttr editDesign -of [de::getContexts -window 3]] -steps 1
[11:01:10.31] /i de::redoTransaction -design [db::getAttr editDesign -of [de::getContexts -window 3]] -steps 1
[11:01:11.29] /i de::redoTransaction -design [db::getAttr editDesign -of [de::getContexts -window 3]] -steps 1
[11:01:12.01] /i de::redoTransaction -design [db::getAttr editDesign -of [de::getContexts -window 3]] -steps 1
[11:01:15.08] /i de::undoTransaction -design [db::getAttr editDesign -of [de::getContexts -window 3]] -steps 1
[11:01:15.75] /i de::undoTransaction -design [db::getAttr editDesign -of [de::getContexts -window 3]] -steps 1
[11:01:16.39] /i de::undoTransaction -design [db::getAttr editDesign -of [de::getContexts -window 3]] -steps 1
[11:01:19.53] /i de::redoTransaction -design [db::getAttr editDesign -of [de::getContexts -window 3]] -steps 1
[11:01:21.95] /# gi::executeAction {deCanvasZoomOutAtPoint} -in [gi::getWindows 3]
[11:01:21.95] /i de::zoom -window [gi::getWindows 3] -factor 0.5 -center {3.777 3.442}
[11:01:23.46] /i de::redoTransaction -design [db::getAttr editDesign -of [de::getContexts -window 3]] -steps 1
[11:01:23.66] /i de::redoTransaction -design [db::getAttr editDesign -of [de::getContexts -window 3]] -steps 1
[11:01:26.85] /# gi::executeAction {deCanvasZoomInAtPoint} -in [gi::getWindows 3]
[11:01:26.85] /i de::zoom -window [gi::getWindows 3] -factor 2.0 -center {7.354 2.218}
[11:01:29.66] /i de::undoTransaction -design [db::getAttr editDesign -of [de::getContexts -window 3]] -steps 1
[11:01:30.46] /i de::undoTransaction -design [db::getAttr editDesign -of [de::getContexts -window 3]] -steps 1
[11:05:25.01] /# gi::executeAction {deCanvasZoomOutAtPoint} -in [gi::getWindows 3]
[11:05:25.01] /i de::zoom -window [gi::getWindows 3] -factor 0.5 -center {10.479 3.065}
[11:07:57.26] /# gi::executeAction {deCanvasZoomOutAtPoint} -in [gi::getWindows 3]
[11:07:57.26] /i de::zoom -window [gi::getWindows 3] -factor 0.5 -center {14.376 7.621}
[11:07:57.90] /# gi::executeAction {deCanvasZoomOutAtPoint} -in [gi::getWindows 3]
[11:07:57.90] /i de::zoom -window [gi::getWindows 3] -factor 0.5 -center {-9.569 1.559}
[11:07:58.47] /# gi::executeAction {deCanvasZoomInAtPoint} -in [gi::getWindows 3]
[11:07:58.47] /i de::zoom -window [gi::getWindows 3] -factor 2.0 -center {12.116 3.516}
[11:07:58.55] /# gi::executeAction {deCanvasZoomInAtPoint} -in [gi::getWindows 3]
[11:07:58.55] /i de::zoom -window [gi::getWindows 3] -factor 2.0 -center {12.116 3.516}
[11:10:12.35] /i gi::setActiveWindow 6
[11:10:12.35] /i gi::setActiveWindow 6 -raise true
[11:10:13.22] /i gi::setActiveWindow 7
[11:10:13.22] /i gi::setActiveWindow 7 -raise true
[11:10:15.18] /# gi::executeAction {deFitEdit} -in [gi::getWindows 7]
[11:10:15.18] /i de::fit -window 7 -fitEdit true
[11:10:18.40] /i gi::setActiveWindow 3
[11:10:18.40] /i gi::setActiveWindow 3 -raise true
[11:10:21.29] /# gi::executeAction {xtLVSRun} -in [gi::getWindows 3]
[11:10:21.29] /i xt::physicalVerification::executeRun lvs 3
[11:10:21.54] /i xt::physicalVerification::executePve lvs 3 xtLVSExecutePve
[11:10:21.63] /m Information: "Starting netlisting for design "LAB5/FullAdder/schematic"..." (NETLISTING-010)
[11:10:21.68] /o No Design Integrity rule violations found in "LAB5/FullAdder/schematic"
[11:10:22.17] /m Information: "Netlisting design "LAB5/FullAdder/schematic" finished successfully." (NETLISTING-012)
[11:10:42.65] /m Information: 
              /c =============================
              /c JobID: icv_lvs_15
              /c --- ERROR SUMMARY -----------
              /c Compare Error Summary
              /c Refer to FullAdder.LVS_ERRORS.
              /c LVS Compare Result: FAIL
              /c TOP equivalence point:
              /c 		[FullAdder, FullAdder]
              /c     0 Successful equivalence points
              /c   * 1 Failed equivalence points
              /c         1 First priority errors
              /c         0 Second priority errors
              /c =============================
              /c 
[11:10:43.58] /j ::xt::icv::vue::_private::registerConnection linux11111.dc.engr.scu.edu:34957 tcp11 icvVue_6 
[11:10:43.62] /j ::xt::icv::vue::_private::isJobReady 
[11:10:43.62] /o false
[11:10:44.62] /j ::xt::icv::vue::_private::isJobReady 
[11:10:44.63] /o false
[11:10:45.63] /m Information: Connection established with 'IC Validator VUE' running on 'linux11111.dc.engr.scu.edu'.
[11:10:45.63] /j ::xt::icv::vue::_private::isJobReady 
[11:10:45.63] /o true
[11:10:45.65] /j xt::icv::vue::startFilter LAY 
[11:10:45.67] /j xt::icv::vue::setWorkingDir /DCNFS/users/student/lkim/Desktop/ELEN153L/synopsys_custom/pvjob_LAB5.FullAdder.icv.lvs 
[11:10:45.69] /j xt::icv::vue::startFilter SCH 
[11:10:45.71] /j xt::icv::vue::setWorkingDir /DCNFS/users/student/lkim/Desktop/ELEN153L/synopsys_custom/pvjob_LAB5.FullAdder.icv.lvs 
[11:10:46.39] /j xt::icv::vue::setWorkingDir /DCNFS/users/student/lkim/Desktop/ELEN153L/synopsys_custom/pvjob_LAB5.FullAdder.icv.lvs 
[11:10:46.41] /j xt::icv::vue::setTopLayLCV LAB5/FullAdder/layout 
[11:10:46.43] /j xt::icv::vue::openLCV LAB5/FullAdder/layout 
[11:10:46.45] /j xt::icv::vue::setWorkingDir /DCNFS/users/student/lkim/Desktop/ELEN153L/synopsys_custom/pvjob_LAB5.FullAdder.icv.lvs 
[11:10:46.47] /j xt::icv::vue::openModule FullAdder 
[11:10:46.68] /j xt::icv::vue::clearAllHighlights LAB5/FullAdder/layout 
[11:10:46.70] /j xt::icv::vue::clearAllProbes FullAdder 
[11:11:03.54] /j xt::icv::vue::clearAllHighlights LAB5/FullAdder/layout 
[11:11:03.56] /j xt::icv::vue::clearAllProbes FullAdder 
[11:11:03.58] /j xt::icv::vue::clearAllHighlights LAB5/FullAdder/layout 
[11:11:03.60] /j xt::icv::vue::clearAllProbes FullAdder 
[11:11:03.62] /j xt::icv::vue::openLCVInstance LAB5/FullAdder/layout LAB5/FullAdder/layout 
[11:11:03.64] /j xt::icv::vue::openModule FullAdder 
[11:11:03.66] /j xt::icv::vue::clearAllHighlights LAB5/FullAdder/layout 
[11:11:03.68] /j xt::icv::vue::clearAllProbes FullAdder 
[11:11:14.52] /i db::setAttr iconified -of [gi::getFrames 1] -value true
[11:11:15.37] /i db::setAttr maximized -of [gi::getFrames 1] -value true
[11:11:15.37] /i db::setAttr iconified -of [gi::getFrames 1] -value false
[11:11:16.46] /i gi::setActiveWindow 3
[11:11:16.46] /i gi::setActiveWindow 3 -raise true
[11:11:17.67] /# gi::executeAction {deCanvasZoomInAtPoint} -in [gi::getWindows 3]
[11:11:17.67] /i de::zoom -window [gi::getWindows 3] -factor 2.0 -center {6.902 3.817}
[11:11:17.72] /# gi::executeAction {deCanvasZoomInAtPoint} -in [gi::getWindows 3]
[11:11:17.72] /i de::zoom -window [gi::getWindows 3] -factor 2.0 -center {7.005 3.798}
[11:11:17.88] /# gi::executeAction {deCanvasZoomInAtPoint} -in [gi::getWindows 3]
[11:11:17.88] /i de::zoom -window [gi::getWindows 3] -factor 2.0 -center {7.175 3.793}
[11:11:23.15] /i de::redoTransaction -design [db::getAttr editDesign -of [de::getContexts -window 3]] -steps 1
[11:11:23.72] /i de::redoTransaction -design [db::getAttr editDesign -of [de::getContexts -window 3]] -steps 1
[11:11:24.67] /i de::undoTransaction -design [db::getAttr editDesign -of [de::getContexts -window 3]] -steps 1
[11:11:25.19] /i de::undoTransaction -design [db::getAttr editDesign -of [de::getContexts -window 3]] -steps 1
[11:11:25.92] /i de::undoTransaction -design [db::getAttr editDesign -of [de::getContexts -window 3]] -steps 1
[11:11:27.74] /i de::redoTransaction -design [db::getAttr editDesign -of [de::getContexts -window 3]] -steps 1
[11:11:28.77] /i de::undoTransaction -design [db::getAttr editDesign -of [de::getContexts -window 3]] -steps 1
[11:11:29.98] /i de::undoTransaction -design [db::getAttr editDesign -of [de::getContexts -window 3]] -steps 1
[11:11:35.85] /i gi::executeAction {deSaveDesign} -in [gi::getWindows 3]
[11:11:35.86] /m Information: Saving design 'LAB5 FullAdder layout'. (DESIGN_WINDOW-004)
[11:11:41.31] /# gi::executeAction {deCanvasZoomOutAtPoint} -in [gi::getWindows 3]
[11:11:41.31] /i de::zoom -window [gi::getWindows 3] -factor 0.5 -center {5.667 4.196}
[11:11:41.34] /# gi::executeAction {deCanvasZoomOutAtPoint} -in [gi::getWindows 3]
[11:11:41.34] /i de::zoom -window [gi::getWindows 3] -factor 0.5 -center {10.057 2.647}
[11:11:41.39] /# gi::executeAction {deCanvasZoomOutAtPoint} -in [gi::getWindows 3]
[11:11:41.39] /i de::zoom -window [gi::getWindows 3] -factor 0.5 -center {10.057 2.647}
[11:11:42.72] /# gi::executeAction {deCanvasZoomOutAtPoint} -in [gi::getWindows 3]
[11:11:42.72] /i de::zoom -window [gi::getWindows 3] -factor 0.5 -center {10.113 3.418}
[11:11:42.81] /# gi::executeAction {deCanvasZoomOutAtPoint} -in [gi::getWindows 3]
[11:11:42.81] /i de::zoom -window [gi::getWindows 3] -factor 0.5 -center {10.112 3.419}
[11:11:43.26] /# gi::executeAction {deCanvasZoomInAtPoint} -in [gi::getWindows 3]
[11:11:43.26] /i de::zoom -window [gi::getWindows 3] -factor 2.0 -center {9.209 3.494}
[11:11:43.54] /# gi::executeAction {deCanvasZoomInAtPoint} -in [gi::getWindows 3]
[11:11:43.54] /i de::zoom -window [gi::getWindows 3] -factor 2.0 -center {9.209 3.494}
[11:11:44.35] /# gi::executeAction {deCanvasZoomOutAtPoint} -in [gi::getWindows 3]
[11:11:44.36] /i de::zoom -window [gi::getWindows 3] -factor 0.5 -center {-4.759 1.687}
[11:11:45.53] /# gi::executeAction {deCanvasZoomInAtPoint} -in [gi::getWindows 3]
[11:11:45.53] /i de::zoom -window [gi::getWindows 3] -factor 2.0 -center {9.247 2.703}
[11:11:48.39] /i de::redoTransaction -design [db::getAttr editDesign -of [de::getContexts -window 3]] -steps 1
[11:11:50.03] /i de::undoTransaction -design [db::getAttr editDesign -of [de::getContexts -window 3]] -steps 1
[11:11:59.69] /i gi::executeAction {deSaveDesign} -in [gi::getWindows 3]
[11:11:59.70] /m Information: Saving design 'LAB5 FullAdder layout'. (DESIGN_WINDOW-004)
[11:12:02.43] /i gi::executeAction giCloseWindow -in [gi::getWindows 6]
[11:12:03.08] /i gi::executeAction giCloseWindow -in [gi::getWindows 7]
[11:12:05.01] /# gi::executeAction {xtLVSRun} -in [gi::getWindows 3]
[11:12:05.01] /i xt::physicalVerification::executeRun lvs 3
[11:12:05.24] /i xt::physicalVerification::executePve lvs 3 xtLVSExecutePve
[11:12:05.33] /m Information: "Starting netlisting for design "LAB5/FullAdder/schematic"..." (NETLISTING-010)
[11:12:05.40] /o No Design Integrity rule violations found in "LAB5/FullAdder/schematic"
[11:12:05.84] /m Information: "Netlisting design "LAB5/FullAdder/schematic" finished successfully." (NETLISTING-012)
[11:12:06.54] /r giWindowId 9
[11:12:06.55] /r giWindowGeometry 800x600
[11:12:11.75] /i gi::setActiveTab {tabs} -tabName {stdout.lvs.log} -in [gi::getWindows 9]
[11:12:11.75] /i gi::setActiveTab {tabs} -tabName {stdout.lvs.log} -in [gi::getWindows 9]
[11:12:11.75] /i gi::setActiveTab {tabs} -tabName {stdout.lvs.log} -in [gi::getWindows 9]
[11:12:11.75] /i gi::setActiveTab {tabs} -tabName {stdout.lvs.log} -in [gi::getWindows 9]
[11:12:11.75] /i gi::setActiveTab {tabs} -tabName {stdout.lvs.log} -in [gi::getWindows 9]
[11:12:11.75] /i gi::setActiveTab {tabs} -tabName {stdout.lvs.log} -in [gi::getWindows 9]
[11:12:11.75] /i gi::setActiveTab {tabs} -tabName {stdout.lvs.log} -in [gi::getWindows 9]
[11:12:11.75] /i gi::setActiveTab {tabs} -tabName {stdout.lvs.log} -in [gi::getWindows 9]
[11:12:11.75] /i gi::setActiveTab {tabs} -tabName {stdout.lvs.log} -in [gi::getWindows 9]
[11:12:11.75] /i gi::setActiveTab {tabs} -tabName {stdout.lvs.log} -in [gi::getWindows 9]
[11:12:11.75] /i gi::setActiveTab {tabs} -tabName {stdout.lvs.log} -in [gi::getWindows 9]
[11:12:11.75] /i gi::setActiveTab {tabs} -tabName {stdout.lvs.log} -in [gi::getWindows 9]
[11:12:11.82] /e Error: The job 'icv_lvs_16' started on host 'localhost' with process id 17926 failed to start or complete successfully; the job's return code is 33.
[11:12:17.68] /r giDialog gi::setActiveDialog [gi::getDialogs {giCloseFrame}]
[11:12:17.94] /r giDialog db::setAttr geometry -of [gi::getDialogs {giCloseFrame}] -value 299x108+801+415
[11:12:18.68] /r giDialog gi::pressButton {giCloseTabsButton} -in [gi::getDialogs {giCloseFrame}]
[11:12:18.71] /i exit
[11:12:18.77] /r giDialog gi::setActiveDialog [gi::getDialogs {deExitDialog} -parent [gi::getWindows 9]]
[11:12:19.04] /r giDialog db::setAttr geometry -of [gi::getDialogs {deExitDialog} -parent [gi::getWindows 9]] -value 419x207+741+366
[11:12:20.19] /r giDialog gi::pressButton {ok} -in [gi::getDialogs {deExitDialog} -parent [gi::getWindows 9]]
[11:12:21.10] /o Shutdown time: Sun Mar 14 11:12:21 2021
[11:12:21.10] /o Elapsed session real time: 46.91 minutes
[11:12:21.10] /o Session terminated. Log is at /DCNFS/users/student/lkim/Desktop/ELEN153L/synopsys_custom/logs/ccompiler.lkim.2021_3_14_102523_5635.log
