[20:35:24.22] /r giWindowId 0
[20:35:24.23] /r giWindowGeometry 600x300
[20:35:24.24] /o 
              /c                                 Custom Compiler 
              /c 
              /c               Version P-2019.06-SP1-7 for linux64 - Feb 13, 2020 
              /c 
              /c                     Copyright (c) 2004 - 2020 Synopsys, Inc.
              /c    This software and the associated documentation are proprietary to Synopsys,
              /c  Inc. This software may only be used in accordance with the terms and conditions
              /c  of a written license agreement with Synopsys, Inc. All other use, reproduction,
              /c             or distribution of this software is strictly prohibited.
              /c 
              /c Build  (OPT) Config 5329942 compiled on Thu Feb 13 14:05:50 2020 for RHEL64 6.6
              /c Invocation: /DCNFS/applications/synopsys/2019/app/customcompiler/P-2019.06-SP1-7/linux64/platform/bin/custom_compiler
              /c Execution time: Sun Jan 24 20:35:20 2021
              /c Host: linux11104
              /c Working directory: /DCNFS/users/student/lkim/Desktop/ELEN153L
              /c 
[20:35:30.28] /r giShowFrameTabs true
[20:35:30.28] /r giWindowId 1
[20:35:30.28] /r giWindowGeometry 1040x800
[20:35:31.32] /# gi::pressButton {/scroll/scrollArea/scrollAreaInnerWidget/applications/dmLibraryManager} -in [gi::getWindows 1]
[20:35:31.33] /# 
[20:35:31.45] /# gi::pressButton {/scroll/scrollArea/scrollAreaInnerWidget/applications/dmLibraryManager} -in [gi::getWindows 1]
[20:35:31.45] /# 
[20:35:31.63] /i dm::showLibraryManager
[20:35:31.63] /r giWindowId 2
[20:35:31.63] /r giWindowGeometry 660x600+50+76
[20:35:31.65] /o oa:0x21f78d40
[20:36:12.36] /i gi::setCurrentIndex {libs} -index {SAED_PDK_90} -in [gi::getWindows 2]
[20:36:14.95] /i gi::executeAction {menuPreShow} -in [gi::getWindows 2]
[20:36:14.95] /r giMenuAccess db::getNext [gi::getMenus dmEditMenu -from [gi::getWindows 2]]
[20:36:16.86] /i gi::executeAction {dmRefreshLibs} -in [gi::getWindows 2]
[20:36:16.86] /# dm::refreshLibs; dm::refreshLibraryManager
[20:36:18.55] /i gi::setCurrentIndex {libs} -index {LAB2} -in [gi::getWindows 2]
[20:36:18.57] /i gi::setItemSelection {libs} -index {LAB2} -in [gi::getWindows 2]
[20:36:20.57] /i exit
[20:36:20.60] /r giDialog gi::setActiveDialog [gi::getDialogs {deExitDialog} -parent [gi::getWindows 2]]
[20:36:20.87] /r giDialog db::setAttr geometry -of [gi::getDialogs {deExitDialog} -parent [gi::getWindows 2]] -value 419x207+740+341
[20:36:25.77] /r giDialog gi::pressButton {ok} -in [gi::getDialogs {deExitDialog} -parent [gi::getWindows 2]]
[20:36:26.47] /o Shutdown time: Sun Jan 24 20:36:26 2021
[20:36:26.47] /o Elapsed session real time: 1.05 minutes
[20:36:26.47] /o Session terminated. Log is at /DCNFS/users/student/lkim/Desktop/ELEN153L/synopsys_custom/logs/ccompiler.lkim.2021_1_24_203520_29119.log
