[12:14:27.32] /r giWindowId 0
[12:14:27.32] /r giWindowGeometry 600x300
[12:14:27.34] /o 
              /c                                 Custom Compiler 
              /c 
              /c               Version P-2019.06-SP1-7 for linux64 - Feb 13, 2020 
              /c 
              /c                     Copyright (c) 2004 - 2020 Synopsys, Inc.
              /c    This software and the associated documentation are proprietary to Synopsys,
              /c  Inc. This software may only be used in accordance with the terms and conditions
              /c  of a written license agreement with Synopsys, Inc. All other use, reproduction,
              /c             or distribution of this software is strictly prohibited.
              /c 
              /c Build  (OPT) Config 5329942 compiled on Thu Feb 13 14:05:50 2020 for RHEL64 6.6
              /c Invocation: /DCNFS/applications/synopsys/2019/app/customcompiler/P-2019.06-SP1-7/linux64/platform/bin/custom_compiler
              /c Execution time: Thu Jan 28 12:14:22 2021
              /c Host: linux11106
              /c Working directory: /DCNFS/users/student/lkim/Desktop/ELEN153L
              /c 
[12:14:34.30] /r giShowFrameTabs true
[12:14:34.30] /r giWindowId 1
[12:14:34.30] /r giWindowGeometry 1040x800
[12:14:36.52] /# gi::pressButton {/scroll/scrollArea/scrollAreaInnerWidget/applications/dmLibraryManager} -in [gi::getWindows 1]
[12:14:36.53] /# 
[12:14:36.69] /# gi::pressButton {/scroll/scrollArea/scrollAreaInnerWidget/applications/dmLibraryManager} -in [gi::getWindows 1]
[12:14:36.69] /# 
[12:14:36.83] /i dm::showLibraryManager
[12:14:36.83] /r giWindowId 2
[12:14:36.84] /r giWindowGeometry 660x600+50+76
[12:14:36.88] /o oa:0x1be7cf80
[12:14:47.87] /i exit
[12:14:47.90] /r giDialog gi::setActiveDialog [gi::getDialogs {deExitDialog} -parent [gi::getWindows 2]]
[12:14:48.17] /r giDialog db::setAttr geometry -of [gi::getDialogs {deExitDialog} -parent [gi::getWindows 2]] -value 419x207+740+341
[12:14:49.01] /r giDialog gi::pressButton {ok} -in [gi::getDialogs {deExitDialog} -parent [gi::getWindows 2]]
[12:14:49.69] /o Shutdown time: Thu Jan 28 12:14:49 2021
[12:14:49.69] /o Elapsed session real time: 0.38 minutes
[12:14:49.69] /o Session terminated. Log is at /DCNFS/users/student/lkim/Desktop/ELEN153L/synopsys_custom/logs/ccompiler.lkim.2021_1_28_121422_20602.log
