[17:49:57.13] /r giWindowId 0
[17:49:57.13] /r giWindowGeometry 600x300
[17:49:57.14] /o 
              /c                                 Custom Compiler 
              /c 
              /c               Version P-2019.06-SP1-7 for linux64 - Feb 13, 2020 
              /c 
              /c                     Copyright (c) 2004 - 2020 Synopsys, Inc.
              /c    This software and the associated documentation are proprietary to Synopsys,
              /c  Inc. This software may only be used in accordance with the terms and conditions
              /c  of a written license agreement with Synopsys, Inc. All other use, reproduction,
              /c             or distribution of this software is strictly prohibited.
              /c 
              /c Build  (OPT) Config 5329942 compiled on Thu Feb 13 14:05:50 2020 for RHEL64 6.6
              /c Invocation: /DCNFS/applications/synopsys/2019/app/customcompiler/P-2019.06-SP1-7/linux64/platform/bin/custom_compiler
              /c Execution time: Sun Mar 14 17:49:54 2021
              /c Host: linux11114
              /c Working directory: /DCNFS/users/student/lkim/Desktop/ELEN153L
              /c 
[17:50:02.76] /r giShowFrameTabs true
[17:50:02.76] /r giWindowId 1
[17:50:02.76] /r giWindowGeometry 1040x800
[17:50:05.93] /# gi::pressButton {/scroll/scrollArea/scrollAreaInnerWidget/applications/dmLibraryManager} -in [gi::getWindows 1]
[17:50:05.94] /# 
[17:50:06.24] /i dm::showLibraryManager
[17:50:06.24] /r giWindowId 2
[17:50:06.24] /r giWindowGeometry 660x600+50+76
[17:50:06.28] /o oa:0x1cac1770
[17:50:11.48] /i gi::setCurrentIndex {libs} -index {Lab67} -in [gi::getWindows 2]
[17:50:11.50] /i gi::setItemSelection {libs} -index {Lab67} -in [gi::getWindows 2]
[17:51:04.97] /i gi::setCurrentIndex {cells} -index {halfadder} -in [gi::getWindows 2]
[17:51:05.07] /i gi::setItemSelection {cells} -index {halfadder} -in [gi::getWindows 2]
[17:51:07.11] /i gi::setCurrentIndex {cells} -index {fulladder} -in [gi::getWindows 2]
[17:51:07.21] /i gi::setItemSelection {cells} -index {fulladder} -in [gi::getWindows 2]
[17:51:08.42] /i gi::setCurrentIndex {views} -index {layout} -in [gi::getWindows 2]
[17:51:08.44] /i gi::setItemSelection {views} -index {layout} -in [gi::getWindows 2]
[17:51:10.29] /i gi::executeAction {dmOpen} -in [gi::getWindows 2]
[17:51:10.31] /m Information: License 'Basic' checked out. (LICENSE-003)
[17:51:10.39] /o 	############################################
[17:51:10.39] /o 	        Synopsys Generic 90nm iPDK          
[17:51:10.39] /o 	--------------------------------------------
[17:51:10.39] /o 	Release Date .............. : 11-May-2016    
[17:51:10.39] /o 	============================================
[17:51:10.39] /o 	        Recommended Tool Versions           
[17:51:10.39] /o 	--------------------------------------------
[17:51:10.39] /o 	Custom Designer ........... : J-2014.12-2    
[17:51:10.39] /o 	IC Validator .............. : K-2015.12   
[17:51:10.39] /o 	StarRC..................... : K-2015.12  
[17:51:10.39] /o 	--------------------------------------------
[17:51:10.39] /o 	############################################
[17:51:10.39] /o 
[17:51:10.41] /o SAED PDK 90: Loaded callbacks
[17:51:10.43] /o SAED PDK 90: Loaded display resources
[17:51:10.51] /r giWindowId 3
[17:51:10.51] /r giWindowGeometry 1910x909+285+62
[17:51:12.51] /# gi::executeAction {deCanvasZoomInAtPoint} -in [gi::getWindows 3]
[17:51:12.51] /i de::zoom -window [gi::getWindows 3] -factor 2.0 -center {11.093 6.098}
[17:51:12.56] /# gi::executeAction {deCanvasZoomInAtPoint} -in [gi::getWindows 3]
[17:51:12.56] /i de::zoom -window [gi::getWindows 3] -factor 2.0 -center {11.198 6.098}
[17:51:13.16] /# gi::executeAction {deCanvasZoomOutAtPoint} -in [gi::getWindows 3]
[17:51:13.16] /i de::zoom -window [gi::getWindows 3] -factor 0.5 -center {11.318 6.106}
[17:51:14.42] /i db::setAttr maximized -of [gi::getFrames 1] -value true
[17:51:14.74] /i db::setAttr dockSize -of [gi::getAssistants dePropertyEditor -from [gi::getWindows 3]] -value 290x719
[17:51:14.77] /i db::setAttr geometry -of [gi::getFrames 1] -value 1910x933+5+54
[17:51:15.18] /# gi::executeAction {deCanvasZoomOutAtPoint} -in [gi::getWindows 3]
[17:51:15.18] /i de::zoom -window [gi::getWindows 3] -factor 0.5 -center {18.22 7.572}
[17:51:15.26] /# gi::executeAction {deCanvasZoomOutAtPoint} -in [gi::getWindows 3]
[17:51:15.26] /i de::zoom -window [gi::getWindows 3] -factor 0.5 -center {18.01 7.393}
[17:51:15.89] /# gi::executeAction {deCanvasZoomInAtPoint} -in [gi::getWindows 3]
[17:51:15.89] /i de::zoom -window [gi::getWindows 3] -factor 2.0 -center {-0.496 9.19}
[17:51:15.95] /# gi::executeAction {deCanvasZoomInAtPoint} -in [gi::getWindows 3]
[17:51:15.95] /i de::zoom -window [gi::getWindows 3] -factor 2.0 -center {-0.286 9.13}
[17:51:16.57] /# gi::executeAction {deCanvasZoomInAtPoint} -in [gi::getWindows 3]
[17:51:16.57] /i de::zoom -window [gi::getWindows 3] -factor 2.0 -center {2.633 7.438}
[17:51:18.90] /# gi::executeAction {deCanvasZoomOutAtPoint} -in [gi::getWindows 3]
[17:51:18.90] /i de::zoom -window [gi::getWindows 3] -factor 0.5 -center {2.214 5.716}
[17:51:20.29] /# gi::executeAction {deCanvasZoomInAtPoint} -in [gi::getWindows 3]
[17:51:20.29] /i de::zoom -window [gi::getWindows 3] -factor 2.0 -center {8.952 5.477}
[17:51:20.40] /# gi::executeAction {deCanvasZoomInAtPoint} -in [gi::getWindows 3]
[17:51:20.40] /i de::zoom -window [gi::getWindows 3] -factor 2.0 -center {8.952 5.477}
[17:51:20.51] /# gi::executeAction {deCanvasZoomInAtPoint} -in [gi::getWindows 3]
[17:51:20.51] /i de::zoom -window [gi::getWindows 3] -factor 2.0 -center {8.952 5.477}
[17:51:22.51] /# gi::executeAction {deSelectByWindow} -in [gi::getWindows 3]
[17:51:22.51] /i db::setPrefValue deSelectMode -value Replace -scope [db::getScopes [db::getNext [de::getContexts -window 3]]]; ide::selectByRegion -region rectangle -point {8.955 5.795} 
[17:51:23.21] /# gi::executeAction {deEndDrag} -in [gi::getWindows 3]
[17:51:23.21] /i de::endDrag {8.52 5.468} -context [db::getNext [de::getContexts -window 3]]
[17:51:25.38] /# gi::executeAction {leDisplayAllLevels} -in [gi::getWindows 3]
[17:51:25.38] /i db::setPrefValue leStopLevel -value 32 -scope [db::getNext [de::getContexts -window 3]]
[17:51:26.99] /# gi::executeAction {deSelectActive} -in [gi::getWindows 3]
[17:51:26.99] /i de::deselectAll [db::getNext [de::getContexts -window 3]]
[17:51:27.09] /# gi::executeAction {leDisplayAllLevels} -in [gi::getWindows 3]
[17:51:27.09] /i db::setPrefValue leStopLevel -value 32 -scope [db::getNext [de::getContexts -window 3]]
[17:51:28.06] /# gi::executeAction {deCanvasZoomOutAtPoint} -in [gi::getWindows 3]
[17:51:28.06] /i de::zoom -window [gi::getWindows 3] -factor 0.5 -center {8.941 5.718}
[17:51:28.12] /# gi::executeAction {deCanvasZoomOutAtPoint} -in [gi::getWindows 3]
[17:51:28.12] /i de::zoom -window [gi::getWindows 3] -factor 0.5 -center {8.94 5.715}
[17:51:28.19] /# gi::executeAction {deCanvasZoomOutAtPoint} -in [gi::getWindows 3]
[17:51:28.19] /i de::zoom -window [gi::getWindows 3] -factor 0.5 -center {8.948 5.715}
[17:51:28.69] /# gi::executeAction {deCanvasZoomInAtPoint} -in [gi::getWindows 3]
[17:51:28.69] /i de::zoom -window [gi::getWindows 3] -factor 2.0 -center {9.009 5.7}
[17:51:28.76] /# gi::executeAction {deCanvasZoomInAtPoint} -in [gi::getWindows 3]
[17:51:28.76] /i de::zoom -window [gi::getWindows 3] -factor 2.0 -center {9.009 5.7}
[17:51:29.25] /# gi::executeAction {deCanvasZoomInAtPoint} -in [gi::getWindows 3]
[17:51:29.25] /i de::zoom -window [gi::getWindows 3] -factor 2.0 -center {8.956 5.7}
[17:51:30.25] /# gi::executeAction {deSelectByWindow} -in [gi::getWindows 3]
[17:51:30.26] /i db::setPrefValue deSelectMode -value Replace -scope [db::getScopes [db::getNext [de::getContexts -window 3]]]; ide::selectByRegion -region rectangle -point {8.955 5.81} 
[17:51:31.53] /# gi::executeAction {deCanvasZoomOutAtPoint} -in [gi::getWindows 3]
[17:51:31.53] /i de::zoom -window [gi::getWindows 3] -factor 0.5 -center {8.12 5.511}
[17:51:32.10] /# gi::executeAction {deCanvasZoomOutAtPoint} -in [gi::getWindows 3]
[17:51:32.10] /i de::zoom -window [gi::getWindows 3] -factor 0.5 -center {8.138 5.507}
[17:51:32.29] /# gi::executeAction {deCanvasZoomOutAtPoint} -in [gi::getWindows 3]
[17:51:32.29] /i de::zoom -window [gi::getWindows 3] -factor 0.5 -center {8.146 5.5}
[17:51:33.95] /# gi::executeAction {deEndDrag} -in [gi::getWindows 3]
[17:51:33.95] /i de::endDrag {0.285 5.455} -context [db::getNext [de::getContexts -window 3]]
[17:51:35.20] /# gi::executeAction {deCanvasZoomInAtPoint} -in [gi::getWindows 3]
[17:51:35.20] /i de::zoom -window [gi::getWindows 3] -factor 2.0 -center {8.475 5.5}
[17:51:35.26] /# gi::executeAction {deCanvasZoomInAtPoint} -in [gi::getWindows 3]
[17:51:35.26] /i de::zoom -window [gi::getWindows 3] -factor 2.0 -center {8.49 5.5}
[17:51:35.86] /# gi::executeAction {deCanvasZoomInAtPoint} -in [gi::getWindows 3]
[17:51:35.86] /i de::zoom -window [gi::getWindows 3] -factor 2.0 -center {8.554 5.538}
[17:51:37.56] /# gi::executeAction {leMove} -in [gi::getWindows 3]
[17:51:37.56] /i ile::move
[17:51:37.98] /# gi::executeAction {deAddPoint} -in [gi::getWindows 3]
[17:51:37.98] /i de::addPoint {8.471 5.629} -context [db::getNext [de::getContexts -window 3]]
[17:51:40.22] /# gi::executeAction {deCompleteShapeHere} -in [gi::getWindows 3]
[17:51:40.22] /i de::completeShape {8.455 5.697} -context [db::getNext [de::getContexts -window 3]]
[17:51:41.43] /# gi::executeAction {deCanvasZoomOutAtPoint} -in [gi::getWindows 3]
[17:51:41.43] /i de::zoom -window [gi::getWindows 3] -factor 0.5 -center {8.885 5.878}
[17:51:41.48] /# gi::executeAction {deCanvasZoomOutAtPoint} -in [gi::getWindows 3]
[17:51:41.48] /i de::zoom -window [gi::getWindows 3] -factor 0.5 -center {8.87 5.879}
[17:51:42.58] /# gi::executeAction {deCanvasZoomOutAtPoint} -in [gi::getWindows 3]
[17:51:42.58] /i de::zoom -window [gi::getWindows 3] -factor 0.5 -center {4.086 5.654}
[17:51:44.60] /# gi::executeAction {deCanvasZoomInAtPoint} -in [gi::getWindows 3]
[17:51:44.60] /i de::zoom -window [gi::getWindows 3] -factor 2.0 -center {16.214 5.594}
[17:51:45.67] /# gi::executeAction {deSelectByWindow} -in [gi::getWindows 3]
[17:51:45.67] /i db::setPrefValue deSelectMode -value Replace -scope [db::getScopes [db::getNext [de::getContexts -window 3]]]; ide::selectByRegion -region rectangle -point {17.085 6.18} 
[17:51:53.68] /# gi::executeAction {deEndDrag} -in [gi::getWindows 3]
[17:51:53.68] /i de::endDrag {17.105 6.358} -context [db::getNext [de::getContexts -window 3]]
[17:51:54.29] /# gi::executeAction {deSelectByWindow} -in [gi::getWindows 3]
[17:51:54.29] /i db::setPrefValue deSelectMode -value Replace -scope [db::getScopes [db::getNext [de::getContexts -window 3]]]; ide::selectByRegion -region rectangle -point {19.255 6.14} 
[17:51:54.67] /# gi::executeAction {deEndDrag} -in [gi::getWindows 3]
[17:51:54.67] /i de::endDrag {17.891 5.257} -context [db::getNext [de::getContexts -window 3]]
[17:51:56.90] /# gi::executeAction {leMove} -in [gi::getWindows 3]
[17:51:56.90] /i ile::move
[17:51:57.13] /# gi::executeAction {deAddPoint} -in [gi::getWindows 3]
[17:51:57.13] /i de::addPoint {18.4 5.684} -context [db::getNext [de::getContexts -window 3]]
[17:51:58.21] /# gi::executeAction {deCanvasZoomInAtPoint} -in [gi::getWindows 3]
[17:51:58.21] /i de::zoom -window [gi::getWindows 3] -factor 2.0 -center {18.37 5.766}
[17:51:58.25] /# gi::executeAction {deCanvasZoomInAtPoint} -in [gi::getWindows 3]
[17:51:58.25] /i de::zoom -window [gi::getWindows 3] -factor 2.0 -center {18.37 5.766}
[17:51:58.36] /# gi::executeAction {deCanvasZoomInAtPoint} -in [gi::getWindows 3]
[17:51:58.36] /i de::zoom -window [gi::getWindows 3] -factor 2.0 -center {18.37 5.766}
[17:52:01.83] /# gi::executeAction {deCompleteShapeHere} -in [gi::getWindows 3]
[17:52:01.83] /i de::completeShape {18.368 5.784} -context [db::getNext [de::getContexts -window 3]]
[17:52:02.39] /# gi::executeAction {deCanvasZoomOutAtPoint} -in [gi::getWindows 3]
[17:52:02.39] /i de::zoom -window [gi::getWindows 3] -factor 0.5 -center {18.128 5.851}
[17:52:02.44] /# gi::executeAction {deCanvasZoomOutAtPoint} -in [gi::getWindows 3]
[17:52:02.44] /i de::zoom -window [gi::getWindows 3] -factor 0.5 -center {18.12 5.853}
[17:52:03.29] /# gi::executeAction {deCanvasZoomOutAtPoint} -in [gi::getWindows 3]
[17:52:03.29] /i de::zoom -window [gi::getWindows 3] -factor 0.5 -center {17.974 5.573}
[17:52:04.85] /# gi::executeAction {deSelectByWindow} -in [gi::getWindows 3]
[17:52:04.85] /i db::setPrefValue deSelectMode -value Replace -scope [db::getScopes [db::getNext [de::getContexts -window 3]]]; ide::selectByRegion -region rectangle -point {17.84 6.94} 
[17:52:05.10] /# gi::executeAction {deEndDrag} -in [gi::getWindows 3]
[17:52:05.10] /i de::endDrag {16.783 6.067} -context [db::getNext [de::getContexts -window 3]]
[17:52:07.28] /# gi::executeAction {deCanvasZoomOutAtPoint} -in [gi::getWindows 3]
[17:52:07.28] /i de::zoom -window [gi::getWindows 3] -factor 0.5 -center {18.071 6.583}
[17:52:07.32] /# gi::executeAction {deCanvasZoomOutAtPoint} -in [gi::getWindows 3]
[17:52:07.32] /i de::zoom -window [gi::getWindows 3] -factor 0.5 -center {18.1 6.583}
[17:52:08.12] /# gi::executeAction {deCanvasZoomInAtPoint} -in [gi::getWindows 3]
[17:52:08.12] /i de::zoom -window [gi::getWindows 3] -factor 2.0 -center {18.64 6.733}
[17:52:13.96] /# gi::executeAction {deSelectActive} -in [gi::getWindows 3]
[17:52:13.96] /i de::deselectAll [db::getNext [de::getContexts -window 3]]
[17:52:13.96] /i de::select [de::getActiveFigure [gi::getWindows 3] -point {17.457 5.356} -index 0 -intent none]
[17:52:13.96] /o oa:0x217f2a80
[17:52:15.09] /# gi::executeAction {leDelete} -in [gi::getWindows 3]
[17:52:15.09] /i le::delete [de::getSelected -design [ed]] -partialObject ignore
[17:52:15.75] /# gi::executeAction {deCanvasZoomInAtPoint} -in [gi::getWindows 3]
[17:52:15.75] /i de::zoom -window [gi::getWindows 3] -factor 2.0 -center {17.412 6.583}
[17:52:15.81] /# gi::executeAction {deCanvasZoomInAtPoint} -in [gi::getWindows 3]
[17:52:15.81] /i de::zoom -window [gi::getWindows 3] -factor 2.0 -center {17.442 6.583}
[17:52:17.81] /# gi::executeAction {deCanvasZoomInAtPoint} -in [gi::getWindows 3]
[17:52:17.81] /i de::zoom -window [gi::getWindows 3] -factor 2.0 -center {17.727 6.553}
[17:52:17.86] /# gi::executeAction {deCanvasZoomInAtPoint} -in [gi::getWindows 3]
[17:52:17.86] /i de::zoom -window [gi::getWindows 3] -factor 2.0 -center {17.727 6.553}
[17:52:17.90] /# gi::executeAction {deCanvasZoomInAtPoint} -in [gi::getWindows 3]
[17:52:17.90] /i de::zoom -window [gi::getWindows 3] -factor 2.0 -center {17.727 6.553}
[17:52:22.36] /# gi::executeAction {leInterconnect} -in [gi::getWindows 3]
[17:52:22.36] /i ile::createInterconnect
[17:52:22.37] /# gi::setItemSelection {lpps} -index {} -in [gi::getAssistants leObjectLayerPanel -from [gi::getWindows 3]]
[17:52:22.37] /# gi::setItemSelection {lpps} -index {DIFF drw} -in [gi::getAssistants leObjectLayerPanel -from [gi::getWindows 3]]
[17:52:22.71] /# gi::executeAction {deAddPoint} -in [gi::getWindows 3]
[17:52:22.71] /i de::addPoint {17.661 6.601} -context [db::getNext [de::getContexts -window 3]]
[17:52:23.97] /# gi::executeAction {deAbortCommand} -in [gi::getWindows 3]
[17:52:23.97] /i de::abortCommand -context [db::getNext [de::getContexts -window 3]]
[17:52:24.80] /# gi::executeAction {deUndo} -in [gi::getWindows 3]
[17:52:24.80] /i de::undoTransaction -design [db::getAttr editDesign -of [db::getNext [de::getContexts -window 3]]]
[17:52:28.58] /i gi::executeAction {deSaveDesign} -in [gi::getWindows 3]
[17:52:28.59] /m Information: Saving design 'Lab67 fulladder layout'. (DESIGN_WINDOW-004)
[17:52:33.89] /# gi::executeAction {xtLVSSetup} -in [gi::getWindows 3]
[17:52:33.89] /i xt::showLVSSetup -job lvs -window 3
[17:52:35.24] /i db::setAttr geometry -of [gi::getDialogs {xtLVSSetup} -parent [gi::getWindows 3]] -value 838x454+877+344
[17:52:36.07] /i gi::pressButton {/cancel} -in [gi::getDialogs {xtLVSSetup} -parent [gi::getWindows 3]]
[17:52:38.52] /# gi::executeAction {xtLVSRun} -in [gi::getWindows 3]
[17:52:38.52] /i xt::physicalVerification::executeRun lvs 3
[17:52:38.91] /i xt::physicalVerification::executePve lvs 3 xtLVSExecutePve
[17:52:39.08] /m Information: "Starting netlisting for design "Lab67/fulladder/schematic"..." (NETLISTING-010)
[17:52:39.25] /o No Design Integrity rule violations found in "Lab67/fulladder/schematic"
[17:52:39.82] /m Information: "Netlisting design "Lab67/fulladder/schematic" finished successfully." (NETLISTING-012)
[17:52:40.72] /r giWindowId 4
[17:52:40.73] /r giWindowGeometry 800x600
[17:53:06.55] /m Information: 
              /c =============================
              /c JobID: icv_lvs_1
              /c --- ERROR SUMMARY -----------
              /c Compare Error Summary
              /c Refer to fulladder.LVS_ERRORS.
              /c LVS Compare Result: PASS
              /c TOP equivalence point:
              /c 		[fulladder, fulladder]
              /c     1 Successful equivalence points
              /c     0 Failed equivalence points
              /c =============================
              /c 
[17:53:07.68] /j ::xt::icv::vue::_private::registerConnection linux11114.dc.engr.scu.edu:37736 tcp1 icvVue_1 
[17:53:07.72] /j ::xt::icv::vue::_private::isJobReady 
[17:53:07.72] /o false
[17:53:08.72] /j ::xt::icv::vue::_private::isJobReady 
[17:53:08.72] /o false
[17:53:09.72] /m Information: Connection established with 'IC Validator VUE' running on 'linux11114.dc.engr.scu.edu'.
[17:53:09.72] /j ::xt::icv::vue::_private::isJobReady 
[17:53:09.73] /o true
[17:53:09.75] /j xt::icv::vue::startFilter LAY 
[17:53:09.77] /j xt::icv::vue::setWorkingDir /DCNFS/users/student/lkim/Desktop/ELEN153L/synopsys_custom/pvjob_Lab67.fulladder.icv.lvs 
[17:53:09.79] /j xt::icv::vue::startFilter SCH 
[17:53:09.81] /j xt::icv::vue::setWorkingDir /DCNFS/users/student/lkim/Desktop/ELEN153L/synopsys_custom/pvjob_Lab67.fulladder.icv.lvs 
[17:53:10.45] /j xt::icv::vue::setWorkingDir /DCNFS/users/student/lkim/Desktop/ELEN153L/synopsys_custom/pvjob_Lab67.fulladder.icv.lvs 
[17:53:10.47] /j xt::icv::vue::setTopLayLCV Lab67/fulladder/layout 
[17:53:10.49] /j xt::icv::vue::openLCV Lab67/fulladder/layout 
[17:53:10.51] /j xt::icv::vue::setWorkingDir /DCNFS/users/student/lkim/Desktop/ELEN153L/synopsys_custom/pvjob_Lab67.fulladder.icv.lvs 
[17:53:10.53] /j xt::icv::vue::openModule fulladder 
[17:53:10.62] /r giWindowId 5
[17:53:10.64] /r giWindowGeometry 1632x869
[17:53:11.03] /j xt::icv::vue::clearAllHighlights Lab67/fulladder/layout 
[17:53:11.05] /j xt::icv::vue::clearAllProbes fulladder 
[17:53:11.14] /i db::setAttr dockSize -of [gi::getAssistants giConsole -from [gi::getWindows 5]] -value 1571x132
[17:53:11.14] /i db::setAttr dockSize -of [gi::getAssistants dePropertyEditor -from [gi::getWindows 5]] -value 290x753
[17:53:50.44] /i gi::setActiveWindow 3
[17:53:50.44] /i gi::setActiveWindow 3 -raise true
[17:53:51.33] /# gi::executeAction {deCanvasZoomOutAtPoint} -in [gi::getWindows 3]
[17:53:51.33] /i de::zoom -window [gi::getWindows 3] -factor 0.5 -center {17.488 6.517}
[17:53:51.40] /# gi::executeAction {deCanvasZoomOutAtPoint} -in [gi::getWindows 3]
[17:53:51.40] /i de::zoom -window [gi::getWindows 3] -factor 0.5 -center {17.488 6.518}
[17:53:51.91] /# gi::executeAction {deCanvasZoomOutAtPoint} -in [gi::getWindows 3]
[17:53:51.91] /i de::zoom -window [gi::getWindows 3] -factor 0.5 -center {17.517 6.514}
[17:53:52.43] /# gi::executeAction {deCanvasZoomOutAtPoint} -in [gi::getWindows 3]
[17:53:52.43] /i de::zoom -window [gi::getWindows 3] -factor 0.5 -center {17.462 5.84}
[17:53:52.48] /# gi::executeAction {deCanvasZoomOutAtPoint} -in [gi::getWindows 3]
[17:53:52.48] /i de::zoom -window [gi::getWindows 3] -factor 0.5 -center {17.461 5.856}
[17:53:53.14] /# gi::executeAction {deCanvasZoomInAtPoint} -in [gi::getWindows 3]
[17:53:53.14] /i de::zoom -window [gi::getWindows 3] -factor 2.0 -center {17.566 5.631}
[17:53:53.22] /# gi::executeAction {deCanvasZoomInAtPoint} -in [gi::getWindows 3]
[17:53:53.22] /i de::zoom -window [gi::getWindows 3] -factor 2.0 -center {17.566 5.631}
[17:53:54.34] /# gi::executeAction {leDelete} -in [gi::getWindows 3]
[17:53:54.34] /i le::delete [de::getSelected -design [ed]] -partialObject ignore
[17:53:57.79] /i de::setActiveLPP [de::getLPPs "M2 drawing" -from [db::getAttr editDesign -of [de::getContexts -window 3]]]
[17:53:57.79] /# gi::setItemSelection {lpps} -index {} -in [gi::getAssistants leObjectLayerPanel -from [gi::getWindows 3]]
[17:53:57.79] /# gi::setItemSelection {lpps} -index {M2 drw} -in [gi::getAssistants leObjectLayerPanel -from [gi::getWindows 3]]
[17:53:57.80] /i de::setActiveLPP [de::getLPPs "M2 drawing" -from [db::getAttr editDesign -of [de::getContexts -window 3]]]
[17:53:58.68] /# gi::executeAction {deCanvasZoomInAtPoint} -in [gi::getWindows 3]
[17:53:58.68] /i de::zoom -window [gi::getWindows 3] -factor 2.0 -center {17.704 6.582}
[17:53:59.97] /# gi::executeAction {deCanvasZoomInAtPoint} -in [gi::getWindows 3]
[17:53:59.98] /i de::zoom -window [gi::getWindows 3] -factor 2.0 -center {17.721 6.576}
[17:54:03.72] /# gi::executeAction {leInterconnect} -in [gi::getWindows 3]
[17:54:03.72] /i ile::createInterconnect
[17:54:04.91] /# gi::executeAction {deAddPoint} -in [gi::getWindows 3]
[17:54:04.92] /i de::addPoint {17.729 6.562} -context [db::getNext [de::getContexts -window 3]]
[17:54:06.28] /# gi::executeAction {deCanvasZoomOutAtPoint} -in [gi::getWindows 3]
[17:54:06.28] /i de::zoom -window [gi::getWindows 3] -factor 0.5 -center {17.738 6.234}
[17:54:06.33] /# gi::executeAction {deCanvasZoomOutAtPoint} -in [gi::getWindows 3]
[17:54:06.33] /i de::zoom -window [gi::getWindows 3] -factor 0.5 -center {17.738 6.233}
[17:54:06.73] /# gi::executeAction {deCanvasZoomOutAtPoint} -in [gi::getWindows 3]
[17:54:06.73] /i de::zoom -window [gi::getWindows 3] -factor 0.5 -center {17.741 6.234}
[17:54:07.12] /# gi::executeAction {deCanvasZoomOutAtPoint} -in [gi::getWindows 3]
[17:54:07.12] /i de::zoom -window [gi::getWindows 3] -factor 0.5 -center {17.742 6.271}
[17:54:07.48] /# gi::executeAction {deCanvasZoomOutAtPoint} -in [gi::getWindows 3]
[17:54:07.48] /i de::zoom -window [gi::getWindows 3] -factor 0.5 -center {17.412 7.992}
[17:54:07.57] /# gi::executeAction {deCanvasZoomOutAtPoint} -in [gi::getWindows 3]
[17:54:07.57] /i de::zoom -window [gi::getWindows 3] -factor 0.5 -center {17.412 8.111}
[17:54:08.11] /# gi::executeAction {deCanvasZoomInAtPoint} -in [gi::getWindows 3]
[17:54:08.11] /i de::zoom -window [gi::getWindows 3] -factor 2.0 -center {17.231 2.003}
[17:54:08.16] /# gi::executeAction {deCanvasZoomInAtPoint} -in [gi::getWindows 3]
[17:54:08.16] /i de::zoom -window [gi::getWindows 3] -factor 2.0 -center {17.231 2.003}
[17:54:08.20] /# gi::executeAction {deCanvasZoomInAtPoint} -in [gi::getWindows 3]
[17:54:08.20] /i de::zoom -window [gi::getWindows 3] -factor 2.0 -center {17.231 2.003}
[17:54:09.39] /# gi::executeAction {deCanvasZoomInAtPoint} -in [gi::getWindows 3]
[17:54:09.39] /i de::zoom -window [gi::getWindows 3] -factor 2.0 -center {17.718 3.56}
[17:54:11.36] /# gi::executeAction {deCompleteShapeHere} -in [gi::getWindows 3]
[17:54:11.36] /i de::completeShape {17.692 3.44} -context [db::getNext [de::getContexts -window 3]]
[17:54:12.25] /# gi::executeAction {deAbortCommand} -in [gi::getWindows 3]
[17:54:12.25] /i de::abortCommand -context [db::getNext [de::getContexts -window 3]]
[17:54:13.15] /# gi::executeAction {deSelectActive} -in [gi::getWindows 3]
[17:54:13.15] /i de::deselectAll [db::getNext [de::getContexts -window 3]]
[17:54:13.15] /i de::select [de::getActiveFigure [gi::getWindows 3] -point {17.744 4.29} -index 0 -intent none]
[17:54:13.15] /o oa:0x1d0ac2a0
[17:54:13.25] /# gi::executeAction {leMove} -in [gi::getWindows 3]
[17:54:13.25] /i ile::move
[17:54:13.45] /# gi::executeAction {deCompleteShape} -in [gi::getWindows 3]
[17:54:13.45] /i de::completeShape -context [db::getNext [de::getContexts -window 3]]
[17:54:14.24] /# gi::executeAction {deAddPoint} -in [gi::getWindows 3]
[17:54:14.24] /i de::addPoint {17.703 4.327} -context [db::getNext [de::getContexts -window 3]]
[17:54:15.90] /# gi::executeAction {deCanvasZoomInAtPoint} -in [gi::getWindows 3]
[17:54:15.90] /i de::zoom -window [gi::getWindows 3] -factor 2.0 -center {17.452 4.324}
[17:54:20.08] /# gi::executeAction {deCompleteShapeHere} -in [gi::getWindows 3]
[17:54:20.08] /i de::completeShape {17.446 4.311} -context [db::getNext [de::getContexts -window 3]]
[17:54:20.94] /# gi::executeAction {deCanvasZoomOutAtPoint} -in [gi::getWindows 3]
[17:54:20.94] /i de::zoom -window [gi::getWindows 3] -factor 0.5 -center {17.491 4.213}
[17:54:20.97] /# gi::executeAction {deCanvasZoomOutAtPoint} -in [gi::getWindows 3]
[17:54:20.97] /i de::zoom -window [gi::getWindows 3] -factor 0.5 -center {17.495 4.218}
[17:54:21.04] /# gi::executeAction {deCanvasZoomOutAtPoint} -in [gi::getWindows 3]
[17:54:21.04] /i de::zoom -window [gi::getWindows 3] -factor 0.5 -center {17.548 4.24}
[17:54:21.77] /# gi::executeAction {deCanvasZoomOutAtPoint} -in [gi::getWindows 3]
[17:54:21.77] /i de::zoom -window [gi::getWindows 3] -factor 0.5 -center {17.788 4.509}
[17:54:21.84] /# gi::executeAction {deCanvasZoomOutAtPoint} -in [gi::getWindows 3]
[17:54:21.84] /i de::zoom -window [gi::getWindows 3] -factor 0.5 -center {17.608 4.029}
[17:54:22.22] /# gi::executeAction {deCanvasZoomInAtPoint} -in [gi::getWindows 3]
[17:54:22.22] /i de::zoom -window [gi::getWindows 3] -factor 2.0 -center {17.309 8.461}
[17:54:22.26] /# gi::executeAction {deCanvasZoomInAtPoint} -in [gi::getWindows 3]
[17:54:22.26] /i de::zoom -window [gi::getWindows 3] -factor 2.0 -center {17.309 8.461}
[17:54:22.29] /# gi::executeAction {deCanvasZoomInAtPoint} -in [gi::getWindows 3]
[17:54:22.29] /i de::zoom -window [gi::getWindows 3] -factor 2.0 -center {17.324 8.446}
[17:54:22.35] /# gi::executeAction {deCanvasZoomInAtPoint} -in [gi::getWindows 3]
[17:54:22.35] /i de::zoom -window [gi::getWindows 3] -factor 2.0 -center {17.346 8.379}
[17:54:22.44] /# gi::executeAction {deCanvasZoomInAtPoint} -in [gi::getWindows 3]
[17:54:22.44] /i de::zoom -window [gi::getWindows 3] -factor 2.0 -center {17.354 8.274}
[17:54:22.95] /# gi::executeAction {deCanvasZoomOutAtPoint} -in [gi::getWindows 3]
[17:54:22.95] /i de::zoom -window [gi::getWindows 3] -factor 0.5 -center {17.417 7.379}
[17:54:23.14] /# gi::executeAction {deCanvasZoomOutAtPoint} -in [gi::getWindows 3]
[17:54:23.14] /i de::zoom -window [gi::getWindows 3] -factor 0.5 -center {17.504 7.784}
[17:54:23.76] /# gi::executeAction {deCanvasZoomInAtPoint} -in [gi::getWindows 3]
[17:54:23.76] /i de::zoom -window [gi::getWindows 3] -factor 2.0 -center {17.482 6.324}
[17:54:23.96] /# gi::executeAction {deCanvasZoomInAtPoint} -in [gi::getWindows 3]
[17:54:23.96] /i de::zoom -window [gi::getWindows 3] -factor 2.0 -center {17.474 6.305}
[17:54:24.16] /# gi::executeAction {deCanvasZoomInAtPoint} -in [gi::getWindows 3]
[17:54:24.16] /i de::zoom -window [gi::getWindows 3] -factor 2.0 -center {17.478 6.309}
[17:54:26.36] /# gi::executeAction {leMove} -in [gi::getWindows 3]
[17:54:26.36] /i ile::move
[17:54:26.48] /# gi::executeAction {deAddPoint} -in [gi::getWindows 3]
[17:54:26.48] /i de::addPoint {17.517 6.316} -context [db::getNext [de::getContexts -window 3]]
[17:54:28.25] /# gi::executeAction {deCompleteShapeHere} -in [gi::getWindows 3]
[17:54:28.25] /i de::completeShape {17.498 6.319} -context [db::getNext [de::getContexts -window 3]]
[17:54:30.75] /# gi::executeAction {deCanvasZoomOutAtPoint} -in [gi::getWindows 3]
[17:54:30.75] /i de::zoom -window [gi::getWindows 3] -factor 0.5 -center {17.628 6.449}
[17:54:30.78] /# gi::executeAction {deCanvasZoomOutAtPoint} -in [gi::getWindows 3]
[17:54:30.78] /i de::zoom -window [gi::getWindows 3] -factor 0.5 -center {17.627 6.45}
[17:54:30.80] /# gi::executeAction {deCanvasZoomOutAtPoint} -in [gi::getWindows 3]
[17:54:30.80] /i de::zoom -window [gi::getWindows 3] -factor 0.5 -center {17.628 6.449}
[17:54:30.84] /# gi::executeAction {deCanvasZoomOutAtPoint} -in [gi::getWindows 3]
[17:54:30.84] /i de::zoom -window [gi::getWindows 3] -factor 0.5 -center {17.627 6.465}
[17:54:32.78] /# gi::executeAction {deCanvasZoomInAtPoint} -in [gi::getWindows 3]
[17:54:32.78] /i de::zoom -window [gi::getWindows 3] -factor 2.0 -center {17.014 5.162}
[17:54:32.96] /# gi::executeAction {deCanvasZoomInAtPoint} -in [gi::getWindows 3]
[17:54:32.96] /i de::zoom -window [gi::getWindows 3] -factor 2.0 -center {17.014 5.162}
[17:54:33.51] /# gi::executeAction {deSelectActive} -in [gi::getWindows 3]
[17:54:33.51] /i de::deselectAll [db::getNext [de::getContexts -window 3]]
[17:54:33.51] /i de::select [de::getActiveFigure [gi::getWindows 3] -point {16.774 5.143} -index 0 -intent none]
[17:54:33.51] /o oa:0x2296ec40
[17:54:34.73] /# gi::executeAction {leDelete} -in [gi::getWindows 3]
[17:54:34.74] /i le::delete [de::getSelected -design [ed]] -partialObject ignore
[17:54:35.76] /# gi::executeAction {leInterconnect} -in [gi::getWindows 3]
[17:54:35.76] /i ile::createInterconnect
[17:54:37.05] /# gi::executeAction {deAddPoint} -in [gi::getWindows 3]
[17:54:37.05] /i de::addPoint {16.999 5.892} -context [db::getNext [de::getContexts -window 3]]
[17:54:37.92] /# gi::executeAction {deCanvasZoomOutAtPoint} -in [gi::getWindows 3]
[17:54:37.92] /i de::zoom -window [gi::getWindows 3] -factor 0.5 -center {16.958 5.495}
[17:54:38.18] /# gi::executeAction {deCanvasZoomOutAtPoint} -in [gi::getWindows 3]
[17:54:38.18] /i de::zoom -window [gi::getWindows 3] -factor 0.5 -center {17.018 5.997}
[17:54:38.33] /# gi::executeAction {deCanvasZoomOutAtPoint} -in [gi::getWindows 3]
[17:54:38.33] /i de::zoom -window [gi::getWindows 3] -factor 0.5 -center {17.062 6.326}
[17:54:38.95] /# gi::executeAction {deCanvasZoomInAtPoint} -in [gi::getWindows 3]
[17:54:38.95] /i de::zoom -window [gi::getWindows 3] -factor 2.0 -center {16.404 1.984}
[17:54:38.99] /# gi::executeAction {deCanvasZoomInAtPoint} -in [gi::getWindows 3]
[17:54:38.99] /i de::zoom -window [gi::getWindows 3] -factor 2.0 -center {16.404 1.984}
[17:54:39.67] /# gi::executeAction {deCanvasZoomInAtPoint} -in [gi::getWindows 3]
[17:54:39.67] /i de::zoom -window [gi::getWindows 3] -factor 2.0 -center {16.891 3.758}
[17:54:42.32] /# gi::executeAction {deCompleteShapeHere} -in [gi::getWindows 3]
[17:54:42.32] /i de::completeShape {16.891 3.436} -context [db::getNext [de::getContexts -window 3]]
[17:54:43.25] /# gi::executeAction {deAbortCommand} -in [gi::getWindows 3]
[17:54:43.25] /i de::abortCommand -context [db::getNext [de::getContexts -window 3]]
[17:54:44.27] /# gi::executeAction {deSelectActive} -in [gi::getWindows 3]
[17:54:44.27] /i de::deselectAll [db::getNext [de::getContexts -window 3]]
[17:54:44.27] /i de::select [de::getActiveFigure [gi::getWindows 3] -point {17.048 4.342} -index 0 -intent none]
[17:54:44.27] /o oa:0x2118de90
[17:54:44.43] /# gi::executeAction {leMove} -in [gi::getWindows 3]
[17:54:44.43] /i ile::move
[17:54:44.70] /# gi::executeAction {deAddPoint} -in [gi::getWindows 3]
[17:54:44.70] /i de::addPoint {17.048 4.342} -context [db::getNext [de::getContexts -window 3]]
[17:54:46.16] /# gi::executeAction {deCanvasZoomInAtPoint} -in [gi::getWindows 3]
[17:54:46.16] /i de::zoom -window [gi::getWindows 3] -factor 2.0 -center {16.801 4.335}
[17:54:46.29] /# gi::executeAction {deCanvasZoomInAtPoint} -in [gi::getWindows 3]
[17:54:46.29] /i de::zoom -window [gi::getWindows 3] -factor 2.0 -center {16.801 4.335}
[17:54:46.86] /# gi::executeAction {deCanvasZoomOutAtPoint} -in [gi::getWindows 3]
[17:54:46.86] /i de::zoom -window [gi::getWindows 3] -factor 0.5 -center {16.801 4.335}
[17:54:48.38] /w Warning: Nothing is bound to the 'Apostrophe' in the current active set. (WINDOW-015)
[17:54:49.21] /# gi::executeAction {deCompleteShapeHere} -in [gi::getWindows 3]
[17:54:49.21] /i de::completeShape {16.797 4.331} -context [db::getNext [de::getContexts -window 3]]
[17:54:50.07] /i gi::executeAction {deCanvasDragCancel} -in [gi::getWindows 3]
[17:54:50.77] /# gi::executeAction {deSelectActive} -in [gi::getWindows 3]
[17:54:50.77] /i de::deselectAll [db::getNext [de::getContexts -window 3]]
[17:54:50.95] /# gi::executeAction {deCanvasZoomOutAtPoint} -in [gi::getWindows 3]
[17:54:50.95] /i de::zoom -window [gi::getWindows 3] -factor 0.5 -center {16.956 4.309}
[17:54:50.98] /# gi::executeAction {deCanvasZoomOutAtPoint} -in [gi::getWindows 3]
[17:54:50.98] /i de::zoom -window [gi::getWindows 3] -factor 0.5 -center {16.957 4.308}
[17:54:51.48] /# gi::executeAction {deCanvasZoomOutAtPoint} -in [gi::getWindows 3]
[17:54:51.48] /i de::zoom -window [gi::getWindows 3] -factor 0.5 -center {16.949 4.204}
[17:54:51.51] /# gi::executeAction {deCanvasZoomOutAtPoint} -in [gi::getWindows 3]
[17:54:51.51] /i de::zoom -window [gi::getWindows 3] -factor 0.5 -center {16.978 4.203}
[17:54:52.09] /# gi::executeAction {deCanvasZoomInAtPoint} -in [gi::getWindows 3]
[17:54:52.09] /i de::zoom -window [gi::getWindows 3] -factor 2.0 -center {14.823 5.461}
[17:54:52.16] /# gi::executeAction {deCanvasZoomInAtPoint} -in [gi::getWindows 3]
[17:54:52.16] /i de::zoom -window [gi::getWindows 3] -factor 2.0 -center {14.988 5.461}
[17:54:53.79] /# gi::executeAction {deSelectActive} -in [gi::getWindows 3]
[17:54:53.79] /i de::deselectAll [db::getNext [de::getContexts -window 3]]
[17:54:53.79] /i de::select [de::getActiveFigure [gi::getWindows 3] -point {15.332 5.79} -index 0 -intent none]
[17:54:53.79] /o oa:0x22eb9ae0
[17:54:54.72] /# gi::executeAction {leDelete} -in [gi::getWindows 3]
[17:54:54.72] /i le::delete [de::getSelected -design [ed]] -partialObject ignore
[17:54:57.94] /i de::setActiveLPP [de::getLPPs "M1 drawing" -from [db::getAttr editDesign -of [de::getContexts -window 3]]]
[17:54:57.94] /# gi::setItemSelection {lpps} -index {} -in [gi::getAssistants leObjectLayerPanel -from [gi::getWindows 3]]
[17:54:57.94] /# gi::setItemSelection {lpps} -index {M1 drw} -in [gi::getAssistants leObjectLayerPanel -from [gi::getWindows 3]]
[17:54:57.94] /i de::setActiveLPP [de::getLPPs "M1 drawing" -from [db::getAttr editDesign -of [de::getContexts -window 3]]]
[17:54:58.70] /# gi::executeAction {deCanvasZoomInAtPoint} -in [gi::getWindows 3]
[17:54:58.70] /i de::zoom -window [gi::getWindows 3] -factor 2.0 -center {14.516 5.843}
[17:54:58.83] /# gi::executeAction {deCanvasZoomInAtPoint} -in [gi::getWindows 3]
[17:54:58.83] /i de::zoom -window [gi::getWindows 3] -factor 2.0 -center {14.565 5.835}
[17:55:00.86] /# gi::executeAction {deCanvasZoomInAtPoint} -in [gi::getWindows 3]
[17:55:00.86] /i de::zoom -window [gi::getWindows 3] -factor 2.0 -center {14.6 5.788}
[17:55:03.11] /# gi::executeAction {leInterconnect} -in [gi::getWindows 3]
[17:55:03.11] /i ile::createInterconnect
[17:55:03.31] /# gi::executeAction {deAddPoint} -in [gi::getWindows 3]
[17:55:03.31] /i de::addPoint {14.596 5.794} -context [db::getNext [de::getContexts -window 3]]
[17:55:03.32] /# gi::setItemSelection {lpps} -index {} -in [gi::getAssistants leObjectLayerPanel -from [gi::getWindows 3]]
[17:55:03.32] /# gi::setItemSelection {lpps} -index {M2 drw} -in [gi::getAssistants leObjectLayerPanel -from [gi::getWindows 3]]
[17:55:04.67] /# gi::executeAction {deAbortCommand} -in [gi::getWindows 3]
[17:55:04.67] /i de::abortCommand -context [db::getNext [de::getContexts -window 3]]
[17:55:07.01] /i de::setActiveLPP [de::getLPPs "M1 drawing" -from [db::getAttr editDesign -of [de::getContexts -window 3]]]
[17:55:07.02] /# gi::setItemSelection {lpps} -index {} -in [gi::getAssistants leObjectLayerPanel -from [gi::getWindows 3]]
[17:55:07.02] /# gi::setItemSelection {lpps} -index {M1 drw} -in [gi::getAssistants leObjectLayerPanel -from [gi::getWindows 3]]
[17:55:07.02] /i de::setActiveLPP [de::getLPPs "M1 drawing" -from [db::getAttr editDesign -of [de::getContexts -window 3]]]
[17:55:09.20] /# gi::executeAction {leInterconnect} -in [gi::getWindows 3]
[17:55:09.20] /i ile::createInterconnect
[17:55:09.30] /# gi::executeAction {deAddPoint} -in [gi::getWindows 3]
[17:55:09.30] /i de::addPoint {14.596 5.653} -context [db::getNext [de::getContexts -window 3]]
[17:55:09.65] /# gi::executeAction {deCanvasZoomOutAtPoint} -in [gi::getWindows 3]
[17:55:09.66] /i de::zoom -window [gi::getWindows 3] -factor 0.5 -center {14.596 5.653}
[17:55:09.98] /# gi::executeAction {deCanvasZoomOutAtPoint} -in [gi::getWindows 3]
[17:55:09.98] /i de::zoom -window [gi::getWindows 3] -factor 0.5 -center {14.597 5.652}
[17:55:10.06] /# gi::executeAction {deCanvasZoomOutAtPoint} -in [gi::getWindows 3]
[17:55:10.06] /i de::zoom -window [gi::getWindows 3] -factor 0.5 -center {14.597 5.652}
[17:55:11.01] /# gi::executeAction {deCanvasZoomInAtPoint} -in [gi::getWindows 3]
[17:55:11.01] /i de::zoom -window [gi::getWindows 3] -factor 2.0 -center {16.843 5.487}
[17:55:11.26] /# gi::executeAction {deCanvasZoomInAtPoint} -in [gi::getWindows 3]
[17:55:11.26] /i de::zoom -window [gi::getWindows 3] -factor 2.0 -center {16.85 5.487}
[17:55:13.03] /# gi::executeAction {deCompleteShapeHere} -in [gi::getWindows 3]
[17:55:13.03] /i de::completeShape {16.916 5.519} -context [db::getNext [de::getContexts -window 3]]
[17:55:13.86] /# gi::executeAction {deAbortCommand} -in [gi::getWindows 3]
[17:55:13.86] /i de::abortCommand -context [db::getNext [de::getContexts -window 3]]
[17:55:14.60] /# gi::executeAction {deSelectActive} -in [gi::getWindows 3]
[17:55:14.60] /i de::deselectAll [db::getNext [de::getContexts -window 3]]
[17:55:14.60] /i de::select [de::getActiveFigure [gi::getWindows 3] -point {16.38 5.629} -index 0 -intent none]
[17:55:14.61] /o oa:0x22a31e50
[17:55:14.69] /# gi::executeAction {leMove} -in [gi::getWindows 3]
[17:55:14.69] /i ile::move
[17:55:14.90] /# gi::executeAction {deCompleteShape} -in [gi::getWindows 3]
[17:55:14.90] /i de::completeShape -context [db::getNext [de::getContexts -window 3]]
[17:55:15.64] /# gi::executeAction {leMove} -in [gi::getWindows 3]
[17:55:15.64] /i ile::move
[17:55:15.88] /# gi::executeAction {deAddPoint} -in [gi::getWindows 3]
[17:55:15.88] /i de::addPoint {16.38 5.659} -context [db::getNext [de::getContexts -window 3]]
[17:55:17.63] /# gi::executeAction {deCompleteShapeHere} -in [gi::getWindows 3]
[17:55:17.63] /i de::completeShape {16.38 5.796} -context [db::getNext [de::getContexts -window 3]]
[17:55:19.42] /# gi::executeAction {deCanvasZoomInAtPoint} -in [gi::getWindows 3]
[17:55:19.42] /i de::zoom -window [gi::getWindows 3] -factor 2.0 -center {16.388 5.785}
[17:55:22.53] /# gi::executeAction {leMove} -in [gi::getWindows 3]
[17:55:22.53] /i ile::move
[17:55:22.73] /# gi::executeAction {deAddPoint} -in [gi::getWindows 3]
[17:55:22.73] /i de::addPoint {16.388 5.785} -context [db::getNext [de::getContexts -window 3]]
[17:55:24.39] /w Warning: Nothing is bound to the 'Backslash' in the current active set. (WINDOW-015)
[17:55:25.23] /# gi::executeAction {deCompleteShapeHere} -in [gi::getWindows 3]
[17:55:25.23] /i de::completeShape {16.388 5.779} -context [db::getNext [de::getContexts -window 3]]
[17:55:25.76] /# gi::executeAction {deCanvasZoomOutAtPoint} -in [gi::getWindows 3]
[17:55:25.76] /i de::zoom -window [gi::getWindows 3] -factor 0.5 -center {16.388 5.779}
[17:55:25.83] /# gi::executeAction {deCanvasZoomOutAtPoint} -in [gi::getWindows 3]
[17:55:25.83] /i de::zoom -window [gi::getWindows 3] -factor 0.5 -center {16.388 5.779}
[17:55:27.81] /# gi::executeAction {deCanvasZoomInAtPoint} -in [gi::getWindows 3]
[17:55:27.81] /i de::zoom -window [gi::getWindows 3] -factor 2.0 -center {14.486 5.806}
[17:55:27.90] /# gi::executeAction {deCanvasZoomInAtPoint} -in [gi::getWindows 3]
[17:55:27.90] /i de::zoom -window [gi::getWindows 3] -factor 2.0 -center {14.492 5.787}
[17:55:29.46] /i gi::executeAction {deCanvasDragCancel} -in [gi::getWindows 3]
[17:55:29.92] /# gi::executeAction {deSelectActive} -in [gi::getWindows 3]
[17:55:29.92] /i de::deselectAll [db::getNext [de::getContexts -window 3]]
[17:55:30.16] /# gi::executeAction {deCanvasZoomOutAtPoint} -in [gi::getWindows 3]
[17:55:30.16] /i de::zoom -window [gi::getWindows 3] -factor 0.5 -center {15.167 5.581}
[17:55:30.20] /# gi::executeAction {deCanvasZoomOutAtPoint} -in [gi::getWindows 3]
[17:55:30.20] /i de::zoom -window [gi::getWindows 3] -factor 0.5 -center {15.166 5.582}
[17:55:30.22] /# gi::executeAction {deCanvasZoomOutAtPoint} -in [gi::getWindows 3]
[17:55:30.22] /i de::zoom -window [gi::getWindows 3] -factor 0.5 -center {15.166 5.581}
[17:55:34.60] /# gi::executeAction {deCanvasZoomInAtPoint} -in [gi::getWindows 3]
[17:55:34.60] /i de::zoom -window [gi::getWindows 3] -factor 2.0 -center {13.362 4.668}
[17:55:34.63] /# gi::executeAction {deCanvasZoomInAtPoint} -in [gi::getWindows 3]
[17:55:34.63] /i de::zoom -window [gi::getWindows 3] -factor 2.0 -center {13.362 4.668}
[17:55:35.08] /# gi::executeAction {deCanvasZoomInAtPoint} -in [gi::getWindows 3]
[17:55:35.08] /i de::zoom -window [gi::getWindows 3] -factor 2.0 -center {13.373 4.668}
[17:55:35.81] /# gi::executeAction {leStartStretchDrag} -in [gi::getWindows 3]
[17:55:35.81] /i layout_editor::directStretch [de::getActiveFigure [gi::getWindows 3] -point {13.463 4.923} -index 0 -intent none] 3
[17:55:35.81] /i db::setPrefValue deSelectMode -value Replace -scope [db::getScopes [db::getNext [de::getContexts -window 3]]]; ide::selectByRegion -region rectangle -point {13.465 4.925} 
[17:55:36.24] /# gi::executeAction {deEndDrag} -in [gi::getWindows 3]
[17:55:36.24] /i de::endDrag {13.131 4.581} -context [db::getNext [de::getContexts -window 3]]
[17:55:38.03] /# gi::executeAction {leStartStretchDrag} -in [gi::getWindows 3]
[17:55:38.03] /i layout_editor::directStretch [de::getActiveFigure [gi::getWindows 3] -point {13.524 4.958} -index 0 -intent none] 3
[17:55:38.04] /i db::setPrefValue deSelectMode -value Replace -scope [db::getScopes [db::getNext [de::getContexts -window 3]]]; ide::selectByRegion -region rectangle -point {13.525 4.96} 
[17:55:38.29] /# gi::executeAction {deEndDrag} -in [gi::getWindows 3]
[17:55:38.29] /i de::endDrag {13.061 4.6} -context [db::getNext [de::getContexts -window 3]]
[17:55:38.64] /# gi::executeAction {deCanvasZoomOutAtPoint} -in [gi::getWindows 3]
[17:55:38.64] /i de::zoom -window [gi::getWindows 3] -factor 0.5 -center {13.147 4.657}
[17:55:38.69] /# gi::executeAction {deCanvasZoomOutAtPoint} -in [gi::getWindows 3]
[17:55:38.69] /i de::zoom -window [gi::getWindows 3] -factor 0.5 -center {13.161 4.672}
[17:55:39.37] /# gi::executeAction {deCanvasZoomOutAtPoint} -in [gi::getWindows 3]
[17:55:39.37] /i de::zoom -window [gi::getWindows 3] -factor 0.5 -center {13.188 4.675}
[17:55:40.70] /# gi::executeAction {deCanvasZoomOutAtPoint} -in [gi::getWindows 3]
[17:55:40.70] /i de::zoom -window [gi::getWindows 3] -factor 0.5 -center {11.496 7.332}
[17:55:41.19] /# gi::executeAction {deCanvasZoomInAtPoint} -in [gi::getWindows 3]
[17:55:41.19] /i de::zoom -window [gi::getWindows 3] -factor 2.0 -center {11.361 7.153}
[17:55:50.49] /i gi::setActiveWindow 2
[17:55:50.49] /i gi::setActiveWindow 2 -raise true
[17:55:53.23] /i gi::setCurrentIndex {views} -index {schematic} -in [gi::getWindows 2]
[17:55:53.27] /i gi::setItemSelection {views} -index {schematic} -in [gi::getWindows 2]
[17:55:54.68] /i gi::executeAction {dmOpen} -in [gi::getWindows 2]
[17:55:54.72] /r giWindowId 6
[17:55:54.74] /r giWindowGeometry 1632x869
[17:55:55.25] /i db::setAttr dockSize -of [gi::getAssistants giConsole -from [gi::getWindows 6]] -value 1571x132
[17:55:55.26] /i db::setAttr dockSize -of [gi::getAssistants dePropertyEditor -from [gi::getWindows 6]] -value 290x753
[17:55:56.21] /# gi::executeAction {deCanvasZoomOutAtPoint} -in [gi::getWindows 6]
[17:55:56.21] /i de::zoom -window [gi::getWindows 6] -factor 0.5 -center {5.53125 1.36875}
[17:55:56.70] /# gi::executeAction {deCanvasZoomInAtPoint} -in [gi::getWindows 6]
[17:55:56.70] /i de::zoom -window [gi::getWindows 6] -factor 2.0 -center {5.29375 0.925}
[17:55:56.77] /# gi::executeAction {deCanvasZoomInAtPoint} -in [gi::getWindows 6]
[17:55:56.77] /i de::zoom -window [gi::getWindows 6] -factor 2.0 -center {5.29375 0.925}
[17:55:57.39] /# gi::executeAction {deSelectActive} -in [gi::getWindows 6]
[17:55:57.39] /i de::deselectAll [db::getNext [de::getContexts -window 6]]
[17:55:57.39] /i de::select [de::getActiveFigure [gi::getWindows 6] -point {5.1625 1.05} -index 0 -intent none]
[17:55:57.39] /o oa:0x23ddb730
[17:55:58.13] /# gi::executeAction {deSelectActive} -in [gi::getWindows 6]
[17:55:58.13] /i de::deselectAll [db::getNext [de::getContexts -window 6]]
[17:55:58.13] /i de::select [de::getActiveFigure [gi::getWindows 6] -point {5.33125 1.05625} -index 0 -intent none]
[17:55:58.13] /o oa:0x22c50c20
[17:56:00.46] /# gi::executeAction {deCanvasZoomOutAtPoint} -in [gi::getWindows 6]
[17:56:00.46] /i de::zoom -window [gi::getWindows 6] -factor 0.5 -center {5.34375 1.05}
[17:56:04.37] /# gi::executeAction {deSelectActive} -in [gi::getWindows 6]
[17:56:04.37] /i de::deselectAll [db::getNext [de::getContexts -window 6]]
[17:56:04.37] /i de::select [de::getActiveFigure [gi::getWindows 6] -point {5.1625 1.05} -index 0 -intent none]
[17:56:04.37] /o oa:0x24473500
[17:56:05.67] /i gi::setItemSelection {attributes} -index {name,all} -in [gi::getAssistants dePropertyEditor -from [gi::getWindows 6]]
[17:56:05.67] /i gi::setCurrentIndex {attributes} -index {name,Value} -in [gi::getAssistants dePropertyEditor -from [gi::getWindows 6]]
[17:56:07.17] /i gi::setField {attributes} -value {Si} -index {name,Value} -in [gi::getAssistants dePropertyEditor -from [gi::getWindows 6]]
[17:56:07.18] /i gi::executeAction dePropertyEditorApplyChanges -in [gi::getAssistants dePropertyEditor -from [gi::getWindows 6]]
[17:56:08.16] /# gi::executeAction {deCanvasZoomOutAtPoint} -in [gi::getWindows 6]
[17:56:08.16] /i de::zoom -window [gi::getWindows 6] -factor 0.5 -center {5.88125 2.1125}
[17:56:08.21] /# gi::executeAction {deCanvasZoomOutAtPoint} -in [gi::getWindows 6]
[17:56:08.21] /i de::zoom -window [gi::getWindows 6] -factor 0.5 -center {5.88125 2.0875}
[17:56:08.74] /# gi::executeAction {deCanvasZoomInAtPoint} -in [gi::getWindows 6]
[17:56:08.74] /i de::zoom -window [gi::getWindows 6] -factor 2.0 -center {6.94375 2.24375}
[17:56:08.79] /# gi::executeAction {deCanvasZoomInAtPoint} -in [gi::getWindows 6]
[17:56:08.79] /i de::zoom -window [gi::getWindows 6] -factor 2.0 -center {6.975 2.25}
[17:56:08.84] /# gi::executeAction {deCanvasZoomInAtPoint} -in [gi::getWindows 6]
[17:56:08.84] /i de::zoom -window [gi::getWindows 6] -factor 2.0 -center {6.99375 2.25625}
[17:56:09.70] /# gi::executeAction {deSelectActive} -in [gi::getWindows 6]
[17:56:09.70] /i de::deselectAll [db::getNext [de::getContexts -window 6]]
[17:56:09.70] /i de::select [de::getActiveFigure [gi::getWindows 6] -point {6.75 2.19375} -index 0 -intent none]
[17:56:09.70] /o oa:0x22ceb790
[17:56:10.14] /# gi::executeAction {deSelectActive} -in [gi::getWindows 6]
[17:56:10.14] /i de::deselectAll [db::getNext [de::getContexts -window 6]]
[17:56:10.14] /i de::select [de::getActiveFigure [gi::getWindows 6] -point {6.93125 2.19375} -index 0 -intent none]
[17:56:10.14] /o oa:0x22a8a670
[17:56:11.33] /i gi::setItemSelection {attributes} -index {text,all} -in [gi::getAssistants dePropertyEditor -from [gi::getWindows 6]]
[17:56:11.33] /i gi::setCurrentIndex {attributes} -index {text,Value} -in [gi::getAssistants dePropertyEditor -from [gi::getWindows 6]]
[17:56:13.10] /i gi::setField {attributes} -value {Ci} -index {text,Value} -in [gi::getAssistants dePropertyEditor -from [gi::getWindows 6]]
[17:56:13.10] /i gi::executeAction dePropertyEditorApplyChanges -in [gi::getAssistants dePropertyEditor -from [gi::getWindows 6]]
[17:56:14.04] /# gi::executeAction {deSelectActive} -in [gi::getWindows 6]
[17:56:14.04] /i de::deselectAll [db::getNext [de::getContexts -window 6]]
[17:56:14.04] /i de::select [de::getActiveFigure [gi::getWindows 6] -point {6.60625 2.16875} -index 0 -intent none]
[17:56:14.04] /o oa:0x244ef750
[17:56:16.23] /i gi::setItemSelection {attributes} -index {accessDir,all} -in [gi::getAssistants dePropertyEditor -from [gi::getWindows 6]]
[17:56:16.24] /i gi::setCurrentIndex {attributes} -index {accessDir,Value} -in [gi::getAssistants dePropertyEditor -from [gi::getWindows 6]]
[17:56:17.65] /i gi::setField {attributes} -value {output} -index {accessDir,Value} -in [gi::getAssistants dePropertyEditor -from [gi::getWindows 6]]
[17:56:18.31] /# gi::executeAction {deSelectActive} -in [gi::getWindows 6]
[17:56:18.31] /i de::deselectAll [db::getNext [de::getContexts -window 6]]
[17:56:18.35] /r giDialog gi::setActiveDialog [gi::getDialogs {dbSelectionChange} -parent [gi::getWindows 6]]
[17:56:18.64] /r giDialog db::setAttr geometry -of [gi::getDialogs {dbSelectionChange} -parent [gi::getWindows 6]] -value 432x82+734+428
[17:56:19.40] /r giDialog gi::pressButton {apply} -in [gi::getDialogs {dbSelectionChange} -parent [gi::getWindows 6]]
[17:56:19.42] /i de::deselectAllLogic -context [de::getContexts -filter {%editDesign==[db::getAttr editDesign -of [db::getNext [de::getContexts -window 6]]]}]
[17:56:19.77] /# gi::executeAction {deCanvasZoomOutAtPoint} -in [gi::getWindows 6]
[17:56:19.77] /i de::zoom -window [gi::getWindows 6] -factor 0.5 -center {5.90625 1.825}
[17:56:19.80] /# gi::executeAction {deCanvasZoomOutAtPoint} -in [gi::getWindows 6]
[17:56:19.80] /i de::zoom -window [gi::getWindows 6] -factor 0.5 -center {5.9125 1.825}
[17:56:20.43] /# gi::executeAction {deCanvasZoomInAtPoint} -in [gi::getWindows 6]
[17:56:20.43] /i de::zoom -window [gi::getWindows 6] -factor 2.0 -center {5.21875 1.0125}
[17:56:20.45] /# gi::executeAction {deCanvasZoomInAtPoint} -in [gi::getWindows 6]
[17:56:20.45] /i de::zoom -window [gi::getWindows 6] -factor 2.0 -center {5.21875 1.0125}
[17:56:20.47] /# gi::executeAction {deCanvasZoomInAtPoint} -in [gi::getWindows 6]
[17:56:20.47] /i de::zoom -window [gi::getWindows 6] -factor 2.0 -center {5.21875 1.0125}
[17:56:20.51] /# gi::executeAction {deCanvasZoomInAtPoint} -in [gi::getWindows 6]
[17:56:20.51] /i de::zoom -window [gi::getWindows 6] -factor 2.0 -center {5.21875 1.0125}
[17:56:21.03] /# gi::executeAction {deSelectActive} -in [gi::getWindows 6]
[17:56:21.03] /i de::deselectAll [db::getNext [de::getContexts -window 6]]
[17:56:21.04] /i de::select [de::getActiveFigure [gi::getWindows 6] -point {5.1375 1.05} -index 0 -intent none]
[17:56:21.04] /o oa:0x21a4c560
[17:56:21.70] /# gi::executeAction {deCanvasZoomOutAtPoint} -in [gi::getWindows 6]
[17:56:21.70] /i de::zoom -window [gi::getWindows 6] -factor 0.5 -center {5.1375 1.05}
[17:56:21.71] /# gi::executeAction {deCanvasZoomOutAtPoint} -in [gi::getWindows 6]
[17:56:21.71] /i de::zoom -window [gi::getWindows 6] -factor 0.5 -center {5.1375 1.05625}
[17:56:21.74] /# gi::executeAction {deCanvasZoomOutAtPoint} -in [gi::getWindows 6]
[17:56:21.74] /i de::zoom -window [gi::getWindows 6] -factor 0.5 -center {5.13125 1.05625}
[17:56:23.52] /# gi::executeAction {deCanvasZoomOutAtPoint} -in [gi::getWindows 6]
[17:56:23.52] /i de::zoom -window [gi::getWindows 6] -factor 0.5 -center {3.1375 1.0625}
[17:56:25.88] /# gi::executeAction {deSelectActive} -in [gi::getWindows 6]
[17:56:25.88] /i de::deselectAll [db::getNext [de::getContexts -window 6]]
[17:56:25.88] /i de::select [de::getActiveFigure [gi::getWindows 6] -point {6.73125 2.175} -index 0 -intent none]
[17:56:25.88] /o oa:0x239e1cd0
[17:56:27.10] /i gi::setItemSelection {attributes} -index {name,all} -in [gi::getAssistants dePropertyEditor -from [gi::getWindows 6]]
[17:56:27.10] /i gi::setCurrentIndex {attributes} -index {name,Value} -in [gi::getAssistants dePropertyEditor -from [gi::getWindows 6]]
[17:56:28.30] /i gi::setField {attributes} -value {Ci1} -index {name,Value} -in [gi::getAssistants dePropertyEditor -from [gi::getWindows 6]]
[17:56:28.30] /i gi::executeAction dePropertyEditorApplyChanges -in [gi::getAssistants dePropertyEditor -from [gi::getWindows 6]]
[17:56:30.38] /# gi::executeAction {deCanvasZoomOutAtPoint} -in [gi::getWindows 6]
[17:56:30.38] /i de::zoom -window [gi::getWindows 6] -factor 0.5 -center {2.2875 1.275}
[17:56:30.81] /# gi::executeAction {deCanvasZoomInAtPoint} -in [gi::getWindows 6]
[17:56:30.81] /i de::zoom -window [gi::getWindows 6] -factor 2.0 -center {0.6125 1.3625}
[17:56:31.04] /# gi::executeAction {deCanvasZoomInAtPoint} -in [gi::getWindows 6]
[17:56:31.04] /i de::zoom -window [gi::getWindows 6] -factor 2.0 -center {0.375 1.38125}
[17:56:32.28] /# gi::executeAction {deSelectActive} -in [gi::getWindows 6]
[17:56:32.28] /i de::deselectAll [db::getNext [de::getContexts -window 6]]
[17:56:32.28] /i de::select [de::getActiveFigure [gi::getWindows 6] -point {0.1625 1.6} -index 0 -intent none]
[17:56:32.28] /o oa:0x23df2190
[17:56:33.60] /i gi::setItemSelection {attributes} -index {name,all} -in [gi::getAssistants dePropertyEditor -from [gi::getWindows 6]]
[17:56:33.60] /i gi::setCurrentIndex {attributes} -index {name,Value} -in [gi::getAssistants dePropertyEditor -from [gi::getWindows 6]]
[17:56:35.03] /i gi::setField {attributes} -value {Ai} -index {name,Value} -in [gi::getAssistants dePropertyEditor -from [gi::getWindows 6]]
[17:56:35.50] /# gi::executeAction {deSelectActive} -in [gi::getWindows 6]
[17:56:35.50] /i de::deselectAll [db::getNext [de::getContexts -window 6]]
[17:56:35.54] /r giDialog gi::setActiveDialog [gi::getDialogs {dbSelectionChange} -parent [gi::getWindows 6]]
[17:56:35.82] /r giDialog db::setAttr geometry -of [gi::getDialogs {dbSelectionChange} -parent [gi::getWindows 6]] -value 432x82+734+428
[17:56:36.60] /r giDialog gi::pressButton {apply} -in [gi::getDialogs {dbSelectionChange} -parent [gi::getWindows 6]]
[17:56:36.62] /i de::deselectAllLogic -context [de::getContexts -filter {%editDesign==[db::getAttr editDesign -of [db::getNext [de::getContexts -window 6]]]}]
[17:56:37.65] /# gi::executeAction {deSelectActive} -in [gi::getWindows 6]
[17:56:37.65] /i de::deselectAll [db::getNext [de::getContexts -window 6]]
[17:56:37.65] /i de::select [de::getActiveFigure [gi::getWindows 6] -point {0.19375 1.48125} -index 0 -intent none]
[17:56:37.65] /o oa:0x237d0150
[17:56:38.68] /i gi::setItemSelection {attributes} -index {name,all} -in [gi::getAssistants dePropertyEditor -from [gi::getWindows 6]]
[17:56:38.68] /i gi::setCurrentIndex {attributes} -index {name,Value} -in [gi::getAssistants dePropertyEditor -from [gi::getWindows 6]]
[17:56:39.63] /i gi::setField {attributes} -value {Bi} -index {name,Value} -in [gi::getAssistants dePropertyEditor -from [gi::getWindows 6]]
[17:56:39.63] /i gi::executeAction dePropertyEditorApplyChanges -in [gi::getAssistants dePropertyEditor -from [gi::getWindows 6]]
[17:56:42.26] /i gi::setActiveWindow 3
[17:56:42.26] /i gi::setActiveWindow 3 -raise true
[17:56:44.09] /# gi::executeAction {deSelectActive} -in [gi::getWindows 3]
[17:56:44.09] /i de::deselectAll [db::getNext [de::getContexts -window 3]]
[17:56:44.09] /i de::select [de::getActiveFigure [gi::getWindows 3] -point {11.009 7.235} -index 0 -intent none]
[17:56:44.09] /o oa:0x24402780
[17:56:46.48] /# gi::executeAction {deSelectActive} -in [gi::getWindows 3]
[17:56:46.48] /i de::cycleActiveFigure [gi::getWindows 3] -direction next
[17:56:46.48] /o oa:0x23c85230
[17:56:46.48] /i de::deselectAll [db::getNext [de::getContexts -window 3]]
[17:56:46.48] /i de::select [de::getActiveFigure [gi::getWindows 3] -point {11.002 7.205} -index 1 -intent none]
[17:56:46.48] /o oa:0x22a8f0d0
[17:56:48.10] /i gi::setItemSelection {connectivity} -index {shapeTermName,all} -in [gi::getAssistants dePropertyEditor -from [gi::getWindows 3]]
[17:56:48.10] /i gi::setCurrentIndex {connectivity} -index {shapeTermName,Value} -in [gi::getAssistants dePropertyEditor -from [gi::getWindows 3]]
[17:56:50.86] /i gi::setField {connectivity} -value {Si} -index {shapeTermName,Value} -in [gi::getAssistants dePropertyEditor -from [gi::getWindows 3]]
[17:56:50.86] /i gi::executeAction dePropertyEditorApplyChanges -in [gi::getAssistants dePropertyEditor -from [gi::getWindows 3]]
[17:56:54.56] /# gi::executeAction {deSelectActive} -in [gi::getWindows 3]
[17:56:54.56] /i de::deselectAll [db::getNext [de::getContexts -window 3]]
[17:56:54.56] /i de::select [de::getActiveFigure [gi::getWindows 3] -point {18.96 5.723} -index 0 -intent none]
[17:56:54.56] /o oa:0x22fbf410
[17:56:55.00] /# gi::executeAction {deCanvasZoomInAtPoint} -in [gi::getWindows 3]
[17:56:55.00] /i de::zoom -window [gi::getWindows 3] -factor 2.0 -center {18.937 5.723}
[17:56:55.05] /# gi::executeAction {deCanvasZoomInAtPoint} -in [gi::getWindows 3]
[17:56:55.05] /i de::zoom -window [gi::getWindows 3] -factor 2.0 -center {18.937 5.723}
[17:56:56.89] /# gi::executeAction {deSelectActive} -in [gi::getWindows 3]
[17:56:56.89] /i de::deselectAll [db::getNext [de::getContexts -window 3]]
[17:56:56.89] /i de::select [de::getActiveFigure [gi::getWindows 3] -point {18.971 5.712} -index 0 -intent none]
[17:56:56.89] /o oa:0x23bb9930
[17:56:58.39] /# gi::executeAction {deSelectActive} -in [gi::getWindows 3]
[17:56:58.39] /i de::cycleActiveFigure [gi::getWindows 3] -direction next
[17:56:58.39] /o oa:0x1d0ae7b0
[17:56:58.39] /i de::deselectAll [db::getNext [de::getContexts -window 3]]
[17:56:58.39] /i de::select [de::getActiveFigure [gi::getWindows 3] -point {18.973 5.71} -index 1 -intent none]
[17:56:58.39] /o oa:0x23bb9930
[17:56:58.95] /# gi::executeAction {deSelectActive} -in [gi::getWindows 3]
[17:56:58.95] /i de::cycleActiveFigure [gi::getWindows 3] -direction next
[17:56:58.95] /o oa:0x1d0a8ae0
[17:56:58.95] /i de::deselectAll [db::getNext [de::getContexts -window 3]]
[17:56:58.95] /i de::select [de::getActiveFigure [gi::getWindows 3] -point {18.959 5.714} -index 1 -intent none]
[17:56:58.95] /o oa:0x23bb9930
[17:56:59.54] /# gi::executeAction {deSelectActive} -in [gi::getWindows 3]
[17:56:59.54] /i de::cycleActiveFigure [gi::getWindows 3] -direction next
[17:56:59.54] /o oa:0x244933c0
[17:56:59.54] /i de::deselectAll [db::getNext [de::getContexts -window 3]]
[17:56:59.54] /i de::select [de::getActiveFigure [gi::getWindows 3] -point {18.959 5.714} -index 2 -intent none]
[17:56:59.54] /o oa:0x23deecc0
[17:57:00.31] /# gi::executeAction {deSelectActive} -in [gi::getWindows 3]
[17:57:00.31] /i de::cycleActiveFigure [gi::getWindows 3] -direction next
[17:57:00.32] /o oa:0x23768920
[17:57:00.32] /i de::deselectAll [db::getNext [de::getContexts -window 3]]
[17:57:00.32] /i de::select [de::getActiveFigure [gi::getWindows 3] -point {18.959 5.714} -index 3 -intent none]
[17:57:00.32] /o oa:0x23deecc0
[17:57:00.88] /# gi::executeAction {deSelectActive} -in [gi::getWindows 3]
[17:57:00.88] /i de::cycleActiveFigure [gi::getWindows 3] -direction next
[17:57:00.89] /o oa:0x239dc380
[17:57:00.89] /i de::deselectAll [db::getNext [de::getContexts -window 3]]
[17:57:00.89] /i de::select [de::getActiveFigure [gi::getWindows 3] -point {18.959 5.714} -index 0 -intent none]
[17:57:00.89] /o oa:0x23a7fa60
[17:57:03.89] /# gi::executeAction {leDelete} -in [gi::getWindows 3]
[17:57:03.89] /i le::delete [de::getSelected -design [ed]] -partialObject ignore
[17:57:05.41] /# gi::executeAction {deSelectActive} -in [gi::getWindows 3]
[17:57:05.41] /i de::deselectAll [db::getNext [de::getContexts -window 3]]
[17:57:05.41] /i de::select [de::getActiveFigure [gi::getWindows 3] -point {18.973 5.71} -index 0 -intent none]
[17:57:05.41] /o oa:0x244f2190
[17:57:07.18] /# gi::executeAction {leMove} -in [gi::getWindows 3]
[17:57:07.18] /i ile::move
[17:57:07.29] /# gi::executeAction {deAddPoint} -in [gi::getWindows 3]
[17:57:07.29] /i de::addPoint {18.969 5.714} -context [db::getNext [de::getContexts -window 3]]
[17:57:08.75] /# gi::executeAction {deCompleteShapeHere} -in [gi::getWindows 3]
[17:57:08.75] /i de::completeShape {18.969 5.706} -context [db::getNext [de::getContexts -window 3]]
[17:57:10.16] /i gi::setItemSelection {connectivity} -index {shapeTermName,all} -in [gi::getAssistants dePropertyEditor -from [gi::getWindows 3]]
[17:57:10.17] /i gi::setCurrentIndex {connectivity} -index {shapeTermName,Value} -in [gi::getAssistants dePropertyEditor -from [gi::getWindows 3]]
[17:57:12.43] /i gi::setField {connectivity} -value {Ci1} -index {shapeTermName,Value} -in [gi::getAssistants dePropertyEditor -from [gi::getWindows 3]]
[17:57:12.43] /i gi::executeAction dePropertyEditorApplyChanges -in [gi::getAssistants dePropertyEditor -from [gi::getWindows 3]]
[17:57:13.31] /# gi::executeAction {deCanvasZoomOutAtPoint} -in [gi::getWindows 3]
[17:57:13.31] /i de::zoom -window [gi::getWindows 3] -factor 0.5 -center {18.671 5.985}
[17:57:13.34] /# gi::executeAction {deCanvasZoomOutAtPoint} -in [gi::getWindows 3]
[17:57:13.34] /i de::zoom -window [gi::getWindows 3] -factor 0.5 -center {18.672 5.985}
[17:57:15.05] /# gi::executeAction {deCanvasZoomOutAtPoint} -in [gi::getWindows 3]
[17:57:15.05] /i de::zoom -window [gi::getWindows 3] -factor 0.5 -center {18.214 4.143}
[17:57:16.72] /# gi::executeAction {deCanvasZoomInAtPoint} -in [gi::getWindows 3]
[17:57:16.72] /i de::zoom -window [gi::getWindows 3] -factor 2.0 -center {6.162 6.54}
[17:57:16.78] /# gi::executeAction {deCanvasZoomInAtPoint} -in [gi::getWindows 3]
[17:57:16.78] /i de::zoom -window [gi::getWindows 3] -factor 2.0 -center {6.125 6.555}
[17:57:16.86] /# gi::executeAction {deCanvasZoomInAtPoint} -in [gi::getWindows 3]
[17:57:16.86] /i de::zoom -window [gi::getWindows 3] -factor 2.0 -center {6.117 6.555}
[17:57:17.63] /# gi::executeAction {deCanvasZoomOutAtPoint} -in [gi::getWindows 3]
[17:57:17.63] /i de::zoom -window [gi::getWindows 3] -factor 0.5 -center {7.487 6.446}
[17:57:17.71] /# gi::executeAction {deCanvasZoomOutAtPoint} -in [gi::getWindows 3]
[17:57:17.71] /i de::zoom -window [gi::getWindows 3] -factor 0.5 -center {7.491 6.447}
[17:57:18.28] /# gi::executeAction {deCanvasZoomInAtPoint} -in [gi::getWindows 3]
[17:57:18.28] /i de::zoom -window [gi::getWindows 3] -factor 2.0 -center {7.461 6.679}
[17:57:18.59] /# gi::executeAction {deCanvasZoomInAtPoint} -in [gi::getWindows 3]
[17:57:18.59] /i de::zoom -window [gi::getWindows 3] -factor 2.0 -center {7.555 6.656}
[17:57:20.48] /# gi::executeAction {deCanvasZoomOutAtPoint} -in [gi::getWindows 3]
[17:57:20.48] /i de::zoom -window [gi::getWindows 3] -factor 0.5 -center {7.413 6.518}
[17:57:20.54] /# gi::executeAction {deCanvasZoomOutAtPoint} -in [gi::getWindows 3]
[17:57:20.54] /i de::zoom -window [gi::getWindows 3] -factor 0.5 -center {7.42 6.517}
[17:57:21.59] /# gi::executeAction {deCanvasZoomOutAtPoint} -in [gi::getWindows 3]
[17:57:21.59] /i de::zoom -window [gi::getWindows 3] -factor 0.5 -center {8.033 6.293}
[17:57:23.50] /# gi::executeAction {deCanvasZoomOutAtPoint} -in [gi::getWindows 3]
[17:57:23.50] /i de::zoom -window [gi::getWindows 3] -factor 0.5 -center {4.38 6.713}
[17:57:24.15] /# gi::executeAction {deCanvasZoomInAtPoint} -in [gi::getWindows 3]
[17:57:24.15] /i de::zoom -window [gi::getWindows 3] -factor 2.0 -center {13.543 6.472}
[17:57:24.26] /# gi::executeAction {deCanvasZoomInAtPoint} -in [gi::getWindows 3]
[17:57:24.26] /i de::zoom -window [gi::getWindows 3] -factor 2.0 -center {13.543 6.472}
[17:57:25.84] /# gi::executeAction {leMove} -in [gi::getWindows 3]
[17:57:25.84] /i ile::move
[17:57:26.00] /# gi::executeAction {deAddPoint} -in [gi::getWindows 3]
[17:57:26.00] /i de::addPoint {13.536 6.48} -context [db::getNext [de::getContexts -window 3]]
[17:57:27.81] /# gi::executeAction {deAddPoint} -in [gi::getWindows 3]
[17:57:27.81] /i de::addPoint {13.723 6.45} -context [db::getNext [de::getContexts -window 3]]
[17:57:28.53] /# gi::executeAction {leMove} -in [gi::getWindows 3]
[17:57:28.53] /i ile::move
[17:57:28.73] /# gi::executeAction {deAddPoint} -in [gi::getWindows 3]
[17:57:28.73] /i de::addPoint {13.723 6.45} -context [db::getNext [de::getContexts -window 3]]
[17:57:29.32] /# gi::executeAction {deAddPoint} -in [gi::getWindows 3]
[17:57:29.32] /i de::addPoint {13.73 6.45} -context [db::getNext [de::getContexts -window 3]]
[17:57:29.68] /# gi::executeAction {leMove} -in [gi::getWindows 3]
[17:57:29.68] /i ile::move
[17:57:30.00] /# gi::executeAction {deAddPoint} -in [gi::getWindows 3]
[17:57:30.00] /i de::addPoint {13.73 6.45} -context [db::getNext [de::getContexts -window 3]]
[17:57:30.62] /# gi::executeAction {deAddPoint} -in [gi::getWindows 3]
[17:57:30.62] /i de::addPoint {13.745 6.472} -context [db::getNext [de::getContexts -window 3]]
[17:57:31.40] /# gi::executeAction {deSelectActive} -in [gi::getWindows 3]
[17:57:31.40] /i de::deselectAll [db::getNext [de::getContexts -window 3]]
[17:57:31.40] /i de::select [de::getActiveFigure [gi::getWindows 3] -point {14.052 6.502} -index 0 -intent none]
[17:57:31.40] /o oa:0x20e07fa0
[17:57:32.24] /# gi::executeAction {leStartStretchDrag} -in [gi::getWindows 3]
[17:57:32.24] /i layout_editor::directStretch [de::getActiveFigure [gi::getWindows 3] -point {14.172 6.495} -index 0 -intent none] 3
[17:57:32.24] /i ile::stretch -point {14.17 6.495}
[17:57:32.28] /# gi::executeAction {deEndDrag} -in [gi::getWindows 3]
[17:57:32.29] /i de::endDrag {14.194 6.487} -context [db::getNext [de::getContexts -window 3]]
[17:57:32.94] /# gi::executeAction {leMove} -in [gi::getWindows 3]
[17:57:32.94] /i ile::move
[17:57:34.03] /# gi::executeAction {deAbortCommand} -in [gi::getWindows 3]
[17:57:34.03] /i de::abortCommand -context [db::getNext [de::getContexts -window 3]]
[17:57:35.02] /# gi::executeAction {deSelectActive} -in [gi::getWindows 3]
[17:57:35.02] /i de::deselectAll [db::getNext [de::getContexts -window 3]]
[17:57:35.49] /i gi::executeAction {deCanvasDragCancel} -in [gi::getWindows 3]
[17:57:35.92] /# gi::executeAction {deCanvasZoomOutAtPoint} -in [gi::getWindows 3]
[17:57:35.92] /i de::zoom -window [gi::getWindows 3] -factor 0.5 -center {8.557 7.37}
[17:57:37.07] /# gi::executeAction {deCanvasZoomInAtPoint} -in [gi::getWindows 3]
[17:57:37.07] /i de::zoom -window [gi::getWindows 3] -factor 2.0 -center {8.348 5.499}
[17:57:37.67] /# gi::executeAction {deCanvasZoomInAtPoint} -in [gi::getWindows 3]
[17:57:37.67] /i de::zoom -window [gi::getWindows 3] -factor 2.0 -center {8.34 5.035}
[17:57:37.74] /# gi::executeAction {deCanvasZoomInAtPoint} -in [gi::getWindows 3]
[17:57:37.74] /i de::zoom -window [gi::getWindows 3] -factor 2.0 -center {8.34 5.039}
[17:57:39.21] /# gi::executeAction {deCanvasZoomOutAtPoint} -in [gi::getWindows 3]
[17:57:39.21] /i de::zoom -window [gi::getWindows 3] -factor 0.5 -center {8.295 5.381}
[17:57:41.31] /# gi::executeAction {deSelectActive} -in [gi::getWindows 3]
[17:57:41.31] /i de::deselectAll [db::getNext [de::getContexts -window 3]]
[17:57:41.31] /i de::select [de::getActiveFigure [gi::getWindows 3] -point {8.198 5.891} -index 0 -intent none]
[17:57:41.31] /o oa:0x22a695f0
[17:57:41.72] /# gi::executeAction {leMove} -in [gi::getWindows 3]
[17:57:41.72] /i ile::move
[17:57:41.91] /# gi::executeAction {deAddPoint} -in [gi::getWindows 3]
[17:57:41.91] /i de::addPoint {8.198 5.891} -context [db::getNext [de::getContexts -window 3]]
[17:57:45.77] /# gi::executeAction {deCompleteShapeHere} -in [gi::getWindows 3]
[17:57:45.77] /i de::completeShape {8.198 5.913} -context [db::getNext [de::getContexts -window 3]]
[17:57:46.53] /# gi::executeAction {deCanvasZoomOutAtPoint} -in [gi::getWindows 3]
[17:57:46.53] /i de::zoom -window [gi::getWindows 3] -factor 0.5 -center {9.418 5.73}
[17:57:46.61] /# gi::executeAction {deCanvasZoomOutAtPoint} -in [gi::getWindows 3]
[17:57:46.61] /i de::zoom -window [gi::getWindows 3] -factor 0.5 -center {9.419 5.73}
[17:57:47.14] /# gi::executeAction {deCanvasZoomInAtPoint} -in [gi::getWindows 3]
[17:57:47.14] /i de::zoom -window [gi::getWindows 3] -factor 2.0 -center {8.505 5.849}
[17:57:47.19] /# gi::executeAction {deCanvasZoomInAtPoint} -in [gi::getWindows 3]
[17:57:47.19] /i de::zoom -window [gi::getWindows 3] -factor 2.0 -center {8.557 5.842}
[17:57:47.90] /# gi::executeAction {deSelectByWindow} -in [gi::getWindows 3]
[17:57:47.90] /i db::setPrefValue deSelectMode -value Replace -scope [db::getScopes [db::getNext [de::getContexts -window 3]]]; ide::selectByRegion -region rectangle -point {9.07 5.865} 
[17:57:48.14] /# gi::executeAction {deEndDrag} -in [gi::getWindows 3]
[17:57:48.14] /i de::endDrag {8.509 5.505} -context [db::getNext [de::getContexts -window 3]]
[17:57:49.15] /# gi::executeAction {leMove} -in [gi::getWindows 3]
[17:57:49.15] /i ile::move
[17:57:49.29] /# gi::executeAction {deAddPoint} -in [gi::getWindows 3]
[17:57:49.29] /i de::addPoint {8.763 5.685} -context [db::getNext [de::getContexts -window 3]]
[17:57:50.44] /# gi::executeAction {deCompleteShapeHere} -in [gi::getWindows 3]
[17:57:50.44] /i de::completeShape {8.744 5.685} -context [db::getNext [de::getContexts -window 3]]
[17:57:51.11] /# gi::executeAction {deCanvasZoomOutAtPoint} -in [gi::getWindows 3]
[17:57:51.11] /i de::zoom -window [gi::getWindows 3] -factor 0.5 -center {9.152 5.823}
[17:57:51.83] /# gi::executeAction {deCanvasZoomOutAtPoint} -in [gi::getWindows 3]
[17:57:51.83] /i de::zoom -window [gi::getWindows 3] -factor 0.5 -center {4.362 5.644}
[17:57:53.04] /# gi::executeAction {deCanvasZoomInAtPoint} -in [gi::getWindows 3]
[17:57:53.04] /i de::zoom -window [gi::getWindows 3] -factor 2.0 -center {0.079 5.868}
[17:57:53.15] /# gi::executeAction {deCanvasZoomInAtPoint} -in [gi::getWindows 3]
[17:57:53.15] /i de::zoom -window [gi::getWindows 3] -factor 2.0 -center {0.124 5.868}
[17:57:56.05] /# gi::executeAction {leMove} -in [gi::getWindows 3]
[17:57:56.05] /i ile::move
[17:57:58.44] /# gi::executeAction {deAbortCommand} -in [gi::getWindows 3]
[17:57:58.44] /i de::abortCommand -context [db::getNext [de::getContexts -window 3]]
[17:57:59.30] /# gi::executeAction {deSelectActive} -in [gi::getWindows 3]
[17:57:59.30] /i de::deselectAll [db::getNext [de::getContexts -window 3]]
[17:57:59.30] /i de::select [de::getActiveFigure [gi::getWindows 3] -point {1.288 6.486} -index 0 -intent none]
[17:57:59.30] /o oa:0x22ebd910
[17:58:00.72] /i gi::setItemSelection {connectivity} -index {shapeTermName,all} -in [gi::getAssistants dePropertyEditor -from [gi::getWindows 3]]
[17:58:00.72] /i gi::setCurrentIndex {connectivity} -index {shapeTermName,Value} -in [gi::getAssistants dePropertyEditor -from [gi::getWindows 3]]
[17:58:01.58] /i gi::setField {connectivity} -value {Ai} -index {shapeTermName,Value} -in [gi::getAssistants dePropertyEditor -from [gi::getWindows 3]]
[17:58:01.58] /i gi::executeAction dePropertyEditorApplyChanges -in [gi::getAssistants dePropertyEditor -from [gi::getWindows 3]]
[17:58:02.89] /# gi::executeAction {deSelectActive} -in [gi::getWindows 3]
[17:58:02.89] /i de::deselectAll [db::getNext [de::getContexts -window 3]]
[17:58:02.89] /i de::select [de::getActiveFigure [gi::getWindows 3] -point {3.062 6.459} -index 0 -intent none]
[17:58:02.89] /o oa:0x239c7340
[17:58:03.46] /# gi::executeAction {deSelectActive} -in [gi::getWindows 3]
[17:58:03.46] /i de::cycleActiveFigure [gi::getWindows 3] -direction next
[17:58:03.46] /o oa:0x22a8e500
[17:58:03.46] /i de::deselectAll [db::getNext [de::getContexts -window 3]]
[17:58:03.46] /i de::select [de::getActiveFigure [gi::getWindows 3] -point {3.062 6.459} -index 1 -intent none]
[17:58:03.46] /o oa:0x23b837d0
[17:58:05.54] /# gi::executeAction {deSelectActive} -in [gi::getWindows 3]
[17:58:05.54] /i de::deselectAll [db::getNext [de::getContexts -window 3]]
[17:58:05.55] /i de::select [de::getActiveFigure [gi::getWindows 3] -point {3.088 6.463} -index 0 -intent none]
[17:58:05.55] /o oa:0x24671610
[17:58:06.46] /# gi::executeAction {deSelectActive} -in [gi::getWindows 3]
[17:58:06.46] /i de::cycleActiveFigure [gi::getWindows 3] -direction next
[17:58:06.46] /o oa:0x24a631a0
[17:58:06.46] /i de::deselectAll [db::getNext [de::getContexts -window 3]]
[17:58:06.46] /i de::select [de::getActiveFigure [gi::getWindows 3] -point {3.088 6.463} -index 1 -intent none]
[17:58:06.46] /o oa:0x23951e20
[17:58:07.33] /# gi::executeAction {deSelectActive} -in [gi::getWindows 3]
[17:58:07.33] /i de::cycleActiveFigure [gi::getWindows 3] -direction next
[17:58:07.33] /o oa:0x23c88a70
[17:58:07.33] /i de::deselectAll [db::getNext [de::getContexts -window 3]]
[17:58:07.33] /i de::select [de::getActiveFigure [gi::getWindows 3] -point {3.088 6.463} -index 2 -intent none]
[17:58:07.33] /o oa:0x23ca9b20
[17:58:09.97] /# gi::executeAction {deSelectActive} -in [gi::getWindows 3]
[17:58:09.97] /i de::cycleActiveFigure [gi::getWindows 3] -direction next
[17:58:09.97] /o oa:0x238ef2b0
[17:58:09.97] /i de::deselectAll [db::getNext [de::getContexts -window 3]]
[17:58:09.97] /i de::select [de::getActiveFigure [gi::getWindows 3] -point {3.01 6.474} -index 1 -intent none]
[17:58:09.97] /o oa:0x21a61490
[17:58:11.78] /i gi::setItemSelection {connectivity} -index {shapeTermName,all} -in [gi::getAssistants dePropertyEditor -from [gi::getWindows 3]]
[17:58:11.78] /i gi::setCurrentIndex {connectivity} -index {shapeTermName,Value} -in [gi::getAssistants dePropertyEditor -from [gi::getWindows 3]]
[17:58:12.69] /i gi::setField {connectivity} -value {Bi} -index {shapeTermName,Value} -in [gi::getAssistants dePropertyEditor -from [gi::getWindows 3]]
[17:58:12.70] /i gi::executeAction dePropertyEditorApplyChanges -in [gi::getAssistants dePropertyEditor -from [gi::getWindows 3]]
[17:58:13.84] /# gi::executeAction {deCanvasZoomOutAtPoint} -in [gi::getWindows 3]
[17:58:13.84] /i de::zoom -window [gi::getWindows 3] -factor 0.5 -center {2.231 5.662}
[17:58:13.85] /# gi::executeAction {deCanvasZoomOutAtPoint} -in [gi::getWindows 3]
[17:58:13.85] /i de::zoom -window [gi::getWindows 3] -factor 0.5 -center {2.284 5.647}
[17:58:14.46] /# gi::executeAction {deCanvasZoomInAtPoint} -in [gi::getWindows 3]
[17:58:14.46] /i de::zoom -window [gi::getWindows 3] -factor 2.0 -center {6.701 3.252}
[17:58:14.49] /# gi::executeAction {deCanvasZoomInAtPoint} -in [gi::getWindows 3]
[17:58:14.49] /i de::zoom -window [gi::getWindows 3] -factor 2.0 -center {6.529 3.304}
[17:58:14.60] /# gi::executeAction {deCanvasZoomInAtPoint} -in [gi::getWindows 3]
[17:58:14.60] /i de::zoom -window [gi::getWindows 3] -factor 2.0 -center {6.327 3.405}
[17:58:15.26] /# gi::executeAction {deCanvasZoomOutAtPoint} -in [gi::getWindows 3]
[17:58:15.26] /i de::zoom -window [gi::getWindows 3] -factor 0.5 -center {5.999 3.785}
[17:58:15.31] /# gi::executeAction {deCanvasZoomOutAtPoint} -in [gi::getWindows 3]
[17:58:15.31] /i de::zoom -window [gi::getWindows 3] -factor 0.5 -center {6 3.751}
[17:58:16.46] /# gi::executeAction {deCanvasZoomOutAtPoint} -in [gi::getWindows 3]
[17:58:16.46] /i de::zoom -window [gi::getWindows 3] -factor 0.5 -center {4.794 3.565}
[17:58:18.59] /# gi::executeAction {deCanvasZoomInAtPoint} -in [gi::getWindows 3]
[17:58:18.59] /i de::zoom -window [gi::getWindows 3] -factor 2.0 -center {11.307 4.582}
[17:58:18.62] /# gi::executeAction {deCanvasZoomInAtPoint} -in [gi::getWindows 3]
[17:58:18.62] /i de::zoom -window [gi::getWindows 3] -factor 2.0 -center {11.307 4.575}
[17:58:18.77] /# gi::executeAction {deCanvasZoomInAtPoint} -in [gi::getWindows 3]
[17:58:18.77] /i de::zoom -window [gi::getWindows 3] -factor 2.0 -center {11.307 4.53}
[17:58:19.41] /# gi::executeAction {deCanvasZoomOutAtPoint} -in [gi::getWindows 3]
[17:58:19.41] /i de::zoom -window [gi::getWindows 3] -factor 0.5 -center {11.157 4.386}
[17:58:21.18] /# gi::executeAction {deCanvasZoomOutAtPoint} -in [gi::getWindows 3]
[17:58:21.18] /i de::zoom -window [gi::getWindows 3] -factor 0.5 -center {11.195 4.378}
[17:58:21.23] /# gi::executeAction {deCanvasZoomOutAtPoint} -in [gi::getWindows 3]
[17:58:21.23] /i de::zoom -window [gi::getWindows 3] -factor 0.5 -center {11.225 4.303}
[17:58:28.42] /i gi::executeAction {deSaveDesign} -in [gi::getWindows 3]
[17:58:28.43] /m Information: Saving design 'Lab67 fulladder layout'. (DESIGN_WINDOW-004)
[17:58:30.41] /# gi::executeAction {xtLVSDebug} -in [gi::getWindows 3]
[17:58:30.41] /i xt::physicalVerification::startDebugger lvs 3
[17:58:31.51] /j ::xt::icv::vue::_private::registerConnection linux11114.dc.engr.scu.edu:48455 tcp3 icvVue_2 
[17:58:31.57] /j ::xt::icv::vue::_private::isJobReady 
[17:58:31.58] /o true
[17:58:31.58] /m Information: Connection established with 'IC Validator VUE' running on 'linux11114.dc.engr.scu.edu'.
[17:58:31.60] /j xt::icv::vue::startFilter LAY 
[17:58:31.62] /j xt::icv::vue::setWorkingDir /DCNFS/users/student/lkim/Desktop/ELEN153L/synopsys_custom/pvjob_Lab67.fulladder.icv.lvs 
[17:58:31.64] /j xt::icv::vue::startFilter SCH 
[17:58:31.66] /j xt::icv::vue::setWorkingDir /DCNFS/users/student/lkim/Desktop/ELEN153L/synopsys_custom/pvjob_Lab67.fulladder.icv.lvs 
[17:58:32.12] /j xt::icv::vue::setWorkingDir /DCNFS/users/student/lkim/Desktop/ELEN153L/synopsys_custom/pvjob_Lab67.fulladder.icv.lvs 
[17:58:32.14] /j xt::icv::vue::setTopLayLCV Lab67/fulladder/layout 
[17:58:32.16] /j xt::icv::vue::setWorkingDir /DCNFS/users/student/lkim/Desktop/ELEN153L/synopsys_custom/pvjob_Lab67.fulladder.icv.lvs 
[17:58:32.18] /j xt::icv::vue::openLCV Lab67/fulladder/layout 
[17:58:32.20] /j xt::icv::vue::openModule fulladder 
[17:58:32.39] /j xt::icv::vue::clearAllHighlights Lab67/fulladder/layout 
[17:58:32.41] /j xt::icv::vue::clearAllProbes fulladder 
[17:58:35.57] /j xt::icv::vue::clearAllHighlights Lab67/fulladder/layout 
[17:58:35.61] /j xt::icv::vue::clearAllProbes fulladder 
[17:58:35.61] /j xt::icv::vue::clearAllHighlights Lab67/fulladder/layout 
[17:58:35.63] /j xt::icv::vue::clearAllProbes fulladder 
[17:58:36.14] /m Information: Connection closed with 'IC Validator VUE' running on 'linux11114.dc.engr.scu.edu'.
[17:58:37.80] /# gi::executeAction {xtLVSRun} -in [gi::getWindows 3]
[17:58:37.80] /i xt::physicalVerification::executeRun lvs 3
[17:58:38.00] /i xt::physicalVerification::executePve lvs 3 xtLVSExecutePve
[17:58:38.09] /m Information: "Starting netlisting for design "Lab67/fulladder/schematic"..." (NETLISTING-010)
[17:58:38.14] /m Information: 
[17:58:38.14] /o Checking "Lab67/fulladder/schematic"
[17:58:38.14] /o No rule violations found in "Lab67/fulladder/schematic"
[17:58:38.14] /o No Design Integrity rule violations found in "Lab67/fulladder/schematic"
[17:58:38.63] /m Information: "Netlisting design "Lab67/fulladder/schematic" finished successfully." (NETLISTING-012)
[17:58:45.14] /i gi::setActiveTab {tabs} -tabName {stdout.lvs.log} -in [gi::getWindows 4]
[17:58:45.14] /i gi::setActiveTab {tabs} -tabName {stdout.lvs.log} -in [gi::getWindows 4]
[17:58:45.14] /i gi::setActiveTab {tabs} -tabName {stdout.lvs.log} -in [gi::getWindows 4]
[17:58:45.14] /i gi::setActiveTab {tabs} -tabName {stdout.lvs.log} -in [gi::getWindows 4]
[17:58:45.14] /i gi::setActiveTab {tabs} -tabName {stdout.lvs.log} -in [gi::getWindows 4]
[17:58:45.14] /i gi::setActiveTab {tabs} -tabName {stdout.lvs.log} -in [gi::getWindows 4]
[17:58:45.14] /i gi::setActiveTab {tabs} -tabName {stdout.lvs.log} -in [gi::getWindows 4]
[17:58:45.14] /i gi::setActiveTab {tabs} -tabName {stdout.lvs.log} -in [gi::getWindows 4]
[17:58:45.14] /i gi::setActiveTab {tabs} -tabName {stdout.lvs.log} -in [gi::getWindows 4]
[17:58:45.14] /i gi::setActiveTab {tabs} -tabName {stdout.lvs.log} -in [gi::getWindows 4]
[17:58:45.14] /i gi::setActiveTab {tabs} -tabName {stdout.lvs.log} -in [gi::getWindows 4]
[17:58:45.14] /i gi::setActiveTab {tabs} -tabName {stdout.lvs.log} -in [gi::getWindows 4]
[17:58:45.21] /e Error: The job 'icv_lvs_2' started on host 'localhost' with process id 2740 failed to start or complete successfully; the job's return code is 33.
[17:58:51.39] /i gi::executeAction giCloseWindow -in [gi::getWindows 4]
[17:58:54.04] /j xt::icv::vue::clearAllProbes fulladder 
[17:58:54.07] /j xt::icv::vue::clearAllHighlights Lab67/fulladder/layout 
[17:58:54.08] /j xt::icv::vue::clearAllProbes fulladder 
[17:58:54.11] /j xt::icv::vue::clearAllHighlights Lab67/fulladder/layout 
[17:58:54.64] /m Information: Connection closed with 'IC Validator VUE' running on 'linux11114.dc.engr.scu.edu'.
[17:58:57.03] /# gi::executeAction {xtLVSRun} -in [gi::getWindows 3]
[17:58:57.03] /i xt::physicalVerification::executeRun lvs 3
[17:58:57.25] /i xt::physicalVerification::executePve lvs 3 xtLVSExecutePve
[17:58:57.36] /m Information: "Starting netlisting for design "Lab67/fulladder/schematic"..." (NETLISTING-010)
[17:58:57.39] /m Information: 
[17:58:57.39] /o Checking "Lab67/fulladder/schematic"
[17:58:57.39] /o No rule violations found in "Lab67/fulladder/schematic"
[17:58:57.39] /o No Design Integrity rule violations found in "Lab67/fulladder/schematic"
[17:58:57.88] /m Information: "Netlisting design "Lab67/fulladder/schematic" finished successfully." (NETLISTING-012)
[17:58:58.61] /r giWindowId 7
[17:58:58.63] /r giWindowGeometry 800x600
[17:59:19.96] /m Information: 
              /c =============================
              /c JobID: icv_lvs_3
              /c --- ERROR SUMMARY -----------
              /c Compare Error Summary
              /c Refer to fulladder.LVS_ERRORS.
              /c LVS Compare Result: PASS
              /c TOP equivalence point:
              /c 		[fulladder, fulladder]
              /c     1 Successful equivalence points
              /c     0 Failed equivalence points
              /c =============================
              /c 
[17:59:21.01] /j ::xt::icv::vue::_private::registerConnection linux11114.dc.engr.scu.edu:46671 tcp5 icvVue_3 
[17:59:21.08] /j ::xt::icv::vue::_private::isJobReady 
[17:59:21.08] /o true
[17:59:21.08] /m Information: Connection established with 'IC Validator VUE' running on 'linux11114.dc.engr.scu.edu'.
[17:59:21.08] /j xt::icv::vue::startFilter LAY 
[17:59:21.10] /j xt::icv::vue::setWorkingDir /DCNFS/users/student/lkim/Desktop/ELEN153L/synopsys_custom/pvjob_Lab67.fulladder.icv.lvs 
[17:59:21.12] /j xt::icv::vue::startFilter SCH 
[17:59:21.14] /j xt::icv::vue::setWorkingDir /DCNFS/users/student/lkim/Desktop/ELEN153L/synopsys_custom/pvjob_Lab67.fulladder.icv.lvs 
[17:59:21.78] /j xt::icv::vue::setWorkingDir /DCNFS/users/student/lkim/Desktop/ELEN153L/synopsys_custom/pvjob_Lab67.fulladder.icv.lvs 
[17:59:21.80] /j xt::icv::vue::setTopLayLCV Lab67/fulladder/layout 
[17:59:21.82] /j xt::icv::vue::setWorkingDir /DCNFS/users/student/lkim/Desktop/ELEN153L/synopsys_custom/pvjob_Lab67.fulladder.icv.lvs 
[17:59:21.84] /j xt::icv::vue::openLCV Lab67/fulladder/layout 
[17:59:21.86] /j xt::icv::vue::openModule fulladder 
[17:59:22.01] /j xt::icv::vue::clearAllHighlights Lab67/fulladder/layout 
[17:59:22.03] /j xt::icv::vue::clearAllProbes fulladder 
[18:00:07.87] /j xt::icv::vue::clearAllProbes fulladder 
[18:00:07.89] /j xt::icv::vue::clearAllHighlights Lab67/fulladder/layout 
[18:00:07.91] /j xt::icv::vue::clearAllProbes fulladder 
[18:00:07.93] /j xt::icv::vue::clearAllHighlights Lab67/fulladder/layout 
[18:00:08.44] /m Information: Connection closed with 'IC Validator VUE' running on 'linux11114.dc.engr.scu.edu'.
[18:00:17.57] /i gi::setActiveWindow 2
[18:00:17.57] /i gi::setActiveWindow 2 -raise true
[18:00:35.07] /i gi::executeAction {dmLibOpenParamDefEditor} -in [gi::getWindows 2]
[18:00:35.07] /# db::openParamDefEditor -libName Lab67
[18:00:35.08] /r giWindowId 8
[18:00:35.11] /r giWindowGeometry 625x400
[18:00:35.18] /# gi::expand {cdfTree} -index {0.1.3.1,0} -in [gi::getWindows 8]
[18:00:36.57] /i gi::setCurrentIndex {cdfTree} -index {0,0} -in [gi::getWindows 8]
[18:00:36.57] /i gi::setItemSelection {cdfTree} -index {0,all} -in [gi::getWindows 8]
[18:00:37.63] /i gi::setField {cdfTree} -index {0,0} -value {Library:\ Lab67} -in [gi::getWindows 8]
[18:00:41.54] /i gi::setField {libraries} -value {Lab6Pt2} -in [gi::getWindows 8]
[18:00:45.05] /i gi::setActiveWindow 2
[18:00:45.05] /i gi::setActiveWindow 2 -raise true
[18:00:47.34] /i gi::setActiveWindow 8
[18:00:47.34] /i gi::setActiveWindow 8 -raise true
[18:00:49.08] /i gi::setField {libraries} -value {Lab6Pt2} -in [gi::getWindows 8]
[18:00:49.08] /i gi::executeAction giCloseWindow -in [gi::getWindows 8]
[18:00:50.12] /i gi::setCurrentIndex {libs} -index {LAB6} -in [gi::getWindows 2]
[18:00:50.15] /i gi::setItemSelection {libs} -index {LAB6} -in [gi::getWindows 2]
[18:01:20.77] /i gi::setItemSelection {libs} -index {} -in [gi::getWindows 2]
[18:02:02.39] /i gi::setCurrentIndex {libs} -index {Lab67} -in [gi::getWindows 2]
[18:02:02.44] /i gi::setItemSelection {cells} -index {fulladder} -in [gi::getWindows 2]
[18:02:02.46] /i gi::setItemSelection {views} -index {schematic} -in [gi::getWindows 2]
[18:02:02.48] /i gi::setItemSelection {libs} -index {Lab67} -in [gi::getWindows 2]
[18:02:15.71] /i gi::executeAction {menuPreShow} -in [gi::getWindows 2]
[18:02:15.71] /r giMenuAccess db::getNext [gi::getMenus dmEditMenu -from [gi::getWindows 2]]
[18:02:22.55] /i gi::executeAction {menuPreShow} -in [gi::getWindows 2]
[18:02:22.55] /r giMenuAccess db::getNext [gi::getMenus dmEditMenu -from [gi::getWindows 2]]
[18:02:30.33] /i gi::executeAction {menuPreShow} -in [gi::getWindows 2]
[18:02:30.33] /r giMenuAccess db::getNext [gi::getMenus dmEditMenu -from [gi::getWindows 2]]
[18:02:30.67] /i gi::executeAction {menuPreShow} -in [gi::getWindows 2]
[18:02:30.67] /r giMenuAccess db::getNext [gi::getMenus dmEditMenu -from [gi::getWindows 2]]
[18:02:51.74] /i gi::executeAction {menuPreShow} -in [gi::getWindows 2]
[18:02:51.74] /r giMenuAccess db::getNext [gi::getMenus dmEditMenu -from [gi::getWindows 2]]
[18:03:22.95] /i gi::executeAction {menuPreShow} -in [gi::getWindows 2]
[18:03:22.95] /r giMenuAccess db::getNext [gi::getMenus dmEditMenu -from [gi::getWindows 2]]
[18:03:23.99] /i gi::executeAction {menuPreShow} -in [gi::getWindows 2]
[18:03:23.99] /r giMenuAccess db::getAttr menu -of [db::getNext [gi::getActions dmEditCopyCascade -from [db::getNext [gi::getMenus dmEditMenu -from [gi::getWindows 2]]]]]
[18:03:34.41] /i gi::executeAction {menuPreShow} -in [gi::getWindows 2]
[18:03:34.41] /r giMenuAccess db::getNext [gi::getMenus dmEditMenu -from [gi::getWindows 2]]
[18:03:35.44] /i gi::executeAction {menuPreShow} -in [gi::getWindows 2]
[18:03:35.44] /r giMenuAccess db::getAttr menu -of [db::getNext [gi::getActions dmEditCopyCascade -from [db::getNext [gi::getMenus dmEditMenu -from [gi::getWindows 2]]]]]
[18:04:45.30] /i gi::executeAction {menuPreShow} -in [gi::getWindows 2]
[18:04:45.30] /r giMenuAccess db::getNext [gi::getMenus dmEditMenu -from [gi::getWindows 2]]
[18:04:46.89] /i gi::executeAction {menuPreShow} -in [gi::getWindows 2]
[18:04:46.89] /r giMenuAccess db::getNext [gi::getMenus dmEditMenu -from [gi::getWindows 2]]
[18:04:48.61] /i gi::executeAction {menuPreShow} -in [gi::getWindows 2]
[18:04:48.61] /r giMenuAccess db::getAttr menu -of [db::getNext [gi::getActions dbEditMCellCascade -from [db::getNext [gi::getMenus dmEditMenu -from [gi::getWindows 2]]]]]
[18:04:57.17] /i gi::executeAction {dmLibOpenParamDefEditor} -in [gi::getWindows 2]
[18:04:57.17] /# db::openParamDefEditor -libName Lab67
[18:04:57.17] /r giWindowId 9
[18:04:57.21] /r giWindowGeometry 625x400
[18:04:57.26] /# gi::expand {cdfTree} -index {0.1.3.1,0} -in [gi::getWindows 9]
[18:04:58.28] /i gi::setCurrentIndex {cdfTree} -index {0,0} -in [gi::getWindows 9]
[18:04:58.28] /i gi::setItemSelection {cdfTree} -index {0,all} -in [gi::getWindows 9]
[18:05:01.07] /i gi::setCurrentIndex {cdfTree} -index {0.1.0,0} -in [gi::getWindows 9]
[18:05:01.08] /i gi::setItemSelection {cdfTree} -index {0.1.0,all} -in [gi::getWindows 9]
[18:05:04.97] /i gi::executeAction giCloseWindow -in [gi::getWindows 9]
[18:05:34.76] /i gi::setCurrentIndex {libs} -index {sample} -in [gi::getWindows 2]
[18:05:34.83] /i gi::setItemSelection {libs} -index {sample} -in [gi::getWindows 2]
[18:06:03.87] /r giDialog gi::setActiveDialog [gi::getDialogs {giCloseFrame}]
[18:06:04.14] /r giDialog db::setAttr geometry -of [gi::getDialogs {giCloseFrame}] -value 299x108+801+415
[18:06:05.30] /r giDialog gi::pressButton {giCloseTabsButton} -in [gi::getDialogs {giCloseFrame}]
[18:06:05.33] /i exit
[18:06:05.40] /r giDialog gi::setActiveDialog [gi::getDialogs {deExitDialog} -parent [gi::getWindows 2]]
[18:06:05.64] /r giDialog db::setAttr geometry -of [gi::getDialogs {deExitDialog} -parent [gi::getWindows 2]] -value 419x207+741+366
[18:06:06.45] /r giDialog gi::pressButton {ok} -in [gi::getDialogs {deExitDialog} -parent [gi::getWindows 2]]
[18:06:06.52] /r giDialog gi::setActiveDialog [gi::getDialogs {deCloseDesign}]
[18:06:06.81] /r giDialog db::setAttr geometry -of [gi::getDialogs {deCloseDesign}] -value 460x82+720+428
[18:06:08.45] /r giDialog gi::pressButton {checkAndSave} -in [gi::getDialogs {deCloseDesign}]
[18:06:08.45] /# se::check -design [dm::findCellView {schematic} -cellName {fulladder} -libName {Lab67}] -forceChecks true -autoSave true
[18:06:08.52] /m Information: 
              /c Cross view checking for Lab67/fulladder/symbol with Lab67/fulladder/schematic
              /c 	[error] Missing Terminal
              /c 		Terminal Ai found in schematic is missing in symbol
              /c 	[error] Missing Terminal
              /c 		Terminal Bi found in schematic is missing in symbol
              /c 	[error] Terminal Type Mismatch
              /c 		Terminal Ci is type output in schematic and type input in symbol
              /c 	[error] Missing Terminal
              /c 		Terminal Ci1 found in schematic is missing in symbol
              /c 	[error] Missing Terminal
              /c 		Terminal Si found in schematic is missing in symbol
              /c 	[error] Extra Terminal
              /c 		Extra terminal A found in symbol not found in schematic
              /c 	[error] Extra Terminal
              /c 		Extra terminal B found in symbol not found in schematic
              /c 	[error] Extra Terminal
              /c 		Extra terminal Cout found in symbol not found in schematic
              /c 	[error] Extra Terminal
              /c 		Extra terminal Sum found in symbol not found in schematic (DE_EDIT-007)
[18:06:08.53] /m Information: 
[18:06:08.53] /o Checking "Lab67/fulladder/schematic"
[18:06:08.53] /o 	[warning] Floating Input Instance Pins
[18:06:08.53] /o 		Input pin 'Y' of instance 'HA2' is floating
[18:06:08.53] /o 	[warning] Floating Output Pins
[18:06:08.53] /o 		Output pin 'Ci' is floating
[18:06:08.54] /o 9 Error(s),2 Warning(s),0 Message(s) found   in "Lab67/fulladder/schematic"
[18:06:08.55] /o No Design Integrity rule violations found in "Lab67/fulladder/schematic"
[18:06:08.55] /m Information: Checking process is completed: marking the design violations
[18:06:08.66] /m Information: Marking of designs is completed
[18:06:08.66] /m Information: Saving design 'Lab67 fulladder schematic'. (DESIGN_WINDOW-004)
[18:06:09.73] /o Shutdown time: Sun Mar 14 18:06:09 2021
[18:06:09.73] /o Elapsed session real time: 16.21 minutes
[18:06:09.73] /o Session terminated. Log is at /DCNFS/users/student/lkim/Desktop/ELEN153L/synopsys_custom/logs/ccompiler.lkim.2021_3_14_174954_32733.log
