[20:28:37.59] /r giWindowId 0
[20:28:37.60] /r giWindowGeometry 600x300
[20:28:37.61] /o 
              /c                                 Custom Compiler 
              /c 
              /c               Version P-2019.06-SP1-7 for linux64 - Feb 13, 2020 
              /c 
              /c                     Copyright (c) 2004 - 2020 Synopsys, Inc.
              /c    This software and the associated documentation are proprietary to Synopsys,
              /c  Inc. This software may only be used in accordance with the terms and conditions
              /c  of a written license agreement with Synopsys, Inc. All other use, reproduction,
              /c             or distribution of this software is strictly prohibited.
              /c 
              /c Build  (OPT) Config 5329942 compiled on Thu Feb 13 14:05:50 2020 for RHEL64 6.6
              /c Invocation: /DCNFS/applications/synopsys/2019/app/customcompiler/P-2019.06-SP1-7/linux64/platform/bin/custom_compiler
              /c Execution time: Sun Jan 24 20:28:32 2021
              /c Host: linux11104
              /c Working directory: /DCNFS/users/student/lkim/Desktop/ELEN153L
              /c 
[20:28:45.78] /r giShowFrameTabs true
[20:28:45.78] /r giWindowId 1
[20:28:45.78] /r giWindowGeometry 1040x800
[20:28:47.33] /# gi::pressButton {/scroll/scrollArea/scrollAreaInnerWidget/applications/dmLibraryManager} -in [gi::getWindows 1]
[20:28:47.34] /# 
[20:28:47.47] /# gi::pressButton {/scroll/scrollArea/scrollAreaInnerWidget/applications/dmLibraryManager} -in [gi::getWindows 1]
[20:28:47.47] /# 
[20:28:47.64] /i dm::showLibraryManager
[20:28:47.64] /r giWindowId 2
[20:28:47.64] /r giWindowGeometry 996x909+5+78
[20:28:47.69] /o oa:0x21be52d0
[20:28:49.41] /i exit
[20:28:49.44] /r giDialog gi::setActiveDialog [gi::getDialogs {deExitDialog} -parent [gi::getWindows 2]]
[20:28:49.74] /r giDialog db::setAttr geometry -of [gi::getDialogs {deExitDialog} -parent [gi::getWindows 2]] -value 419x207+740+341
[20:28:50.56] /r giDialog gi::pressButton {ok} -in [gi::getDialogs {deExitDialog} -parent [gi::getWindows 2]]
[20:28:51.26] /o Shutdown time: Sun Jan 24 20:28:51 2021
[20:28:51.26] /o Elapsed session real time: 0.25 minutes
[20:28:51.26] /o Session terminated. Log is at /DCNFS/users/student/lkim/Desktop/ELEN153L/synopsys_custom/logs/ccompiler.lkim.2021_1_24_202832_26202.log
