[14:12:22.08] /r giWindowId 0
[14:12:22.08] /r giWindowGeometry 600x300
[14:12:22.10] /o 
              /c                                 Custom Compiler 
              /c 
              /c               Version P-2019.06-SP1-7 for linux64 - Feb 13, 2020 
              /c 
              /c                     Copyright (c) 2004 - 2020 Synopsys, Inc.
              /c    This software and the associated documentation are proprietary to Synopsys,
              /c  Inc. This software may only be used in accordance with the terms and conditions
              /c  of a written license agreement with Synopsys, Inc. All other use, reproduction,
              /c             or distribution of this software is strictly prohibited.
              /c 
              /c Build  (OPT) Config 5329942 compiled on Thu Feb 13 14:05:50 2020 for RHEL64 6.6
              /c Invocation: /DCNFS/applications/synopsys/2019/app/customcompiler/P-2019.06-SP1-7/linux64/platform/bin/custom_compiler
              /c Execution time: Thu Jan 28 14:12:18 2021
              /c Host: linux11104
              /c Working directory: /DCNFS/users/student/lkim/Desktop/ELEN153L
              /c 
[14:12:28.78] /r giShowFrameTabs true
[14:12:28.78] /r giWindowId 1
[14:12:28.78] /r giWindowGeometry 1040x800
[14:12:53.96] /i db::setAttr geometry -of [gi::getFrames 1] -value 1040x824+664+97
[14:12:54.26] /i db::setAttr geometry -of [gi::getFrames 1] -value 1040x824+660+98
[14:12:58.18] /i db::setAttr geometry -of [gi::getFrames 1] -value 1040x824+695+54
[14:13:02.70] /# gi::pressButton {/scroll/scrollArea/scrollAreaInnerWidget/applications/dmLibraryManager} -in [gi::getWindows 1]
[14:13:02.70] /# 
[14:13:02.84] /# gi::pressButton {/scroll/scrollArea/scrollAreaInnerWidget/applications/dmLibraryManager} -in [gi::getWindows 1]
[14:13:02.84] /# 
[14:13:03.00] /i dm::showLibraryManager
[14:13:03.00] /r giWindowId 2
[14:13:03.00] /r giWindowGeometry 660x600+50+76
[14:13:03.05] /o oa:0x1d1af250
[14:13:11.36] /i db::setAttr geometry -of [gi::getFrames 1] -value 1040x824+499+54
[14:13:15.19] /i exit
[14:13:15.24] /r giDialog gi::setActiveDialog [gi::getDialogs {deExitDialog} -parent [gi::getWindows 2]]
[14:13:15.53] /r giDialog db::setAttr geometry -of [gi::getDialogs {deExitDialog} -parent [gi::getWindows 2]] -value 419x207+800+311
[14:13:16.48] /r giDialog gi::pressButton {ok} -in [gi::getDialogs {deExitDialog} -parent [gi::getWindows 2]]
[14:13:17.17] /o Shutdown time: Thu Jan 28 14:13:17 2021
[14:13:17.17] /o Elapsed session real time: 0.93 minutes
[14:13:17.17] /o Session terminated. Log is at /DCNFS/users/student/lkim/Desktop/ELEN153L/synopsys_custom/logs/ccompiler.lkim.2021_1_28_141218_10200.log
