[20:32:07.29] /r giWindowId 0
[20:32:07.29] /r giWindowGeometry 600x300
[20:32:07.30] /o 
              /c                                 Custom Compiler 
              /c 
              /c               Version P-2019.06-SP1-7 for linux64 - Feb 13, 2020 
              /c 
              /c                     Copyright (c) 2004 - 2020 Synopsys, Inc.
              /c    This software and the associated documentation are proprietary to Synopsys,
              /c  Inc. This software may only be used in accordance with the terms and conditions
              /c  of a written license agreement with Synopsys, Inc. All other use, reproduction,
              /c             or distribution of this software is strictly prohibited.
              /c 
              /c Build  (OPT) Config 5329942 compiled on Thu Feb 13 14:05:50 2020 for RHEL64 6.6
              /c Invocation: /DCNFS/applications/synopsys/2019/app/customcompiler/P-2019.06-SP1-7/linux64/platform/bin/custom_compiler
              /c Execution time: Sun Jan 24 20:32:03 2021
              /c Host: linux11104
              /c Working directory: /DCNFS/users/student/lkim/Desktop/ELEN153L
              /c 
[20:32:13.78] /r giShowFrameTabs true
[20:32:13.78] /r giWindowId 1
[20:32:13.78] /r giWindowGeometry 1040x800
[20:32:14.98] /# gi::pressButton {/scroll/scrollArea/scrollAreaInnerWidget/applications/dmLibraryManager} -in [gi::getWindows 1]
[20:32:14.98] /# 
[20:32:15.13] /# gi::pressButton {/scroll/scrollArea/scrollAreaInnerWidget/applications/dmLibraryManager} -in [gi::getWindows 1]
[20:32:15.13] /# 
[20:32:15.29] /i dm::showLibraryManager
[20:32:15.29] /r giWindowId 2
[20:32:15.29] /r giWindowGeometry 660x600+50+76
[20:32:15.33] /o oa:0x1b5d4f60
[20:32:16.69] /i gi::setCurrentIndex {libs} -index {SAED_PDK_90} -in [gi::getWindows 2]
[20:32:16.74] /i gi::setItemSelection {libs} -index {SAED_PDK_90} -in [gi::getWindows 2]
[20:32:17.65] /i gi::setCurrentIndex {libs} -index {basic} -in [gi::getWindows 2]
[20:32:17.70] /i gi::setItemSelection {libs} -index {basic} -in [gi::getWindows 2]
[20:32:19.12] /i exit
[20:32:19.15] /r giDialog gi::setActiveDialog [gi::getDialogs {deExitDialog} -parent [gi::getWindows 2]]
[20:32:19.44] /r giDialog db::setAttr geometry -of [gi::getDialogs {deExitDialog} -parent [gi::getWindows 2]] -value 419x207+740+341
[20:32:20.99] /r giDialog gi::pressButton {ok} -in [gi::getDialogs {deExitDialog} -parent [gi::getWindows 2]]
[20:32:21.72] /o Shutdown time: Sun Jan 24 20:32:21 2021
[20:32:21.72] /o Elapsed session real time: 0.25 minutes
[20:32:21.72] /o Session terminated. Log is at /DCNFS/users/student/lkim/Desktop/ELEN153L/synopsys_custom/logs/ccompiler.lkim.2021_1_24_203203_28133.log
