[14:52:50.51] /r giWindowId 0
[14:52:50.51] /r giWindowGeometry 600x300
[14:52:50.52] /o 
              /c                                 Custom Compiler 
              /c 
              /c               Version P-2019.06-SP1-7 for linux64 - Feb 13, 2020 
              /c 
              /c                     Copyright (c) 2004 - 2020 Synopsys, Inc.
              /c    This software and the associated documentation are proprietary to Synopsys,
              /c  Inc. This software may only be used in accordance with the terms and conditions
              /c  of a written license agreement with Synopsys, Inc. All other use, reproduction,
              /c             or distribution of this software is strictly prohibited.
              /c 
              /c Build  (OPT) Config 5329942 compiled on Thu Feb 13 14:05:50 2020 for RHEL64 6.6
              /c Invocation: /DCNFS/applications/synopsys/2019/app/customcompiler/P-2019.06-SP1-7/linux64/platform/bin/custom_compiler
              /c Execution time: Sun Mar 14 14:52:48 2021
              /c Host: linux11110
              /c Working directory: /DCNFS/users/student/lkim/Desktop/ELEN153L
              /c 
[14:52:54.25] /r giShowFrameTabs true
[14:52:54.25] /r giWindowId 1
[14:52:54.25] /r giWindowGeometry 1040x800
[14:52:55.33] /# gi::pressButton {/scroll/scrollArea/scrollAreaInnerWidget/applications/dmLibraryManager} -in [gi::getWindows 1]
[14:52:55.33] /# 
[14:52:55.47] /# gi::pressButton {/scroll/scrollArea/scrollAreaInnerWidget/applications/dmLibraryManager} -in [gi::getWindows 1]
[14:52:55.47] /# 
[14:52:55.64] /i dm::showLibraryManager
[14:52:55.64] /r giWindowId 2
[14:52:55.64] /r giWindowGeometry 660x600+50+76
[14:52:55.66] /o oa:0x20bb1a60
[14:52:57.24] /i gi::setCurrentIndex {libs} -index {67CarryAdder} -in [gi::getWindows 2]
[14:52:57.25] /i gi::setItemSelection {libs} -index {67CarryAdder} -in [gi::getWindows 2]
[14:52:58.28] /i gi::setCurrentIndex {cells} -index {fulladder} -in [gi::getWindows 2]
[14:52:58.38] /i gi::setItemSelection {cells} -index {fulladder} -in [gi::getWindows 2]
[14:52:59.35] /i gi::setCurrentIndex {views} -index {layout} -in [gi::getWindows 2]
[14:52:59.38] /i gi::setItemSelection {views} -index {layout} -in [gi::getWindows 2]
[14:53:00.38] /i gi::executeAction {dmOpen} -in [gi::getWindows 2]
[14:53:00.39] /m Information: License 'Basic' checked out. (LICENSE-003)
[14:53:00.45] /o 	############################################
[14:53:00.45] /o 	        Synopsys Generic 90nm iPDK          
[14:53:00.45] /o 	--------------------------------------------
[14:53:00.45] /o 	Release Date .............. : 11-May-2016    
[14:53:00.45] /o 	============================================
[14:53:00.45] /o 	        Recommended Tool Versions           
[14:53:00.45] /o 	--------------------------------------------
[14:53:00.45] /o 	Custom Designer ........... : J-2014.12-2    
[14:53:00.45] /o 	IC Validator .............. : K-2015.12   
[14:53:00.45] /o 	StarRC..................... : K-2015.12  
[14:53:00.45] /o 	--------------------------------------------
[14:53:00.45] /o 	############################################
[14:53:00.45] /o 
[14:53:00.48] /o SAED PDK 90: Loaded callbacks
[14:53:00.51] /o SAED PDK 90: Loaded display resources
[14:53:00.57] /r giWindowId 3
[14:53:00.58] /r giWindowGeometry 1632x869
[14:53:00.90] /i gi::setActiveDialog [gi::getDialogs {leMissingReferences} -parent [gi::getWindows 3]]
[14:53:01.13] /i db::setAttr geometry -of [gi::getDialogs {leMissingReferences} -parent [gi::getWindows 3]] -value 500x300+699+294
[14:53:02.72] /i gi::sortItems {missingReferences} -column {Reason} -order {ascending} -in [gi::getDialogs {leMissingReferences} -parent [gi::getWindows 3]]
[14:53:03.10] /i gi::setCurrentIndex {missingReferences} -index {0,2} -in [gi::getDialogs {leMissingReferences} -parent [gi::getWindows 3]]
[14:53:04.63] /i gi::setField {select} -value {true} -in [gi::getDialogs {leMissingReferences} -parent [gi::getWindows 3]]
[14:53:06.86] /i gi::pressButton {ok} -in [gi::getDialogs {leMissingReferences} -parent [gi::getWindows 3]]
[14:53:08.36] /# gi::executeAction {deCanvasZoomInAtPoint} -in [gi::getWindows 3]
[14:53:08.36] /i de::zoom -window [gi::getWindows 3] -factor 2.0 -center {9.147 2.475}
[14:53:08.89] /# gi::executeAction {deSelectActive} -in [gi::getWindows 3]
[14:53:08.89] /i de::deselectAll [db::getNext [de::getContexts -window 3]]
[14:53:08.89] /i de::select [de::getActiveFigure [gi::getWindows 3] -point {9.162 2.505} -index 0 -intent none]
[14:53:08.90] /o oa:0x21b411b0
[14:53:09.24] /# gi::executeAction {deCanvasZoomOutAtPoint} -in [gi::getWindows 3]
[14:53:09.24] /i de::zoom -window [gi::getWindows 3] -factor 0.5 -center {9.162 2.505}
[14:53:10.84] /# gi::executeAction {deCanvasZoomInAtPoint} -in [gi::getWindows 3]
[14:53:10.84] /i de::zoom -window [gi::getWindows 3] -factor 2.0 -center {9.162 2.655}
[14:53:12.45] /# gi::executeAction {deCanvasZoomInAtPoint} -in [gi::getWindows 3]
[14:53:12.45] /i de::zoom -window [gi::getWindows 3] -factor 2.0 -center {7.979 3.942}
[14:53:12.51] /# gi::executeAction {deCanvasZoomInAtPoint} -in [gi::getWindows 3]
[14:53:12.51] /i de::zoom -window [gi::getWindows 3] -factor 2.0 -center {7.949 3.875}
[14:53:13.09] /# gi::executeAction {deCanvasZoomInAtPoint} -in [gi::getWindows 3]
[14:53:13.09] /i de::zoom -window [gi::getWindows 3] -factor 2.0 -center {7.608 3.875}
[14:53:13.77] /# gi::executeAction {deSelectActive} -in [gi::getWindows 3]
[14:53:13.77] /i de::deselectAll [db::getNext [de::getContexts -window 3]]
[14:53:13.77] /i de::select [de::getActiveFigure [gi::getWindows 3] -point {7.691 3.929} -index 0 -intent none]
[14:53:13.77] /o oa:0x215c59b0
[14:53:15.55] /# gi::executeAction {deCanvasZoomOutAtPoint} -in [gi::getWindows 3]
[14:53:15.55] /i de::zoom -window [gi::getWindows 3] -factor 0.5 -center {7.732 3.911}
[14:53:16.07] /# gi::executeAction {deCanvasZoomOutAtPoint} -in [gi::getWindows 3]
[14:53:16.07] /i de::zoom -window [gi::getWindows 3] -factor 0.5 -center {7.683 3.423}
[14:53:16.11] /# gi::executeAction {deCanvasZoomOutAtPoint} -in [gi::getWindows 3]
[14:53:16.11] /i de::zoom -window [gi::getWindows 3] -factor 0.5 -center {7.69 3.499}
[14:53:16.79] /# gi::executeAction {deCanvasZoomInAtPoint} -in [gi::getWindows 3]
[14:53:16.79] /i de::zoom -window [gi::getWindows 3] -factor 2.0 -center {7.63 0.175}
[14:53:16.82] /# gi::executeAction {deCanvasZoomInAtPoint} -in [gi::getWindows 3]
[14:53:16.82] /i de::zoom -window [gi::getWindows 3] -factor 2.0 -center {7.63 0.175}
[14:53:16.88] /# gi::executeAction {deCanvasZoomInAtPoint} -in [gi::getWindows 3]
[14:53:16.88] /i de::zoom -window [gi::getWindows 3] -factor 2.0 -center {7.626 0.175}
[14:53:17.32] /# gi::executeAction {deCanvasZoomInAtPoint} -in [gi::getWindows 3]
[14:53:17.32] /i de::zoom -window [gi::getWindows 3] -factor 2.0 -center {7.684 0.319}
[14:53:17.35] /# gi::executeAction {deCanvasZoomInAtPoint} -in [gi::getWindows 3]
[14:53:17.35] /i de::zoom -window [gi::getWindows 3] -factor 2.0 -center {7.684 0.319}
[14:53:17.65] /# gi::executeAction {deCanvasZoomOutAtPoint} -in [gi::getWindows 3]
[14:53:17.65] /i de::zoom -window [gi::getWindows 3] -factor 0.5 -center {7.684 0.319}
[14:53:17.69] /# gi::executeAction {deCanvasZoomOutAtPoint} -in [gi::getWindows 3]
[14:53:17.69] /i de::zoom -window [gi::getWindows 3] -factor 0.5 -center {7.684 0.319}
[14:53:17.74] /# gi::executeAction {deCanvasZoomOutAtPoint} -in [gi::getWindows 3]
[14:53:17.74] /i de::zoom -window [gi::getWindows 3] -factor 0.5 -center {7.684 0.319}
[14:53:18.12] /# gi::executeAction {deCanvasZoomOutAtPoint} -in [gi::getWindows 3]
[14:53:18.12] /i de::zoom -window [gi::getWindows 3] -factor 0.5 -center {7.688 0.327}
[14:53:18.18] /# gi::executeAction {deCanvasZoomOutAtPoint} -in [gi::getWindows 3]
[14:53:18.18] /i de::zoom -window [gi::getWindows 3] -factor 0.5 -center {7.688 0.326}
[14:53:18.69] /# gi::executeAction {deCanvasZoomOutAtPoint} -in [gi::getWindows 3]
[14:53:18.69] /i de::zoom -window [gi::getWindows 3] -factor 0.5 -center {7.599 0.177}
[14:53:18.73] /# gi::executeAction {deCanvasZoomOutAtPoint} -in [gi::getWindows 3]
[14:53:18.73] /i de::zoom -window [gi::getWindows 3] -factor 0.5 -center {7.419 0.176}
[14:53:19.25] /# gi::executeAction {deCanvasZoomInAtPoint} -in [gi::getWindows 3]
[14:53:19.25] /i de::zoom -window [gi::getWindows 3] -factor 2.0 -center {1.19 0.896}
[14:53:20.11] /# gi::executeAction {deCanvasZoomInAtPoint} -in [gi::getWindows 3]
[14:53:20.11] /i de::zoom -window [gi::getWindows 3] -factor 2.0 -center {15.533 0.297}
[14:53:20.18] /# gi::executeAction {deCanvasZoomInAtPoint} -in [gi::getWindows 3]
[14:53:20.18] /i de::zoom -window [gi::getWindows 3] -factor 2.0 -center {15.533 0.297}
[14:53:20.55] /# gi::executeAction {deCanvasZoomInAtPoint} -in [gi::getWindows 3]
[14:53:20.55] /i de::zoom -window [gi::getWindows 3] -factor 2.0 -center {15.368 0.342}
[14:53:20.58] /# gi::executeAction {deCanvasZoomInAtPoint} -in [gi::getWindows 3]
[14:53:20.58] /i de::zoom -window [gi::getWindows 3] -factor 2.0 -center {15.368 0.342}
[14:53:20.84] /# gi::executeAction {deCanvasZoomOutAtPoint} -in [gi::getWindows 3]
[14:53:20.84] /i de::zoom -window [gi::getWindows 3] -factor 0.5 -center {15.366 0.342}
[14:53:20.86] /# gi::executeAction {deCanvasZoomOutAtPoint} -in [gi::getWindows 3]
[14:53:20.86] /i de::zoom -window [gi::getWindows 3] -factor 0.5 -center {15.366 0.342}
[14:53:20.89] /# gi::executeAction {deCanvasZoomOutAtPoint} -in [gi::getWindows 3]
[14:53:20.89] /i de::zoom -window [gi::getWindows 3] -factor 0.5 -center {15.359 0.342}
[14:53:21.60] /# gi::executeAction {deCanvasZoomInAtPoint} -in [gi::getWindows 3]
[14:53:21.60] /i de::zoom -window [gi::getWindows 3] -factor 2.0 -center {15.285 3.875}
[14:53:22.11] /# gi::executeAction {deCanvasZoomOutAtPoint} -in [gi::getWindows 3]
[14:53:22.11] /i de::zoom -window [gi::getWindows 3] -factor 0.5 -center {15.278 3.913}
[14:53:22.15] /# gi::executeAction {deCanvasZoomOutAtPoint} -in [gi::getWindows 3]
[14:53:22.15] /i de::zoom -window [gi::getWindows 3] -factor 0.5 -center {15.277 3.912}
[14:53:22.16] /# gi::executeAction {deCanvasZoomOutAtPoint} -in [gi::getWindows 3]
[14:53:22.16] /i de::zoom -window [gi::getWindows 3] -factor 0.5 -center {15.277 3.912}
[14:53:23.49] /# gi::executeAction {deCanvasZoomInAtPoint} -in [gi::getWindows 3]
[14:53:23.49] /i de::zoom -window [gi::getWindows 3] -factor 2.0 -center {9.169 4.751}
[14:53:23.54] /# gi::executeAction {deCanvasZoomInAtPoint} -in [gi::getWindows 3]
[14:53:23.54] /i de::zoom -window [gi::getWindows 3] -factor 2.0 -center {9.169 4.751}
[14:53:23.58] /# gi::executeAction {deCanvasZoomInAtPoint} -in [gi::getWindows 3]
[14:53:23.58] /i de::zoom -window [gi::getWindows 3] -factor 2.0 -center {9.139 4.721}
[14:53:26.84] /i gi::setActiveWindow 2
[14:53:26.84] /i gi::setActiveWindow 2 -raise true
[14:53:29.15] /i gi::setCurrentIndex {libs} -index {LAB5} -in [gi::getWindows 2]
[14:53:29.19] /i gi::setItemSelection {libs} -index {LAB5} -in [gi::getWindows 2]
[14:53:29.87] /i gi::setCurrentIndex {cells} -index {HalfAdder} -in [gi::getWindows 2]
[14:53:29.96] /i gi::setItemSelection {cells} -index {HalfAdder} -in [gi::getWindows 2]
[14:53:30.38] /i gi::setCurrentIndex {cells} -index {FullAdder} -in [gi::getWindows 2]
[14:53:30.46] /i gi::setItemSelection {cells} -index {FullAdder} -in [gi::getWindows 2]
[14:53:31.14] /i gi::setCurrentIndex {views} -index {layout} -in [gi::getWindows 2]
[14:53:31.17] /i gi::setItemSelection {views} -index {layout} -in [gi::getWindows 2]
[14:53:31.29] /i gi::executeAction {dmOpen} -in [gi::getWindows 2]
[14:53:31.38] /r giWindowId 4
[14:53:31.39] /r giWindowGeometry 1632x869
[14:53:32.62] /i db::setAttr maximized -of [gi::getFrames 1] -value true
[14:53:32.93] /i db::setAttr dockSize -of [gi::getAssistants dePropertyEditor -from [gi::getWindows 4]] -value 290x719
[14:53:32.96] /i db::setAttr geometry -of [gi::getFrames 1] -value 1910x933+5+54
[14:53:33.94] /# gi::executeAction {leDisplayAllLevels} -in [gi::getWindows 4]
[14:53:33.94] /i db::setPrefValue leStopLevel -value 32 -scope [db::getNext [de::getContexts -window 4]]
[14:53:34.43] /# gi::executeAction {deFitView} -in [gi::getWindows 4]
[14:53:34.43] /i de::fit -window 4 -fitView true
[14:53:36.14] /# gi::executeAction {deCanvasZoomInAtPoint} -in [gi::getWindows 4]
[14:53:36.14] /i de::zoom -window [gi::getWindows 4] -factor 2.0 -center {9.919 2.846}
[14:53:36.16] /# gi::executeAction {deCanvasZoomInAtPoint} -in [gi::getWindows 4]
[14:53:36.16] /i de::zoom -window [gi::getWindows 4] -factor 2.0 -center {9.904 2.846}
[14:53:36.21] /# gi::executeAction {deCanvasZoomInAtPoint} -in [gi::getWindows 4]
[14:53:36.21] /i de::zoom -window [gi::getWindows 4] -factor 2.0 -center {9.9 2.85}
[14:53:36.68] /# gi::executeAction {deCanvasZoomOutAtPoint} -in [gi::getWindows 4]
[14:53:36.68] /i de::zoom -window [gi::getWindows 4] -factor 0.5 -center {9.902 2.848}
[14:53:37.65] /# gi::executeAction {deCanvasZoomOutAtPoint} -in [gi::getWindows 4]
[14:53:37.65] /i de::zoom -window [gi::getWindows 4] -factor 0.5 -center {9.961 2.885}
[14:53:38.19] /# gi::executeAction {deCanvasZoomOutAtPoint} -in [gi::getWindows 4]
[14:53:38.19] /i de::zoom -window [gi::getWindows 4] -factor 0.5 -center {9.99 2.642}
[14:53:38.67] /# gi::executeAction {deCanvasZoomInAtPoint} -in [gi::getWindows 4]
[14:53:38.67] /i de::zoom -window [gi::getWindows 4] -factor 2.0 -center {9.829 2.524}
[14:53:41.39] /# gi::executeAction {deSelectActive} -in [gi::getWindows 4]
[14:53:41.39] /i de::deselectAll [db::getNext [de::getContexts -window 4]]
[14:53:41.39] /i de::select [de::getActiveFigure [gi::getWindows 4] -point {10.329 3.686} -index 0 -intent none]
[14:53:41.39] /o oa:0x21b47d40
[14:53:43.50] /# gi::executeAction {deCanvasZoomInAtPoint} -in [gi::getWindows 4]
[14:53:43.50] /i de::zoom -window [gi::getWindows 4] -factor 2.0 -center {7.093 3.686}
[14:53:43.52] /# gi::executeAction {deCanvasZoomInAtPoint} -in [gi::getWindows 4]
[14:53:43.52] /i de::zoom -window [gi::getWindows 4] -factor 2.0 -center {7.093 3.686}
[14:53:43.55] /# gi::executeAction {deCanvasZoomInAtPoint} -in [gi::getWindows 4]
[14:53:43.55] /i de::zoom -window [gi::getWindows 4] -factor 2.0 -center {7.093 3.686}
[14:53:44.36] /# gi::executeAction {deCanvasZoomOutAtPoint} -in [gi::getWindows 4]
[14:53:44.36] /i de::zoom -window [gi::getWindows 4] -factor 0.5 -center {7.095 3.686}
[14:53:44.39] /# gi::executeAction {deCanvasZoomOutAtPoint} -in [gi::getWindows 4]
[14:53:44.39] /i de::zoom -window [gi::getWindows 4] -factor 0.5 -center {7.095 3.686}
[14:53:46.46] /# gi::executeAction {deCanvasZoomInAtPoint} -in [gi::getWindows 4]
[14:53:46.46] /i de::zoom -window [gi::getWindows 4] -factor 2.0 -center {7.006 3.69}
[14:53:46.83] /# gi::executeAction {deCanvasZoomOutAtPoint} -in [gi::getWindows 4]
[14:53:46.83] /i de::zoom -window [gi::getWindows 4] -factor 0.5 -center {7.006 3.69}
[14:53:46.87] /# gi::executeAction {deCanvasZoomOutAtPoint} -in [gi::getWindows 4]
[14:53:46.87] /i de::zoom -window [gi::getWindows 4] -factor 0.5 -center {7.006 3.69}
[14:53:47.28] /# gi::executeAction {deCanvasZoomOutAtPoint} -in [gi::getWindows 4]
[14:53:47.28] /i de::zoom -window [gi::getWindows 4] -factor 0.5 -center {8.33 3.366}
[14:53:47.97] /# gi::executeAction {deCanvasZoomOutAtPoint} -in [gi::getWindows 4]
[14:53:47.98] /i de::zoom -window [gi::getWindows 4] -factor 0.5 -center {6.86 3.571}
[14:53:48.05] /# gi::executeAction {deCanvasZoomOutAtPoint} -in [gi::getWindows 4]
[14:53:48.05] /i de::zoom -window [gi::getWindows 4] -factor 0.5 -center {6.859 3.572}
[14:53:48.67] /# gi::executeAction {deCanvasZoomInAtPoint} -in [gi::getWindows 4]
[14:53:48.67] /i de::zoom -window [gi::getWindows 4] -factor 2.0 -center {4.506 3.042}
[14:53:48.72] /# gi::executeAction {deCanvasZoomInAtPoint} -in [gi::getWindows 4]
[14:53:48.72] /i de::zoom -window [gi::getWindows 4] -factor 2.0 -center {4.506 3.071}
[14:53:49.32] /# gi::executeAction {leDisplayAllLevels} -in [gi::getWindows 4]
[14:53:49.32] /i db::setPrefValue leStopLevel -value 32 -scope [db::getNext [de::getContexts -window 4]]
[14:53:50.52] /i gi::setActiveWindow 3
[14:53:50.52] /i gi::setActiveWindow 3 -raise true
[14:53:52.27] /i gi::setActiveWindow 4
[14:53:52.27] /i gi::setActiveWindow 4 -raise true
[14:53:52.53] /r giWindowId 5
[14:53:52.55] /r giWindowGeometry 1040x800
[14:53:52.60] /i gi::createFrame -window 3
[14:53:52.92] /i db::setAttr dockSize -of [gi::getAssistants dePropertyEditor -from [gi::getWindows 3]] -value 290x719
[14:53:53.01] /i db::setAttr geometry -of [gi::getFrames 2] -value 1910x933+5+54
[14:53:56.63] /i db::setAttr geometry -of [gi::getFrames 2] -value 393x933+1522+54
[14:53:57.74] /i db::setAttr geometry -of [gi::getFrames 2] -value 1056x933+859+54
[14:53:58.51] /i db::setAttr shown -of [gi::getAssistants dePropertyEditor -from [gi::getWindows 3]] -value false
[14:53:58.83] /i db::setAttr dockSize -of [gi::getAssistants leObjectLayerPanel -from [gi::getWindows 3]] -value 290x745
[14:54:00.32] /i db::setAttr shown -of [gi::getAssistants leObjectLayerPanel -from [gi::getWindows 3]] -value false
[14:54:01.05] /i gi::setActiveWindow 4
[14:54:01.05] /i gi::setActiveWindow 4 -raise true
[14:54:05.55] /i db::setAttr maximized -of [gi::getFrames 1] -value false
[14:54:05.90] /i db::setAttr dockSize -of [gi::getAssistants dePropertyEditor -from [gi::getWindows 4]] -value 290x610
[14:54:05.92] /i db::setAttr geometry -of [gi::getFrames 1] -value 1040x824+439+54
[14:54:07.81] /i db::setAttr geometry -of [gi::getFrames 1] -value 1040x824+5+15
[14:54:10.71] /i db::setAttr dockSize -of [gi::getAssistants dePropertyEditor -from [gi::getWindows 4]] -value 290x758
[14:54:11.63] /i db::setAttr geometry -of [gi::getFrames 1] -value 894x972+5+15
[14:54:12.93] /i gi::setActiveWindow 3
[14:54:12.93] /i gi::setActiveWindow 3 -raise true
[14:54:13.00] /# gi::executeAction {deSelectActive} -in [gi::getWindows 3]
[14:54:13.00] /i de::deselectAll [db::getNext [de::getContexts -window 3]]
[14:54:13.16] /# gi::executeAction {deFitView} -in [gi::getWindows 3]
[14:54:13.16] /i de::fit -window 3 -fitView true
[14:54:14.14] /i gi::setActiveWindow 4
[14:54:14.14] /i gi::setActiveWindow 4 -raise true
[14:54:14.23] /# gi::executeAction {deSelectActive} -in [gi::getWindows 4]
[14:54:14.23] /i de::deselectAll [db::getNext [de::getContexts -window 4]]
[14:54:14.33] /# gi::executeAction {deFitView} -in [gi::getWindows 4]
[14:54:14.33] /i de::fit -window 4 -fitView true
[14:54:15.36] /# gi::executeAction {deCanvasZoomInAtPoint} -in [gi::getWindows 4]
[14:54:15.36] /i de::zoom -window [gi::getWindows 4] -factor 2.0 -center {3.965 2.232}
[14:54:15.48] /# gi::executeAction {deCanvasZoomInAtPoint} -in [gi::getWindows 4]
[14:54:15.48] /i de::zoom -window [gi::getWindows 4] -factor 2.0 -center {3.965 2.232}
[14:54:15.83] /# gi::executeAction {deCanvasZoomOutAtPoint} -in [gi::getWindows 4]
[14:54:15.83] /i de::zoom -window [gi::getWindows 4] -factor 0.5 -center {5.911 2.253}
[14:54:15.87] /# gi::executeAction {deCanvasZoomOutAtPoint} -in [gi::getWindows 4]
[14:54:15.87] /i de::zoom -window [gi::getWindows 4] -factor 0.5 -center {8.389 2.211}
[14:54:16.37] /# gi::executeAction {deCanvasZoomInAtPoint} -in [gi::getWindows 4]
[14:54:16.37] /i de::zoom -window [gi::getWindows 4] -factor 2.0 -center {-3.893 3.377}
[14:54:17.04] /# gi::executeAction {deCanvasZoomOutAtPoint} -in [gi::getWindows 4]
[14:54:17.04] /i de::zoom -window [gi::getWindows 4] -factor 0.5 -center {3.663 2.856}
[14:54:18.06] /# gi::executeAction {deCanvasZoomOutAtPoint} -in [gi::getWindows 4]
[14:54:18.06] /i de::zoom -window [gi::getWindows 4] -factor 0.5 -center {-1.499 2.774}
[14:54:18.81] /# gi::executeAction {deCanvasZoomInAtPoint} -in [gi::getWindows 4]
[14:54:18.81] /i de::zoom -window [gi::getWindows 4] -factor 2.0 -center {6.495 2.024}
[14:54:19.64] /# gi::executeAction {deCanvasZoomInAtPoint} -in [gi::getWindows 4]
[14:54:19.64] /i de::zoom -window [gi::getWindows 4] -factor 2.0 -center {4.913 2.315}
[14:54:20.15] /# gi::executeAction {deCanvasZoomOutAtPoint} -in [gi::getWindows 4]
[14:54:20.15] /i de::zoom -window [gi::getWindows 4] -factor 0.5 -center {5.371 2.274}
[14:54:20.80] /# gi::executeAction {deCanvasZoomInAtPoint} -in [gi::getWindows 4]
[14:54:20.80] /i de::zoom -window [gi::getWindows 4] -factor 2.0 -center {8.119 2.065}
[14:54:21.79] /# gi::executeAction {deCanvasZoomInAtPoint} -in [gi::getWindows 4]
[14:54:21.79] /i de::zoom -window [gi::getWindows 4] -factor 2.0 -center {4.642 2.46}
[14:54:22.30] /# gi::executeAction {deCanvasZoomOutAtPoint} -in [gi::getWindows 4]
[14:54:22.30] /i de::zoom -window [gi::getWindows 4] -factor 0.5 -center {4.684 2.46}
[14:54:26.28] /# gi::executeAction {deCanvasZoomInAtPoint} -in [gi::getWindows 3]
[14:54:26.28] /i de::zoom -window [gi::getWindows 3] -factor 2.0 -center {1.236 6.319}
[14:54:26.37] /# gi::executeAction {deCanvasZoomInAtPoint} -in [gi::getWindows 3]
[14:54:26.37] /i de::zoom -window [gi::getWindows 3] -factor 2.0 -center {1.257 6.34}
[14:54:26.91] /# gi::executeAction {deCanvasZoomInAtPoint} -in [gi::getWindows 3]
[14:54:26.91] /i de::zoom -window [gi::getWindows 3] -factor 2.0 -center {1.272 6.35}
[14:54:26.96] /# gi::executeAction {deCanvasZoomInAtPoint} -in [gi::getWindows 3]
[14:54:26.96] /i de::zoom -window [gi::getWindows 3] -factor 2.0 -center {1.272 6.35}
[14:54:29.09] /# gi::executeAction {deCanvasZoomInAtPoint} -in [gi::getWindows 4]
[14:54:29.09] /i de::zoom -window [gi::getWindows 4] -factor 2.0 -center {2.123 6.041}
[14:54:29.13] /# gi::executeAction {deCanvasZoomInAtPoint} -in [gi::getWindows 4]
[14:54:29.13] /i de::zoom -window [gi::getWindows 4] -factor 2.0 -center {2.113 6.041}
[14:54:29.18] /# gi::executeAction {deCanvasZoomInAtPoint} -in [gi::getWindows 4]
[14:54:29.18] /i de::zoom -window [gi::getWindows 4] -factor 2.0 -center {2.087 6.041}
[14:54:29.55] /# gi::executeAction {deCanvasZoomOutAtPoint} -in [gi::getWindows 4]
[14:54:29.55] /i de::zoom -window [gi::getWindows 4] -factor 0.5 -center {1.946 5.934}
[14:54:31.06] /# gi::executeAction {deCanvasZoomInAtPoint} -in [gi::getWindows 4]
[14:54:31.06] /i de::zoom -window [gi::getWindows 4] -factor 2.0 -center {2.53 5.752}
[14:54:33.34] /i gi::setActiveWindow 3
[14:54:33.34] /i gi::setActiveWindow 3 -raise true
[14:54:33.40] /# gi::executeAction {deSelectActive} -in [gi::getWindows 3]
[14:54:33.40] /i de::deselectAll [db::getNext [de::getContexts -window 3]]
[14:54:33.41] /i de::select [de::getActiveFigure [gi::getWindows 3] -point {1.312 6.507} -index 0 -intent none]
[14:54:33.41] /o oa:0x23213550
[14:54:36.08] /# gi::executeAction {deSelectActive} -in [gi::getWindows 3]
[14:54:36.08] /i de::cycleActiveFigure [gi::getWindows 3] -direction next
[14:54:36.08] /o oa:0x2287db00
[14:54:36.08] /i de::deselectAll [db::getNext [de::getContexts -window 3]]
[14:54:36.08] /i de::select [de::getActiveFigure [gi::getWindows 3] -point {1.31 6.524} -index 1 -intent none]
[14:54:36.08] /o oa:0x232c70d0
[14:54:37.00] /# gi::executeAction {deSelectActive} -in [gi::getWindows 3]
[14:54:37.00] /i de::cycleActiveFigure [gi::getWindows 3] -direction next
[14:54:37.00] /o oa:0x2289aa50
[14:54:37.00] /i de::deselectAll [db::getNext [de::getContexts -window 3]]
[14:54:37.01] /i de::select [de::getActiveFigure [gi::getWindows 3] -point {1.31 6.524} -index 2 -intent none]
[14:54:37.01] /o oa:0x231faae0
[14:54:37.64] /# gi::executeAction {deSelectActive} -in [gi::getWindows 3]
[14:54:37.64] /i de::deselectAll [db::getNext [de::getContexts -window 3]]
[14:54:38.53] /# gi::executeAction {deSelectActive} -in [gi::getWindows 3]
[14:54:38.53] /i de::deselectAll [db::getNext [de::getContexts -window 3]]
[14:54:38.53] /i de::select [de::getActiveFigure [gi::getWindows 3] -point {1.312 6.493} -index 0 -intent none]
[14:54:38.53] /o oa:0x22fc4cd0
[14:54:39.37] /# gi::executeAction {deSelectActive} -in [gi::getWindows 3]
[14:54:39.37] /i de::cycleActiveFigure [gi::getWindows 3] -direction next
[14:54:39.37] /o oa:0x22897820
[14:54:39.37] /i de::deselectAll [db::getNext [de::getContexts -window 3]]
[14:54:39.38] /i de::select [de::getActiveFigure [gi::getWindows 3] -point {1.312 6.493} -index 1 -intent none]
[14:54:39.38] /o oa:0x22f0b100
[14:54:40.63] /i gi::executeAction {dePropertyEditorToggleExtended} -in [gi::getWindows 3]
[14:54:40.63] /# db::setAttr shown -of [gi::getAssistants dePropertyEditor -from [gi::getWindows 3]] -value true
[14:54:42.25] /# gi::executeAction {deSelectActive} -in [gi::getWindows 3]
[14:54:42.25] /i de::cycleActiveFigure [gi::getWindows 3] -direction next
[14:54:42.26] /o oa:0x23069260
[14:54:42.26] /i de::deselectAll [db::getNext [de::getContexts -window 3]]
[14:54:42.26] /i de::select [de::getActiveFigure [gi::getWindows 3] -point {1.306 6.494} -index 1 -intent none]
[14:54:42.26] /o oa:0x22f66ce0
[14:54:44.44] /i gi::setActiveWindow 4
[14:54:44.44] /i gi::setActiveWindow 4 -raise true
[14:54:44.51] /# gi::executeAction {deSelectActive} -in [gi::getWindows 4]
[14:54:44.51] /i de::deselectAll [db::getNext [de::getContexts -window 4]]
[14:54:44.51] /i de::select [de::getActiveFigure [gi::getWindows 4] -point {2.53 5.796} -index 0 -intent none]
[14:54:44.51] /o oa:0x235612d0
[14:54:44.94] /# gi::executeAction {deCanvasZoomOutAtPoint} -in [gi::getWindows 4]
[14:54:44.94] /i de::zoom -window [gi::getWindows 4] -factor 0.5 -center {2.532 5.794}
[14:54:46.39] /# gi::executeAction {deSelectActive} -in [gi::getWindows 4]
[14:54:46.39] /i de::deselectAll [db::getNext [de::getContexts -window 4]]
[14:54:46.39] /i de::select [de::getActiveFigure [gi::getWindows 4] -point {1.638 5.799} -index 0 -intent none]
[14:54:46.39] /o oa:0x23347780
[14:54:46.87] /# gi::executeAction {deCanvasZoomInAtPoint} -in [gi::getWindows 4]
[14:54:46.87] /i de::zoom -window [gi::getWindows 4] -factor 2.0 -center {1.638 5.799}
[14:54:47.74] /# gi::executeAction {deSelectActive} -in [gi::getWindows 4]
[14:54:47.74] /i de::cycleActiveFigure [gi::getWindows 4] -direction next
[14:54:47.74] /o oa:0x230111f0
[14:54:47.74] /i de::deselectAll [db::getNext [de::getContexts -window 4]]
[14:54:47.74] /i de::select [de::getActiveFigure [gi::getWindows 4] -point {1.638 5.799} -index 1 -intent none]
[14:54:47.74] /o oa:0x23093800
[14:54:50.67] /i gi::setField {attributes} -value {M2
              /c drw} -index {LPP,Value} -in [gi::getAssistants dePropertyEditor -from [gi::getWindows 4]]
[14:54:51.95] /# gi::executeAction {deSelectActive} -in [gi::getWindows 4]
[14:54:51.95] /i de::deselectAll [db::getNext [de::getContexts -window 4]]
[14:54:51.95] /i de::select [de::getActiveFigure [gi::getWindows 4] -point {2.546 5.804} -index 0 -intent none]
[14:54:51.95] /o oa:0x2318c3e0
[14:54:51.99] /r giDialog gi::setActiveDialog [gi::getDialogs {dbSelectionChange} -parent [gi::getWindows 4]]
[14:54:52.25] /r giDialog db::setAttr geometry -of [gi::getDialogs {dbSelectionChange} -parent [gi::getWindows 4]] -value 432x82+226+408
[14:54:52.94] /r giDialog gi::pressButton {apply} -in [gi::getDialogs {dbSelectionChange} -parent [gi::getWindows 4]]
[14:54:53.48] /# gi::executeAction {deSelectActive} -in [gi::getWindows 4]
[14:54:53.48] /i de::cycleActiveFigure [gi::getWindows 4] -direction next
[14:54:53.48] /o oa:0x228823e0
[14:54:53.48] /i de::deselectAll [db::getNext [de::getContexts -window 4]]
[14:54:53.48] /i de::select [de::getActiveFigure [gi::getWindows 4] -point {2.546 5.76} -index 1 -intent none]
[14:54:53.48] /o oa:0x230c6a70
[14:54:56.14] /i gi::setField {attributes} -value {M2
              /c drw} -index {LPP,Value} -in [gi::getAssistants dePropertyEditor -from [gi::getWindows 4]]
[14:54:57.96] /i gi::executeAction {dePropertyEditorApplyChanges} -in [gi::getAssistants dePropertyEditor -from [gi::getWindows 4]]
[14:54:58.33] /# gi::executeAction {deCanvasZoomOutAtPoint} -in [gi::getWindows 4]
[14:54:58.33] /i de::zoom -window [gi::getWindows 4] -factor 0.5 -center {2.372 5.966}
[14:54:58.43] /# gi::executeAction {deCanvasZoomOutAtPoint} -in [gi::getWindows 4]
[14:54:58.43] /i de::zoom -window [gi::getWindows 4] -factor 0.5 -center {2.403 6.027}
[14:55:01.01] /# gi::executeAction {deCanvasZoomInAtPoint} -in [gi::getWindows 4]
[14:55:01.01] /i de::zoom -window [gi::getWindows 4] -factor 2.0 -center {0.487 4.789}
[14:55:01.21] /# gi::executeAction {deCanvasZoomInAtPoint} -in [gi::getWindows 4]
[14:55:01.21] /i de::zoom -window [gi::getWindows 4] -factor 2.0 -center {0.487 4.789}
[14:55:01.74] /# gi::executeAction {deCanvasZoomOutAtPoint} -in [gi::getWindows 4]
[14:55:01.74] /i de::zoom -window [gi::getWindows 4] -factor 0.5 -center {0.497 4.737}
[14:55:02.90] /# gi::executeAction {deCanvasZoomOutAtPoint} -in [gi::getWindows 3]
[14:55:02.90] /i de::zoom -window [gi::getWindows 3] -factor 0.5 -center {1.637 6.351}
[14:55:03.34] /# gi::executeAction {deCanvasZoomOutAtPoint} -in [gi::getWindows 3]
[14:55:03.34] /i de::zoom -window [gi::getWindows 3] -factor 0.5 -center {1.358 5.87}
[14:55:03.38] /# gi::executeAction {deCanvasZoomOutAtPoint} -in [gi::getWindows 3]
[14:55:03.38] /i de::zoom -window [gi::getWindows 3] -factor 0.5 -center {1.487 5.948}
[14:55:03.41] /# gi::executeAction {deCanvasZoomOutAtPoint} -in [gi::getWindows 3]
[14:55:03.41] /i de::zoom -window [gi::getWindows 3] -factor 0.5 -center {1.716 6.072}
[14:55:04.00] /# gi::executeAction {deCanvasZoomInAtPoint} -in [gi::getWindows 3]
[14:55:04.00] /i de::zoom -window [gi::getWindows 3] -factor 2.0 -center {0.223 5.201}
[14:55:04.02] /# gi::executeAction {deCanvasZoomInAtPoint} -in [gi::getWindows 3]
[14:55:04.02] /i de::zoom -window [gi::getWindows 3] -factor 2.0 -center {0.192 5.242}
[14:55:04.09] /# gi::executeAction {deCanvasZoomInAtPoint} -in [gi::getWindows 3]
[14:55:04.09] /i de::zoom -window [gi::getWindows 3] -factor 2.0 -center {0.192 5.242}
[14:55:04.17] /# gi::executeAction {deCanvasZoomInAtPoint} -in [gi::getWindows 3]
[14:55:04.17] /i de::zoom -window [gi::getWindows 3] -factor 2.0 -center {0.226 5.265}
[14:55:05.64] /# gi::executeAction {deCanvasZoomInAtPoint} -in [gi::getWindows 4]
[14:55:05.64] /i de::zoom -window [gi::getWindows 4] -factor 2.0 -center {0.362 4.789}
[14:55:06.11] /# gi::executeAction {deCanvasZoomInAtPoint} -in [gi::getWindows 4]
[14:55:06.11] /i de::zoom -window [gi::getWindows 4] -factor 2.0 -center {0.586 4.794}
[14:55:06.16] /# gi::executeAction {deCanvasZoomInAtPoint} -in [gi::getWindows 4]
[14:55:06.16] /i de::zoom -window [gi::getWindows 4] -factor 2.0 -center {0.582 4.794}
[14:55:07.23] /# gi::executeAction {deSelectActive} -in [gi::getWindows 4]
[14:55:07.23] /i de::deselectAll [db::getNext [de::getContexts -window 4]]
[14:55:07.23] /i de::select [de::getActiveFigure [gi::getWindows 4] -point {0.514 4.788} -index 0 -intent none]
[14:55:07.23] /o oa:0x22898990
[14:55:08.15] /# gi::executeAction {deSelectActive} -in [gi::getWindows 4]
[14:55:08.15] /i de::cycleActiveFigure [gi::getWindows 4] -direction next
[14:55:08.15] /o oa:0x23616530
[14:55:08.15] /i de::deselectAll [db::getNext [de::getContexts -window 4]]
[14:55:08.15] /i de::select [de::getActiveFigure [gi::getWindows 4] -point {0.514 4.788} -index 1 -intent none]
[14:55:08.15] /o oa:0x234c8e60
[14:55:09.05] /# gi::executeAction {deCanvasZoomOutAtPoint} -in [gi::getWindows 4]
[14:55:09.05] /i de::zoom -window [gi::getWindows 4] -factor 0.5 -center {0.514 4.788}
[14:55:09.10] /# gi::executeAction {deCanvasZoomOutAtPoint} -in [gi::getWindows 4]
[14:55:09.10] /i de::zoom -window [gi::getWindows 4] -factor 0.5 -center {0.515 4.79}
[14:55:09.13] /# gi::executeAction {deCanvasZoomOutAtPoint} -in [gi::getWindows 4]
[14:55:09.13] /i de::zoom -window [gi::getWindows 4] -factor 0.5 -center {0.515 4.789}
[14:55:10.15] /# gi::executeAction {deCanvasZoomInAtPoint} -in [gi::getWindows 4]
[14:55:10.15] /i de::zoom -window [gi::getWindows 4] -factor 2.0 -center {1.633 5.81}
[14:55:10.19] /# gi::executeAction {deCanvasZoomInAtPoint} -in [gi::getWindows 4]
[14:55:10.19] /i de::zoom -window [gi::getWindows 4] -factor 2.0 -center {1.633 5.81}
[14:55:10.88] /# gi::executeAction {deCanvasZoomOutAtPoint} -in [gi::getWindows 4]
[14:55:10.88] /i de::zoom -window [gi::getWindows 4] -factor 0.5 -center {1.633 5.81}
[14:55:11.24] /# gi::executeAction {deCanvasZoomOutAtPoint} -in [gi::getWindows 4]
[14:55:11.24] /i de::zoom -window [gi::getWindows 4] -factor 0.5 -center {1.633 5.81}
[14:55:11.66] /# gi::executeAction {deCanvasZoomOutAtPoint} -in [gi::getWindows 4]
[14:55:11.66] /i de::zoom -window [gi::getWindows 4] -factor 0.5 -center {1.586 5.019}
[14:55:12.19] /# gi::executeAction {deCanvasZoomInAtPoint} -in [gi::getWindows 4]
[14:55:12.19] /i de::zoom -window [gi::getWindows 4] -factor 2.0 -center {1.035 5.008}
[14:55:12.49] /# gi::executeAction {deCanvasZoomOutAtPoint} -in [gi::getWindows 4]
[14:55:12.49] /i de::zoom -window [gi::getWindows 4] -factor 0.5 -center {1.035 5.008}
[14:55:12.56] /# gi::executeAction {deCanvasZoomOutAtPoint} -in [gi::getWindows 4]
[14:55:12.56] /i de::zoom -window [gi::getWindows 4] -factor 0.5 -center {1.035 5.008}
[14:55:13.15] /# gi::executeAction {deCanvasZoomOutAtPoint} -in [gi::getWindows 4]
[14:55:13.15] /i de::zoom -window [gi::getWindows 4] -factor 0.5 -center {-2.421 3.302}
[14:55:13.56] /# gi::executeAction {deCanvasZoomInAtPoint} -in [gi::getWindows 4]
[14:55:13.56] /i de::zoom -window [gi::getWindows 4] -factor 2.0 -center {0.494 4.092}
[14:55:13.64] /# gi::executeAction {deCanvasZoomInAtPoint} -in [gi::getWindows 4]
[14:55:13.64] /i de::zoom -window [gi::getWindows 4] -factor 2.0 -center {0.494 4.092}
[14:55:13.74] /# gi::executeAction {deCanvasZoomInAtPoint} -in [gi::getWindows 4]
[14:55:13.74] /i de::zoom -window [gi::getWindows 4] -factor 2.0 -center {0.494 4.092}
[14:55:14.92] /# gi::executeAction {deSelectActive} -in [gi::getWindows 4]
[14:55:14.92] /i de::deselectAll [db::getNext [de::getContexts -window 4]]
[14:55:14.92] /i de::select [de::getActiveFigure [gi::getWindows 4] -point {0.317 3.681} -index 0 -intent none]
[14:55:14.92] /o oa:0x232a34e0
[14:55:15.66] /# gi::executeAction {deCanvasZoomOutAtPoint} -in [gi::getWindows 4]
[14:55:15.66] /i de::zoom -window [gi::getWindows 4] -factor 0.5 -center {0.322 3.686}
[14:55:15.70] /# gi::executeAction {deCanvasZoomOutAtPoint} -in [gi::getWindows 4]
[14:55:15.70] /i de::zoom -window [gi::getWindows 4] -factor 0.5 -center {0.322 3.686}
[14:55:16.67] /# gi::executeAction {deCanvasZoomInAtPoint} -in [gi::getWindows 4]
[14:55:16.67] /i de::zoom -window [gi::getWindows 4] -factor 2.0 -center {2.883 6.601}
[14:55:16.71] /# gi::executeAction {deCanvasZoomInAtPoint} -in [gi::getWindows 4]
[14:55:16.71] /i de::zoom -window [gi::getWindows 4] -factor 2.0 -center {2.894 6.601}
[14:55:17.28] /# gi::executeAction {deCanvasZoomInAtPoint} -in [gi::getWindows 4]
[14:55:17.28] /i de::zoom -window [gi::getWindows 4] -factor 2.0 -center {3.076 6.476}
[14:55:17.31] /# gi::executeAction {deCanvasZoomInAtPoint} -in [gi::getWindows 4]
[14:55:17.31] /i de::zoom -window [gi::getWindows 4] -factor 2.0 -center {3.076 6.476}
[14:55:17.56] /# gi::executeAction {deCanvasZoomOutAtPoint} -in [gi::getWindows 4]
[14:55:17.56] /i de::zoom -window [gi::getWindows 4] -factor 0.5 -center {3.076 6.476}
[14:55:17.59] /# gi::executeAction {deCanvasZoomOutAtPoint} -in [gi::getWindows 4]
[14:55:17.59] /i de::zoom -window [gi::getWindows 4] -factor 0.5 -center {3.076 6.476}
[14:55:17.63] /# gi::executeAction {deCanvasZoomOutAtPoint} -in [gi::getWindows 4]
[14:55:17.63] /i de::zoom -window [gi::getWindows 4] -factor 0.5 -center {3.076 6.476}
[14:55:18.03] /# gi::executeAction {deCanvasZoomOutAtPoint} -in [gi::getWindows 4]
[14:55:18.03] /i de::zoom -window [gi::getWindows 4] -factor 0.5 -center {2.285 5.82}
[14:55:19.01] /# gi::executeAction {deCanvasZoomInAtPoint} -in [gi::getWindows 4]
[14:55:19.01] /i de::zoom -window [gi::getWindows 4] -factor 2.0 -center {6.906 5.446}
[14:55:19.04] /# gi::executeAction {deCanvasZoomInAtPoint} -in [gi::getWindows 4]
[14:55:19.04] /i de::zoom -window [gi::getWindows 4] -factor 2.0 -center {6.906 5.446}
[14:55:19.07] /# gi::executeAction {deCanvasZoomInAtPoint} -in [gi::getWindows 4]
[14:55:19.07] /i de::zoom -window [gi::getWindows 4] -factor 2.0 -center {6.906 5.446}
[14:55:19.49] /# gi::executeAction {deCanvasZoomOutAtPoint} -in [gi::getWindows 4]
[14:55:19.49] /i de::zoom -window [gi::getWindows 4] -factor 0.5 -center {6.781 5.423}
[14:55:19.56] /# gi::executeAction {deCanvasZoomOutAtPoint} -in [gi::getWindows 4]
[14:55:19.56] /i de::zoom -window [gi::getWindows 4] -factor 0.5 -center {6.781 5.422}
[14:55:20.30] /# gi::executeAction {deSelectActive} -in [gi::getWindows 4]
[14:55:20.30] /i de::deselectAll [db::getNext [de::getContexts -window 4]]
[14:55:20.30] /i de::select [de::getActiveFigure [gi::getWindows 4] -point {6.49 5.36} -index 0 -intent none]
[14:55:20.30] /o oa:0x23208100
[14:55:21.30] /# gi::executeAction {deSelectActive} -in [gi::getWindows 4]
[14:55:21.30] /i de::cycleActiveFigure [gi::getWindows 4] -direction next
[14:55:21.31] /o oa:0x22f4d620
[14:55:21.31] /i de::deselectAll [db::getNext [de::getContexts -window 4]]
[14:55:21.31] /i de::select [de::getActiveFigure [gi::getWindows 4] -point {6.49 5.36} -index 1 -intent none]
[14:55:21.31] /o oa:0x23095c10
[14:55:21.97] /# gi::executeAction {deSelectActive} -in [gi::getWindows 4]
[14:55:21.97] /i de::cycleActiveFigure [gi::getWindows 4] -direction next
[14:55:21.97] /o oa:0x220fc890
[14:55:21.97] /i de::deselectAll [db::getNext [de::getContexts -window 4]]
[14:55:21.97] /i de::select [de::getActiveFigure [gi::getWindows 4] -point {6.49 5.36} -index 2 -intent none]
[14:55:21.97] /o oa:0x230a6790
[14:55:22.87] /# gi::executeAction {deCanvasZoomInAtPoint} -in [gi::getWindows 4]
[14:55:22.87] /i de::zoom -window [gi::getWindows 4] -factor 2.0 -center {6.49 5.36}
[14:55:22.91] /# gi::executeAction {deCanvasZoomInAtPoint} -in [gi::getWindows 4]
[14:55:22.91] /i de::zoom -window [gi::getWindows 4] -factor 2.0 -center {6.49 5.36}
[14:55:23.39] /# gi::executeAction {deCanvasZoomInAtPoint} -in [gi::getWindows 4]
[14:55:23.39] /i de::zoom -window [gi::getWindows 4] -factor 2.0 -center {6.49 5.36}
[14:55:23.84] /# gi::executeAction {deCanvasZoomOutAtPoint} -in [gi::getWindows 4]
[14:55:23.84] /i de::zoom -window [gi::getWindows 4] -factor 0.5 -center {6.49 5.36}
[14:55:23.86] /# gi::executeAction {deCanvasZoomOutAtPoint} -in [gi::getWindows 4]
[14:55:23.86] /i de::zoom -window [gi::getWindows 4] -factor 0.5 -center {6.49 5.36}
[14:55:24.26] /# gi::executeAction {deCanvasZoomOutAtPoint} -in [gi::getWindows 4]
[14:55:24.26] /i de::zoom -window [gi::getWindows 4] -factor 0.5 -center {6.49 5.36}
[14:55:24.29] /# gi::executeAction {deCanvasZoomOutAtPoint} -in [gi::getWindows 4]
[14:55:24.29] /i de::zoom -window [gi::getWindows 4] -factor 0.5 -center {6.49 5.36}
[14:55:25.96] /i gi::executeAction {deSaveDesign} -in [gi::getWindows 4]
[14:55:25.97] /m Information: Saving design 'LAB5 FullAdder layout'. (DESIGN_WINDOW-004)
[14:55:28.01] /# gi::executeAction {deCanvasZoomOutAtPoint} -in [gi::getWindows 4]
[14:55:28.01] /i de::zoom -window [gi::getWindows 4] -factor 0.5 -center {4.554 7.4}
[14:55:28.06] /# gi::executeAction {deCanvasZoomOutAtPoint} -in [gi::getWindows 4]
[14:55:28.06] /i de::zoom -window [gi::getWindows 4] -factor 0.5 -center {4.554 7.317}
[14:55:28.77] /# gi::executeAction {deCanvasZoomInAtPoint} -in [gi::getWindows 4]
[14:55:28.77] /i de::zoom -window [gi::getWindows 4] -factor 2.0 -center {21.707 5.318}
[14:55:28.80] /# gi::executeAction {deCanvasZoomInAtPoint} -in [gi::getWindows 4]
[14:55:28.80] /i de::zoom -window [gi::getWindows 4] -factor 2.0 -center {21.54 5.401}
[14:55:28.84] /# gi::executeAction {deCanvasZoomInAtPoint} -in [gi::getWindows 4]
[14:55:28.84] /i de::zoom -window [gi::getWindows 4] -factor 2.0 -center {21.54 5.401}
[14:55:29.29] /# gi::executeAction {deCanvasZoomInAtPoint} -in [gi::getWindows 4]
[14:55:29.29] /i de::zoom -window [gi::getWindows 4] -factor 2.0 -center {19.573 6.067}
[14:55:29.33] /# gi::executeAction {deCanvasZoomInAtPoint} -in [gi::getWindows 4]
[14:55:29.33] /i de::zoom -window [gi::getWindows 4] -factor 2.0 -center {19.557 6.104}
[14:55:29.97] /# gi::executeAction {deSelectActive} -in [gi::getWindows 4]
[14:55:29.97] /i de::deselectAll [db::getNext [de::getContexts -window 4]]
[14:55:29.97] /i de::select [de::getActiveFigure [gi::getWindows 4] -point {19.487 6.502} -index 0 -intent none]
[14:55:29.97] /o oa:0x21d5bb10
[14:55:30.25] /# gi::executeAction {deCanvasZoomOutAtPoint} -in [gi::getWindows 4]
[14:55:30.25] /i de::zoom -window [gi::getWindows 4] -factor 0.5 -center {19.552 5.992}
[14:55:30.33] /# gi::executeAction {deCanvasZoomOutAtPoint} -in [gi::getWindows 4]
[14:55:30.33] /i de::zoom -window [gi::getWindows 4] -factor 0.5 -center {19.552 5.971}
[14:55:30.78] /# gi::executeAction {deCanvasZoomInAtPoint} -in [gi::getWindows 4]
[14:55:30.78] /i de::zoom -window [gi::getWindows 4] -factor 2.0 -center {20.988 4.514}
[14:55:30.82] /# gi::executeAction {deCanvasZoomInAtPoint} -in [gi::getWindows 4]
[14:55:30.82] /i de::zoom -window [gi::getWindows 4] -factor 2.0 -center {20.952 4.566}
[14:55:31.46] /# gi::executeAction {deSelectActive} -in [gi::getWindows 4]
[14:55:31.46] /i de::deselectAll [db::getNext [de::getContexts -window 4]]
[14:55:31.46] /i de::select [de::getActiveFigure [gi::getWindows 4] -point {20.421 4.93} -index 0 -intent none]
[14:55:31.46] /o oa:0x23220410
[14:55:32.23] /# gi::executeAction {deSelectActive} -in [gi::getWindows 4]
[14:55:32.23] /i de::deselectAll [db::getNext [de::getContexts -window 4]]
[14:55:32.23] /i de::select [de::getActiveFigure [gi::getWindows 4] -point {20.444 4.896} -index 0 -intent none]
[14:55:32.23] /o oa:0x23535000
[14:55:33.06] /# gi::executeAction {deSelectActive} -in [gi::getWindows 4]
[14:55:33.06] /i de::cycleActiveFigure [gi::getWindows 4] -direction next
[14:55:33.06] /o oa:0x22f75f90
[14:55:33.06] /i de::deselectAll [db::getNext [de::getContexts -window 4]]
[14:55:33.06] /i de::select [de::getActiveFigure [gi::getWindows 4] -point {20.444 4.896} -index 1 -intent none]
[14:55:33.06] /o oa:0x22891880
[14:55:33.47] /# gi::executeAction {deSelectActive} -in [gi::getWindows 4]
[14:55:33.47] /i de::cycleActiveFigure [gi::getWindows 4] -direction next
[14:55:33.47] /o oa:0x233fbb30
[14:55:33.47] /i de::deselectAll [db::getNext [de::getContexts -window 4]]
[14:55:33.47] /i de::select [de::getActiveFigure [gi::getWindows 4] -point {20.444 4.896} -index 2 -intent none]
[14:55:33.47] /o oa:0x232f5830
[14:55:33.83] /# gi::executeAction {deCanvasZoomOutAtPoint} -in [gi::getWindows 4]
[14:55:33.83] /i de::zoom -window [gi::getWindows 4] -factor 0.5 -center {20.442 5.099}
[14:55:33.86] /# gi::executeAction {deCanvasZoomOutAtPoint} -in [gi::getWindows 4]
[14:55:33.86] /i de::zoom -window [gi::getWindows 4] -factor 0.5 -center {20.447 5.24}
[14:55:33.88] /# gi::executeAction {deCanvasZoomOutAtPoint} -in [gi::getWindows 4]
[14:55:33.88] /i de::zoom -window [gi::getWindows 4] -factor 0.5 -center {20.457 5.386}
[14:55:34.44] /# gi::executeAction {deCanvasZoomInAtPoint} -in [gi::getWindows 4]
[14:55:34.44] /i de::zoom -window [gi::getWindows 4] -factor 2.0 -center {20.811 4.45}
[14:55:34.91] /# gi::executeAction {deCanvasZoomInAtPoint} -in [gi::getWindows 4]
[14:55:34.91] /i de::zoom -window [gi::getWindows 4] -factor 2.0 -center {20.821 4.866}
[14:55:36.85] /# gi::executeAction {deCanvasZoomOutAtPoint} -in [gi::getWindows 4]
[14:55:36.85] /i de::zoom -window [gi::getWindows 4] -factor 0.5 -center {20.811 4.7}
[14:55:36.92] /# gi::executeAction {deCanvasZoomOutAtPoint} -in [gi::getWindows 4]
[14:55:36.92] /i de::zoom -window [gi::getWindows 4] -factor 0.5 -center {20.821 4.699}
[14:55:37.74] /# gi::executeAction {deCanvasZoomInAtPoint} -in [gi::getWindows 4]
[14:55:37.74] /i de::zoom -window [gi::getWindows 4] -factor 2.0 -center {16.533 7.468}
[14:55:37.77] /# gi::executeAction {deCanvasZoomInAtPoint} -in [gi::getWindows 4]
[14:55:37.77] /i de::zoom -window [gi::getWindows 4] -factor 2.0 -center {16.554 7.447}
[14:55:37.80] /# gi::executeAction {deCanvasZoomInAtPoint} -in [gi::getWindows 4]
[14:55:37.80] /i de::zoom -window [gi::getWindows 4] -factor 2.0 -center {16.554 7.447}
[14:55:38.54] /# gi::executeAction {deSelectActive} -in [gi::getWindows 4]
[14:55:38.54] /i de::deselectAll [db::getNext [de::getContexts -window 4]]
[14:55:38.54] /i de::select [de::getActiveFigure [gi::getWindows 4] -point {16.502 7.148} -index 0 -intent none]
[14:55:38.54] /o oa:0x2332a030
[14:55:39.62] /# gi::executeAction {deSelectActive} -in [gi::getWindows 4]
[14:55:39.62] /i de::cycleActiveFigure [gi::getWindows 4] -direction next
[14:55:39.62] /o oa:0x232f14d0
[14:55:39.62] /i de::deselectAll [db::getNext [de::getContexts -window 4]]
[14:55:39.62] /i de::select [de::getActiveFigure [gi::getWindows 4] -point {16.502 7.148} -index 1 -intent none]
[14:55:39.62] /o oa:0x2360ed10
[14:55:40.44] /# gi::executeAction {deSelectActive} -in [gi::getWindows 4]
[14:55:40.44] /i de::cycleActiveFigure [gi::getWindows 4] -direction next
[14:55:40.44] /o oa:0x2322b4d0
[14:55:40.44] /i de::deselectAll [db::getNext [de::getContexts -window 4]]
[14:55:40.44] /i de::select [de::getActiveFigure [gi::getWindows 4] -point {16.502 7.148} -index 2 -intent none]
[14:55:40.44] /o oa:0x230b3a80
[14:55:41.21] /# gi::executeAction {deSelectActive} -in [gi::getWindows 4]
[14:55:41.21] /i de::deselectAll [db::getNext [de::getContexts -window 4]]
[14:55:41.35] /# gi::executeAction {deCanvasZoomOutAtPoint} -in [gi::getWindows 4]
[14:55:41.35] /i de::zoom -window [gi::getWindows 4] -factor 0.5 -center {17.16 7.215}
[14:55:41.36] /# gi::executeAction {deCanvasZoomOutAtPoint} -in [gi::getWindows 4]
[14:55:41.36] /i de::zoom -window [gi::getWindows 4] -factor 0.5 -center {17.171 7.216}
[14:55:41.38] /# gi::executeAction {deCanvasZoomOutAtPoint} -in [gi::getWindows 4]
[14:55:41.38] /i de::zoom -window [gi::getWindows 4] -factor 0.5 -center {17.171 7.216}
[14:55:43.31] /i gi::executeAction {deSaveDesign} -in [gi::getWindows 4]
[14:55:43.32] /m Information: Saving design 'LAB5 FullAdder layout'. (DESIGN_WINDOW-004)
[14:55:47.12] /# gi::executeAction {xtLVSRun} -in [gi::getWindows 4]
[14:55:47.12] /i xt::physicalVerification::executeRun lvs 4
[14:55:47.55] /i xt::physicalVerification::executePve lvs 4 xtLVSExecutePve
[14:55:47.66] /m Information: "Starting netlisting for design "LAB5/FullAdder/schematic"..." (NETLISTING-010)
[14:55:47.80] /o No Design Integrity rule violations found in "LAB5/FullAdder/schematic"
[14:55:48.30] /m Information: "Netlisting design "LAB5/FullAdder/schematic" finished successfully." (NETLISTING-012)
[14:55:49.03] /r giWindowId 6
[14:55:49.05] /r giWindowGeometry 800x600
[14:56:09.85] /m Information: 
              /c =============================
              /c JobID: icv_lvs_23
              /c --- ERROR SUMMARY -----------
              /c Compare Error Summary
              /c Refer to FullAdder.LVS_ERRORS.
              /c LVS Compare Result: FAIL
              /c TOP equivalence point:
              /c 		[FullAdder, FullAdder]
              /c     0 Successful equivalence points
              /c   * 1 Failed equivalence points
              /c         1 First priority errors
              /c         0 Second priority errors
              /c =============================
              /c 
[14:56:10.77] /j ::xt::icv::vue::_private::registerConnection linux11110.dc.engr.scu.edu:49152 tcp1 icvVue_1 
[14:56:10.81] /j ::xt::icv::vue::_private::isJobReady 
[14:56:10.81] /o false
[14:56:11.82] /j ::xt::icv::vue::_private::isJobReady 
[14:56:11.82] /o false
[14:56:12.82] /m Information: Connection established with 'IC Validator VUE' running on 'linux11110.dc.engr.scu.edu'.
[14:56:12.82] /j ::xt::icv::vue::_private::isJobReady 
[14:56:12.82] /o true
[14:56:12.84] /j xt::icv::vue::startFilter LAY 
[14:56:12.86] /j xt::icv::vue::setWorkingDir /DCNFS/users/student/lkim/Desktop/ELEN153L/synopsys_custom/pvjob_LAB5.FullAdder.icv.lvs 
[14:56:12.88] /j xt::icv::vue::startFilter SCH 
[14:56:12.90] /j xt::icv::vue::setWorkingDir /DCNFS/users/student/lkim/Desktop/ELEN153L/synopsys_custom/pvjob_LAB5.FullAdder.icv.lvs 
[14:56:13.52] /j xt::icv::vue::setWorkingDir /DCNFS/users/student/lkim/Desktop/ELEN153L/synopsys_custom/pvjob_LAB5.FullAdder.icv.lvs 
[14:56:13.54] /j xt::icv::vue::setTopLayLCV LAB5/FullAdder/layout 
[14:56:13.56] /j xt::icv::vue::setWorkingDir /DCNFS/users/student/lkim/Desktop/ELEN153L/synopsys_custom/pvjob_LAB5.FullAdder.icv.lvs 
[14:56:13.58] /j xt::icv::vue::openLCV LAB5/FullAdder/layout 
[14:56:13.60] /j xt::icv::vue::openModule FullAdder 
[14:56:13.68] /r giWindowId 7
[14:56:13.70] /r giWindowGeometry 1632x869
[14:56:14.04] /j xt::icv::vue::clearAllHighlights LAB5/FullAdder/layout 
[14:56:14.06] /j xt::icv::vue::clearAllProbes FullAdder 
[14:56:14.23] /i db::setAttr dockSize -of [gi::getAssistants giConsole -from [gi::getWindows 7]] -value 555x132
[14:56:14.23] /i db::setAttr dockSize -of [gi::getAssistants dePropertyEditor -from [gi::getWindows 7]] -value 290x792
[14:56:17.27] /j xt::icv::vue::clearAllHighlights LAB5/FullAdder/layout 
[14:56:17.29] /j xt::icv::vue::clearAllProbes FullAdder 
[14:56:17.31] /j xt::icv::vue::clearAllHighlights LAB5/FullAdder/layout 
[14:56:17.33] /j xt::icv::vue::clearAllProbes FullAdder 
[14:56:17.35] /j xt::icv::vue::openLCVInstance LAB5/FullAdder/layout LAB5/FullAdder/layout 
[14:56:17.37] /j xt::icv::vue::openModule FullAdder 
[14:56:17.39] /j xt::icv::vue::clearAllHighlights LAB5/FullAdder/layout 
[14:56:17.41] /j xt::icv::vue::clearAllProbes FullAdder 
[14:56:22.55] /j xt::icv::vue::setHiliteId {} 
[14:56:22.57] /j xt::icv::vue::setHighlightProperty yellow brick 
[14:56:22.59] /j xt::icv::vue::setProbeProperty yellow brick 
[14:56:22.61] /j xt::icv::vue::HighlightFromFile LAB5/FullAdder/layout /tmp/lkim_vue_05G8zX/highlight_20210314145622_000000.oas bd430ccf0e398d38f474298d6711c2e9 
[14:56:22.66] /j xt::icv::vue::addProbe FullAdder Ci1 net 
[14:56:22.68] /j xt::icv::vue::drawHighlights LAB5/FullAdder/layout 
[14:56:22.70] /j xt::icv::vue::zoomToProbes FullAdder 
[14:56:22.77] /j xt::icv::vue::setViewPort LAB5/FullAdder/layout {20.215625 -0.0837500000000002 20.609375 5.50375} 
[14:56:27.59] /j xt::icv::vue::clearAllHighlights LAB5/FullAdder/layout 
[14:56:27.61] /j xt::icv::vue::clearAllProbes FullAdder 
[14:56:27.83] /j xt::icv::vue::clearAllHighlights LAB5/FullAdder/layout 
[14:56:27.86] /j xt::icv::vue::clearAllProbes FullAdder 
[14:56:28.50] /j xt::icv::vue::clearAllHighlights LAB5/FullAdder/layout 
[14:56:28.51] /j xt::icv::vue::clearAllProbes FullAdder 
[14:56:43.15] /j xt::icv::vue::clearAllProbes FullAdder 
[14:56:43.18] /j xt::icv::vue::clearAllHighlights LAB5/FullAdder/layout 
[14:56:43.20] /j xt::icv::vue::openModule FullAdder 
[14:56:43.22] /j xt::icv::vue::openLCVInstance LAB5/FullAdder/layout LAB5/FullAdder/layout 
[14:56:46.50] /i gi::setActiveWindow 3
[14:56:46.50] /i gi::setActiveWindow 3 -raise true
[14:56:47.74] /i db::setAttr maximized -of [gi::getFrames 2] -value true
[14:56:48.10] /i db::setAttr geometry -of [gi::getFrames 2] -value 1910x933+5+54
[14:56:48.90] /# gi::executeAction {deFitView} -in [gi::getWindows 3]
[14:56:48.90] /i de::fit -window 3 -fitView true
[14:56:51.85] /# gi::executeAction {deSelectActive} -in [gi::getWindows 3]
[14:56:51.85] /i de::deselectAll [db::getNext [de::getContexts -window 3]]
[14:56:51.85] /i de::select [de::getActiveFigure [gi::getWindows 3] -point {11.111 3.041} -index 0 -intent none]
[14:56:51.85] /o oa:0x23b46f80
[14:56:59.32] /i gi::setItemSelection {attributes} -index {master,all} -in [gi::getAssistants dePropertyEditor -from [gi::getWindows 3]]
[14:56:59.34] /i gi::setCurrentIndex {attributes} -index {master,Value} -in [gi::getAssistants dePropertyEditor -from [gi::getWindows 3]]
[14:57:00.40] /i gi::setField {attributes} -value {Lab67
              /c halfadder
              /c layout} -index {master,Value} -in [gi::getAssistants dePropertyEditor -from [gi::getWindows 3]]
[14:57:00.40] /e Error: OpenAccessException: Library Lab67 not found. (PROPERTY_EDITOR-001)
[14:57:01.64] /i gi::setField {attributes} -value {67CarryAdder
              /c halfadder
              /c layout} -index {master,Value} -in [gi::getAssistants dePropertyEditor -from [gi::getWindows 3]]
[14:57:04.15] /i gi::executeAction dePropertyEditorApplyChanges -in [gi::getAssistants dePropertyEditor -from [gi::getWindows 3]]
[14:57:05.84] /# gi::executeAction {giPostContextMenu} -in [gi::getWindows 3]
[14:57:05.84] /i gi::executeAction {menuPreShow} -in [gi::getWindows 3]
[14:57:05.84] /r giMenuAccess db::getNext [gi::getMenus leInstanceContextMenu]
[14:57:07.23] /# gi::executeAction {deSelectActive} -in [gi::getWindows 3]
[14:57:07.23] /i de::deselectAll [db::getNext [de::getContexts -window 3]]
[14:57:07.23] /i de::select [de::getActiveFigure [gi::getWindows 3] -point {6.354 3.509} -index 0 -intent none]
[14:57:07.23] /o oa:0x24287730
[14:57:08.21] /i gi::setItemSelection {attributes} -index {master,all} -in [gi::getAssistants dePropertyEditor -from [gi::getWindows 3]]
[14:57:08.23] /i gi::setCurrentIndex {attributes} -index {master,Value} -in [gi::getAssistants dePropertyEditor -from [gi::getWindows 3]]
[14:57:09.65] /i gi::setField {attributes} -value {67CarryAdder
              /c halfadder
              /c layout} -index {master,Value} -in [gi::getAssistants dePropertyEditor -from [gi::getWindows 3]]
[14:57:10.45] /i gi::executeAction dePropertyEditorApplyChanges -in [gi::getAssistants dePropertyEditor -from [gi::getWindows 3]]
[14:57:11.65] /# gi::executeAction {deSelectActive} -in [gi::getWindows 3]
[14:57:11.65] /i de::deselectAll [db::getNext [de::getContexts -window 3]]
[14:57:12.60] /# gi::executeAction {deSelectActive} -in [gi::getWindows 3]
[14:57:12.60] /i de::deselectAll [db::getNext [de::getContexts -window 3]]
[14:57:12.60] /i de::select [de::getActiveFigure [gi::getWindows 3] -point {5.258 3.161} -index 0 -intent none]
[14:57:12.60] /o oa:0x23b33380
[14:57:15.31] /# gi::executeAction {leDisplayTopLevel} -in [gi::getWindows 3]
[14:57:15.31] /i db::setPrefValue leStopLevel -value 0 -scope [db::getNext [de::getContexts -window 3]]; db::setPrefValue leStartLevel -value 0 -scope [db::getNext [de::getContexts -window 3]]; de::redraw -window 3
[14:57:15.82] /# gi::executeAction {leDisplayAllLevels} -in [gi::getWindows 3]
[14:57:15.82] /i db::setPrefValue leStopLevel -value 32 -scope [db::getNext [de::getContexts -window 3]]
[14:57:19.14] /i gi::executeAction {deSaveDesign} -in [gi::getWindows 3]
[14:57:19.15] /m Information: Saving design '67CarryAdder fulladder layout'. (DESIGN_WINDOW-004)
[14:57:22.17] /# gi::executeAction {xtLVSRun} -in [gi::getWindows 3]
[14:57:22.17] /i xt::physicalVerification::executeRun lvs 3
[14:57:22.64] /i xt::physicalVerification::executePve lvs 3 xtLVSExecutePve
[14:57:22.70] /m Information: "Starting netlisting for design "67CarryAdder/fulladder/schematic"..." (NETLISTING-010)
[14:57:22.81] /o No Design Integrity rule violations found in "67CarryAdder/fulladder/schematic"
[14:57:22.85] /e Error: "Cell Lab67/halfadder/symbol does not contain any of the required views: auCdl schematic symbol. The following instances of this cell in design 67CarryAdder/fulladder/schematic will not be netlistable: 
              /c HA2
              /c HA1." (NETLISTING-038)
[14:57:22.86] /e Error: Fatal error occured, netlisting will be terminated. (NETLISTING-001)
[14:57:22.86] /m Information: "Netlisting design "67CarryAdder/fulladder/schematic" didn't finish." (NETLISTING-013)
[14:57:30.37] /# gi::executeAction {xtLVSSetup} -in [gi::getWindows 3]
[14:57:30.37] /i xt::showLVSSetup -job lvs -window 3
[14:57:31.33] /i db::setAttr geometry -of [gi::getDialogs {xtLVSSetup} -parent [gi::getWindows 3]] -value 838x454+877+344
[14:57:36.63] /i gi::setField {/tabGroup/mainTab/jobParametersGroup/toolOptions} -value {-sf\ SPICE} -in [gi::getDialogs {xtLVSSetup} -parent [gi::getWindows 3]]
[14:57:37.77] /i gi::pressButton {/apply} -in [gi::getDialogs {xtLVSSetup} -parent [gi::getWindows 3]]
[14:57:39.54] /# xt::physicalVerification::executePve lvs 3 xtLVSExecutePve
[14:57:39.63] /m Information: "Starting netlisting for design "67CarryAdder/fulladder/schematic"..." (NETLISTING-010)
[14:57:39.73] /o No Design Integrity rule violations found in "67CarryAdder/fulladder/schematic"
[14:57:39.78] /e Error: "Cell Lab67/halfadder/symbol does not contain any of the required views: auCdl schematic symbol. The following instances of this cell in design 67CarryAdder/fulladder/schematic will not be netlistable: 
              /c HA2
              /c HA1." (NETLISTING-038)
[14:57:39.78] /e Error: Fatal error occured, netlisting will be terminated. (NETLISTING-001)
[14:57:39.78] /m Information: "Netlisting design "67CarryAdder/fulladder/schematic" didn't finish." (NETLISTING-013)
[14:57:40.08] /i gi::pressButton {/ok} -in [gi::getDialogs {xtLVSSetup} -parent [gi::getWindows 3]]
[14:57:41.72] /# xt::physicalVerification::executePve lvs 3 xtLVSExecutePve
[14:57:41.81] /m Information: "Starting netlisting for design "67CarryAdder/fulladder/schematic"..." (NETLISTING-010)
[14:57:41.89] /o No Design Integrity rule violations found in "67CarryAdder/fulladder/schematic"
[14:57:41.92] /e Error: "Cell Lab67/halfadder/symbol does not contain any of the required views: auCdl schematic symbol. The following instances of this cell in design 67CarryAdder/fulladder/schematic will not be netlistable: 
              /c HA2
              /c HA1." (NETLISTING-038)
[14:57:41.93] /e Error: Fatal error occured, netlisting will be terminated. (NETLISTING-001)
[14:57:41.93] /m Information: "Netlisting design "67CarryAdder/fulladder/schematic" didn't finish." (NETLISTING-013)
[14:57:46.13] /j xt::icv::vue::clearAllProbes FullAdder 
[14:57:46.15] /j xt::icv::vue::clearAllHighlights LAB5/FullAdder/layout 
[14:57:46.17] /j xt::icv::vue::clearAllProbes FullAdder 
[14:57:46.19] /j xt::icv::vue::clearAllHighlights LAB5/FullAdder/layout 
[14:57:46.21] /j xt::icv::vue::openLCVInstance LAB5/FullAdder/layout LAB5/FullAdder/layout 
[14:57:46.23] /j xt::icv::vue::openModule FullAdder 
[14:57:46.25] /j xt::icv::vue::clearAllHighlights LAB5/FullAdder/layout 
[14:57:46.27] /j xt::icv::vue::clearAllProbes FullAdder 
[14:57:46.83] /m Information: Connection closed with 'IC Validator VUE' running on 'linux11110.dc.engr.scu.edu'.
[14:57:58.27] /i gi::setActiveWindow 7
[14:57:58.28] /i gi::setActiveWindow 7 -raise true
[14:57:59.17] /i gi::setActiveWindow 3
[14:57:59.17] /i gi::setActiveWindow 3 -raise true
[14:58:03.14] /# gi::executeAction {xtLVSRun} -in [gi::getWindows 3]
[14:58:03.14] /i xt::physicalVerification::executeRun lvs 3
[14:58:03.36] /i xt::physicalVerification::executePve lvs 3 xtLVSExecutePve
[14:58:03.47] /m Information: "Starting netlisting for design "67CarryAdder/fulladder/schematic"..." (NETLISTING-010)
[14:58:03.57] /o No Design Integrity rule violations found in "67CarryAdder/fulladder/schematic"
[14:58:03.62] /e Error: "Cell Lab67/halfadder/symbol does not contain any of the required views: auCdl schematic symbol. The following instances of this cell in design 67CarryAdder/fulladder/schematic will not be netlistable: 
              /c HA2
              /c HA1." (NETLISTING-038)
[14:58:03.63] /e Error: Fatal error occured, netlisting will be terminated. (NETLISTING-001)
[14:58:03.63] /m Information: "Netlisting design "67CarryAdder/fulladder/schematic" didn't finish." (NETLISTING-013)
[14:58:29.19] /# gi::executeAction {xtLVSRun} -in [gi::getWindows 3]
[14:58:29.19] /i xt::physicalVerification::executeRun lvs 3
[14:58:29.48] /i xt::physicalVerification::executePve lvs 3 xtLVSExecutePve
[14:58:29.58] /m Information: "Starting netlisting for design "67CarryAdder/fulladder/schematic"..." (NETLISTING-010)
[14:58:29.67] /o No Design Integrity rule violations found in "67CarryAdder/fulladder/schematic"
[14:58:29.71] /e Error: "Cell Lab67/halfadder/symbol does not contain any of the required views: auCdl schematic symbol. The following instances of this cell in design 67CarryAdder/fulladder/schematic will not be netlistable: 
              /c HA2
              /c HA1." (NETLISTING-038)
[14:58:29.71] /e Error: Fatal error occured, netlisting will be terminated. (NETLISTING-001)
[14:58:29.71] /m Information: "Netlisting design "67CarryAdder/fulladder/schematic" didn't finish." (NETLISTING-013)
[14:58:33.99] /i gi::pressButton {ConsoleToggleButton} -in [db::getAttr statusbar -of [gi::getWindows 3]]
[14:59:02.16] /i gi::setActiveWindow 7
[14:59:02.16] /i gi::setActiveWindow 7 -raise true
[14:59:04.34] /i gi::setActiveWindow 3
[14:59:04.34] /i gi::setActiveWindow 3 -raise true
[14:59:05.93] /i gi::setActiveWindow 7
[14:59:05.93] /i gi::setActiveWindow 7 -raise true
[14:59:06.99] /i gi::setActiveWindow 3
[14:59:06.99] /i gi::setActiveWindow 3 -raise true
[14:59:10.15] /i gi::setActiveWindow 5
[14:59:10.15] /i gi::setActiveWindow 5 -raise true
[14:59:11.18] /# gi::pressButton {/scroll/scrollArea/scrollAreaInnerWidget/applications/dmLibraryManager} -in [gi::getWindows 5]
[14:59:11.18] /# 
[14:59:11.32] /# gi::pressButton {/scroll/scrollArea/scrollAreaInnerWidget/applications/dmLibraryManager} -in [gi::getWindows 5]
[14:59:11.32] /# 
[14:59:11.48] /i dm::showLibraryManager
[14:59:11.48] /# gi::setActiveWindow 2 -raise true
[14:59:11.48] /# gi::setActiveWindow 2 -raise true
[14:59:11.49] /o oa:0x23ab2200
[14:59:14.17] /i db::setAttr geometry -of [gi::getFrames 1] -value 894x972+5+129
[14:59:15.23] /i db::setAttr geometry -of [gi::getFrames 1] -value 894x972+101+130
[14:59:16.13] /i gi::setActiveWindow 5
[14:59:16.13] /i gi::setActiveWindow 5 -raise true
[14:59:16.15] /i gi::setActiveWindow 3
[14:59:16.15] /i gi::setActiveWindow 3 -raise true
[14:59:16.53] /i gi::setActiveWindow 2
[14:59:16.53] /i gi::setActiveWindow 2 -raise true
[14:59:16.55] /i db::setAttr maximized -of [gi::getFrames 2] -value false
[14:59:17.47] /i gi::addWindow 3 -to 1 -before 6
[14:59:17.48] /i gi::setActiveWindow 3
[14:59:17.48] /i gi::setActiveWindow 3 -raise true
[14:59:18.52] /i db::setAttr maximized -of [gi::getFrames 1] -value true
[14:59:18.83] /i db::setAttr dockSize -of [gi::getAssistants dePropertyEditor -from [gi::getWindows 3]] -value 290x745
[14:59:18.83] /i db::setAttr dockSize -of [gi::getAssistants giConsole -from [gi::getWindows 3]] -value 1571x211
[14:59:18.86] /i db::setAttr geometry -of [gi::getFrames 1] -value 1910x933+5+54
[14:59:20.03] /i gi::setActiveWindow 2
[14:59:20.03] /i gi::setActiveWindow 2 -raise true
[14:59:21.02] /r giWindowId 8
[14:59:21.05] /r giWindowGeometry 1040x800
[14:59:21.13] /i gi::createFrame -window 3
[14:59:21.43] /i db::setAttr dockSize -of [gi::getAssistants dePropertyEditor -from [gi::getWindows 3]] -value 290x745
[14:59:21.43] /i db::setAttr dockSize -of [gi::getAssistants giConsole -from [gi::getWindows 3]] -value 1571x211
[14:59:21.51] /i db::setAttr geometry -of [gi::getFrames 3] -value 1910x933+5+54
[14:59:22.58] /i gi::setActiveWindow 2
[14:59:22.58] /i gi::setActiveWindow 2 -raise true
[14:59:25.34] /i gi::setActiveWindow 2
[14:59:25.34] /i gi::setActiveWindow 2 -raise true
[14:59:30.34] /i gi::setActiveWindow 2
[14:59:30.34] /i gi::setActiveWindow 2 -raise true
[14:59:33.18] /i gi::setActiveWindow 2
[14:59:33.18] /i gi::setActiveWindow 2 -raise true
[14:59:33.59] /i gi::addWindow 3 -to 1 -before 4
[14:59:33.60] /i gi::setActiveWindow 3
[14:59:33.60] /i gi::setActiveWindow 3 -raise true
[14:59:35.19] /i gi::setActiveWindow 2
[14:59:35.19] /i gi::setActiveWindow 2 -raise true
[14:59:41.79] /i gi::setActiveWindow 3
[14:59:41.79] /i gi::setActiveWindow 3 -raise true
[14:59:45.44] /i gi::setActiveWindow 2
[14:59:45.44] /i gi::setActiveWindow 2 -raise true
[14:59:46.07] /i gi::setCurrentIndex {libs} -index {67CarryAdder} -in [gi::getWindows 2]
[14:59:46.08] /i gi::setItemSelection {libs} -index {67CarryAdder} -in [gi::getWindows 2]
[14:59:48.42] /i gi::setCurrentIndex {cells} -index {fulladder} -in [gi::getWindows 2]
[14:59:48.52] /i gi::setItemSelection {cells} -index {fulladder} -in [gi::getWindows 2]
[14:59:49.29] /i gi::setCurrentIndex {cells} -index {halfadder} -in [gi::getWindows 2]
[14:59:49.38] /i gi::setItemSelection {cells} -index {halfadder} -in [gi::getWindows 2]
[14:59:52.20] /i gi::setCurrentIndex {views} -index {layout} -in [gi::getWindows 2]
[14:59:52.22] /i gi::setItemSelection {views} -index {layout} -in [gi::getWindows 2]
[14:59:52.38] /i gi::executeAction {dmOpen} -in [gi::getWindows 2]
[14:59:52.43] /r giWindowId 9
[14:59:52.47] /r giWindowGeometry 1910x909+285+62
[14:59:54.28] /# gi::executeAction {deSelectActive} -in [gi::getWindows 9]
[14:59:54.28] /i de::deselectAll [db::getNext [de::getContexts -window 9]]
[14:59:54.28] /i de::select [de::getActiveFigure [gi::getWindows 9] -point {6.45 3.064} -index 0 -intent none]
[14:59:54.28] /o oa:0x234b3e90
[14:59:55.72] /# gi::executeAction {deSelectActive} -in [gi::getWindows 9]
[14:59:55.72] /i de::deselectAll [db::getNext [de::getContexts -window 9]]
[14:59:55.72] /i de::select [de::getActiveFigure [gi::getWindows 9] -point {3.45 2.817} -index 0 -intent none]
[14:59:55.72] /o oa:0x242ff640
[14:59:56.79] /# gi::executeAction {deSelectActive} -in [gi::getWindows 9]
[14:59:56.79] /i de::deselectAll [db::getNext [de::getContexts -window 9]]
[14:59:57.34] /# gi::executeAction {deSelectActive} -in [gi::getWindows 9]
[14:59:57.34] /i de::deselectAll [db::getNext [de::getContexts -window 9]]
[14:59:57.34] /i de::select [de::getActiveFigure [gi::getWindows 9] -point {2.81 3.141} -index 0 -intent none]
[14:59:57.34] /o oa:0x24df0920
[14:59:58.33] /# gi::executeAction {deSelectActive} -in [gi::getWindows 9]
[14:59:58.33] /i de::deselectAll [db::getNext [de::getContexts -window 9]]
[14:59:59.85] /i gi::setActiveWindow 2
[14:59:59.85] /i gi::setActiveWindow 2 -raise true
[15:00:07.96] /i gi::executeAction {dmLibraryAttributes} -in [gi::getWindows 2]
[15:00:07.99] /i gi::setActiveDialog [gi::getDialogs {dmLibraryAttributes} -parent [gi::getWindows 2]]
[15:00:07.99] /i gi::setCurrentIndex {tree} -index {0,0} -in [gi::getDialogs {dmLibraryAttributes} -parent [gi::getWindows 2]]
[15:00:08.26] /i db::setAttr geometry -of [gi::getDialogs {dmLibraryAttributes} -parent [gi::getWindows 2]] -value 540x400+680+269
[15:00:09.10] /i gi::setField {tree} -index {0,0} -value {Name} -in [gi::getDialogs {dmLibraryAttributes} -parent [gi::getWindows 2]]
[15:00:09.10] /i gi::setCurrentIndex {tree} -index {0,1} -in [gi::getDialogs {dmLibraryAttributes} -parent [gi::getWindows 2]]
[15:00:10.29] /i gi::setField {tree} -index {0,1} -value {67CarryAdder} -in [gi::getDialogs {dmLibraryAttributes} -parent [gi::getWindows 2]]
[15:00:20.60] /i db::setAttr iconified -of [gi::getFrames 1] -value true
[15:00:27.13] /i db::setAttr maximized -of [gi::getFrames 1] -value true
[15:00:27.14] /i db::setAttr iconified -of [gi::getFrames 1] -value false
[15:00:31.87] /i gi::setCurrentIndex {tree} -index {3.0,1} -in [gi::getDialogs {dmLibraryAttributes} -parent [gi::getWindows 2]]
[15:00:33.26] /i gi::setField {tree} -index {3.0,1} -value {lkim} -in [gi::getDialogs {dmLibraryAttributes} -parent [gi::getWindows 2]]
[15:00:33.27] /i gi::setCurrentIndex {tree} -index {0,1} -in [gi::getDialogs {dmLibraryAttributes} -parent [gi::getWindows 2]]
[15:00:34.53] /i gi::setCurrentIndex {tree} -index {3.0,1} -in [gi::getDialogs {dmLibraryAttributes} -parent [gi::getWindows 2]]
[15:00:35.84] /i gi::setField {tree} -index {3.0,1} -value {lkim} -in [gi::getDialogs {dmLibraryAttributes} -parent [gi::getWindows 2]]
[15:00:35.84] /i gi::setCurrentIndex {tree} -index {0,1} -in [gi::getDialogs {dmLibraryAttributes} -parent [gi::getWindows 2]]
[15:00:41.11] /i gi::pressButton {close} -in [gi::getDialogs {dmLibraryAttributes} -parent [gi::getWindows 2]]
[15:02:17.70] /r giDialog gi::setActiveDialog [gi::getDialogs {giCloseFrame}]
[15:02:17.96] /r giDialog db::setAttr geometry -of [gi::getDialogs {giCloseFrame}] -value 299x108+801+415
[15:02:18.60] /r giDialog gi::pressButton {giCloseTabsButton} -in [gi::getDialogs {giCloseFrame}]
[15:02:18.64] /i exit
[15:02:18.70] /r giDialog gi::setActiveDialog [gi::getDialogs {deExitDialog} -parent [gi::getWindows 2]]
[15:02:18.94] /r giDialog db::setAttr geometry -of [gi::getDialogs {deExitDialog} -parent [gi::getWindows 2]] -value 419x207+741+366
[15:02:19.38] /r giDialog gi::pressButton {ok} -in [gi::getDialogs {deExitDialog} -parent [gi::getWindows 2]]
[15:02:20.44] /o Shutdown time: Sun Mar 14 15:02:20 2021
[15:02:20.44] /o Elapsed session real time: 9.5 minutes
[15:02:20.44] /o Session terminated. Log is at /DCNFS/users/student/lkim/Desktop/ELEN153L/synopsys_custom/logs/ccompiler.lkim.2021_3_14_145248_19223.log
