[12:17:02.84] /r giWindowId 0
[12:17:02.85] /r giWindowGeometry 600x300
[12:17:02.86] /o 
              /c                                 Custom Compiler 
              /c 
              /c               Version P-2019.06-SP1-7 for linux64 - Feb 13, 2020 
              /c 
              /c                     Copyright (c) 2004 - 2020 Synopsys, Inc.
              /c    This software and the associated documentation are proprietary to Synopsys,
              /c  Inc. This software may only be used in accordance with the terms and conditions
              /c  of a written license agreement with Synopsys, Inc. All other use, reproduction,
              /c             or distribution of this software is strictly prohibited.
              /c 
              /c Build  (OPT) Config 5329942 compiled on Thu Feb 13 14:05:50 2020 for RHEL64 6.6
              /c Invocation: /DCNFS/applications/synopsys/2019/app/customcompiler/P-2019.06-SP1-7/linux64/platform/bin/custom_compiler
              /c Execution time: Thu Feb 11 12:16:58 2021
              /c Host: linux11108
              /c Working directory: /DCNFS/users/student/lkim/Desktop/ELEN153L
              /c 
[12:17:10.78] /r giShowFrameTabs true
[12:17:10.78] /r giWindowId 1
[12:17:10.78] /r giWindowGeometry 1040x800
[12:17:41.77] /# gi::pressButton {/scroll/scrollArea/scrollAreaInnerWidget/applications/dmLibraryManager} -in [gi::getWindows 1]
[12:17:41.78] /# 
[12:17:42.08] /i dm::showLibraryManager
[12:17:42.08] /r giWindowId 2
[12:17:42.08] /r giWindowGeometry 1040x800+499+78
[12:17:42.13] /o oa:0x202bffb0
[12:17:43.33] /i gi::setCurrentIndex {libs} -index {LAB3} -in [gi::getWindows 2]
[12:17:43.35] /i gi::setItemSelection {libs} -index {LAB3} -in [gi::getWindows 2]
[12:17:44.72] /i gi::setCurrentIndex {cells} -index {CMOSInverter} -in [gi::getWindows 2]
[12:17:44.86] /i gi::setItemSelection {cells} -index {CMOSInverter} -in [gi::getWindows 2]
[12:17:46.52] /i gi::setCurrentIndex {views} -index {layout} -in [gi::getWindows 2]
[12:17:46.55] /i gi::setItemSelection {views} -index {layout} -in [gi::getWindows 2]
[12:17:49.59] /i gi::executeAction {dmOpen} -in [gi::getWindows 2]
[12:17:49.61] /m Information: License 'Basic' checked out. (LICENSE-003)
[12:17:49.68] /o 	############################################
[12:17:49.68] /o 	        Synopsys Generic 90nm iPDK          
[12:17:49.68] /o 	--------------------------------------------
[12:17:49.68] /o 	Release Date .............. : 11-May-2016    
[12:17:49.68] /o 	============================================
[12:17:49.68] /o 	        Recommended Tool Versions           
[12:17:49.68] /o 	--------------------------------------------
[12:17:49.68] /o 	Custom Designer ........... : J-2014.12-2    
[12:17:49.68] /o 	IC Validator .............. : K-2015.12   
[12:17:49.68] /o 	StarRC..................... : K-2015.12  
[12:17:49.68] /o 	--------------------------------------------
[12:17:49.68] /o 	############################################
[12:17:49.68] /o 
[12:17:49.75] /o SAED PDK 90: Loaded callbacks
[12:17:49.79] /o SAED PDK 90: Loaded display resources
[12:17:49.86] /r giWindowId 3
[12:17:49.87] /r giWindowGeometry 1632x869
[12:17:57.99] /# gi::executeAction {xtLVSSetup} -in [gi::getWindows 3]
[12:17:57.99] /i xt::showLVSSetup -job lvs -window 3
[12:17:59.24] /i db::setAttr geometry -of [gi::getDialogs {xtLVSSetup} -parent [gi::getWindows 3]] -value 838x454+876+319
[12:18:00.46] /i gi::pressButton {/cancel} -in [gi::getDialogs {xtLVSSetup} -parent [gi::getWindows 3]]
[12:18:04.40] /# gi::executeAction {xtLVSRun} -in [gi::getWindows 3]
[12:18:04.40] /i xt::physicalVerification::executeRun lvs 3
[12:18:04.79] /i xt::physicalVerification::executePve lvs 3 xtLVSExecutePve
[12:18:04.92] /m Information: "Starting netlisting for design "LAB3/CMOSInverter/schematic"..." (NETLISTING-010)
[12:18:05.10] /o No Design Integrity rule violations found in "LAB3/CMOSInverter/schematic"
[12:18:05.35] /m Information: "Netlisting design "LAB3/CMOSInverter/schematic" finished successfully." (NETLISTING-012)
[12:18:06.85] /r giWindowId 4
[12:18:06.86] /r giWindowGeometry 800x600
[12:18:08.06] /i gi::setActiveTab {tabs} -tabName {stdout.lvs.log} -in [gi::getWindows 4]
[12:18:08.06] /i gi::setActiveTab {tabs} -tabName {stdout.lvs.log} -in [gi::getWindows 4]
[12:18:08.06] /i gi::setActiveTab {tabs} -tabName {stdout.lvs.log} -in [gi::getWindows 4]
[12:18:08.06] /i gi::setActiveTab {tabs} -tabName {stdout.lvs.log} -in [gi::getWindows 4]
[12:18:08.06] /i gi::setActiveTab {tabs} -tabName {stdout.lvs.log} -in [gi::getWindows 4]
[12:18:08.06] /i gi::setActiveTab {tabs} -tabName {stdout.lvs.log} -in [gi::getWindows 4]
[12:18:08.06] /i gi::setActiveTab {tabs} -tabName {stdout.lvs.log} -in [gi::getWindows 4]
[12:18:08.06] /i gi::setActiveTab {tabs} -tabName {stdout.lvs.log} -in [gi::getWindows 4]
[12:18:08.06] /i gi::setActiveTab {tabs} -tabName {stdout.lvs.log} -in [gi::getWindows 4]
[12:18:08.06] /i gi::setActiveTab {tabs} -tabName {stdout.lvs.log} -in [gi::getWindows 4]
[12:18:08.06] /i gi::setActiveTab {tabs} -tabName {stdout.lvs.log} -in [gi::getWindows 4]
[12:18:08.06] /i gi::setActiveTab {tabs} -tabName {stdout.lvs.log} -in [gi::getWindows 4]
[12:18:08.13] /e Error: The job 'icv_lvs_5' started on host 'localhost' with process id 10372 failed to start or complete successfully; the job's return code is 33.
[12:18:16.32] /i db::setAttr maximized -of [gi::getFrames 1] -value true
[12:18:16.66] /i db::setAttr geometry -of [gi::getFrames 1] -value 1910x933+5+54
[12:18:17.55] /i gi::setActiveTab {tabs} -tabName {CMOSInverter.LVS_ERRORS} -in [gi::getWindows 4]
[12:18:27.91] /i gi::setActiveTab {tabs} -tabName {stdout.lvs.log} -in [gi::getWindows 4]
[12:18:30.39] /i gi::setActiveTab {tabs} -tabName {CMOSInverter.LAYOUT_ERRORS} -in [gi::getWindows 4]
[12:18:31.73] /i gi::setActiveTab {tabs} -tabName {CMOSInverter.RESULTS} -in [gi::getWindows 4]
[12:18:32.62] /i gi::setActiveTab {tabs} -tabName {CMOSInverter.lvs.custom_compiler.rc} -in [gi::getWindows 4]
[12:18:35.10] /i gi::setActiveTab {tabs} -tabName {rules.lvs.9m_saed90_lvs.lvs.rs} -in [gi::getWindows 4]
[12:18:43.38] /i gi::setActiveTab {tabs} -tabName {run_icv.sh} -in [gi::getWindows 4]
[12:18:45.52] /i gi::setActiveTab {tabs} -tabName {CMOSInverter.lvs.custom_compiler.rc} -in [gi::getWindows 4]
[12:18:46.39] /i gi::setActiveTab {tabs} -tabName {CMOSInverter.RESULTS} -in [gi::getWindows 4]
[12:18:46.89] /i gi::setActiveTab {tabs} -tabName {CMOSInverter.LAYOUT_ERRORS} -in [gi::getWindows 4]
[12:18:47.50] /i gi::setActiveTab {tabs} -tabName {CMOSInverter.LVS_ERRORS} -in [gi::getWindows 4]
[12:18:48.05] /i gi::setActiveTab {tabs} -tabName {stdout.lvs.log} -in [gi::getWindows 4]
[12:18:50.45] /i gi::setActiveTab {tabs} -tabName {CMOSInverter.LVS_ERRORS} -in [gi::getWindows 4]
[12:18:51.62] /i gi::setActiveTab {tabs} -tabName {CMOSInverter.LAYOUT_ERRORS} -in [gi::getWindows 4]
[12:18:52.35] /i gi::setActiveTab {tabs} -tabName {stdout.lvs.log} -in [gi::getWindows 4]
[12:19:10.46] /i db::setAttr iconified -of [gi::getFrames 1] -value true
[12:19:11.10] /i db::setAttr maximized -of [gi::getFrames 1] -value true
[12:19:11.10] /i db::setAttr iconified -of [gi::getFrames 1] -value false
[12:19:12.23] /i gi::setActiveWindow 3
[12:19:12.23] /i gi::setActiveWindow 3 -raise true
[12:19:18.66] /# gi::executeAction {xtLVSRun} -in [gi::getWindows 3]
[12:19:18.66] /i xt::physicalVerification::executeRun lvs 3
[12:19:18.88] /i xt::physicalVerification::executePve lvs 3 xtLVSExecutePve
[12:19:18.96] /m Information: "Starting netlisting for design "LAB3/CMOSInverter/schematic"..." (NETLISTING-010)
[12:19:19.04] /o No Design Integrity rule violations found in "LAB3/CMOSInverter/schematic"
[12:19:19.27] /m Information: "Netlisting design "LAB3/CMOSInverter/schematic" finished successfully." (NETLISTING-012)
[12:19:21.66] /i gi::setActiveTab {tabs} -tabName {stdout.lvs.log} -in [gi::getWindows 4]
[12:19:21.66] /i gi::setActiveTab {tabs} -tabName {stdout.lvs.log} -in [gi::getWindows 4]
[12:19:21.66] /i gi::setActiveTab {tabs} -tabName {stdout.lvs.log} -in [gi::getWindows 4]
[12:19:21.66] /i gi::setActiveTab {tabs} -tabName {stdout.lvs.log} -in [gi::getWindows 4]
[12:19:21.66] /i gi::setActiveTab {tabs} -tabName {stdout.lvs.log} -in [gi::getWindows 4]
[12:19:21.66] /i gi::setActiveTab {tabs} -tabName {stdout.lvs.log} -in [gi::getWindows 4]
[12:19:21.66] /i gi::setActiveTab {tabs} -tabName {stdout.lvs.log} -in [gi::getWindows 4]
[12:19:21.66] /i gi::setActiveTab {tabs} -tabName {stdout.lvs.log} -in [gi::getWindows 4]
[12:19:21.66] /i gi::setActiveTab {tabs} -tabName {stdout.lvs.log} -in [gi::getWindows 4]
[12:19:21.66] /i gi::setActiveTab {tabs} -tabName {stdout.lvs.log} -in [gi::getWindows 4]
[12:19:21.66] /i gi::setActiveTab {tabs} -tabName {stdout.lvs.log} -in [gi::getWindows 4]
[12:19:21.66] /i gi::setActiveTab {tabs} -tabName {stdout.lvs.log} -in [gi::getWindows 4]
[12:19:21.72] /e Error: The job 'icv_lvs_6' started on host 'localhost' with process id 10726 failed to start or complete successfully; the job's return code is 33.
[12:19:25.19] /i gi::pressButton {ConsoleToggleButton} -in [db::getAttr statusbar -of [gi::getWindows 4]]
[12:20:01.98] /i gi::setActiveWindow 3
[12:20:01.98] /i gi::setActiveWindow 3 -raise true
[12:20:02.79] /i gi::setActiveWindow 4
[12:20:02.79] /i gi::setActiveWindow 4 -raise true
[12:20:11.54] /i db::setAttr iconified -of [gi::getFrames 1] -value true
[12:20:38.45] /i db::setAttr maximized -of [gi::getFrames 1] -value true
[12:20:38.45] /i db::setAttr iconified -of [gi::getFrames 1] -value false
[12:20:41.20] /i gi::executeAction giCloseWindow -in [gi::getWindows 4]
[12:20:42.58] /# gi::executeAction {xtLVSRun} -in [gi::getWindows 3]
[12:20:42.58] /i xt::physicalVerification::executeRun lvs 3
[12:20:42.78] /i xt::physicalVerification::executePve lvs 3 xtLVSExecutePve
[12:20:42.86] /m Information: "Starting netlisting for design "LAB3/CMOSInverter/schematic"..." (NETLISTING-010)
[12:20:42.92] /o No Design Integrity rule violations found in "LAB3/CMOSInverter/schematic"
[12:20:43.13] /m Information: "Netlisting design "LAB3/CMOSInverter/schematic" finished successfully." (NETLISTING-012)
[12:20:44.56] /r giWindowId 5
[12:20:44.57] /r giWindowGeometry 800x600
[12:20:45.36] /i gi::setActiveTab {tabs} -tabName {stdout.lvs.log} -in [gi::getWindows 5]
[12:20:45.36] /i gi::setActiveTab {tabs} -tabName {stdout.lvs.log} -in [gi::getWindows 5]
[12:20:45.36] /i gi::setActiveTab {tabs} -tabName {stdout.lvs.log} -in [gi::getWindows 5]
[12:20:45.36] /i gi::setActiveTab {tabs} -tabName {stdout.lvs.log} -in [gi::getWindows 5]
[12:20:45.36] /i gi::setActiveTab {tabs} -tabName {stdout.lvs.log} -in [gi::getWindows 5]
[12:20:45.36] /i gi::setActiveTab {tabs} -tabName {stdout.lvs.log} -in [gi::getWindows 5]
[12:20:45.36] /i gi::setActiveTab {tabs} -tabName {stdout.lvs.log} -in [gi::getWindows 5]
[12:20:45.36] /i gi::setActiveTab {tabs} -tabName {stdout.lvs.log} -in [gi::getWindows 5]
[12:20:45.36] /i gi::setActiveTab {tabs} -tabName {stdout.lvs.log} -in [gi::getWindows 5]
[12:20:45.36] /i gi::setActiveTab {tabs} -tabName {stdout.lvs.log} -in [gi::getWindows 5]
[12:20:45.36] /i gi::setActiveTab {tabs} -tabName {stdout.lvs.log} -in [gi::getWindows 5]
[12:20:45.36] /i gi::setActiveTab {tabs} -tabName {stdout.lvs.log} -in [gi::getWindows 5]
[12:20:45.43] /e Error: The job 'icv_lvs_7' started on host 'localhost' with process id 11136 failed to start or complete successfully; the job's return code is 33.
[12:20:47.61] /i gi::pressButton {ConsoleToggleButton} -in [db::getAttr statusbar -of [gi::getWindows 5]]
[12:22:50.65] /i gi::setActiveWindow 3
[12:22:50.65] /i gi::setActiveWindow 3 -raise true
[12:24:55.21] /# gi::executeAction {xtLVSDebug} -in [gi::getWindows 3]
[12:24:55.21] /i xt::physicalVerification::startDebugger lvs 3
[12:24:57.62] /j ::xt::icv::vue::_private::registerConnection linux11108.dc.engr.scu.edu:44034 tcp1 icvVue_1 
[12:24:57.66] /j ::xt::icv::vue::_private::isJobReady 
[12:24:57.66] /o false
[12:24:58.66] /m Information: Connection established with 'IC Validator VUE' running on 'linux11108.dc.engr.scu.edu'.
[12:24:58.66] /j ::xt::icv::vue::_private::isJobReady 
[12:24:58.66] /o true
[12:24:58.68] /j xt::icv::vue::startFilter LAY 
[12:24:58.70] /j xt::icv::vue::setWorkingDir /DCNFS/users/student/lkim/Desktop/ELEN153L/synopsys_custom/pvjob_LAB3.CMOSInverter.icv.lvs 
[12:24:58.72] /j xt::icv::vue::startFilter SCH 
[12:24:58.74] /j xt::icv::vue::setWorkingDir /DCNFS/users/student/lkim/Desktop/ELEN153L/synopsys_custom/pvjob_LAB3.CMOSInverter.icv.lvs 
[12:25:03.14] /# gi::executeAction {xtLVSViewOutputs} -in [gi::getWindows 3]
[12:25:03.14] /i xt::physicalVerification::viewJobOutputs lvs 3
[12:25:05.02] /i gi::setActiveTab {tabs} -tabName {CMOSInverter.LVS_ERRORS} -in [gi::getWindows 5]
[12:25:12.19] /i gi::setActiveWindow 3
[12:25:12.19] /i gi::setActiveWindow 3 -raise true
[12:25:15.86] /# gi::executeAction {xtLVSRun} -in [gi::getWindows 3]
[12:25:15.86] /i xt::physicalVerification::executeRun lvs 3
[12:25:16.03] /i xt::physicalVerification::executePve lvs 3 xtLVSExecutePve
[12:25:16.10] /m Information: "Starting netlisting for design "LAB3/CMOSInverter/schematic"..." (NETLISTING-010)
[12:25:16.16] /o No Design Integrity rule violations found in "LAB3/CMOSInverter/schematic"
[12:25:16.38] /m Information: "Netlisting design "LAB3/CMOSInverter/schematic" finished successfully." (NETLISTING-012)
[12:25:18.77] /i gi::setActiveTab {tabs} -tabName {stdout.lvs.log} -in [gi::getWindows 5]
[12:25:18.77] /i gi::setActiveTab {tabs} -tabName {stdout.lvs.log} -in [gi::getWindows 5]
[12:25:18.77] /i gi::setActiveTab {tabs} -tabName {stdout.lvs.log} -in [gi::getWindows 5]
[12:25:18.77] /i gi::setActiveTab {tabs} -tabName {stdout.lvs.log} -in [gi::getWindows 5]
[12:25:18.77] /i gi::setActiveTab {tabs} -tabName {stdout.lvs.log} -in [gi::getWindows 5]
[12:25:18.77] /i gi::setActiveTab {tabs} -tabName {stdout.lvs.log} -in [gi::getWindows 5]
[12:25:18.77] /i gi::setActiveTab {tabs} -tabName {stdout.lvs.log} -in [gi::getWindows 5]
[12:25:18.77] /i gi::setActiveTab {tabs} -tabName {stdout.lvs.log} -in [gi::getWindows 5]
[12:25:18.77] /i gi::setActiveTab {tabs} -tabName {stdout.lvs.log} -in [gi::getWindows 5]
[12:25:18.77] /i gi::setActiveTab {tabs} -tabName {stdout.lvs.log} -in [gi::getWindows 5]
[12:25:18.77] /i gi::setActiveTab {tabs} -tabName {stdout.lvs.log} -in [gi::getWindows 5]
[12:25:18.77] /i gi::setActiveTab {tabs} -tabName {stdout.lvs.log} -in [gi::getWindows 5]
[12:25:18.84] /e Error: The job 'icv_lvs_8' started on host 'localhost' with process id 12037 failed to start or complete successfully; the job's return code is 33.
[12:25:40.31] /j xt::icv::vue::clearAllHighlights {} 
[12:25:40.33] /j xt::icv::vue::clearAllProbes {} 
[12:25:40.96] /m Information: Connection closed with 'IC Validator VUE' running on 'linux11108.dc.engr.scu.edu'.
[12:25:42.14] /i gi::setActiveTab {tabs} -tabName {CMOSInverter.RESULTS} -in [gi::getWindows 5]
[12:25:42.56] /i gi::setActiveTab {tabs} -tabName {CMOSInverter.LAYOUT_ERRORS} -in [gi::getWindows 5]
[12:25:42.93] /i gi::setActiveTab {tabs} -tabName {CMOSInverter.LVS_ERRORS} -in [gi::getWindows 5]
[12:25:43.77] /i gi::setActiveTab {tabs} -tabName {stdout.lvs.log} -in [gi::getWindows 5]
[12:25:44.67] /i gi::setActiveTab {tabs} -tabName {CMOSInverter.LVS_ERRORS} -in [gi::getWindows 5]
[12:25:45.45] /i gi::setActiveTab {tabs} -tabName {CMOSInverter.lvs.custom_compiler.rc} -in [gi::getWindows 5]
[12:25:46.92] /i gi::setActiveTab {tabs} -tabName {rules.lvs.9m_saed90_lvs.lvs.rs} -in [gi::getWindows 5]
[12:25:50.50] /i gi::setActiveWindow 3
[12:25:50.50] /i gi::setActiveWindow 3 -raise true
[12:25:53.82] /# gi::executeAction {xtLVSViewOutputs} -in [gi::getWindows 3]
[12:25:53.82] /i xt::physicalVerification::viewJobOutputs lvs 3
[12:25:57.92] /i gi::setActiveWindow 3
[12:25:57.92] /i gi::setActiveWindow 3 -raise true
[12:26:01.00] /# gi::executeAction {xtLVSDebug} -in [gi::getWindows 3]
[12:26:01.00] /i xt::physicalVerification::startDebugger lvs 3
[12:26:03.18] /j ::xt::icv::vue::_private::registerConnection linux11108.dc.engr.scu.edu:51232 tcp3 icvVue_2 
[12:26:03.24] /j ::xt::icv::vue::_private::isJobReady 
[12:26:03.24] /o false
[12:26:04.24] /j ::xt::icv::vue::_private::isJobReady 
[12:26:04.24] /o false
[12:26:05.24] /m Information: Connection established with 'IC Validator VUE' running on 'linux11108.dc.engr.scu.edu'.
[12:26:05.24] /j ::xt::icv::vue::_private::isJobReady 
[12:26:05.25] /o true
[12:26:05.27] /j xt::icv::vue::startFilter LAY 
[12:26:05.29] /j xt::icv::vue::setWorkingDir /DCNFS/users/student/lkim/Desktop/ELEN153L/synopsys_custom/pvjob_LAB3.CMOSInverter.icv.lvs 
[12:26:05.31] /j xt::icv::vue::startFilter SCH 
[12:26:05.33] /j xt::icv::vue::setWorkingDir /DCNFS/users/student/lkim/Desktop/ELEN153L/synopsys_custom/pvjob_LAB3.CMOSInverter.icv.lvs 
[14:11:55.28] /r giDialog gi::setActiveDialog [gi::getDialogs {giCloseFrame}]
[14:11:55.56] /r giDialog db::setAttr geometry -of [gi::getDialogs {giCloseFrame}] -value 299x108+801+415
[14:11:56.27] /r giDialog gi::pressButton {giCloseTabsButton} -in [gi::getDialogs {giCloseFrame}]
[14:11:56.29] /i exit
[14:11:56.34] /r giDialog gi::setActiveDialog [gi::getDialogs {deExitDialog} -parent [gi::getWindows 3]]
[14:11:56.59] /r giDialog db::setAttr geometry -of [gi::getDialogs {deExitDialog} -parent [gi::getWindows 3]] -value 419x207+741+366
[14:11:58.02] /r giDialog gi::pressButton {ok} -in [gi::getDialogs {deExitDialog} -parent [gi::getWindows 3]]
[14:11:58.85] /o Shutdown time: Thu Feb 11 14:11:58 2021
[14:11:58.85] /o Elapsed session real time: 1 hour 54.95 minutes
[14:11:58.85] /o Session terminated. Log is at /DCNFS/users/student/lkim/Desktop/ELEN153L/synopsys_custom/logs/ccompiler.lkim.2021_2_11_121658_9930.log
