[13:21:49.96] /r giWindowId 0
[13:21:49.97] /r giWindowGeometry 600x300
[13:21:49.98] /o 
              /c                                 Custom Compiler 
              /c 
              /c               Version P-2019.06-SP1-7 for linux64 - Feb 13, 2020 
              /c 
              /c                     Copyright (c) 2004 - 2020 Synopsys, Inc.
              /c    This software and the associated documentation are proprietary to Synopsys,
              /c  Inc. This software may only be used in accordance with the terms and conditions
              /c  of a written license agreement with Synopsys, Inc. All other use, reproduction,
              /c             or distribution of this software is strictly prohibited.
              /c 
              /c Build  (OPT) Config 5329942 compiled on Thu Feb 13 14:05:50 2020 for RHEL64 6.6
              /c Invocation: /DCNFS/applications/synopsys/2019/app/customcompiler/P-2019.06-SP1-7/linux64/platform/bin/custom_compiler
              /c Execution time: Thu Jan 21 13:21:46 2021
              /c Host: linux11113
              /c Working directory: /DCNFS/users/student/lkim/Desktop/ELEN153L
              /c 
[13:21:55.27] /r giShowFrameTabs true
[13:21:55.27] /r giWindowId 1
[13:21:55.27] /r giWindowGeometry 1040x800
[13:21:56.55] /# gi::pressButton {/scroll/scrollArea/scrollAreaInnerWidget/applications/dmLibraryManager} -in [gi::getWindows 1]
[13:21:56.55] /# 
[13:21:56.72] /# gi::pressButton {/scroll/scrollArea/scrollAreaInnerWidget/applications/dmLibraryManager} -in [gi::getWindows 1]
[13:21:56.72] /# 
[13:21:56.85] /i dm::showLibraryManager
[13:21:56.85] /r giWindowId 2
[13:21:56.86] /r giWindowGeometry 660x600+50+76
[13:21:56.88] /o oa:0x1aef1e80
[13:21:58.07] /i gi::setCurrentIndex {libs} -index {analogLib} -in [gi::getWindows 2]
[13:21:58.17] /i gi::setItemSelection {libs} -index {analogLib} -in [gi::getWindows 2]
[13:21:58.80] /i gi::setCurrentIndex {libs} -index {SAED_PDK_90} -in [gi::getWindows 2]
[13:21:58.85] /i gi::setItemSelection {libs} -index {SAED_PDK_90} -in [gi::getWindows 2]
[13:22:00.03] /i exit
[13:22:00.06] /r giDialog gi::setActiveDialog [gi::getDialogs {deExitDialog} -parent [gi::getWindows 2]]
[13:22:00.35] /r giDialog db::setAttr geometry -of [gi::getDialogs {deExitDialog} -parent [gi::getWindows 2]] -value 419x207+740+341
[13:22:01.13] /r giDialog gi::pressButton {ok} -in [gi::getDialogs {deExitDialog} -parent [gi::getWindows 2]]
[13:22:01.77] /o Shutdown time: Thu Jan 21 13:22:01 2021
[13:22:01.77] /o Elapsed session real time: 0.2 minutes
[13:22:01.77] /o Session terminated. Log is at /DCNFS/users/student/lkim/Desktop/ELEN153L/synopsys_custom/logs/ccompiler.lkim.2021_1_21_132146_19406.log
