[18:06:43.27] /r giWindowId 0
[18:06:43.27] /r giWindowGeometry 600x300
[18:06:43.29] /o 
              /c                                 Custom Compiler 
              /c 
              /c               Version P-2019.06-SP1-7 for linux64 - Feb 13, 2020 
              /c 
              /c                     Copyright (c) 2004 - 2020 Synopsys, Inc.
              /c    This software and the associated documentation are proprietary to Synopsys,
              /c  Inc. This software may only be used in accordance with the terms and conditions
              /c  of a written license agreement with Synopsys, Inc. All other use, reproduction,
              /c             or distribution of this software is strictly prohibited.
              /c 
              /c Build  (OPT) Config 5329942 compiled on Thu Feb 13 14:05:50 2020 for RHEL64 6.6
              /c Invocation: /DCNFS/applications/synopsys/2019/app/customcompiler/P-2019.06-SP1-7/linux64/platform/bin/custom_compiler
              /c Execution time: Sun Mar 14 18:06:40 2021
              /c Host: linux11104
              /c Working directory: /DCNFS/users/student/lkim/Desktop/ELEN153L
              /c 
[18:06:48.73] /r giShowFrameTabs true
[18:06:48.73] /r giWindowId 1
[18:06:48.73] /r giWindowGeometry 1040x800
[18:06:50.15] /# gi::pressButton {/scroll/scrollArea/scrollAreaInnerWidget/applications/dmLibraryManager} -in [gi::getWindows 1]
[18:06:50.15] /# 
[18:06:50.29] /# gi::pressButton {/scroll/scrollArea/scrollAreaInnerWidget/applications/dmLibraryManager} -in [gi::getWindows 1]
[18:06:50.29] /# 
[18:06:50.46] /i dm::showLibraryManager
[18:06:50.46] /r giWindowId 2
[18:06:50.46] /r giWindowGeometry 660x600+50+76
[18:06:50.49] /o oa:0x1ca011c0
[18:06:52.47] /i gi::setCurrentIndex {libs} -index {Lab6Pt2} -in [gi::getWindows 2]
[18:06:52.49] /i gi::setItemSelection {libs} -index {Lab6Pt2} -in [gi::getWindows 2]
[18:06:54.16] /i gi::setCurrentIndex {cells} -index {halfadder} -in [gi::getWindows 2]
[18:06:54.26] /i gi::setItemSelection {cells} -index {halfadder} -in [gi::getWindows 2]
[18:06:55.11] /i gi::setCurrentIndex {cells} -index {fulladder} -in [gi::getWindows 2]
[18:06:55.20] /i gi::setItemSelection {cells} -index {fulladder} -in [gi::getWindows 2]
[18:06:57.46] /i gi::setCurrentIndex {cells} -index {halfadder} -in [gi::getWindows 2]
[18:06:57.55] /i gi::setItemSelection {cells} -index {halfadder} -in [gi::getWindows 2]
[18:06:58.80] /i gi::setCurrentIndex {cells} -index {fulladder} -in [gi::getWindows 2]
[18:06:58.90] /i gi::setItemSelection {cells} -index {fulladder} -in [gi::getWindows 2]
[18:07:00.24] /i gi::setCurrentIndex {cells} -index {ripplecarryadder} -in [gi::getWindows 2]
[18:07:00.34] /i gi::setItemSelection {cells} -index {ripplecarryadder} -in [gi::getWindows 2]
[18:07:01.18] /i gi::setCurrentIndex {cells} -index {fulladder} -in [gi::getWindows 2]
[18:07:01.27] /i gi::setItemSelection {cells} -index {fulladder} -in [gi::getWindows 2]
[18:07:02.54] /i gi::setCurrentIndex {views} -index {layout} -in [gi::getWindows 2]
[18:07:02.57] /i gi::setItemSelection {views} -index {layout} -in [gi::getWindows 2]
[18:07:02.72] /i gi::executeAction {dmOpen} -in [gi::getWindows 2]
[18:07:02.74] /m Information: License 'Basic' checked out. (LICENSE-003)
[18:07:02.81] /o 	############################################
[18:07:02.81] /o 	        Synopsys Generic 90nm iPDK          
[18:07:02.81] /o 	--------------------------------------------
[18:07:02.81] /o 	Release Date .............. : 11-May-2016    
[18:07:02.81] /o 	============================================
[18:07:02.81] /o 	        Recommended Tool Versions           
[18:07:02.81] /o 	--------------------------------------------
[18:07:02.81] /o 	Custom Designer ........... : J-2014.12-2    
[18:07:02.81] /o 	IC Validator .............. : K-2015.12   
[18:07:02.81] /o 	StarRC..................... : K-2015.12  
[18:07:02.81] /o 	--------------------------------------------
[18:07:02.81] /o 	############################################
[18:07:02.81] /o 
[18:07:02.84] /o SAED PDK 90: Loaded callbacks
[18:07:02.87] /o SAED PDK 90: Loaded display resources
[18:07:02.95] /r giWindowId 3
[18:07:02.95] /r giWindowGeometry 1632x869
[18:07:03.40] /i gi::setActiveDialog [gi::getDialogs {leMissingReferences} -parent [gi::getWindows 3]]
[18:07:03.62] /i db::setAttr geometry -of [gi::getDialogs {leMissingReferences} -parent [gi::getWindows 3]] -value 500x300+699+294
[18:07:08.86] /i gi::pressButton {ok} -in [gi::getDialogs {leMissingReferences} -parent [gi::getWindows 3]]
[18:07:10.66] /# gi::executeAction {deSelectActive} -in [gi::getWindows 3]
[18:07:10.66] /i de::deselectAll [db::getNext [de::getContexts -window 3]]
[18:07:10.66] /i de::select [de::getActiveFigure [gi::getWindows 3] -point {11.478 2.824} -index 0 -intent none]
[18:07:10.66] /o oa:0x21f0f690
[18:07:11.57] /i gi::setItemSelection {attributes} -index {master,all} -in [gi::getAssistants dePropertyEditor -from [gi::getWindows 3]]
[18:07:11.59] /i gi::setCurrentIndex {attributes} -index {master,Value} -in [gi::getAssistants dePropertyEditor -from [gi::getWindows 3]]
[18:07:13.11] /i gi::setField {attributes} -value {Lab6
              /c halfadder
              /c layout} -index {master,Value} -in [gi::getAssistants dePropertyEditor -from [gi::getWindows 3]]
[18:07:13.11] /e Error: OpenAccessException: Library Lab6 not found. (PROPERTY_EDITOR-001)
[18:07:15.53] /i gi::setField {attributes} -value {Lab6Pt2
              /c halfadder
              /c layout} -index {master,Value} -in [gi::getAssistants dePropertyEditor -from [gi::getWindows 3]]
[18:07:17.01] /# gi::executeAction {deSelectActive} -in [gi::getWindows 3]
[18:07:17.01] /i de::deselectAll [db::getNext [de::getContexts -window 3]]
[18:07:17.01] /i de::select [de::getActiveFigure [gi::getWindows 3] -point {5.366 2.703} -index 0 -intent none]
[18:07:17.01] /o oa:0x2105f2c0
[18:07:17.04] /r giDialog gi::setActiveDialog [gi::getDialogs {dbSelectionChange} -parent [gi::getWindows 3]]
[18:07:17.33] /r giDialog db::setAttr geometry -of [gi::getDialogs {dbSelectionChange} -parent [gi::getWindows 3]] -value 432x82+733+403
[18:07:17.96] /r giDialog gi::pressButton {apply} -in [gi::getDialogs {dbSelectionChange} -parent [gi::getWindows 3]]
[18:07:18.75] /# gi::executeAction {deSelectActive} -in [gi::getWindows 3]
[18:07:18.75] /i de::cycleActiveFigure [gi::getWindows 3] -direction next
[18:07:18.75] /o oa:0x1e131b60
[18:07:19.62] /i gi::setItemSelection {attributes} -index {master,all} -in [gi::getAssistants dePropertyEditor -from [gi::getWindows 3]]
[18:07:19.65] /i gi::setCurrentIndex {attributes} -index {master,Value} -in [gi::getAssistants dePropertyEditor -from [gi::getWindows 3]]
[18:07:20.33] /i gi::setField {attributes} -value {Lab67
              /c halfadder
              /c layout} -index {master,Value} -in [gi::getAssistants dePropertyEditor -from [gi::getWindows 3]]
[18:07:20.33] /e Error: OpenAccessException: Library Lab67 not found. (PROPERTY_EDITOR-001)
[18:07:21.56] /i gi::setField {attributes} -value {Lab6Pt2
              /c halfadder
              /c layout} -index {master,Value} -in [gi::getAssistants dePropertyEditor -from [gi::getWindows 3]]
[18:07:22.22] /i gi::setItemSelection {attributes} -index {} -in [gi::getAssistants dePropertyEditor -from [gi::getWindows 3]]
[18:07:22.22] /i gi::setCurrentIndex {attributes} -index {} -in [gi::getAssistants dePropertyEditor -from [gi::getWindows 3]]
[18:07:23.26] /# gi::executeAction {deSelectActive} -in [gi::getWindows 3]
[18:07:23.26] /i de::deselectAll [db::getNext [de::getContexts -window 3]]
[18:07:23.28] /r giDialog gi::setActiveDialog [gi::getDialogs {dbSelectionChange} -parent [gi::getWindows 3]]
[18:07:23.55] /r giDialog db::setAttr geometry -of [gi::getDialogs {dbSelectionChange} -parent [gi::getWindows 3]] -value 432x82+733+403
[18:07:24.54] /r giDialog gi::pressButton {apply} -in [gi::getDialogs {dbSelectionChange} -parent [gi::getWindows 3]]
[18:07:30.83] /# gi::executeAction {deCanvasZoomInAtPoint} -in [gi::getWindows 3]
[18:07:30.83] /i de::zoom -window [gi::getWindows 3] -factor 2.0 -center {7.635 6.243}
[18:07:31.14] /# gi::executeAction {deCanvasZoomInAtPoint} -in [gi::getWindows 3]
[18:07:31.14] /i de::zoom -window [gi::getWindows 3] -factor 2.0 -center {7.635 6.243}
[18:07:31.57] /# gi::executeAction {deCanvasZoomOutAtPoint} -in [gi::getWindows 3]
[18:07:31.57] /i de::zoom -window [gi::getWindows 3] -factor 0.5 -center {7.628 6.243}
[18:07:31.60] /# gi::executeAction {deCanvasZoomOutAtPoint} -in [gi::getWindows 3]
[18:07:31.60] /i de::zoom -window [gi::getWindows 3] -factor 0.5 -center {7.627 6.243}
[18:07:31.64] /# gi::executeAction {deCanvasZoomOutAtPoint} -in [gi::getWindows 3]
[18:07:31.64] /i de::zoom -window [gi::getWindows 3] -factor 0.5 -center {7.627 6.243}
[18:07:33.21] /# gi::executeAction {deCanvasZoomInAtPoint} -in [gi::getWindows 3]
[18:07:33.21] /i de::zoom -window [gi::getWindows 3] -factor 2.0 -center {10.532 4.548}
[18:07:36.29] /# gi::executeAction {deCanvasZoomInAtPoint} -in [gi::getWindows 3]
[18:07:36.29] /i de::zoom -window [gi::getWindows 3] -factor 2.0 -center {20.515 4.82}
[18:07:36.36] /# gi::executeAction {deCanvasZoomInAtPoint} -in [gi::getWindows 3]
[18:07:36.36] /i de::zoom -window [gi::getWindows 3] -factor 2.0 -center {20.485 4.82}
[18:07:37.23] /# gi::executeAction {deCanvasZoomOutAtPoint} -in [gi::getWindows 3]
[18:07:37.23] /i de::zoom -window [gi::getWindows 3] -factor 0.5 -center {19.782 5.002}
[18:07:37.31] /# gi::executeAction {deCanvasZoomOutAtPoint} -in [gi::getWindows 3]
[18:07:37.31] /i de::zoom -window [gi::getWindows 3] -factor 0.5 -center {19.781 4.926}
[18:07:37.64] /# gi::executeAction {deCanvasZoomOutAtPoint} -in [gi::getWindows 3]
[18:07:37.64] /i de::zoom -window [gi::getWindows 3] -factor 0.5 -center {19.479 4.139}
[18:07:37.72] /# gi::executeAction {deCanvasZoomOutAtPoint} -in [gi::getWindows 3]
[18:07:37.72] /i de::zoom -window [gi::getWindows 3] -factor 0.5 -center {18.571 3.896}
[18:07:38.13] /# gi::executeAction {deCanvasZoomInAtPoint} -in [gi::getWindows 3]
[18:07:38.13] /i de::zoom -window [gi::getWindows 3] -factor 2.0 -center {7.801 3.655}
[18:07:38.20] /# gi::executeAction {deCanvasZoomInAtPoint} -in [gi::getWindows 3]
[18:07:38.20] /i de::zoom -window [gi::getWindows 3] -factor 2.0 -center {7.801 3.655}
[18:07:40.03] /# gi::executeAction {deCanvasZoomInAtPoint} -in [gi::getWindows 3]
[18:07:40.03] /i de::zoom -window [gi::getWindows 3] -factor 2.0 -center {1.962 5.803}
[18:07:42.60] /# gi::executeAction {deCanvasZoomOutAtPoint} -in [gi::getWindows 3]
[18:07:42.60] /i de::zoom -window [gi::getWindows 3] -factor 0.5 -center {2.446 3.973}
[18:07:43.47] /# gi::executeAction {deCanvasZoomInAtPoint} -in [gi::getWindows 3]
[18:07:43.47] /i de::zoom -window [gi::getWindows 3] -factor 2.0 -center {3.808 0.675}
[18:07:44.15] /# gi::executeAction {deCanvasZoomInAtPoint} -in [gi::getWindows 3]
[18:07:44.15] /i de::zoom -window [gi::getWindows 3] -factor 2.0 -center {2.749 0.342}
[18:07:44.88] /# gi::executeAction {deCanvasZoomOutAtPoint} -in [gi::getWindows 3]
[18:07:44.88] /i de::zoom -window [gi::getWindows 3] -factor 0.5 -center {2.159 0.516}
[18:07:46.75] /# gi::executeAction {deCanvasZoomInAtPoint} -in [gi::getWindows 3]
[18:07:46.75] /i de::zoom -window [gi::getWindows 3] -factor 2.0 -center {8.195 4.025}
[18:07:49.76] /# gi::executeAction {deCanvasZoomInAtPoint} -in [gi::getWindows 3]
[18:07:49.76] /i de::zoom -window [gi::getWindows 3] -factor 2.0 -center {7.839 3.95}
[18:07:50.40] /# gi::executeAction {deSelectActive} -in [gi::getWindows 3]
[18:07:50.40] /i de::deselectAll [db::getNext [de::getContexts -window 3]]
[18:07:50.40] /i de::select [de::getActiveFigure [gi::getWindows 3] -point {7.786 3.916} -index 0 -intent none]
[18:07:50.40] /o oa:0x2217b720
[18:07:51.20] /# gi::executeAction {deCanvasZoomOutAtPoint} -in [gi::getWindows 3]
[18:07:51.20] /i de::zoom -window [gi::getWindows 3] -factor 0.5 -center {7.771 3.908}
[18:07:51.25] /# gi::executeAction {deCanvasZoomOutAtPoint} -in [gi::getWindows 3]
[18:07:51.25] /i de::zoom -window [gi::getWindows 3] -factor 0.5 -center {7.771 3.908}
[18:07:54.08] /# gi::executeAction {leDisplayAllLevels} -in [gi::getWindows 3]
[18:07:54.08] /i db::setPrefValue leStopLevel -value 32 -scope [db::getNext [de::getContexts -window 3]]
[18:07:55.79] /# gi::executeAction {deSelectActive} -in [gi::getWindows 3]
[18:07:55.79] /i de::deselectAll [db::getNext [de::getContexts -window 3]]
[18:07:55.79] /i de::select [de::getActiveFigure [gi::getWindows 3] -point {8.497 4.181} -index 0 -intent none]
[18:07:55.79] /o oa:0x22843cd0
[18:07:56.39] /# gi::executeAction {deCanvasZoomInAtPoint} -in [gi::getWindows 3]
[18:07:56.39] /i de::zoom -window [gi::getWindows 3] -factor 2.0 -center {8.044 3.969}
[18:07:56.42] /# gi::executeAction {deCanvasZoomInAtPoint} -in [gi::getWindows 3]
[18:07:56.42] /i de::zoom -window [gi::getWindows 3] -factor 2.0 -center {8.044 3.969}
[18:07:56.72] /# gi::executeAction {deCanvasZoomInAtPoint} -in [gi::getWindows 3]
[18:07:56.72] /i de::zoom -window [gi::getWindows 3] -factor 2.0 -center {8.044 3.969}
[18:07:57.55] /# gi::executeAction {leDisplayTopLevel} -in [gi::getWindows 3]
[18:07:57.55] /i db::setPrefValue leStopLevel -value 0 -scope [db::getNext [de::getContexts -window 3]]; db::setPrefValue leStartLevel -value 0 -scope [db::getNext [de::getContexts -window 3]]; de::redraw -window 3
[18:07:58.82] /# gi::executeAction {leStartStretchDrag} -in [gi::getWindows 3]
[18:07:58.82] /i layout_editor::directStretch [de::getActiveFigure [gi::getWindows 3] -point {7.836 4.064} -index 0 -intent none] 3
[18:07:58.82] /i db::setPrefValue deSelectMode -value Replace -scope [db::getScopes [db::getNext [de::getContexts -window 3]]]; ide::selectByRegion -region rectangle -point {7.835 4.065} 
[18:07:59.20] /# gi::executeAction {deEndDrag} -in [gi::getWindows 3]
[18:07:59.20] /i de::endDrag {7.524 3.757} -context [db::getNext [de::getContexts -window 3]]
[18:07:59.76] /# gi::executeAction {deCanvasZoomOutAtPoint} -in [gi::getWindows 3]
[18:07:59.76] /i de::zoom -window [gi::getWindows 3] -factor 0.5 -center {7.745 3.971}
[18:08:00.39] /# gi::executeAction {deCanvasZoomOutAtPoint} -in [gi::getWindows 3]
[18:08:00.39] /i de::zoom -window [gi::getWindows 3] -factor 0.5 -center {7.738 3.959}
[18:08:00.91] /# gi::executeAction {deCanvasZoomOutAtPoint} -in [gi::getWindows 3]
[18:08:00.92] /i de::zoom -window [gi::getWindows 3] -factor 0.5 -center {7.738 3.96}
[18:08:00.97] /# gi::executeAction {deCanvasZoomOutAtPoint} -in [gi::getWindows 3]
[18:08:00.97] /i de::zoom -window [gi::getWindows 3] -factor 0.5 -center {7.737 3.96}
[18:08:01.37] /# gi::executeAction {deCanvasZoomInAtPoint} -in [gi::getWindows 3]
[18:08:01.37] /i de::zoom -window [gi::getWindows 3] -factor 2.0 -center {7.738 3.96}
[18:08:03.28] /# gi::executeAction {leDisplayAllLevels} -in [gi::getWindows 3]
[18:08:03.28] /i db::setPrefValue leStopLevel -value 32 -scope [db::getNext [de::getContexts -window 3]]
[18:08:04.30] /# gi::executeAction {leMove} -in [gi::getWindows 3]
[18:08:04.30] /i ile::move
[18:08:04.64] /# gi::executeAction {deAddPoint} -in [gi::getWindows 3]
[18:08:04.64] /i de::addPoint {7.708 3.96} -context [db::getNext [de::getContexts -window 3]]
[18:08:05.84] /# gi::executeAction {deCanvasZoomInAtPoint} -in [gi::getWindows 3]
[18:08:05.84] /i de::zoom -window [gi::getWindows 3] -factor 2.0 -center {2.912 3.975}
[18:08:06.21] /# gi::executeAction {deCanvasZoomOutAtPoint} -in [gi::getWindows 3]
[18:08:06.21] /i de::zoom -window [gi::getWindows 3] -factor 0.5 -center {2.912 3.975}
[18:08:07.13] /# gi::executeAction {deCanvasZoomOutAtPoint} -in [gi::getWindows 3]
[18:08:07.13] /i de::zoom -window [gi::getWindows 3] -factor 0.5 -center {2.443 3.99}
[18:08:08.20] /# gi::executeAction {deCanvasZoomInAtPoint} -in [gi::getWindows 3]
[18:08:08.20] /i de::zoom -window [gi::getWindows 3] -factor 2.0 -center {2.111 4.051}
[18:08:08.36] /# gi::executeAction {deCanvasZoomInAtPoint} -in [gi::getWindows 3]
[18:08:08.36] /i de::zoom -window [gi::getWindows 3] -factor 2.0 -center {2.111 4.051}
[18:08:09.51] /# gi::executeAction {deAddPoint} -in [gi::getWindows 3]
[18:08:09.51] /i de::addPoint {2.262 4.006} -context [db::getNext [de::getContexts -window 3]]
[18:08:11.50] /# gi::executeAction {leDisplayTopLevel} -in [gi::getWindows 3]
[18:08:11.50] /i db::setPrefValue leStopLevel -value 0 -scope [db::getNext [de::getContexts -window 3]]; db::setPrefValue leStartLevel -value 0 -scope [db::getNext [de::getContexts -window 3]]; de::redraw -window 3
[18:08:11.92] /# gi::executeAction {deCanvasZoomOutAtPoint} -in [gi::getWindows 3]
[18:08:11.92] /i de::zoom -window [gi::getWindows 3] -factor 0.5 -center {3.586 4.21}
[18:08:12.11] /# gi::executeAction {deCanvasZoomOutAtPoint} -in [gi::getWindows 3]
[18:08:12.11] /i de::zoom -window [gi::getWindows 3] -factor 0.5 -center {3.601 4.21}
[18:08:12.76] /# gi::executeAction {deCanvasZoomInAtPoint} -in [gi::getWindows 3]
[18:08:12.76] /i de::zoom -window [gi::getWindows 3] -factor 2.0 -center {3.147 3.997}
[18:08:13.07] /# gi::executeAction {deCanvasZoomInAtPoint} -in [gi::getWindows 3]
[18:08:13.07] /i de::zoom -window [gi::getWindows 3] -factor 2.0 -center {2.95 3.997}
[18:08:13.47] /# gi::executeAction {deCanvasZoomOutAtPoint} -in [gi::getWindows 3]
[18:08:13.47] /i de::zoom -window [gi::getWindows 3] -factor 0.5 -center {2.95 3.997}
[18:08:13.52] /# gi::executeAction {deCanvasZoomOutAtPoint} -in [gi::getWindows 3]
[18:08:13.52] /i de::zoom -window [gi::getWindows 3] -factor 0.5 -center {3.102 3.982}
[18:08:14.30] /# gi::executeAction {deCanvasZoomInAtPoint} -in [gi::getWindows 3]
[18:08:14.30] /i de::zoom -window [gi::getWindows 3] -factor 2.0 -center {1.014 4.285}
[18:08:14.40] /# gi::executeAction {deCanvasZoomInAtPoint} -in [gi::getWindows 3]
[18:08:14.40] /i de::zoom -window [gi::getWindows 3] -factor 2.0 -center {1.18 4.255}
[18:08:15.08] /# gi::executeAction {leStartStretchDrag} -in [gi::getWindows 3]
[18:08:15.08] /i layout_editor::directStretch [de::getActiveFigure [gi::getWindows 3] -point {2.731 4.247} -index 0 -intent none] 3
[18:08:15.08] /i db::setPrefValue deSelectMode -value Replace -scope [db::getScopes [db::getNext [de::getContexts -window 3]]]; ide::selectByRegion -region rectangle -point {2.73 4.245} 
[18:08:15.22] /# gi::executeAction {deEndDrag} -in [gi::getWindows 3]
[18:08:15.22] /i de::endDrag {1.763 3.65} -context [db::getNext [de::getContexts -window 3]]
[18:08:17.55] /# gi::executeAction {leDisplayAllLevels} -in [gi::getWindows 3]
[18:08:17.55] /i db::setPrefValue leStopLevel -value 32 -scope [db::getNext [de::getContexts -window 3]]
[18:08:18.82] /# gi::executeAction {leMove} -in [gi::getWindows 3]
[18:08:18.82] /i ile::move
[18:08:19.12] /# gi::executeAction {deAddPoint} -in [gi::getWindows 3]
[18:08:19.12] /i de::addPoint {2.315 3.937} -context [db::getNext [de::getContexts -window 3]]
[18:08:20.79] /# gi::executeAction {deAddPoint} -in [gi::getWindows 3]
[18:08:20.79] /i de::addPoint {1.294 3.967} -context [db::getNext [de::getContexts -window 3]]
[18:08:21.37] /# gi::executeAction {deCanvasZoomInAtPoint} -in [gi::getWindows 3]
[18:08:21.37] /i de::zoom -window [gi::getWindows 3] -factor 2.0 -center {1.316 4.02}
[18:08:21.41] /# gi::executeAction {deCanvasZoomInAtPoint} -in [gi::getWindows 3]
[18:08:21.41] /i de::zoom -window [gi::getWindows 3] -factor 2.0 -center {1.316 4.02}
[18:08:21.44] /# gi::executeAction {deCanvasZoomInAtPoint} -in [gi::getWindows 3]
[18:08:21.44] /i de::zoom -window [gi::getWindows 3] -factor 2.0 -center {1.316 4.02}
[18:08:21.52] /# gi::executeAction {deCanvasZoomInAtPoint} -in [gi::getWindows 3]
[18:08:21.52] /i de::zoom -window [gi::getWindows 3] -factor 2.0 -center {1.316 4.02}
[18:08:22.04] /# gi::executeAction {deCanvasZoomOutAtPoint} -in [gi::getWindows 3]
[18:08:22.04] /i de::zoom -window [gi::getWindows 3] -factor 0.5 -center {1.322 4.008}
[18:08:22.39] /# gi::executeAction {deCanvasZoomOutAtPoint} -in [gi::getWindows 3]
[18:08:22.39] /i de::zoom -window [gi::getWindows 3] -factor 0.5 -center {1.33 4.006}
[18:08:22.42] /# gi::executeAction {deCanvasZoomOutAtPoint} -in [gi::getWindows 3]
[18:08:22.42] /i de::zoom -window [gi::getWindows 3] -factor 0.5 -center {1.332 4.005}
[18:08:22.75] /# gi::executeAction {deCanvasZoomOutAtPoint} -in [gi::getWindows 3]
[18:08:22.75] /i de::zoom -window [gi::getWindows 3] -factor 0.5 -center {1.335 4.005}
[18:08:22.79] /# gi::executeAction {deCanvasZoomOutAtPoint} -in [gi::getWindows 3]
[18:08:22.79] /i de::zoom -window [gi::getWindows 3] -factor 0.5 -center {1.335 4.006}
[18:08:25.67] /# gi::executeAction {leDisplayTopLevel} -in [gi::getWindows 3]
[18:08:25.67] /i db::setPrefValue leStopLevel -value 0 -scope [db::getNext [de::getContexts -window 3]]; db::setPrefValue leStartLevel -value 0 -scope [db::getNext [de::getContexts -window 3]]; de::redraw -window 3
[18:08:26.84] /# gi::executeAction {leStartStretchDrag} -in [gi::getWindows 3]
[18:08:26.84] /i layout_editor::directStretch [de::getActiveFigure [gi::getWindows 3] -point {2.288 0.889} -index 0 -intent none] 3
[18:08:26.84] /i db::setPrefValue deSelectMode -value Replace -scope [db::getScopes [db::getNext [de::getContexts -window 3]]]; ide::selectByRegion -region rectangle -point {2.29 0.89} 
[18:08:26.97] /# gi::executeAction {deEndDrag} -in [gi::getWindows 3]
[18:08:26.97] /i de::endDrag {1.048 -0.064} -context [db::getNext [de::getContexts -window 3]]
[18:08:28.35] /# gi::executeAction {leMove} -in [gi::getWindows 3]
[18:08:28.35] /i ile::move
[18:08:28.90] /# gi::executeAction {deCanvasZoomInAtPoint} -in [gi::getWindows 3]
[18:08:28.90] /i de::zoom -window [gi::getWindows 3] -factor 2.0 -center {1.578 0.496}
[18:08:28.93] /# gi::executeAction {deCanvasZoomInAtPoint} -in [gi::getWindows 3]
[18:08:28.93] /i de::zoom -window [gi::getWindows 3] -factor 2.0 -center {1.578 0.496}
[18:08:29.03] /# gi::executeAction {deCanvasZoomInAtPoint} -in [gi::getWindows 3]
[18:08:29.03] /i de::zoom -window [gi::getWindows 3] -factor 2.0 -center {1.578 0.496}
[18:08:30.20] /# gi::executeAction {deAddPoint} -in [gi::getWindows 3]
[18:08:30.20] /i de::addPoint {1.591 0.422} -context [db::getNext [de::getContexts -window 3]]
[18:08:31.33] /# gi::executeAction {deCanvasZoomOutAtPoint} -in [gi::getWindows 3]
[18:08:31.33] /i de::zoom -window [gi::getWindows 3] -factor 0.5 -center {1.432 0.428}
[18:08:31.96] /# gi::executeAction {deCanvasZoomOutAtPoint} -in [gi::getWindows 3]
[18:08:31.96] /i de::zoom -window [gi::getWindows 3] -factor 0.5 -center {1.357 0.435}
[18:08:33.06] /# gi::executeAction {deAddPoint} -in [gi::getWindows 3]
[18:08:33.06] /i de::addPoint {1.236 0.481} -context [db::getNext [de::getContexts -window 3]]
[18:08:33.43] /# gi::executeAction {deCanvasZoomOutAtPoint} -in [gi::getWindows 3]
[18:08:33.43] /i de::zoom -window [gi::getWindows 3] -factor 0.5 -center {2.257 0.927}
[18:08:33.47] /# gi::executeAction {deCanvasZoomOutAtPoint} -in [gi::getWindows 3]
[18:08:33.47] /i de::zoom -window [gi::getWindows 3] -factor 0.5 -center {2.257 0.928}
[18:08:34.94] /# gi::executeAction {deCanvasZoomInAtPoint} -in [gi::getWindows 3]
[18:08:34.94] /i de::zoom -window [gi::getWindows 3] -factor 2.0 -center {9.912 1.2}
[18:08:35.01] /# gi::executeAction {deCanvasZoomInAtPoint} -in [gi::getWindows 3]
[18:08:35.01] /i de::zoom -window [gi::getWindows 3] -factor 2.0 -center {9.897 1.245}
[18:08:37.84] /# gi::executeAction {leDisplayAllLevels} -in [gi::getWindows 3]
[18:08:37.84] /i db::setPrefValue leStopLevel -value 32 -scope [db::getNext [de::getContexts -window 3]]
[18:08:38.56] /# gi::executeAction {deCanvasZoomInAtPoint} -in [gi::getWindows 3]
[18:08:38.56] /i de::zoom -window [gi::getWindows 3] -factor 2.0 -center {7.87 0.337}
[18:08:38.69] /# gi::executeAction {deCanvasZoomInAtPoint} -in [gi::getWindows 3]
[18:08:38.69] /i de::zoom -window [gi::getWindows 3] -factor 2.0 -center {7.866 0.337}
[18:08:40.88] /# gi::executeAction {deSelectActive} -in [gi::getWindows 3]
[18:08:40.88] /i de::deselectAll [db::getNext [de::getContexts -window 3]]
[18:08:40.88] /i de::select [de::getActiveFigure [gi::getWindows 3] -point {7.719 0.413} -index 0 -intent none]
[18:08:40.88] /o oa:0x22353b30
[18:08:42.08] /# gi::executeAction {leDelete} -in [gi::getWindows 3]
[18:08:42.08] /i le::delete [de::getSelected -design [ed]] -partialObject ignore
[18:08:42.87] /# gi::executeAction {deCanvasZoomOutAtPoint} -in [gi::getWindows 3]
[18:08:42.87] /i de::zoom -window [gi::getWindows 3] -factor 0.5 -center {7.628 0.405}
[18:08:42.98] /# gi::executeAction {deCanvasZoomOutAtPoint} -in [gi::getWindows 3]
[18:08:42.98] /i de::zoom -window [gi::getWindows 3] -factor 0.5 -center {7.643 0.398}
[18:08:43.98] /# gi::executeAction {deCanvasZoomOutAtPoint} -in [gi::getWindows 3]
[18:08:43.98] /i de::zoom -window [gi::getWindows 3] -factor 0.5 -center {8.475 0.314}
[18:08:44.51] /# gi::executeAction {deCanvasZoomInAtPoint} -in [gi::getWindows 3]
[18:08:44.51] /i de::zoom -window [gi::getWindows 3] -factor 2.0 -center {8.202 0.375}
[18:08:44.58] /# gi::executeAction {deCanvasZoomInAtPoint} -in [gi::getWindows 3]
[18:08:44.58] /i de::zoom -window [gi::getWindows 3] -factor 2.0 -center {8.202 0.375}
[18:08:46.65] /# gi::executeAction {deCanvasZoomInAtPoint} -in [gi::getWindows 3]
[18:08:46.65] /i de::zoom -window [gi::getWindows 3] -factor 2.0 -center {8.614 0.405}
[18:08:47.49] /# gi::executeAction {leInterconnect} -in [gi::getWindows 3]
[18:08:47.49] /i ile::createInterconnect
[18:08:47.51] /# gi::setItemSelection {lpps} -index {} -in [gi::getAssistants leObjectLayerPanel -from [gi::getWindows 3]]
[18:08:47.51] /# gi::setItemSelection {lpps} -index {DIFF drw} -in [gi::getAssistants leObjectLayerPanel -from [gi::getWindows 3]]
[18:08:47.85] /# gi::executeAction {deAddPoint} -in [gi::getWindows 3]
[18:08:47.85] /i de::addPoint {8.633 0.398} -context [db::getNext [de::getContexts -window 3]]
[18:08:47.86] /# gi::setItemSelection {lpps} -index {} -in [gi::getAssistants leObjectLayerPanel -from [gi::getWindows 3]]
[18:08:47.86] /# gi::setItemSelection {lpps} -index {M1 drw} -in [gi::getAssistants leObjectLayerPanel -from [gi::getWindows 3]]
[18:08:48.56] /# gi::executeAction {deCanvasZoomOutAtPoint} -in [gi::getWindows 3]
[18:08:48.56] /i de::zoom -window [gi::getWindows 3] -factor 0.5 -center {8.151 0.422}
[18:08:48.77] /# gi::executeAction {deCanvasZoomOutAtPoint} -in [gi::getWindows 3]
[18:08:48.77] /i de::zoom -window [gi::getWindows 3] -factor 0.5 -center {8.264 0.426}
[18:08:49.21] /# gi::executeAction {deCanvasZoomOutAtPoint} -in [gi::getWindows 3]
[18:08:49.21] /i de::zoom -window [gi::getWindows 3] -factor 0.5 -center {8.809 0.351}
[18:08:49.71] /# gi::executeAction {deCanvasZoomOutAtPoint} -in [gi::getWindows 3]
[18:08:49.71] /i de::zoom -window [gi::getWindows 3] -factor 0.5 -center {8.809 0.35}
[18:08:49.79] /# gi::executeAction {deCanvasZoomOutAtPoint} -in [gi::getWindows 3]
[18:08:49.79] /i de::zoom -window [gi::getWindows 3] -factor 0.5 -center {8.808 0.351}
[18:08:50.61] /# gi::executeAction {deCanvasZoomInAtPoint} -in [gi::getWindows 3]
[18:08:50.61] /i de::zoom -window [gi::getWindows 3] -factor 2.0 -center {5.541 0.411}
[18:08:50.68] /# gi::executeAction {deCanvasZoomInAtPoint} -in [gi::getWindows 3]
[18:08:50.68] /i de::zoom -window [gi::getWindows 3] -factor 2.0 -center {5.541 0.411}
[18:08:51.16] /# gi::executeAction {deCanvasZoomInAtPoint} -in [gi::getWindows 3]
[18:08:51.16] /i de::zoom -window [gi::getWindows 3] -factor 2.0 -center {6.993 0.29}
[18:08:51.23] /# gi::executeAction {deCanvasZoomInAtPoint} -in [gi::getWindows 3]
[18:08:51.23] /i de::zoom -window [gi::getWindows 3] -factor 2.0 -center {7.008 0.29}
[18:08:51.68] /# gi::executeAction {deCanvasZoomInAtPoint} -in [gi::getWindows 3]
[18:08:51.68] /i de::zoom -window [gi::getWindows 3] -factor 2.0 -center {7.322 0.275}
[18:08:53.50] /# gi::executeAction {deCompleteShapeHere} -in [gi::getWindows 3]
[18:08:53.50] /i de::completeShape {7.417 0.341} -context [db::getNext [de::getContexts -window 3]]
[18:08:53.87] /# gi::executeAction {deCanvasZoomOutAtPoint} -in [gi::getWindows 3]
[18:08:53.87] /i de::zoom -window [gi::getWindows 3] -factor 0.5 -center {7.468 0.351}
[18:08:53.92] /# gi::executeAction {deCanvasZoomOutAtPoint} -in [gi::getWindows 3]
[18:08:53.92] /i de::zoom -window [gi::getWindows 3] -factor 0.5 -center {7.467 0.35}
[18:08:54.35] /# gi::executeAction {deCanvasZoomOutAtPoint} -in [gi::getWindows 3]
[18:08:54.35] /i de::zoom -window [gi::getWindows 3] -factor 0.5 -center {7.74 1.054}
[18:08:54.38] /# gi::executeAction {deCanvasZoomOutAtPoint} -in [gi::getWindows 3]
[18:08:54.39] /i de::zoom -window [gi::getWindows 3] -factor 0.5 -center {7.739 1.129}
[18:08:54.93] /# gi::executeAction {deCanvasZoomInAtPoint} -in [gi::getWindows 3]
[18:08:54.93] /i de::zoom -window [gi::getWindows 3] -factor 2.0 -center {8.95 5.637}
[18:08:54.98] /# gi::executeAction {deCanvasZoomInAtPoint} -in [gi::getWindows 3]
[18:08:54.98] /i de::zoom -window [gi::getWindows 3] -factor 2.0 -center {8.92 5.546}
[18:08:55.03] /# gi::executeAction {deCanvasZoomInAtPoint} -in [gi::getWindows 3]
[18:08:55.03] /i de::zoom -window [gi::getWindows 3] -factor 2.0 -center {8.882 5.463}
[18:08:55.51] /# gi::executeAction {deCanvasZoomOutAtPoint} -in [gi::getWindows 3]
[18:08:55.51] /i de::zoom -window [gi::getWindows 3] -factor 0.5 -center {8.247 4.495}
[18:08:56.30] /# gi::executeAction {deCanvasZoomInAtPoint} -in [gi::getWindows 3]
[18:08:56.30] /i de::zoom -window [gi::getWindows 3] -factor 2.0 -center {7.694 3.905}
[18:08:57.19] /# gi::executeAction {deAbortCommand} -in [gi::getWindows 3]
[18:08:57.19] /i de::abortCommand -context [db::getNext [de::getContexts -window 3]]
[18:08:57.64] /# gi::executeAction {deSelectActive} -in [gi::getWindows 3]
[18:08:57.64] /i de::deselectAll [db::getNext [de::getContexts -window 3]]
[18:08:57.64] /i de::select [de::getActiveFigure [gi::getWindows 3] -point {7.705 3.931} -index 0 -intent none]
[18:08:57.64] /o oa:0x22897f10
[18:08:58.52] /w Warning: Nothing is bound to the 'BackSpace' in the current active set. (WINDOW-015)
[18:09:00.84] /# gi::executeAction {leDelete} -in [gi::getWindows 3]
[18:09:00.84] /i le::delete [de::getSelected -design [ed]] -partialObject ignore
[18:09:02.23] /# gi::executeAction {deCanvasZoomInAtPoint} -in [gi::getWindows 3]
[18:09:02.23] /i de::zoom -window [gi::getWindows 3] -factor 2.0 -center {8.416 3.943}
[18:09:02.71] /# gi::executeAction {deCanvasZoomInAtPoint} -in [gi::getWindows 3]
[18:09:02.71] /i de::zoom -window [gi::getWindows 3] -factor 2.0 -center {8.407 3.941}
[18:09:03.43] /# gi::executeAction {leInterconnect} -in [gi::getWindows 3]
[18:09:03.43] /i ile::createInterconnect
[18:09:03.68] /# gi::executeAction {deAddPoint} -in [gi::getWindows 3]
[18:09:03.68] /i de::addPoint {8.395 3.943} -context [db::getNext [de::getContexts -window 3]]
[18:09:03.89] /# gi::executeAction {deCanvasZoomOutAtPoint} -in [gi::getWindows 3]
[18:09:03.89] /i de::zoom -window [gi::getWindows 3] -factor 0.5 -center {8.395 3.943}
[18:09:04.61] /# gi::executeAction {deCanvasZoomOutAtPoint} -in [gi::getWindows 3]
[18:09:04.61] /i de::zoom -window [gi::getWindows 3] -factor 0.5 -center {8.122 3.954}
[18:09:04.69] /# gi::executeAction {deCanvasZoomOutAtPoint} -in [gi::getWindows 3]
[18:09:04.69] /i de::zoom -window [gi::getWindows 3] -factor 0.5 -center {8.122 3.954}
[18:09:07.04] /# gi::executeAction {deCompleteShapeHere} -in [gi::getWindows 3]
[18:09:07.04] /i de::completeShape {7.448 3.985} -context [db::getNext [de::getContexts -window 3]]
[18:09:08.03] /# gi::executeAction {deCanvasZoomOutAtPoint} -in [gi::getWindows 3]
[18:09:08.03] /i de::zoom -window [gi::getWindows 3] -factor 0.5 -center {8.696 4.348}
[18:09:08.42] /# gi::executeAction {deCanvasZoomOutAtPoint} -in [gi::getWindows 3]
[18:09:08.42] /i de::zoom -window [gi::getWindows 3] -factor 0.5 -center {8.712 4.317}
[18:09:09.25] /# gi::executeAction {deCanvasZoomInAtPoint} -in [gi::getWindows 3]
[18:09:09.25] /i de::zoom -window [gi::getWindows 3] -factor 2.0 -center {12.796 3.56}
[18:09:09.40] /# gi::executeAction {deCanvasZoomInAtPoint} -in [gi::getWindows 3]
[18:09:09.40] /i de::zoom -window [gi::getWindows 3] -factor 2.0 -center {12.312 3.575}
[18:09:09.94] /# gi::executeAction {deCanvasZoomInAtPoint} -in [gi::getWindows 3]
[18:09:09.94] /i de::zoom -window [gi::getWindows 3] -factor 2.0 -center {11.979 3.689}
[18:09:11.41] /# gi::executeAction {leDisplayTopLevel} -in [gi::getWindows 3]
[18:09:11.41] /i db::setPrefValue leStopLevel -value 0 -scope [db::getNext [de::getContexts -window 3]]; db::setPrefValue leStartLevel -value 0 -scope [db::getNext [de::getContexts -window 3]]; de::redraw -window 3
[18:09:11.67] /# gi::executeAction {deCanvasZoomOutAtPoint} -in [gi::getWindows 3]
[18:09:11.67] /i de::zoom -window [gi::getWindows 3] -factor 0.5 -center {12.111 3.685}
[18:09:12.05] /# gi::executeAction {deCanvasZoomOutAtPoint} -in [gi::getWindows 3]
[18:09:12.05] /i de::zoom -window [gi::getWindows 3] -factor 0.5 -center {12.066 3.708}
[18:09:12.09] /# gi::executeAction {deCanvasZoomOutAtPoint} -in [gi::getWindows 3]
[18:09:12.09] /i de::zoom -window [gi::getWindows 3] -factor 0.5 -center {12.067 3.707}
[18:09:12.52] /# gi::executeAction {deCanvasZoomOutAtPoint} -in [gi::getWindows 3]
[18:09:12.52] /i de::zoom -window [gi::getWindows 3] -factor 0.5 -center {12.46 3.526}
[18:09:14.97] /# gi::executeAction {deCanvasZoomInAtPoint} -in [gi::getWindows 3]
[18:09:14.97] /i de::zoom -window [gi::getWindows 3] -factor 2.0 -center {7.438 -1.374}
[18:09:15.02] /# gi::executeAction {deCanvasZoomInAtPoint} -in [gi::getWindows 3]
[18:09:15.02] /i de::zoom -window [gi::getWindows 3] -factor 2.0 -center {7.438 -1.374}
[18:09:15.67] /# gi::executeAction {deCanvasZoomOutAtPoint} -in [gi::getWindows 3]
[18:09:15.67] /i de::zoom -window [gi::getWindows 3] -factor 0.5 -center {9.526 -0.678}
[18:09:15.71] /# gi::executeAction {deCanvasZoomOutAtPoint} -in [gi::getWindows 3]
[18:09:15.71] /i de::zoom -window [gi::getWindows 3] -factor 0.5 -center {9.465 -0.709}
[18:09:16.45] /# gi::executeAction {deCanvasZoomInAtPoint} -in [gi::getWindows 3]
[18:09:16.45] /i de::zoom -window [gi::getWindows 3] -factor 2.0 -center {15.515 0.199}
[18:09:16.48] /# gi::executeAction {deCanvasZoomInAtPoint} -in [gi::getWindows 3]
[18:09:16.48] /i de::zoom -window [gi::getWindows 3] -factor 2.0 -center {15.515 0.199}
[18:09:18.33] /# gi::executeAction {deCanvasZoomInAtPoint} -in [gi::getWindows 3]
[18:09:18.33] /i de::zoom -window [gi::getWindows 3] -factor 2.0 -center {15.243 3.814}
[18:09:18.37] /# gi::executeAction {deCanvasZoomInAtPoint} -in [gi::getWindows 3]
[18:09:18.37] /i de::zoom -window [gi::getWindows 3] -factor 2.0 -center {15.243 3.814}
[18:09:18.99] /# gi::executeAction {deAbortCommand} -in [gi::getWindows 3]
[18:09:18.99] /i de::abortCommand -context [db::getNext [de::getContexts -window 3]]
[18:09:19.43] /# gi::executeAction {deSelectActive} -in [gi::getWindows 3]
[18:09:19.43] /i de::deselectAll [db::getNext [de::getContexts -window 3]]
[18:09:19.43] /i de::select [de::getActiveFigure [gi::getWindows 3] -point {15.247 3.958} -index 0 -intent none]
[18:09:19.43] /o oa:0x22ca59f0
[18:09:20.35] /w Warning: Nothing is bound to the 'BackSpace' in the current active set. (WINDOW-015)
[18:09:21.68] /# gi::executeAction {deCanvasZoomInAtPoint} -in [gi::getWindows 3]
[18:09:21.68] /i de::zoom -window [gi::getWindows 3] -factor 2.0 -center {15.39 3.924}
[18:09:21.74] /# gi::executeAction {deCanvasZoomInAtPoint} -in [gi::getWindows 3]
[18:09:21.74] /i de::zoom -window [gi::getWindows 3] -factor 2.0 -center {15.39 3.924}
[18:09:22.87] /# gi::executeAction {leDisplayAllLevels} -in [gi::getWindows 3]
[18:09:22.87] /i db::setPrefValue leStopLevel -value 32 -scope [db::getNext [de::getContexts -window 3]]
[18:09:23.94] /# gi::executeAction {leDelete} -in [gi::getWindows 3]
[18:09:23.94] /i le::delete [de::getSelected -design [ed]] -partialObject ignore
[18:09:26.21] /# gi::executeAction {leInterconnect} -in [gi::getWindows 3]
[18:09:26.21] /i ile::createInterconnect
[18:09:26.78] /# gi::executeAction {deAddPoint} -in [gi::getWindows 3]
[18:09:26.78] /i de::addPoint {15.455 3.942} -context [db::getNext [de::getContexts -window 3]]
[18:09:28.61] /# gi::executeAction {deAbortCommand} -in [gi::getWindows 3]
[18:09:28.61] /i de::abortCommand -context [db::getNext [de::getContexts -window 3]]
[18:09:30.44] /# gi::executeAction {leInterconnect} -in [gi::getWindows 3]
[18:09:30.44] /i ile::createInterconnect
[18:09:30.59] /# gi::executeAction {deAddPoint} -in [gi::getWindows 3]
[18:09:30.59] /i de::addPoint {15.486 3.944} -context [db::getNext [de::getContexts -window 3]]
[18:09:32.43] /# gi::executeAction {deCompleteShapeHere} -in [gi::getWindows 3]
[18:09:32.43] /i de::completeShape {14.991 3.94} -context [db::getNext [de::getContexts -window 3]]
[18:09:33.06] /# gi::executeAction {deCanvasZoomOutAtPoint} -in [gi::getWindows 3]
[18:09:33.06] /i de::zoom -window [gi::getWindows 3] -factor 0.5 -center {15.211 3.807}
[18:09:33.10] /# gi::executeAction {deCanvasZoomOutAtPoint} -in [gi::getWindows 3]
[18:09:33.10] /i de::zoom -window [gi::getWindows 3] -factor 0.5 -center {15.212 3.806}
[18:09:33.49] /# gi::executeAction {deCanvasZoomOutAtPoint} -in [gi::getWindows 3]
[18:09:33.49] /i de::zoom -window [gi::getWindows 3] -factor 0.5 -center {15.56 3.478}
[18:09:33.54] /# gi::executeAction {deCanvasZoomOutAtPoint} -in [gi::getWindows 3]
[18:09:33.54] /i de::zoom -window [gi::getWindows 3] -factor 0.5 -center {15.567 3.455}
[18:09:33.88] /# gi::executeAction {deCanvasZoomOutAtPoint} -in [gi::getWindows 3]
[18:09:33.88] /i de::zoom -window [gi::getWindows 3] -factor 0.5 -center {14.099 4.922}
[18:09:34.49] /# gi::executeAction {deCanvasZoomInAtPoint} -in [gi::getWindows 3]
[18:09:34.49] /i de::zoom -window [gi::getWindows 3] -factor 2.0 -center {15.279 0.384}
[18:09:34.53] /# gi::executeAction {deCanvasZoomInAtPoint} -in [gi::getWindows 3]
[18:09:34.53] /i de::zoom -window [gi::getWindows 3] -factor 2.0 -center {15.279 0.354}
[18:09:34.57] /# gi::executeAction {deCanvasZoomInAtPoint} -in [gi::getWindows 3]
[18:09:34.57] /i de::zoom -window [gi::getWindows 3] -factor 2.0 -center {15.279 0.354}
[18:09:35.11] /# gi::executeAction {deCanvasZoomInAtPoint} -in [gi::getWindows 3]
[18:09:35.11] /i de::zoom -window [gi::getWindows 3] -factor 2.0 -center {15.26 0.358}
[18:09:35.18] /# gi::executeAction {deCanvasZoomInAtPoint} -in [gi::getWindows 3]
[18:09:35.18] /i de::zoom -window [gi::getWindows 3] -factor 2.0 -center {15.26 0.358}
[18:09:35.92] /# gi::executeAction {deAbortCommand} -in [gi::getWindows 3]
[18:09:35.92] /i de::abortCommand -context [db::getNext [de::getContexts -window 3]]
[18:09:36.32] /# gi::executeAction {deSelectActive} -in [gi::getWindows 3]
[18:09:36.32] /i de::deselectAll [db::getNext [de::getContexts -window 3]]
[18:09:36.32] /i de::select [de::getActiveFigure [gi::getWindows 3] -point {15.264 0.366} -index 0 -intent none]
[18:09:36.32] /o oa:0x229c78e0
[18:09:37.09] /w Warning: Nothing is bound to the 'BackSpace' in the current active set. (WINDOW-015)
[18:09:37.47] /# gi::executeAction {leDelete} -in [gi::getWindows 3]
[18:09:37.48] /i le::delete [de::getSelected -design [ed]] -partialObject ignore
[18:09:39.12] /# gi::executeAction {leInterconnect} -in [gi::getWindows 3]
[18:09:39.12] /i ile::createInterconnect
[18:09:39.24] /# gi::executeAction {deAddPoint} -in [gi::getWindows 3]
[18:09:39.24] /i de::addPoint {15.449 0.4} -context [db::getNext [de::getContexts -window 3]]
[18:09:40.63] /# gi::executeAction {deCompleteShapeHere} -in [gi::getWindows 3]
[18:09:40.63] /i de::completeShape {14.948 0.43} -context [db::getNext [de::getContexts -window 3]]
[18:09:41.12] /# gi::executeAction {deCanvasZoomOutAtPoint} -in [gi::getWindows 3]
[18:09:41.12] /i de::zoom -window [gi::getWindows 3] -factor 0.5 -center {15.011 0.442}
[18:09:41.15] /# gi::executeAction {deCanvasZoomOutAtPoint} -in [gi::getWindows 3]
[18:09:41.15] /i de::zoom -window [gi::getWindows 3] -factor 0.5 -center {15.014 0.444}
[18:09:41.59] /# gi::executeAction {deCanvasZoomOutAtPoint} -in [gi::getWindows 3]
[18:09:41.59] /i de::zoom -window [gi::getWindows 3] -factor 0.5 -center {15.104 0.467}
[18:09:41.66] /# gi::executeAction {deCanvasZoomOutAtPoint} -in [gi::getWindows 3]
[18:09:41.66] /i de::zoom -window [gi::getWindows 3] -factor 0.5 -center {15.119 0.467}
[18:09:44.39] /# gi::executeAction {deCanvasZoomInAtPoint} -in [gi::getWindows 3]
[18:09:44.39] /i de::zoom -window [gi::getWindows 3] -factor 2.0 -center {19.279 6.184}
[18:09:44.77] /# gi::executeAction {deCanvasZoomInAtPoint} -in [gi::getWindows 3]
[18:09:44.77] /i de::zoom -window [gi::getWindows 3] -factor 2.0 -center {19.067 6.146}
[18:09:44.94] /# gi::executeAction {deCanvasZoomInAtPoint} -in [gi::getWindows 3]
[18:09:44.94] /i de::zoom -window [gi::getWindows 3] -factor 2.0 -center {19.067 6.142}
[18:09:46.12] /# gi::executeAction {deAddPoint} -in [gi::getWindows 3]
[18:09:46.12] /i de::addPoint {19.139 5.747} -context [db::getNext [de::getContexts -window 3]]
[18:09:47.17] /# gi::executeAction {deAbortCommand} -in [gi::getWindows 3]
[18:09:47.17] /i de::abortCommand -context [db::getNext [de::getContexts -window 3]]
[18:09:47.85] /# gi::executeAction {deSelectByWindow} -in [gi::getWindows 3]
[18:09:47.85] /i db::setPrefValue deSelectMode -value Replace -scope [db::getScopes [db::getNext [de::getContexts -window 3]]]; ide::selectByRegion -region rectangle -point {19.315 5.91} 
[18:09:47.99] /# gi::executeAction {deEndDrag} -in [gi::getWindows 3]
[18:09:47.99] /i de::endDrag {19.046 5.717} -context [db::getNext [de::getContexts -window 3]]
[18:09:49.36] /# gi::executeAction {leMove} -in [gi::getWindows 3]
[18:09:49.36] /i ile::move
[18:09:49.85] /# gi::executeAction {deAddPoint} -in [gi::getWindows 3]
[18:09:49.85] /i de::addPoint {19.131 5.781} -context [db::getNext [de::getContexts -window 3]]
[18:09:50.94] /# gi::executeAction {deAddPoint} -in [gi::getWindows 3]
[18:09:50.94] /i de::addPoint {18.984 5.741} -context [db::getNext [de::getContexts -window 3]]
[18:09:51.53] /# gi::executeAction {leMove} -in [gi::getWindows 3]
[18:09:51.53] /i ile::move
[18:09:52.30] /# gi::executeAction {deStartDrag} -in [gi::getWindows 3]
[18:09:52.30] /i de::startDrag {19.031 5.9} -context [db::getNext [de::getContexts -window 3]]
[18:09:52.51] /# gi::executeAction {deEndDrag} -in [gi::getWindows 3]
[18:09:52.51] /i de::endDrag {18.882 5.652} -context [db::getNext [de::getContexts -window 3]]
[18:09:52.90] /# gi::executeAction {leMove} -in [gi::getWindows 3]
[18:09:52.90] /i ile::move
[18:09:53.11] /# gi::executeAction {deAddPoint} -in [gi::getWindows 3]
[18:09:53.11] /i de::addPoint {18.959 5.753} -context [db::getNext [de::getContexts -window 3]]
[18:09:55.10] /# gi::executeAction {deCompleteShapeHere} -in [gi::getWindows 3]
[18:09:55.10] /i de::completeShape {18.967 5.738} -context [db::getNext [de::getContexts -window 3]]
[18:09:55.39] /# gi::executeAction {deCanvasZoomOutAtPoint} -in [gi::getWindows 3]
[18:09:55.39] /i de::zoom -window [gi::getWindows 3] -factor 0.5 -center {19.334 5.773}
[18:09:55.41] /# gi::executeAction {deCanvasZoomOutAtPoint} -in [gi::getWindows 3]
[18:09:55.41] /i de::zoom -window [gi::getWindows 3] -factor 0.5 -center {19.333 5.774}
[18:09:55.44] /# gi::executeAction {deCanvasZoomOutAtPoint} -in [gi::getWindows 3]
[18:09:55.44] /i de::zoom -window [gi::getWindows 3] -factor 0.5 -center {19.334 5.774}
[18:09:58.64] /i gi::executeAction {deSaveDesign} -in [gi::getWindows 3]
[18:09:58.65] /m Information: Saving design 'Lab6Pt2 fulladder layout'. (DESIGN_WINDOW-004)
[18:10:00.37] /# gi::executeAction {xtLVSRun} -in [gi::getWindows 3]
[18:10:00.37] /i xt::physicalVerification::executeRun lvs 3
[18:10:00.82] /i xt::physicalVerification::executePve lvs 3 xtLVSExecutePve
[18:10:00.94] /m Information: "Starting netlisting for design "Lab6Pt2/fulladder/schematic"..." (NETLISTING-010)
[18:10:01.10] /m Information: 
[18:10:01.10] /o Checking "Lab6Pt2/fulladder/schematic"
[18:10:01.11] /o 	[error] Unbound Instances
[18:10:01.11] /o 		The instance 'HA1' is unbound, because library with the name 'Lab67' doesn't found.
[18:10:01.11] /o 		The instance 'HA2' is unbound, because library with the name 'Lab67' doesn't found.
[18:10:01.11] /o 2 Error(s),0 Warning(s),0 Message(s) found   in "Lab6Pt2/fulladder/schematic"
[18:10:01.11] /o No Design Integrity rule violations found in "Lab6Pt2/fulladder/schematic"
[18:10:01.11] /e Error: "Design Lab6Pt2/fulladder/schematic is not netlistable because ERC check for design is out of date." (NETLISTING-039)
[18:10:01.11] /e Error: Fatal error occured, netlisting will be terminated. (NETLISTING-001)
[18:10:01.11] /m Information: "Netlisting design "Lab6Pt2/fulladder/schematic" didn't finish." (NETLISTING-013)
[18:10:01.57] /i db::setAttr maximized -of [gi::getFrames 1] -value true
[18:10:01.86] /i db::setAttr dockSize -of [gi::getAssistants dePropertyEditor -from [gi::getWindows 3]] -value 290x719
[18:10:01.94] /i db::setAttr geometry -of [gi::getFrames 1] -value 1910x933+5+54
[18:10:03.53] /# gi::executeAction {deFitView} -in [gi::getWindows 3]
[18:10:03.53] /i de::fit -window 3 -fitView true
[18:10:22.92] /# gi::executeAction {xtLVSSetup} -in [gi::getWindows 3]
[18:10:22.92] /i xt::showLVSSetup -job lvs -window 3
[18:10:23.87] /i db::setAttr geometry -of [gi::getDialogs {xtLVSSetup} -parent [gi::getWindows 3]] -value 838x454+877+344
[18:10:28.04] /i gi::setField {/tabGroup/mainTab/jobParametersGroup/toolOptions} -value {-sf\ SPICE} -in [gi::getDialogs {xtLVSSetup} -parent [gi::getWindows 3]]
[18:10:28.11] /i gi::pressButton {/ok} -in [gi::getDialogs {xtLVSSetup} -parent [gi::getWindows 3]]
[18:10:29.82] /# xt::physicalVerification::executePve lvs 3 xtLVSExecutePve
[18:10:29.90] /m Information: "Starting netlisting for design "Lab6Pt2/fulladder/schematic"..." (NETLISTING-010)
[18:10:30.01] /m Information: 
[18:10:30.01] /o Checking "Lab6Pt2/fulladder/schematic"
[18:10:30.01] /o 	[error] Unbound Instances
[18:10:30.01] /o 		The instance 'HA1' is unbound, because library with the name 'Lab67' doesn't found.
[18:10:30.01] /o 		The instance 'HA2' is unbound, because library with the name 'Lab67' doesn't found.
[18:10:30.01] /o 2 Error(s),0 Warning(s),0 Message(s) found   in "Lab6Pt2/fulladder/schematic"
[18:10:30.01] /o No Design Integrity rule violations found in "Lab6Pt2/fulladder/schematic"
[18:10:30.01] /e Error: "Design Lab6Pt2/fulladder/schematic is not netlistable because ERC check for design is out of date." (NETLISTING-039)
[18:10:30.02] /e Error: Fatal error occured, netlisting will be terminated. (NETLISTING-001)
[18:10:30.02] /m Information: "Netlisting design "Lab6Pt2/fulladder/schematic" didn't finish." (NETLISTING-013)
[18:10:33.04] /i gi::pressButton {ConsoleToggleButton} -in [db::getAttr statusbar -of [gi::getWindows 3]]
[18:10:38.59] /# gi::executeAction {xtLVSRun} -in [gi::getWindows 3]
[18:10:38.59] /i xt::physicalVerification::executeRun lvs 3
[18:10:38.83] /i xt::physicalVerification::executePve lvs 3 xtLVSExecutePve
[18:10:38.92] /m Information: "Starting netlisting for design "Lab6Pt2/fulladder/schematic"..." (NETLISTING-010)
[18:10:39.03] /m Information: 
[18:10:39.04] /o Checking "Lab6Pt2/fulladder/schematic"
[18:10:39.04] /o 	[error] Unbound Instances
[18:10:39.04] /o 		The instance 'HA1' is unbound, because library with the name 'Lab67' doesn't found.
[18:10:39.04] /o 		The instance 'HA2' is unbound, because library with the name 'Lab67' doesn't found.
[18:10:39.04] /o 2 Error(s),0 Warning(s),0 Message(s) found   in "Lab6Pt2/fulladder/schematic"
[18:10:39.04] /o No Design Integrity rule violations found in "Lab6Pt2/fulladder/schematic"
[18:10:39.04] /e Error: "Design Lab6Pt2/fulladder/schematic is not netlistable because ERC check for design is out of date." (NETLISTING-039)
[18:10:39.04] /e Error: Fatal error occured, netlisting will be terminated. (NETLISTING-001)
[18:10:39.04] /m Information: "Netlisting design "Lab6Pt2/fulladder/schematic" didn't finish." (NETLISTING-013)
[18:10:48.44] /i gi::executeAction giCloseWindow -in [gi::getWindows 3]
[18:10:51.53] /i gi::executeAction {dmOpen} -in [gi::getWindows 2]
[18:10:51.61] /r giWindowId 4
[18:10:51.62] /r giWindowGeometry 1632x869
[18:10:52.14] /i db::setAttr dockSize -of [gi::getAssistants giConsole -from [gi::getWindows 4]] -value 1571x211
[18:10:52.14] /i db::setAttr dockSize -of [gi::getAssistants dePropertyEditor -from [gi::getWindows 4]] -value 290x719
[18:10:54.93] /# gi::executeAction {xtLVSRun} -in [gi::getWindows 4]
[18:10:54.93] /i xt::physicalVerification::executeRun lvs 4
[18:10:55.21] /i xt::physicalVerification::executePve lvs 4 xtLVSExecutePve
[18:10:55.30] /m Information: "Starting netlisting for design "Lab6Pt2/fulladder/schematic"..." (NETLISTING-010)
[18:10:55.41] /m Information: 
[18:10:55.41] /o Checking "Lab6Pt2/fulladder/schematic"
[18:10:55.41] /o 	[error] Unbound Instances
[18:10:55.41] /o 		The instance 'HA1' is unbound, because library with the name 'Lab67' doesn't found.
[18:10:55.41] /o 		The instance 'HA2' is unbound, because library with the name 'Lab67' doesn't found.
[18:10:55.41] /o 2 Error(s),0 Warning(s),0 Message(s) found   in "Lab6Pt2/fulladder/schematic"
[18:10:55.41] /o No Design Integrity rule violations found in "Lab6Pt2/fulladder/schematic"
[18:10:55.41] /e Error: "Design Lab6Pt2/fulladder/schematic is not netlistable because ERC check for design is out of date." (NETLISTING-039)
[18:10:55.42] /e Error: Fatal error occured, netlisting will be terminated. (NETLISTING-001)
[18:10:55.42] /m Information: "Netlisting design "Lab6Pt2/fulladder/schematic" didn't finish." (NETLISTING-013)
[18:11:07.12] /# gi::executeAction {deSelectActive} -in [gi::getWindows 4]
[18:11:07.12] /i de::deselectAll [db::getNext [de::getContexts -window 4]]
[18:11:07.12] /i de::select [de::getActiveFigure [gi::getWindows 4] -point {13.561 2.692} -index 0 -intent none]
[18:11:07.12] /o oa:0x22b1fe60
[18:11:08.80] /# gi::executeAction {deSelectActive} -in [gi::getWindows 4]
[18:11:08.80] /i de::deselectAll [db::getNext [de::getContexts -window 4]]
[18:11:08.80] /i de::select [de::getActiveFigure [gi::getWindows 4] -point {18.143 1.426} -index 0 -intent none]
[18:11:08.81] /o oa:0x22336cc0
[18:11:10.80] /i gi::setActiveWindow 2
[18:11:10.80] /i gi::setActiveWindow 2 -raise true
[18:11:12.40] /i gi::setCurrentIndex {cells} -index {halfadder} -in [gi::getWindows 2]
[18:11:12.55] /i gi::setItemSelection {cells} -index {halfadder} -in [gi::getWindows 2]
[18:11:13.67] /i gi::setCurrentIndex {views} -index {layout} -in [gi::getWindows 2]
[18:11:13.70] /i gi::setItemSelection {views} -index {layout} -in [gi::getWindows 2]
[18:11:13.80] /i gi::executeAction {dmOpen} -in [gi::getWindows 2]
[18:11:13.86] /r giWindowId 5
[18:11:13.86] /r giWindowGeometry 1632x869
[18:11:14.44] /i db::setAttr dockSize -of [gi::getAssistants giConsole -from [gi::getWindows 5]] -value 1571x211
[18:11:14.44] /i db::setAttr dockSize -of [gi::getAssistants dePropertyEditor -from [gi::getWindows 5]] -value 290x719
[18:11:17.86] /i gi::setItemSelection {attributes} -index {libName,all} -in [gi::getAssistants dePropertyEditor -from [gi::getWindows 5]]
[18:11:17.87] /i gi::setCurrentIndex {attributes} -index {libName,Value} -in [gi::getAssistants dePropertyEditor -from [gi::getWindows 5]]
[18:11:19.63] /# gi::executeAction {deSelectActive} -in [gi::getWindows 5]
[18:11:20.06] /# gi::executeAction {deSelectActive} -in [gi::getWindows 5]
[18:11:20.06] /i de::deselectAll [db::getNext [de::getContexts -window 5]]
[18:11:20.06] /i de::select [de::getActiveFigure [gi::getWindows 5] -point {5.708 2.253} -index 0 -intent none]
[18:11:20.07] /o oa:0x2321b520
[18:11:21.88] /# gi::executeAction {deSelectActive} -in [gi::getWindows 5]
[18:11:21.88] /i de::deselectAll [db::getNext [de::getContexts -window 5]]
[18:11:21.88] /i de::select [de::getActiveFigure [gi::getWindows 5] -point {4.359 2.863} -index 0 -intent none]
[18:11:21.88] /o oa:0x23728e20
[18:11:22.82] /# gi::executeAction {deCanvasZoomOutAtPoint} -in [gi::getWindows 5]
[18:11:22.82] /i de::zoom -window [gi::getWindows 5] -factor 0.5 -center {6.089 3.07}
[18:11:24.26] /# gi::executeAction {deCanvasZoomInAtPoint} -in [gi::getWindows 5]
[18:11:24.27] /i de::zoom -window [gi::getWindows 5] -factor 2.0 -center {7.156 2.721}
[18:11:24.92] /i gi::setItemSelection {attributes} -index {master,all} -in [gi::getAssistants dePropertyEditor -from [gi::getWindows 5]]
[18:11:25.00] /i gi::setCurrentIndex {attributes} -index {master,Value} -in [gi::getAssistants dePropertyEditor -from [gi::getWindows 5]]
[18:11:26.27] /# gi::executeAction {deSelectActive} -in [gi::getWindows 5]
[18:11:26.27] /i de::deselectAll [db::getNext [de::getContexts -window 5]]
[18:11:27.12] /i gi::setItemSelection {attributes} -index {cellName,all} -in [gi::getAssistants dePropertyEditor -from [gi::getWindows 5]]
[18:11:27.13] /i gi::setCurrentIndex {attributes} -index {cellName,Value} -in [gi::getAssistants dePropertyEditor -from [gi::getWindows 5]]
[18:11:27.49] /i gi::setItemSelection {attributes} -index {libName,all} -in [gi::getAssistants dePropertyEditor -from [gi::getWindows 5]]
[18:11:27.49] /i gi::setCurrentIndex {attributes} -index {libName,Value} -in [gi::getAssistants dePropertyEditor -from [gi::getWindows 5]]
[18:11:28.09] /i gi::setItemSelection {attributes} -index {} -in [gi::getAssistants dePropertyEditor -from [gi::getWindows 5]]
[18:11:28.10] /i gi::setCurrentIndex {attributes} -index {} -in [gi::getAssistants dePropertyEditor -from [gi::getWindows 5]]
[18:11:29.98] /i gi::setActiveWindow 4
[18:11:29.98] /i gi::setActiveWindow 4 -raise true
[18:11:31.58] /i gi::setActiveWindow 2
[18:11:31.58] /i gi::setActiveWindow 2 -raise true
[18:11:33.25] /i gi::setActiveWindow 4
[18:11:33.25] /i gi::setActiveWindow 4 -raise true
[18:11:40.46] /i gi::setActiveWindow 2
[18:11:40.46] /i gi::setActiveWindow 2 -raise true
[18:11:41.19] /i gi::setActiveWindow 4
[18:11:41.19] /i gi::setActiveWindow 4 -raise true
[18:11:43.23] /i gi::setActiveWindow 5
[18:11:43.23] /i gi::setActiveWindow 5 -raise true
[18:11:44.17] /i gi::setActiveWindow 4
[18:11:44.17] /i gi::setActiveWindow 4 -raise true
[18:11:44.87] /i gi::setActiveWindow 2
[18:11:44.87] /i gi::setActiveWindow 2 -raise true
[18:11:46.47] /i gi::setCurrentIndex {cells} -index {fulladder} -in [gi::getWindows 2]
[18:11:46.59] /i gi::setItemSelection {cells} -index {fulladder} -in [gi::getWindows 2]
[18:11:47.68] /i gi::setCurrentIndex {views} -index {schematic} -in [gi::getWindows 2]
[18:11:47.71] /i gi::setItemSelection {views} -index {schematic} -in [gi::getWindows 2]
[18:11:47.78] /i gi::executeAction {dmOpen} -in [gi::getWindows 2]
[18:11:47.85] /r giWindowId 6
[18:11:47.88] /r giWindowGeometry 1632x869
[18:11:48.16] /i gi::setActiveDialog [gi::getDialogs {seMissingReferences} -parent [gi::getWindows 6]]
[18:11:48.36] /i db::setAttr geometry -of [gi::getDialogs {seMissingReferences} -parent [gi::getWindows 6]] -value 500x300+700+319
[18:11:48.42] /i db::setAttr dockSize -of [gi::getAssistants giConsole -from [gi::getWindows 6]] -value 1571x132
[18:11:48.42] /i db::setAttr dockSize -of [gi::getAssistants dePropertyEditor -from [gi::getWindows 6]] -value 290x753
[18:11:49.94] /i gi::closeWindows [gi::getDialogs {seMissingReferences} -parent [gi::getWindows 6]]
[18:11:50.23] /i gi::executeAction {deCanvasDragCancel} -in [gi::getWindows 6]
[18:11:50.69] /# gi::executeAction {deSelectActive} -in [gi::getWindows 6]
[18:11:50.69] /i de::deselectAll [db::getNext [de::getContexts -window 6]]
[18:11:50.69] /i de::select [de::getActiveFigure [gi::getWindows 6] -point {1.53125 1.65} -index 0 -intent none]
[18:11:50.69] /o oa:0x2401ea40
[18:11:52.00] /i gi::setItemSelection {attributes} -index {master,all} -in [gi::getAssistants dePropertyEditor -from [gi::getWindows 6]]
[18:11:52.02] /i gi::setCurrentIndex {attributes} -index {master,Value} -in [gi::getAssistants dePropertyEditor -from [gi::getWindows 6]]
[18:11:52.79] /i gi::setField {attributes} -value {Lab67
              /c halfadder
              /c symbol} -index {master,Value} -in [gi::getAssistants dePropertyEditor -from [gi::getWindows 6]]
[18:11:52.79] /e Error: Design "Lab67/halfadder/symbol" does not exist.. (PROPERTY_EDITOR-005)
[18:11:53.85] /i gi::setField {attributes} -value {Lab67
              /c halfadder
              /c symbol} -index {master,Value} -in [gi::getAssistants dePropertyEditor -from [gi::getWindows 6]]
[18:11:54.70] /i gi::setField {attributes} -value {Lab67
              /c halfadder
              /c symbol} -index {master,Value} -in [gi::getAssistants dePropertyEditor -from [gi::getWindows 6]]
[18:11:55.84] /i gi::setField {attributes} -value {Lab6Pt2
              /c halfadder
              /c symbol} -index {master,Value} -in [gi::getAssistants dePropertyEditor -from [gi::getWindows 6]]
[18:11:56.36] /# gi::executeAction {deSelectActive} -in [gi::getWindows 6]
[18:11:56.36] /i de::deselectAll [db::getNext [de::getContexts -window 6]]
[18:11:56.36] /i de::select [de::getActiveFigure [gi::getWindows 6] -point {3.55625 1.7875} -index 0 -intent none]
[18:11:56.36] /o oa:0x240d6160
[18:11:56.39] /r giDialog gi::setActiveDialog [gi::getDialogs {dbSelectionChange} -parent [gi::getWindows 6]]
[18:11:56.65] /r giDialog db::setAttr geometry -of [gi::getDialogs {dbSelectionChange} -parent [gi::getWindows 6]] -value 432x82+734+428
[18:11:58.64] /r giDialog gi::pressButton {apply} -in [gi::getDialogs {dbSelectionChange} -parent [gi::getWindows 6]]
[18:11:58.81] /# gi::executeAction {deSelectActive} -in [gi::getWindows 6]
[18:11:58.81] /i de::cycleActiveFigure [gi::getWindows 6] -direction next
[18:11:58.81] /o oa:0x23efdca0
[18:11:59.41] /# gi::executeAction {deSelectActive} -in [gi::getWindows 6]
[18:11:59.41] /i de::cycleActiveFigure [gi::getWindows 6] -direction next
[18:11:59.41] /o oa:0x2418e1a0
[18:12:01.50] /i gi::setItemSelection {attributes} -index {master,all} -in [gi::getAssistants dePropertyEditor -from [gi::getWindows 6]]
[18:12:01.52] /i gi::setCurrentIndex {attributes} -index {master,Value} -in [gi::getAssistants dePropertyEditor -from [gi::getWindows 6]]
[18:12:02.39] /i gi::setField {attributes} -value {Lab67
              /c halfadder
              /c symbol} -index {master,Value} -in [gi::getAssistants dePropertyEditor -from [gi::getWindows 6]]
[18:12:03.48] /i gi::setField {attributes} -value {Lab6Pt2
              /c halfadder
              /c symbol} -index {master,Value} -in [gi::getAssistants dePropertyEditor -from [gi::getWindows 6]]
[18:12:04.75] /# gi::executeAction {deSelectActive} -in [gi::getWindows 6]
[18:12:04.75] /i de::deselectAll [db::getNext [de::getContexts -window 6]]
[18:12:04.78] /r giDialog gi::setActiveDialog [gi::getDialogs {dbSelectionChange} -parent [gi::getWindows 6]]
[18:12:05.04] /r giDialog db::setAttr geometry -of [gi::getDialogs {dbSelectionChange} -parent [gi::getWindows 6]] -value 432x82+734+428
[18:12:05.60] /r giDialog gi::pressButton {apply} -in [gi::getDialogs {dbSelectionChange} -parent [gi::getWindows 6]]
[18:12:05.62] /i de::deselectAllLogic -context [de::getContexts -filter {%editDesign==[db::getAttr editDesign -of [db::getNext [de::getContexts -window 6]]]}]
[18:12:09.45] /# gi::executeAction {deSaveDesignAs} -in [gi::getWindows 6]
[18:12:09.45] /i de::showSaveDesignAs -context [db::getNext [de::getContexts -window 6]]
[18:12:09.53] /r giDialog gi::setActiveDialog [gi::getDialogs {deSaveDesignAs} -parent [gi::getWindows 6]]
[18:12:09.81] /r giDialog db::setAttr geometry -of [gi::getDialogs {deSaveDesignAs} -parent [gi::getWindows 6]] -value 274x128+813+405
[18:12:10.86] /r giDialog gi::pressButton {ok} -in [gi::getDialogs {deSaveDesignAs} -parent [gi::getWindows 6]]
[18:12:10.87] /m Information: Saving design 'Lab6Pt2 fulladder schematic'. (DESIGN_WINDOW-004)
[18:12:14.08] /# gi::executeAction {seSchCheckAndSave} -in [gi::getWindows 6]
[18:12:14.08] /i ise::check
[18:12:14.13] /m Information: 
              /c Cross view checking for Lab6Pt2/fulladder/symbol with Lab6Pt2/fulladder/schematic
              /c 	[error] Missing Terminal
              /c 		Terminal Ai found in schematic is missing in symbol
              /c 	[error] Missing Terminal
              /c 		Terminal Bi found in schematic is missing in symbol
              /c 	[error] Terminal Type Mismatch
              /c 		Terminal Ci is type output in schematic and type input in symbol
              /c 	[error] Missing Terminal
              /c 		Terminal Ci1 found in schematic is missing in symbol
              /c 	[error] Missing Terminal
              /c 		Terminal Si found in schematic is missing in symbol
              /c 	[error] Extra Terminal
              /c 		Extra terminal A found in symbol not found in schematic
              /c 	[error] Extra Terminal
              /c 		Extra terminal B found in symbol not found in schematic
              /c 	[error] Extra Terminal
              /c 		Extra terminal Cout found in symbol not found in schematic
              /c 	[error] Extra Terminal
              /c 		Extra terminal Sum found in symbol not found in schematic (DE_EDIT-007)
[18:12:14.14] /m Information: 
[18:12:14.14] /o Checking "Lab6Pt2/fulladder/schematic"
[18:12:14.14] /o 	[warning] Floating Input Instance Pins
[18:12:14.14] /o 		Input pin 'Y' of instance 'HA2' is floating
[18:12:14.14] /o 	[warning] Floating Output Pins
[18:12:14.14] /o 		Output pin 'Ci' is floating
[18:12:14.14] /o 9 Error(s),2 Warning(s),0 Message(s) found   in "Lab6Pt2/fulladder/schematic"
[18:12:14.14] /m Information: Checking process is completed: marking the design violations
[18:12:14.15] /m Information: Marking of designs is completed
[18:12:14.22] /r giDialog gi::setActiveDialog [gi::getDialogs {seSchCheckSaveDesign} -parent [gi::getWindows 6]]
[18:12:14.44] /r giDialog db::setAttr geometry -of [gi::getDialogs {seSchCheckSaveDesign} -parent [gi::getWindows 6]] -value 369x82+766+428
[18:12:15.27] /r giDialog gi::pressButton {save} -in [gi::getDialogs {seSchCheckSaveDesign} -parent [gi::getWindows 6]]
[18:12:19.63] /# gi::executeAction {deCanvasZoomInAtPoint} -in [gi::getWindows 6]
[18:12:19.63] /i de::zoom -window [gi::getWindows 6] -factor 2.0 -center {2.6125 1.29375}
[18:12:20.13] /# gi::executeAction {deCanvasZoomInAtPoint} -in [gi::getWindows 6]
[18:12:20.13] /i de::zoom -window [gi::getWindows 6] -factor 2.0 -center {3.10625 1.35625}
[18:12:20.20] /# gi::executeAction {deCanvasZoomInAtPoint} -in [gi::getWindows 6]
[18:12:20.20] /i de::zoom -window [gi::getWindows 6] -factor 2.0 -center {3.10625 1.35625}
[18:12:20.98] /# gi::executeAction {deCanvasZoomOutAtPoint} -in [gi::getWindows 6]
[18:12:20.98] /i de::zoom -window [gi::getWindows 6] -factor 0.5 -center {3.125 1.35625}
[18:12:21.77] /# gi::executeAction {deSelectActive} -in [gi::getWindows 6]
[18:12:21.77] /i de::deselectAll [db::getNext [de::getContexts -window 6]]
[18:12:21.78] /i de::select [de::getActiveFigure [gi::getWindows 6] -point {3.13125 1.3625} -index 0 -intent none]
[18:12:21.78] /o oa:0x24104110
[18:12:23.36] /# gi::executeAction {deSelectActive} -in [gi::getWindows 6]
[18:12:23.36] /i de::deselectAll [db::getNext [de::getContexts -window 6]]
[18:12:23.36] /i de::select [de::getActiveFigure [gi::getWindows 6] -point {3.05625 1.375} -index 0 -intent none]
[18:12:23.36] /o oa:0x241baf90
[18:12:23.64] /# gi::executeAction {seDelete} -in [gi::getWindows 6]
[18:12:23.64] /i ise::delete
[18:12:23.77] /# gi::executeAction {deSelectActive} -in [gi::getWindows 6]
[18:12:23.77] /i de::deselectAllLogic -context [de::getContexts -filter {%editDesign==[db::getAttr editDesign -of [db::getNext [de::getContexts -window 6]]]}]
[18:12:25.62] /i gi::executeAction {sePropertyEditorToggle} -in [gi::getWindows 6]
[18:12:25.63] /# db::setAttr shown -of [gi::getAssistants dePropertyEditor -from [gi::getWindows 6]] -value false
[18:12:25.63] /# gi::executeAction {seSchCreateWire} -in [gi::getWindows 6]
[18:12:25.63] /i ise::createWire
[18:12:25.95] /i db::setAttr dockSize -of [gi::getAssistants deMarkerBrowser -from [gi::getWindows 6]] -value 290x779
[18:12:26.17] /# gi::executeAction {seSchWireTypeAuto} -in [gi::getWindows 6]
[18:12:26.17] /i db::setPrefValue seWiringType -value <auto> -scope [de::getActiveContext]
[18:12:26.68] /# gi::executeAction {deAddPoint} -in [gi::getWindows 6]
[18:12:26.68] /i de::addPoint {2.625 1.375} -context [db::getNext [de::getContexts -window 6]]
[18:12:26.76] /i de::setCursor -point {2.6875 1.375 }
[18:12:28.33] /# gi::executeAction {deCompleteShapeHere} -in [gi::getWindows 6]
[18:12:28.33] /i de::completeShape {3.1375 1.3625} -context [db::getNext [de::getContexts -window 6]]
[18:12:29.52] /# gi::executeAction {deCanvasZoomOutAtPoint} -in [gi::getWindows 6]
[18:12:29.52] /i de::zoom -window [gi::getWindows 6] -factor 0.5 -center {2.975 1.25625}
[18:12:29.57] /# gi::executeAction {deCanvasZoomOutAtPoint} -in [gi::getWindows 6]
[18:12:29.57] /i de::zoom -window [gi::getWindows 6] -factor 0.5 -center {2.96875 1.25}
[18:12:30.31] /# gi::executeAction {deAbortCommand} -in [gi::getWindows 6]
[18:12:30.31] /i de::abortCommand -context [db::getNext [de::getContexts -window 6]]
[18:12:32.66] /# gi::executeAction {seSchCheckAndSave} -in [gi::getWindows 6]
[18:12:32.66] /i ise::check
[18:12:32.71] /m Information: 
              /c Cross view checking for Lab6Pt2/fulladder/symbol with Lab6Pt2/fulladder/schematic
              /c 	[error] Missing Terminal
              /c 		Terminal Ai found in schematic is missing in symbol
              /c 	[error] Missing Terminal
              /c 		Terminal Bi found in schematic is missing in symbol
              /c 	[error] Terminal Type Mismatch
              /c 		Terminal Ci is type output in schematic and type input in symbol
              /c 	[error] Missing Terminal
              /c 		Terminal Ci1 found in schematic is missing in symbol
              /c 	[error] Missing Terminal
              /c 		Terminal Si found in schematic is missing in symbol
              /c 	[error] Extra Terminal
              /c 		Extra terminal A found in symbol not found in schematic
              /c 	[error] Extra Terminal
              /c 		Extra terminal B found in symbol not found in schematic
              /c 	[error] Extra Terminal
              /c 		Extra terminal Cout found in symbol not found in schematic
              /c 	[error] Extra Terminal
              /c 		Extra terminal Sum found in symbol not found in schematic (DE_EDIT-007)
[18:12:32.71] /m Information: 
[18:12:32.72] /o Checking "Lab6Pt2/fulladder/schematic"
[18:12:32.72] /o 	[warning] Floating Input Instance Pins
[18:12:32.72] /o 		Input pin 'Y' of instance 'HA2' is floating
[18:12:32.72] /o 	[warning] Floating Output Pins
[18:12:32.72] /o 		Output pin 'Ci' is floating
[18:12:32.72] /o 9 Error(s),2 Warning(s),0 Message(s) found   in "Lab6Pt2/fulladder/schematic"
[18:12:32.72] /m Information: Checking process is completed: marking the design violations
[18:12:32.72] /m Information: Marking of designs is completed
[18:12:32.78] /r giDialog gi::setActiveDialog [gi::getDialogs {seSchCheckSaveDesign} -parent [gi::getWindows 6]]
[18:12:33.04] /r giDialog db::setAttr geometry -of [gi::getDialogs {seSchCheckSaveDesign} -parent [gi::getWindows 6]] -value 369x82+766+428
[18:12:34.19] /r giDialog gi::pressButton {save} -in [gi::getDialogs {seSchCheckSaveDesign} -parent [gi::getWindows 6]]
[18:12:35.31] /i gi::executeAction giCloseWindow -in [gi::getWindows 6]
[18:12:38.68] /i gi::executeAction {dmOpen} -in [gi::getWindows 2]
[18:12:38.77] /r giWindowId 7
[18:12:38.79] /r giWindowGeometry 1632x869
[18:12:41.40] /# gi::executeAction {deSelectActive} -in [gi::getWindows 7]
[18:12:41.40] /i de::deselectAll [db::getNext [de::getContexts -window 7]]
[18:12:41.40] /i de::select [de::getActiveFigure [gi::getWindows 7] -point {5.18125 1.06875} -index 0 -intent none]
[18:12:41.40] /o oa:0x23cc5cf0
[18:12:42.91] /# gi::executeAction {deSelectActive} -in [gi::getWindows 7]
[18:12:42.91] /i de::deselectAll [db::getNext [de::getContexts -window 7]]
[18:12:42.91] /i de::deselectAllLogic -context [de::getContexts -filter {%editDesign==[db::getAttr editDesign -of [db::getNext [de::getContexts -window 7]]]}]
[18:12:44.03] /i db::setAttr dockSize -of [gi::getAssistants deMarkerBrowser -from [gi::getWindows 7]] -value 180x779
[18:12:44.03] /i db::setAttr dockSize -of [gi::getAssistants giConsole -from [gi::getWindows 7]] -value 1681x132
[18:12:45.38] /i gi::setCurrentIndex {MarkerTreeWidget} -index {0,0} -in [gi::getAssistants deMarkerBrowser -from [gi::getWindows 7]]
[18:12:45.38] /i gi::setItemSelection {MarkerTreeWidget} -index {0,all 0.0-4,all 0.0.0,all 0.1.0-3,all 0.2.0,all 0.3.0,all 0.4.0-3,all} -in [gi::getAssistants deMarkerBrowser -from [gi::getWindows 7]]
[18:12:46.00] /i gi::expand {MarkerTreeWidget} -index {0,0} -in [gi::getAssistants deMarkerBrowser -from [gi::getWindows 7]]
[18:12:46.86] /# gi::executeAction {deSelectActive} -in [gi::getWindows 7]
[18:12:46.86] /i de::deselectAllLogic -context [de::getContexts -filter {%editDesign==[db::getAttr editDesign -of [db::getNext [de::getContexts -window 7]]]}]
[18:12:47.03] /i gi::executeAction {sePropertyEditorToggle} -in [gi::getWindows 7]
[18:12:47.04] /# db::setAttr shown -of [gi::getAssistants dePropertyEditor -from [gi::getWindows 7]] -value true
[18:12:47.34] /i db::setAttr dockSize -of [gi::getAssistants deMarkerBrowser -from [gi::getWindows 7]] -value 180x753
[18:12:47.34] /i db::setAttr dockSize -of [gi::getAssistants giConsole -from [gi::getWindows 7]] -value 1571x132
[18:12:47.34] /i db::setAttr dockSize -of [gi::getAssistants dePropertyEditor -from [gi::getWindows 7]] -value 290x753
[18:12:48.49] /# gi::executeAction {deSelectActive} -in [gi::getWindows 7]
[18:12:48.49] /i de::deselectAll [db::getNext [de::getContexts -window 7]]
[18:12:48.49] /i de::select [de::getActiveFigure [gi::getWindows 7] -point {6.78125 2.21875} -index 0 -intent none]
[18:12:48.50] /o oa:0x229731b0
[18:12:50.15] /# gi::executeAction {deSelectActive} -in [gi::getWindows 7]
[18:12:50.15] /i de::deselectAll [db::getNext [de::getContexts -window 7]]
[18:12:50.15] /i de::deselectAllLogic -context [de::getContexts -filter {%editDesign==[db::getAttr editDesign -of [db::getNext [de::getContexts -window 7]]]}]
[18:12:50.82] /# gi::executeAction {deSelectActive} -in [gi::getWindows 7]
[18:12:50.83] /i de::deselectAll [db::getNext [de::getContexts -window 7]]
[18:12:50.83] /i de::select [de::getActiveFigure [gi::getWindows 7] -point {5.11875 1.0375} -index 0 -intent none]
[18:12:50.83] /o oa:0x23ce8060
[18:12:51.49] /i gi::executeAction {sePropertyEditorToggle} -in [gi::getWindows 7]
[18:12:51.49] /# db::setAttr shown -of [gi::getAssistants dePropertyEditor -from [gi::getWindows 7]] -value false
[18:12:51.81] /i db::setAttr dockSize -of [gi::getAssistants deMarkerBrowser -from [gi::getWindows 7]] -value 290x779
[18:12:52.95] /i gi::setCurrentIndex {MarkerTreeWidget} -index {0.4,0} -in [gi::getAssistants deMarkerBrowser -from [gi::getWindows 7]]
[18:12:53.03] /i gi::setItemSelection {MarkerTreeWidget} -index {0.4,all 0.4.0-3,all} -in [gi::getAssistants deMarkerBrowser -from [gi::getWindows 7]]
[18:12:54.01] /# gi::executeAction {deCanvasZoomOutAtPoint} -in [gi::getWindows 7]
[18:12:54.02] /i de::zoom -window [gi::getWindows 7] -factor 0.5 -center {1.4 0.375}
[18:12:54.07] /# gi::executeAction {deCanvasZoomOutAtPoint} -in [gi::getWindows 7]
[18:12:54.07] /i de::zoom -window [gi::getWindows 7] -factor 0.5 -center {1.39375 0.375}
[18:12:54.13] /# gi::executeAction {deCanvasZoomOutAtPoint} -in [gi::getWindows 7]
[18:12:54.13] /i de::zoom -window [gi::getWindows 7] -factor 0.5 -center {1.39375 0.38125}
[18:12:54.64] /# gi::executeAction {deCanvasZoomInAtPoint} -in [gi::getWindows 7]
[18:12:54.64] /i de::zoom -window [gi::getWindows 7] -factor 2.0 -center {1.4625 0.49375}
[18:12:54.71] /# gi::executeAction {deCanvasZoomInAtPoint} -in [gi::getWindows 7]
[18:12:54.71] /i de::zoom -window [gi::getWindows 7] -factor 2.0 -center {1.41875 0.53125}
[18:12:55.61] /# gi::executeAction {deCanvasZoomOutAtPoint} -in [gi::getWindows 7]
[18:12:55.61] /i de::zoom -window [gi::getWindows 7] -factor 0.5 -center {0.6375 0.3375}
[18:12:56.07] /# gi::executeAction {deCanvasZoomInAtPoint} -in [gi::getWindows 7]
[18:12:56.07] /i de::zoom -window [gi::getWindows 7] -factor 2.0 -center {0.29375 1.75}
[18:12:56.15] /# gi::executeAction {deCanvasZoomInAtPoint} -in [gi::getWindows 7]
[18:12:56.15] /i de::zoom -window [gi::getWindows 7] -factor 2.0 -center {0.24375 1.69375}
[18:12:56.81] /# gi::executeAction {deSelectActive} -in [gi::getWindows 7]
[18:12:56.82] /i de::deselectAll [db::getNext [de::getContexts -window 7]]
[18:12:56.82] /i de::select [de::getActiveFigure [gi::getWindows 7] -point {0.19375 1.45625} -index 0 -intent none]
[18:12:56.82] /o oa:0x2426fbd0
[18:12:58.22] /i gi::executeAction {sePropertyEditorToggle} -in [gi::getWindows 7]
[18:12:58.22] /# db::setAttr shown -of [gi::getAssistants dePropertyEditor -from [gi::getWindows 7]] -value true
[18:12:58.54] /i db::setAttr dockSize -of [gi::getAssistants deMarkerBrowser -from [gi::getWindows 7]] -value 290x753
[18:13:12.79] /# gi::executeAction {deCellviewFromCellview} -in [gi::getWindows 7]
[18:13:12.79] /i db::showCellViewFromCellView -src [db::getAttr container -of [db::getAttr editFile -of [db::getNext [de::getContexts -window 7]]]] 
[18:13:12.91] /i gi::setActiveDialog [gi::getDialogs {dbCellViewFromCellView}]
[18:13:13.17] /i db::setAttr geometry -of [gi::getDialogs {dbCellViewFromCellView}] -value 628x339+636+323
[18:13:22.29] /i gi::pressButton {ok} -in [gi::getDialogs {dbCellViewFromCellView}]
[18:13:22.35] /r giDialog gi::setActiveDialog [gi::getDialogs {giPrompt}]
[18:13:22.64] /r giDialog db::setAttr geometry -of [gi::getDialogs {giPrompt}] -value 620x82+649+438
[18:13:25.02] /r giDialog gi::closeWindows [gi::getDialogs {giPrompt}]
[18:13:25.04] /i gi::setActiveDialog [gi::getDialogs {dbCellViewFromCellView}]
[18:13:26.83] /i gi::closeWindows [gi::getDialogs {dbCellViewFromCellView}]
[18:13:27.75] /# gi::executeAction {deCanvasZoomOutAtPoint} -in [gi::getWindows 7]
[18:13:27.75] /i de::zoom -window [gi::getWindows 7] -factor 0.5 -center {0.71875 1.175}
[18:13:28.65] /# gi::executeAction {deCanvasZoomInAtPoint} -in [gi::getWindows 7]
[18:13:28.65] /i de::zoom -window [gi::getWindows 7] -factor 2.0 -center {0.6875 1.20625}
[18:13:47.94] /# gi::executeAction {deCellviewFromCellview} -in [gi::getWindows 7]
[18:13:47.94] /i db::showCellViewFromCellView -src [db::getAttr container -of [db::getAttr editFile -of [db::getNext [de::getContexts -window 7]]]] 
[18:13:48.03] /i gi::setActiveDialog [gi::getDialogs {dbCellViewFromCellView}]
[18:13:48.31] /i db::setAttr geometry -of [gi::getDialogs {dbCellViewFromCellView}] -value 628x339+636+323
[18:13:52.16] /i gi::pressButton {ok} -in [gi::getDialogs {dbCellViewFromCellView}]
[18:13:52.20] /r giDialog gi::setActiveDialog [gi::getDialogs {giPrompt}]
[18:13:52.50] /r giDialog db::setAttr geometry -of [gi::getDialogs {giPrompt}] -value 620x82+649+438
[18:13:53.26] /r giDialog gi::pressButton {update} -in [gi::getDialogs {giPrompt}]
[18:13:53.35] /# gi::setItemSelection {MarkerTreeWidget} -index {} -in [gi::getAssistants deMarkerBrowser -from [gi::getWindows 7]]
[18:13:53.35] /# gi::setCurrentIndex {MarkerTreeWidget} -index {} -in [gi::getAssistants deMarkerBrowser -from [gi::getWindows 7]]
[18:13:53.56] /r giWindowId 8
[18:13:53.59] /r giWindowGeometry 1632x869
[18:14:00.12] /i gi::setActiveWindow 7
[18:14:00.12] /i gi::setActiveWindow 7 -raise true
[18:14:01.48] /i gi::setActiveWindow 8
[18:14:01.48] /i gi::setActiveWindow 8 -raise true
[18:14:02.18] /i gi::setActiveWindow 7
[18:14:02.19] /i gi::setActiveWindow 7 -raise true
[18:14:04.21] /i gi::setActiveWindow 8
[18:14:04.21] /i gi::setActiveWindow 8 -raise true
[18:14:08.57] /i gi::setActiveWindow 2
[18:14:08.57] /i gi::setActiveWindow 2 -raise true
[18:14:10.63] /i gi::setCurrentIndex {views} -index {symbol} -in [gi::getWindows 2]
[18:14:10.66] /i gi::setItemSelection {views} -index {symbol} -in [gi::getWindows 2]
[18:14:10.79] /i gi::executeAction {dmOpen} -in [gi::getWindows 2]
[18:14:10.80] /r giWindowId 9
[18:14:10.85] /r giWindowGeometry 1632x869
[18:14:13.76] /i gi::setActiveWindow 2
[18:14:13.76] /i gi::setActiveWindow 2 -raise true
[18:14:15.90] /i gi::setCurrentIndex {libs} -index {Adder} -in [gi::getWindows 2]
[18:14:15.91] /i gi::setItemSelection {libs} -index {Adder} -in [gi::getWindows 2]
[18:14:17.80] /i gi::setCurrentIndex {libs} -index {Lab6Pt2} -in [gi::getWindows 2]
[18:14:17.85] /i gi::setItemSelection {cells} -index {fulladder} -in [gi::getWindows 2]
[18:14:17.87] /i gi::setItemSelection {views} -index {symbol} -in [gi::getWindows 2]
[18:14:17.89] /i gi::setItemSelection {libs} -index {Lab6Pt2} -in [gi::getWindows 2]
[18:14:18.88] /i gi::setActiveWindow 9
[18:14:18.88] /i gi::setActiveWindow 9 -raise true
[18:14:21.54] /i gi::setActiveWindow 5
[18:14:21.54] /i gi::setActiveWindow 5 -raise true
[18:14:23.27] /i gi::setActiveWindow 9
[18:14:23.27] /i gi::setActiveWindow 9 -raise true
[18:14:30.54] /i gi::executeAction {deSaveDesign} -in [gi::getWindows 9]
[18:14:30.55] /m Information: Saving design 'Lab6Pt2 fulladder symbol'. (DESIGN_WINDOW-004)
[18:14:31.51] /i gi::setActiveWindow 7
[18:14:31.51] /i gi::setActiveWindow 7 -raise true
[18:14:33.12] /# gi::executeAction {seSchCheckAndSave} -in [gi::getWindows 7]
[18:14:33.12] /i ise::check
[18:14:33.15] /m Information: 
              /c Cross view checking for Lab6Pt2/fulladder/symbol with Lab6Pt2/fulladder/schematic
              /c No violations found. (DE_EDIT-007)
[18:14:33.16] /m Information: 
[18:14:33.16] /o Checking "Lab6Pt2/fulladder/schematic"
[18:14:33.16] /o 	[warning] Floating Input Instance Pins
[18:14:33.16] /o 		Input pin 'Y' of instance 'HA2' is floating
[18:14:33.16] /o 	[warning] Floating Output Pins
[18:14:33.16] /o 		Output pin 'Ci' is floating
[18:14:33.16] /o 0 Error(s),2 Warning(s),0 Message(s) found   in "Lab6Pt2/fulladder/schematic"
[18:14:33.16] /m Information: Checking process is completed: marking the design violations
[18:14:33.25] /m Information: Marking of designs is completed
[18:14:40.28] /i gi::setActiveWindow 4
[18:14:40.28] /i gi::setActiveWindow 4 -raise true
[18:14:43.45] /# gi::executeAction {xtLVSRun} -in [gi::getWindows 4]
[18:14:43.45] /i xt::physicalVerification::executeRun lvs 4
[18:14:43.68] /i xt::physicalVerification::executePve lvs 4 xtLVSExecutePve
[18:14:43.77] /m Information: "Starting netlisting for design "Lab6Pt2/fulladder/schematic"..." (NETLISTING-010)
[18:14:43.81] /o No Design Integrity rule violations found in "Lab6Pt2/fulladder/schematic"
[18:14:44.33] /m Information: "Netlisting design "Lab6Pt2/fulladder/schematic" finished successfully." (NETLISTING-012)
[18:14:45.04] /r giWindowId 10
[18:14:45.07] /r giWindowGeometry 800x600
[18:15:10.16] /m Information: 
              /c =============================
              /c JobID: icv_lvs_4
              /c --- ERROR SUMMARY -----------
              /c Compare Error Summary
              /c Refer to fulladder.LVS_ERRORS.
              /c LVS Compare Result: PASS
              /c TOP equivalence point:
              /c 		[fulladder, fulladder]
              /c     1 Successful equivalence points
              /c     0 Failed equivalence points
              /c =============================
              /c 
[18:15:11.32] /j ::xt::icv::vue::_private::registerConnection linux11104.dc.engr.scu.edu:35638 tcp1 icvVue_1 
[18:15:11.38] /j ::xt::icv::vue::_private::isJobReady 
[18:15:11.38] /o true
[18:15:11.38] /m Information: Connection established with 'IC Validator VUE' running on 'linux11104.dc.engr.scu.edu'.
[18:15:11.40] /j xt::icv::vue::startFilter LAY 
[18:15:11.42] /j xt::icv::vue::setWorkingDir /DCNFS/users/student/lkim/Desktop/ELEN153L/synopsys_custom/pvjob_Lab6Pt2.fulladder.icv.lvs 
[18:15:11.44] /j xt::icv::vue::startFilter SCH 
[18:15:11.46] /j xt::icv::vue::setWorkingDir /DCNFS/users/student/lkim/Desktop/ELEN153L/synopsys_custom/pvjob_Lab6Pt2.fulladder.icv.lvs 
[18:15:12.10] /j xt::icv::vue::setWorkingDir /DCNFS/users/student/lkim/Desktop/ELEN153L/synopsys_custom/pvjob_Lab6Pt2.fulladder.icv.lvs 
[18:15:12.12] /j xt::icv::vue::setTopLayLCV Lab6Pt2/fulladder/layout 
[18:15:12.14] /j xt::icv::vue::setWorkingDir /DCNFS/users/student/lkim/Desktop/ELEN153L/synopsys_custom/pvjob_Lab6Pt2.fulladder.icv.lvs 
[18:15:12.16] /j xt::icv::vue::openLCV Lab6Pt2/fulladder/layout 
[18:15:12.18] /j xt::icv::vue::openModule fulladder 
[18:15:12.36] /j xt::icv::vue::clearAllHighlights Lab6Pt2/fulladder/layout 
[18:15:12.38] /j xt::icv::vue::clearAllProbes fulladder 
[18:22:47.72] /j xt::icv::vue::clearAllHighlights Lab6Pt2/fulladder/layout 
[18:22:47.74] /j xt::icv::vue::clearAllProbes fulladder 
[18:22:50.26] /j xt::icv::vue::clearAllHighlights Lab6Pt2/fulladder/layout 
[18:22:50.28] /j xt::icv::vue::clearAllProbes fulladder 
[18:22:50.84] /m Information: Connection closed with 'IC Validator VUE' running on 'linux11104.dc.engr.scu.edu'.
[18:22:52.54] /r giDialog gi::setActiveDialog [gi::getDialogs {giCloseFrame}]
[18:22:52.82] /r giDialog db::setAttr geometry -of [gi::getDialogs {giCloseFrame}] -value 299x108+801+415
[18:22:53.48] /r giDialog gi::pressButton {giCloseTabsButton} -in [gi::getDialogs {giCloseFrame}]
[18:22:53.52] /i exit
[18:22:53.58] /r giDialog gi::setActiveDialog [gi::getDialogs {deExitDialog} -parent [gi::getWindows 10]]
[18:22:53.84] /r giDialog db::setAttr geometry -of [gi::getDialogs {deExitDialog} -parent [gi::getWindows 10]] -value 419x207+741+366
[18:22:54.62] /r giDialog gi::pressButton {ok} -in [gi::getDialogs {deExitDialog} -parent [gi::getWindows 10]]
[18:22:55.78] /o Shutdown time: Sun Mar 14 18:22:55 2021
[18:22:55.78] /o Elapsed session real time: 16.21 minutes
[18:22:55.78] /o Session terminated. Log is at /DCNFS/users/student/lkim/Desktop/ELEN153L/synopsys_custom/logs/ccompiler.lkim.2021_3_14_180640_16604.log
