[16:40:56.03] /o sae_shell Version Custom Compiler P-2019.06-SP1-7
              /c Build  (OPT) compiled on Thu Feb 13 14:05:50 2020 for RHEL64 6.6
              /c Execution time: Thu Feb 11 16:40:44 2021
              /c Host: linux11108
              /c 
              /c Copyright © 2004-2020 Synopsys, Inc.
              /c This software and the associated documentation are proprietary to Synopsys, Inc. This software may only be used in accordance with the terms and conditions of a written license agreement with Synopsys, Inc. All other use, reproduction, or distribution of this software is strictly prohibited.
              /c 
              /c 
[16:40:56.18] /o /DCNFS/applications/synopsys/2019/app/customcompiler/P-2019.06-SP1-7/auxx/samples/basic
[16:40:56.18] /o /DCNFS/applications/synopsys/2019/app/customcompiler/P-2019.06-SP1-7/auxx/samples/snpsDeviceLib
[16:40:56.18] /o /DCNFS/applications/synopsys/2019/app/customcompiler/P-2019.06-SP1-7/auxx/samples/analogLib
[16:40:56.19] /o /DCNFS/applications/synopsys/2019/app/customcompiler/P-2019.06-SP1-7/auxx/samples/parasitics
[16:40:56.38] /o /DCNFS/applications/synopsys/2019/app/SAED/SAED_PDK90nm/SAED_PDK_90
[16:40:56.39] /o 	############################################
[16:40:56.39] /o 	        Synopsys Generic 90nm iPDK          
[16:40:56.39] /o 	--------------------------------------------
[16:40:56.39] /o 	Release Date .............. : 11-May-2016    
[16:40:56.39] /o 	============================================
[16:40:56.39] /o 	        Recommended Tool Versions           
[16:40:56.39] /o 	--------------------------------------------
[16:40:56.39] /o 	Custom Designer ........... : J-2014.12-2    
[16:40:56.39] /o 	IC Validator .............. : K-2015.12   
[16:40:56.39] /o 	StarRC..................... : K-2015.12  
[16:40:56.39] /o 	--------------------------------------------
[16:40:56.39] /o 	############################################
[16:40:56.39] /o 
[16:40:56.45] /o SAED PDK 90: Loaded callbacks
[16:40:56.45] /o SAED PDK 90: Loaded display resources
[16:40:56.48] /i ::sa::_backgroundSaeShell::signalProcessReady 1613090441
[16:40:56.48] /o saeInterBGSaeShell:  ::sa::_backgroundSaeShell::processReady 15
[16:45:57.49] /o saeInterBGSaeShell:  ::sa::_backgroundSaeShell::pingBack
[16:45:57.66] /i ::sa::_backgroundSaeShell::parentRunning
[16:45:57.66] /o 1613090757
[16:50:58.51] /o saeInterBGSaeShell:  ::sa::_backgroundSaeShell::pingBack
[16:50:58.66] /i ::sa::_backgroundSaeShell::parentRunning
[16:50:58.66] /o 1613091058
[16:55:59.53] /o saeInterBGSaeShell:  ::sa::_backgroundSaeShell::pingBack
[16:55:59.66] /i ::sa::_backgroundSaeShell::parentRunning
[16:55:59.66] /o 1613091359
[16:57:02.72] /i ::sa::_backgroundSaeShell::exit
[16:57:02.72] /o saeInterBGSaeShell:  ::sa::_backgroundSaeShell::childFormallyExiting
