[15:24:45.50] /o sae_shell Version Custom Compiler P-2019.06-SP1-7
              /c Build  (OPT) compiled on Thu Feb 13 14:05:50 2020 for RHEL64 6.6
              /c Execution time: Thu Feb 11 15:24:33 2021
              /c Host: linux11108
              /c 
              /c Copyright © 2004-2020 Synopsys, Inc.
              /c This software and the associated documentation are proprietary to Synopsys, Inc. This software may only be used in accordance with the terms and conditions of a written license agreement with Synopsys, Inc. All other use, reproduction, or distribution of this software is strictly prohibited.
              /c 
              /c 
[15:24:45.70] /o /DCNFS/applications/synopsys/2019/app/customcompiler/P-2019.06-SP1-7/auxx/samples/basic
[15:24:45.71] /o /DCNFS/applications/synopsys/2019/app/customcompiler/P-2019.06-SP1-7/auxx/samples/snpsDeviceLib
[15:24:45.71] /o /DCNFS/applications/synopsys/2019/app/customcompiler/P-2019.06-SP1-7/auxx/samples/analogLib
[15:24:45.72] /o /DCNFS/applications/synopsys/2019/app/customcompiler/P-2019.06-SP1-7/auxx/samples/parasitics
[15:24:45.92] /o /DCNFS/applications/synopsys/2019/app/SAED/SAED_PDK90nm/SAED_PDK_90
[15:24:45.93] /o 	############################################
[15:24:45.93] /o 	        Synopsys Generic 90nm iPDK          
[15:24:45.93] /o 	--------------------------------------------
[15:24:45.93] /o 	Release Date .............. : 11-May-2016    
[15:24:45.93] /o 	============================================
[15:24:45.93] /o 	        Recommended Tool Versions           
[15:24:45.93] /o 	--------------------------------------------
[15:24:45.93] /o 	Custom Designer ........... : J-2014.12-2    
[15:24:45.93] /o 	IC Validator .............. : K-2015.12   
[15:24:45.93] /o 	StarRC..................... : K-2015.12  
[15:24:45.93] /o 	--------------------------------------------
[15:24:45.93] /o 	############################################
[15:24:45.93] /o 
[15:24:45.99] /o SAED PDK 90: Loaded callbacks
[15:24:46.00] /o SAED PDK 90: Loaded display resources
[15:24:46.03] /i ::sa::_backgroundSaeShell::signalProcessReady 1613085867
[15:24:46.04] /o saeInterBGSaeShell:  ::sa::_backgroundSaeShell::processReady 19
[15:29:47.04] /o saeInterBGSaeShell:  ::sa::_backgroundSaeShell::pingBack
[15:29:47.16] /i ::sa::_backgroundSaeShell::parentRunning
[15:29:47.16] /o 1613086187
[15:34:48.06] /o saeInterBGSaeShell:  ::sa::_backgroundSaeShell::pingBack
[15:34:48.26] /i ::sa::_backgroundSaeShell::parentRunning
[15:34:48.26] /o 1613086488
[15:39:10.18] /i ::sa::_backgroundSaeShell::runScript /DCNFS/users/student/lkim/simulation/LAB4,NOR_tb,schematic/history_1/simulation/default/HSPICE/nominal/.bg_measurement_script.tcl sa::_resultsDatabase::saeShellProcessingCompletedProc testSuiteName saeSession0 testbenchName default resultsDir /DCNFS/users/student/lkim/simulation/LAB4,NOR_tb,schematic/history_1/simulation/default/HSPICE/nominal/results testSuiteDir /DCNFS/users/student/lkim/simulation/LAB4,NOR_tb,schematic/history_1/simulation/default/HSPICE/nominal databaseName /DCNFS/users/student/lkim/simulation/LAB4,NOR_tb,schematic/history_1/simulation/default/HSPICE/nominal/resultsDatabase remoteRun {} testbenchId 1 saveImages true
[15:39:10.94] /m Information: Start incremental database creation...
[15:39:10.97] /m Information: Re-evaluating the failed expression 'v(/Vout)'
[15:39:10.97] /m Information: Re-evaluating the failed expression 'v(/A)'
[15:39:10.98] /m Information: Re-evaluating the failed expression 'v(/B)'
[15:39:10.98] /m Information: Re-evaluating the failed expression 'v(/D)'
[15:39:10.98] /m Information: Re-evaluating the failed expression 'v(/C)'
[15:39:11.02] /o saeInterBGSaeShell:  ::sa::_backgroundSaeShell::scriptFinished 0.8 {} sa::_resultsDatabase::saeShellProcessingCompletedProc testSuiteName saeSession0 testbenchName default resultsDir /DCNFS/users/student/lkim/simulation/LAB4,NOR_tb,schematic/history_1/simulation/default/HSPICE/nominal/results testSuiteDir /DCNFS/users/student/lkim/simulation/LAB4,NOR_tb,schematic/history_1/simulation/default/HSPICE/nominal databaseName /DCNFS/users/student/lkim/simulation/LAB4,NOR_tb,schematic/history_1/simulation/default/HSPICE/nominal/resultsDatabase remoteRun {} testbenchId 1 saveImages true
[15:39:11.02] /o false
[15:43:45.48] /i ::sa::_backgroundSaeShell::runScript /DCNFS/users/student/lkim/simulation/LAB4,NOR_tb,schematic/history_1/simulation/default/HSPICE/nominal/.bg_measurement_script.tcl sa::_resultsDatabase::saeShellProcessingCompletedProc testSuiteName saeSession0 testbenchName default resultsDir /DCNFS/users/student/lkim/simulation/LAB4,NOR_tb,schematic/history_1/simulation/default/HSPICE/nominal/results testSuiteDir /DCNFS/users/student/lkim/simulation/LAB4,NOR_tb,schematic/history_1/simulation/default/HSPICE/nominal databaseName /DCNFS/users/student/lkim/simulation/LAB4,NOR_tb,schematic/history_1/simulation/default/HSPICE/nominal/resultsDatabase remoteRun {} testbenchId 1 saveImages true
[15:43:46.10] /m Information: Start incremental database creation...
[15:43:46.13] /m Information: Re-evaluating the failed expression 'v(/Vout)'
[15:43:46.14] /m Information: Re-evaluating the failed expression 'v(/A)'
[15:43:46.14] /m Information: Re-evaluating the failed expression 'v(/B)'
[15:43:46.14] /m Information: Re-evaluating the failed expression 'v(/D)'
[15:43:46.14] /m Information: Re-evaluating the failed expression 'v(/C)'
[15:43:46.18] /o saeInterBGSaeShell:  ::sa::_backgroundSaeShell::scriptFinished 0.6 {} sa::_resultsDatabase::saeShellProcessingCompletedProc testSuiteName saeSession0 testbenchName default resultsDir /DCNFS/users/student/lkim/simulation/LAB4,NOR_tb,schematic/history_1/simulation/default/HSPICE/nominal/results testSuiteDir /DCNFS/users/student/lkim/simulation/LAB4,NOR_tb,schematic/history_1/simulation/default/HSPICE/nominal databaseName /DCNFS/users/student/lkim/simulation/LAB4,NOR_tb,schematic/history_1/simulation/default/HSPICE/nominal/resultsDatabase remoteRun {} testbenchId 1 saveImages true
[15:43:46.18] /o false
[15:48:47.08] /o saeInterBGSaeShell:  ::sa::_backgroundSaeShell::pingBack
[15:48:47.26] /i ::sa::_backgroundSaeShell::parentRunning
[15:48:47.26] /o 1613087327
[15:50:24.25] /i ::sa::_backgroundSaeShell::runScript /DCNFS/users/student/lkim/simulation/LAB4,NOR_tb,schematic/history_1/simulation/default/HSPICE/nominal/.bg_measurement_script.tcl sa::_resultsDatabase::saeShellProcessingCompletedProc testSuiteName saeSession0 testbenchName default resultsDir /DCNFS/users/student/lkim/simulation/LAB4,NOR_tb,schematic/history_1/simulation/default/HSPICE/nominal/results testSuiteDir /DCNFS/users/student/lkim/simulation/LAB4,NOR_tb,schematic/history_1/simulation/default/HSPICE/nominal databaseName /DCNFS/users/student/lkim/simulation/LAB4,NOR_tb,schematic/history_1/simulation/default/HSPICE/nominal/resultsDatabase remoteRun {} testbenchId 1 saveImages true
[15:50:24.93] /m Information: Start incremental database creation...
[15:50:24.96] /m Information: Re-evaluating the failed expression 'v(/Vout)'
[15:50:24.96] /m Information: Re-evaluating the failed expression 'v(/A)'
[15:50:24.96] /m Information: Re-evaluating the failed expression 'v(/B)'
[15:50:24.97] /m Information: Re-evaluating the failed expression 'v(/D)'
[15:50:24.97] /m Information: Re-evaluating the failed expression 'v(/C)'
[15:50:25.01] /o saeInterBGSaeShell:  ::sa::_backgroundSaeShell::scriptFinished 0.7 {} sa::_resultsDatabase::saeShellProcessingCompletedProc testSuiteName saeSession0 testbenchName default resultsDir /DCNFS/users/student/lkim/simulation/LAB4,NOR_tb,schematic/history_1/simulation/default/HSPICE/nominal/results testSuiteDir /DCNFS/users/student/lkim/simulation/LAB4,NOR_tb,schematic/history_1/simulation/default/HSPICE/nominal databaseName /DCNFS/users/student/lkim/simulation/LAB4,NOR_tb,schematic/history_1/simulation/default/HSPICE/nominal/resultsDatabase remoteRun {} testbenchId 1 saveImages true
[15:50:25.01] /o false
[15:53:13.39] /i ::sa::_backgroundSaeShell::runScript /DCNFS/users/student/lkim/simulation/LAB4,NOR_tb,schematic/history_1/simulation/default/HSPICE/nominal/.bg_measurement_script.tcl sa::_resultsDatabase::saeShellProcessingCompletedProc testSuiteName saeSession0 testbenchName default resultsDir /DCNFS/users/student/lkim/simulation/LAB4,NOR_tb,schematic/history_1/simulation/default/HSPICE/nominal/results testSuiteDir /DCNFS/users/student/lkim/simulation/LAB4,NOR_tb,schematic/history_1/simulation/default/HSPICE/nominal databaseName /DCNFS/users/student/lkim/simulation/LAB4,NOR_tb,schematic/history_1/simulation/default/HSPICE/nominal/resultsDatabase remoteRun {} testbenchId 1 saveImages true
[15:53:14.04] /m Information: Start incremental database creation...
[15:53:14.08] /m Information: Re-evaluating the failed expression 'v(/Vout)'
[15:53:14.09] /m Information: Re-evaluating the failed expression 'v(/A)'
[15:53:14.09] /m Information: Re-evaluating the failed expression 'v(/B)'
[15:53:14.09] /m Information: Re-evaluating the failed expression 'v(/D)'
[15:53:14.09] /m Information: Re-evaluating the failed expression 'v(/C)'
[15:53:14.13] /o saeInterBGSaeShell:  ::sa::_backgroundSaeShell::scriptFinished 0.7 {} sa::_resultsDatabase::saeShellProcessingCompletedProc testSuiteName saeSession0 testbenchName default resultsDir /DCNFS/users/student/lkim/simulation/LAB4,NOR_tb,schematic/history_1/simulation/default/HSPICE/nominal/results testSuiteDir /DCNFS/users/student/lkim/simulation/LAB4,NOR_tb,schematic/history_1/simulation/default/HSPICE/nominal databaseName /DCNFS/users/student/lkim/simulation/LAB4,NOR_tb,schematic/history_1/simulation/default/HSPICE/nominal/resultsDatabase remoteRun {} testbenchId 1 saveImages true
[15:53:14.13] /o false
[15:58:15.11] /o saeInterBGSaeShell:  ::sa::_backgroundSaeShell::pingBack
[15:58:15.16] /i ::sa::_backgroundSaeShell::parentRunning
[15:58:15.16] /o 1613087895
[15:59:49.65] /i ::sa::_backgroundSaeShell::runScript /DCNFS/users/student/lkim/simulation/LAB4,NOR_tb,schematic/history_1/simulation/default/HSPICE/nominal/.bg_measurement_script.tcl sa::_resultsDatabase::saeShellProcessingCompletedProc testSuiteName saeSession0 testbenchName default resultsDir /DCNFS/users/student/lkim/simulation/LAB4,NOR_tb,schematic/history_1/simulation/default/HSPICE/nominal/results testSuiteDir /DCNFS/users/student/lkim/simulation/LAB4,NOR_tb,schematic/history_1/simulation/default/HSPICE/nominal databaseName /DCNFS/users/student/lkim/simulation/LAB4,NOR_tb,schematic/history_1/simulation/default/HSPICE/nominal/resultsDatabase remoteRun {} testbenchId 1 saveImages true
[15:59:50.24] /m Information: Start incremental database creation...
[15:59:50.27] /m Information: Re-evaluating the failed expression 'v(/Vout)'
[15:59:50.27] /m Information: Re-evaluating the failed expression 'v(/A)'
[15:59:50.28] /m Information: Re-evaluating the failed expression 'v(/B)'
[15:59:50.28] /m Information: Re-evaluating the failed expression 'v(/D)'
[15:59:50.28] /m Information: Re-evaluating the failed expression 'v(/C)'
[15:59:50.32] /o saeInterBGSaeShell:  ::sa::_backgroundSaeShell::scriptFinished 0.6 {} sa::_resultsDatabase::saeShellProcessingCompletedProc testSuiteName saeSession0 testbenchName default resultsDir /DCNFS/users/student/lkim/simulation/LAB4,NOR_tb,schematic/history_1/simulation/default/HSPICE/nominal/results testSuiteDir /DCNFS/users/student/lkim/simulation/LAB4,NOR_tb,schematic/history_1/simulation/default/HSPICE/nominal databaseName /DCNFS/users/student/lkim/simulation/LAB4,NOR_tb,schematic/history_1/simulation/default/HSPICE/nominal/resultsDatabase remoteRun {} testbenchId 1 saveImages true
[15:59:50.32] /o false
[16:00:52.51] /i ::sa::_backgroundSaeShell::runScript /DCNFS/users/student/lkim/simulation/LAB4,NOR_tb,schematic/history_1/simulation/default/HSPICE/nominal/.bg_measurement_script.tcl sa::_resultsDatabase::saeShellProcessingCompletedProc testSuiteName saeSession0 testbenchName default resultsDir /DCNFS/users/student/lkim/simulation/LAB4,NOR_tb,schematic/history_1/simulation/default/HSPICE/nominal/results testSuiteDir /DCNFS/users/student/lkim/simulation/LAB4,NOR_tb,schematic/history_1/simulation/default/HSPICE/nominal databaseName /DCNFS/users/student/lkim/simulation/LAB4,NOR_tb,schematic/history_1/simulation/default/HSPICE/nominal/resultsDatabase remoteRun {} testbenchId 1 saveImages true
[16:00:53.12] /m Information: Start incremental database creation...
[16:00:53.15] /m Information: Re-evaluating the failed expression 'v(/Vout)'
[16:00:53.16] /m Information: Re-evaluating the failed expression 'v(/A)'
[16:00:53.16] /m Information: Re-evaluating the failed expression 'v(/B)'
[16:00:53.16] /m Information: Re-evaluating the failed expression 'v(/D)'
[16:00:53.16] /m Information: Re-evaluating the failed expression 'v(/C)'
[16:00:53.20] /o saeInterBGSaeShell:  ::sa::_backgroundSaeShell::scriptFinished 0.6 {} sa::_resultsDatabase::saeShellProcessingCompletedProc testSuiteName saeSession0 testbenchName default resultsDir /DCNFS/users/student/lkim/simulation/LAB4,NOR_tb,schematic/history_1/simulation/default/HSPICE/nominal/results testSuiteDir /DCNFS/users/student/lkim/simulation/LAB4,NOR_tb,schematic/history_1/simulation/default/HSPICE/nominal databaseName /DCNFS/users/student/lkim/simulation/LAB4,NOR_tb,schematic/history_1/simulation/default/HSPICE/nominal/resultsDatabase remoteRun {} testbenchId 1 saveImages true
[16:00:53.20] /o false
[16:05:12.59] /i ::sa::_backgroundSaeShell::runScript /DCNFS/users/student/lkim/simulation/LAB4,NOR_tb,schematic/history_1/simulation/default/HSPICE/nominal/.bg_measurement_script.tcl sa::_resultsDatabase::saeShellProcessingCompletedProc testSuiteName saeSession0 testbenchName default resultsDir /DCNFS/users/student/lkim/simulation/LAB4,NOR_tb,schematic/history_1/simulation/default/HSPICE/nominal/results testSuiteDir /DCNFS/users/student/lkim/simulation/LAB4,NOR_tb,schematic/history_1/simulation/default/HSPICE/nominal databaseName /DCNFS/users/student/lkim/simulation/LAB4,NOR_tb,schematic/history_1/simulation/default/HSPICE/nominal/resultsDatabase remoteRun {} testbenchId 1 saveImages true
[16:05:13.25] /m Information: Start incremental database creation...
[16:05:13.28] /m Information: Re-evaluating the failed expression 'v(/Vout)'
[16:05:13.28] /m Information: Re-evaluating the failed expression 'v(/A)'
[16:05:13.29] /m Information: Re-evaluating the failed expression 'v(/B)'
[16:05:13.29] /m Information: Re-evaluating the failed expression 'v(/D)'
[16:05:13.29] /m Information: Re-evaluating the failed expression 'v(/C)'
[16:05:13.33] /o saeInterBGSaeShell:  ::sa::_backgroundSaeShell::scriptFinished 0.7 {} sa::_resultsDatabase::saeShellProcessingCompletedProc testSuiteName saeSession0 testbenchName default resultsDir /DCNFS/users/student/lkim/simulation/LAB4,NOR_tb,schematic/history_1/simulation/default/HSPICE/nominal/results testSuiteDir /DCNFS/users/student/lkim/simulation/LAB4,NOR_tb,schematic/history_1/simulation/default/HSPICE/nominal databaseName /DCNFS/users/student/lkim/simulation/LAB4,NOR_tb,schematic/history_1/simulation/default/HSPICE/nominal/resultsDatabase remoteRun {} testbenchId 1 saveImages true
[16:05:13.33] /o false
[16:08:45.13] /i ::sa::_backgroundSaeShell::runScript /DCNFS/users/student/lkim/simulation/LAB4,NOR_tb,schematic/history_1/simulation/default/HSPICE/nominal/.bg_measurement_script.tcl sa::_resultsDatabase::saeShellProcessingCompletedProc testSuiteName saeSession0 testbenchName default resultsDir /DCNFS/users/student/lkim/simulation/LAB4,NOR_tb,schematic/history_1/simulation/default/HSPICE/nominal/results testSuiteDir /DCNFS/users/student/lkim/simulation/LAB4,NOR_tb,schematic/history_1/simulation/default/HSPICE/nominal databaseName /DCNFS/users/student/lkim/simulation/LAB4,NOR_tb,schematic/history_1/simulation/default/HSPICE/nominal/resultsDatabase remoteRun {} testbenchId 1 saveImages true
[16:08:45.77] /m Information: Start incremental database creation...
[16:08:45.81] /m Information: Re-evaluating the failed expression 'v(/Vout)'
[16:08:45.81] /m Information: Re-evaluating the failed expression 'v(/A)'
[16:08:45.81] /m Information: Re-evaluating the failed expression 'v(/B)'
[16:08:45.82] /m Information: Re-evaluating the failed expression 'v(/D)'
[16:08:45.82] /m Information: Re-evaluating the failed expression 'v(/C)'
[16:08:45.86] /o saeInterBGSaeShell:  ::sa::_backgroundSaeShell::scriptFinished 0.7 {} sa::_resultsDatabase::saeShellProcessingCompletedProc testSuiteName saeSession0 testbenchName default resultsDir /DCNFS/users/student/lkim/simulation/LAB4,NOR_tb,schematic/history_1/simulation/default/HSPICE/nominal/results testSuiteDir /DCNFS/users/student/lkim/simulation/LAB4,NOR_tb,schematic/history_1/simulation/default/HSPICE/nominal databaseName /DCNFS/users/student/lkim/simulation/LAB4,NOR_tb,schematic/history_1/simulation/default/HSPICE/nominal/resultsDatabase remoteRun {} testbenchId 1 saveImages true
[16:08:45.86] /o false
[16:10:22.61] /i ::sa::_backgroundSaeShell::runScript /DCNFS/users/student/lkim/simulation/LAB4,NOR_tb,schematic/history_1/simulation/default/HSPICE/nominal/.bg_measurement_script.tcl sa::_resultsDatabase::saeShellProcessingCompletedProc testSuiteName saeSession0 testbenchName default resultsDir /DCNFS/users/student/lkim/simulation/LAB4,NOR_tb,schematic/history_1/simulation/default/HSPICE/nominal/results testSuiteDir /DCNFS/users/student/lkim/simulation/LAB4,NOR_tb,schematic/history_1/simulation/default/HSPICE/nominal databaseName /DCNFS/users/student/lkim/simulation/LAB4,NOR_tb,schematic/history_1/simulation/default/HSPICE/nominal/resultsDatabase remoteRun {} testbenchId 1 saveImages true
[16:10:23.23] /m Information: Start incremental database creation...
[16:10:23.26] /m Information: Re-evaluating the failed expression 'v(/Vout)'
[16:10:23.27] /m Information: Re-evaluating the failed expression 'v(/A)'
[16:10:23.27] /m Information: Re-evaluating the failed expression 'v(/B)'
[16:10:23.27] /m Information: Re-evaluating the failed expression 'v(/D)'
[16:10:23.27] /m Information: Re-evaluating the failed expression 'v(/C)'
[16:10:23.31] /o saeInterBGSaeShell:  ::sa::_backgroundSaeShell::scriptFinished 0.7 {} sa::_resultsDatabase::saeShellProcessingCompletedProc testSuiteName saeSession0 testbenchName default resultsDir /DCNFS/users/student/lkim/simulation/LAB4,NOR_tb,schematic/history_1/simulation/default/HSPICE/nominal/results testSuiteDir /DCNFS/users/student/lkim/simulation/LAB4,NOR_tb,schematic/history_1/simulation/default/HSPICE/nominal databaseName /DCNFS/users/student/lkim/simulation/LAB4,NOR_tb,schematic/history_1/simulation/default/HSPICE/nominal/resultsDatabase remoteRun {} testbenchId 1 saveImages true
[16:10:23.31] /o false
[16:15:24.17] /o saeInterBGSaeShell:  ::sa::_backgroundSaeShell::pingBack
[16:15:24.26] /i ::sa::_backgroundSaeShell::parentRunning
[16:15:24.27] /o 1613088924
[16:16:52.47] /i ::sa::_backgroundSaeShell::runScript /DCNFS/users/student/lkim/simulation/LAB4,NOR_tb,schematic/history_1/simulation/default/HSPICE/nominal/.bg_measurement_script.tcl sa::_resultsDatabase::saeShellProcessingCompletedProc testSuiteName saeSession0 testbenchName default resultsDir /DCNFS/users/student/lkim/simulation/LAB4,NOR_tb,schematic/history_1/simulation/default/HSPICE/nominal/results testSuiteDir /DCNFS/users/student/lkim/simulation/LAB4,NOR_tb,schematic/history_1/simulation/default/HSPICE/nominal databaseName /DCNFS/users/student/lkim/simulation/LAB4,NOR_tb,schematic/history_1/simulation/default/HSPICE/nominal/resultsDatabase remoteRun {} testbenchId 1 saveImages true
[16:16:54.06] /m Information: Start incremental database creation...
[16:16:54.15] /m Information: Started sharing "Custom WaveView ADV" license. (WAVEFORM-110)
[16:16:54.42] /o saeInterBGSaeShell:  ::sa::_backgroundSaeShell::scriptFinished 1.9 {} sa::_resultsDatabase::saeShellProcessingCompletedProc testSuiteName saeSession0 testbenchName default resultsDir /DCNFS/users/student/lkim/simulation/LAB4,NOR_tb,schematic/history_1/simulation/default/HSPICE/nominal/results testSuiteDir /DCNFS/users/student/lkim/simulation/LAB4,NOR_tb,schematic/history_1/simulation/default/HSPICE/nominal databaseName /DCNFS/users/student/lkim/simulation/LAB4,NOR_tb,schematic/history_1/simulation/default/HSPICE/nominal/resultsDatabase remoteRun {} testbenchId 1 saveImages true
[16:16:54.42] /o false
[16:18:03.07] /i ::sa::_backgroundSaeShell::runScript /DCNFS/users/student/lkim/simulation/LAB4,NOR_tb,schematic/history_1/simulation/default/HSPICE/nominal/.bg_measurement_script.tcl sa::_resultsDatabase::saeShellProcessingCompletedProc testSuiteName saeSession0 testbenchName default resultsDir /DCNFS/users/student/lkim/simulation/LAB4,NOR_tb,schematic/history_1/simulation/default/HSPICE/nominal/results testSuiteDir /DCNFS/users/student/lkim/simulation/LAB4,NOR_tb,schematic/history_1/simulation/default/HSPICE/nominal databaseName /DCNFS/users/student/lkim/simulation/LAB4,NOR_tb,schematic/history_1/simulation/default/HSPICE/nominal/resultsDatabase remoteRun {} testbenchId 1 saveImages true
[16:18:04.05] /m Information: Start incremental database creation...
[16:18:04.34] /o saeInterBGSaeShell:  ::sa::_backgroundSaeShell::scriptFinished 1.2 {} sa::_resultsDatabase::saeShellProcessingCompletedProc testSuiteName saeSession0 testbenchName default resultsDir /DCNFS/users/student/lkim/simulation/LAB4,NOR_tb,schematic/history_1/simulation/default/HSPICE/nominal/results testSuiteDir /DCNFS/users/student/lkim/simulation/LAB4,NOR_tb,schematic/history_1/simulation/default/HSPICE/nominal databaseName /DCNFS/users/student/lkim/simulation/LAB4,NOR_tb,schematic/history_1/simulation/default/HSPICE/nominal/resultsDatabase remoteRun {} testbenchId 1 saveImages true
[16:18:04.34] /o false
[16:22:01.07] /i ::sa::_backgroundSaeShell::runScript /DCNFS/users/student/lkim/simulation/LAB4,NOR_tb,schematic/history_1/simulation/default/HSPICE/nominal/.bg_measurement_script.tcl sa::_resultsDatabase::saeShellProcessingCompletedProc testSuiteName saeSession0 testbenchName default resultsDir /DCNFS/users/student/lkim/simulation/LAB4,NOR_tb,schematic/history_1/simulation/default/HSPICE/nominal/results testSuiteDir /DCNFS/users/student/lkim/simulation/LAB4,NOR_tb,schematic/history_1/simulation/default/HSPICE/nominal databaseName /DCNFS/users/student/lkim/simulation/LAB4,NOR_tb,schematic/history_1/simulation/default/HSPICE/nominal/resultsDatabase remoteRun {} testbenchId 1 saveImages true
[16:22:01.98] /m Information: Start incremental database creation...
[16:22:02.28] /o saeInterBGSaeShell:  ::sa::_backgroundSaeShell::scriptFinished 1.2 {} sa::_resultsDatabase::saeShellProcessingCompletedProc testSuiteName saeSession0 testbenchName default resultsDir /DCNFS/users/student/lkim/simulation/LAB4,NOR_tb,schematic/history_1/simulation/default/HSPICE/nominal/results testSuiteDir /DCNFS/users/student/lkim/simulation/LAB4,NOR_tb,schematic/history_1/simulation/default/HSPICE/nominal databaseName /DCNFS/users/student/lkim/simulation/LAB4,NOR_tb,schematic/history_1/simulation/default/HSPICE/nominal/resultsDatabase remoteRun {} testbenchId 1 saveImages true
[16:22:02.28] /o false
[16:23:28.51] /i ::sa::_backgroundSaeShell::runScript /DCNFS/users/student/lkim/simulation/LAB4,NOR_tb,schematic/history_1/simulation/default/HSPICE/nominal/.bg_measurement_script.tcl sa::_resultsDatabase::saeShellProcessingCompletedProc testSuiteName saeSession0 testbenchName default resultsDir /DCNFS/users/student/lkim/simulation/LAB4,NOR_tb,schematic/history_1/simulation/default/HSPICE/nominal/results testSuiteDir /DCNFS/users/student/lkim/simulation/LAB4,NOR_tb,schematic/history_1/simulation/default/HSPICE/nominal databaseName /DCNFS/users/student/lkim/simulation/LAB4,NOR_tb,schematic/history_1/simulation/default/HSPICE/nominal/resultsDatabase remoteRun {} testbenchId 1 saveImages true
[16:23:29.47] /m Information: Start incremental database creation...
[16:23:29.75] /o saeInterBGSaeShell:  ::sa::_backgroundSaeShell::scriptFinished 1.2 {} sa::_resultsDatabase::saeShellProcessingCompletedProc testSuiteName saeSession0 testbenchName default resultsDir /DCNFS/users/student/lkim/simulation/LAB4,NOR_tb,schematic/history_1/simulation/default/HSPICE/nominal/results testSuiteDir /DCNFS/users/student/lkim/simulation/LAB4,NOR_tb,schematic/history_1/simulation/default/HSPICE/nominal databaseName /DCNFS/users/student/lkim/simulation/LAB4,NOR_tb,schematic/history_1/simulation/default/HSPICE/nominal/resultsDatabase remoteRun {} testbenchId 1 saveImages true
[16:23:29.75] /o false
[16:24:02.67] /i ::wf::viewerExited
[16:27:59.29] /i ::sa::_backgroundSaeShell::runScript /DCNFS/users/student/lkim/simulation/LAB4,NOR_tb,schematic/history_1/simulation/default/HSPICE/nominal/.bg_measurement_script.tcl sa::_resultsDatabase::saeShellProcessingCompletedProc testSuiteName saeSession0 testbenchName default resultsDir /DCNFS/users/student/lkim/simulation/LAB4,NOR_tb,schematic/history_1/simulation/default/HSPICE/nominal/results testSuiteDir /DCNFS/users/student/lkim/simulation/LAB4,NOR_tb,schematic/history_1/simulation/default/HSPICE/nominal databaseName /DCNFS/users/student/lkim/simulation/LAB4,NOR_tb,schematic/history_1/simulation/default/HSPICE/nominal/resultsDatabase remoteRun {} testbenchId 1 saveImages true
[16:28:00.85] /m Information: Start incremental database creation...
[16:28:01.13] /o saeInterBGSaeShell:  ::sa::_backgroundSaeShell::scriptFinished 1.8 {} sa::_resultsDatabase::saeShellProcessingCompletedProc testSuiteName saeSession0 testbenchName default resultsDir /DCNFS/users/student/lkim/simulation/LAB4,NOR_tb,schematic/history_1/simulation/default/HSPICE/nominal/results testSuiteDir /DCNFS/users/student/lkim/simulation/LAB4,NOR_tb,schematic/history_1/simulation/default/HSPICE/nominal databaseName /DCNFS/users/student/lkim/simulation/LAB4,NOR_tb,schematic/history_1/simulation/default/HSPICE/nominal/resultsDatabase remoteRun {} testbenchId 1 saveImages true
[16:28:01.13] /o false
[16:30:46.48] /i ::wf::viewerExited
[16:31:59.02] /i ::sa::_backgroundSaeShell::runScript /DCNFS/users/student/lkim/simulation/LAB4,NOR_tb,schematic/history_1/simulation/default/HSPICE/nominal/.bg_measurement_script.tcl sa::_resultsDatabase::saeShellProcessingCompletedProc testSuiteName saeSession0 testbenchName default resultsDir /DCNFS/users/student/lkim/simulation/LAB4,NOR_tb,schematic/history_1/simulation/default/HSPICE/nominal/results testSuiteDir /DCNFS/users/student/lkim/simulation/LAB4,NOR_tb,schematic/history_1/simulation/default/HSPICE/nominal databaseName /DCNFS/users/student/lkim/simulation/LAB4,NOR_tb,schematic/history_1/simulation/default/HSPICE/nominal/resultsDatabase remoteRun {} testbenchId 1 saveImages true
[16:32:00.77] /m Information: Start incremental database creation...
[16:32:01.06] /o saeInterBGSaeShell:  ::sa::_backgroundSaeShell::scriptFinished 2.0 {} sa::_resultsDatabase::saeShellProcessingCompletedProc testSuiteName saeSession0 testbenchName default resultsDir /DCNFS/users/student/lkim/simulation/LAB4,NOR_tb,schematic/history_1/simulation/default/HSPICE/nominal/results testSuiteDir /DCNFS/users/student/lkim/simulation/LAB4,NOR_tb,schematic/history_1/simulation/default/HSPICE/nominal databaseName /DCNFS/users/student/lkim/simulation/LAB4,NOR_tb,schematic/history_1/simulation/default/HSPICE/nominal/resultsDatabase remoteRun {} testbenchId 1 saveImages true
[16:32:01.06] /o false
[16:33:14.07] /i ::wf::viewerExited
[16:34:22.67] /i ::sa::_backgroundSaeShell::exit
[16:34:22.67] /o saeInterBGSaeShell:  ::sa::_backgroundSaeShell::childFormallyExiting
