[16:38:54.75] /o sae_shell Version Custom Compiler P-2019.06-SP1-7
              /c Build  (OPT) compiled on Thu Feb 13 14:05:50 2020 for RHEL64 6.6
              /c Execution time: Thu Feb 11 16:38:43 2021
              /c Host: linux11108
              /c 
              /c Copyright © 2004-2020 Synopsys, Inc.
              /c This software and the associated documentation are proprietary to Synopsys, Inc. This software may only be used in accordance with the terms and conditions of a written license agreement with Synopsys, Inc. All other use, reproduction, or distribution of this software is strictly prohibited.
              /c 
              /c 
[16:38:54.89] /o /DCNFS/applications/synopsys/2019/app/customcompiler/P-2019.06-SP1-7/auxx/samples/basic
[16:38:54.90] /o /DCNFS/applications/synopsys/2019/app/customcompiler/P-2019.06-SP1-7/auxx/samples/snpsDeviceLib
[16:38:54.90] /o /DCNFS/applications/synopsys/2019/app/customcompiler/P-2019.06-SP1-7/auxx/samples/analogLib
[16:38:54.91] /o /DCNFS/applications/synopsys/2019/app/customcompiler/P-2019.06-SP1-7/auxx/samples/parasitics
[16:38:55.12] /o /DCNFS/applications/synopsys/2019/app/SAED/SAED_PDK90nm/SAED_PDK_90
[16:38:55.13] /o 	############################################
[16:38:55.13] /o 	        Synopsys Generic 90nm iPDK          
[16:38:55.13] /o 	--------------------------------------------
[16:38:55.13] /o 	Release Date .............. : 11-May-2016    
[16:38:55.13] /o 	============================================
[16:38:55.13] /o 	        Recommended Tool Versions           
[16:38:55.13] /o 	--------------------------------------------
[16:38:55.13] /o 	Custom Designer ........... : J-2014.12-2    
[16:38:55.13] /o 	IC Validator .............. : K-2015.12   
[16:38:55.13] /o 	StarRC..................... : K-2015.12  
[16:38:55.13] /o 	--------------------------------------------
[16:38:55.13] /o 	############################################
[16:38:55.13] /o 
[16:38:55.19] /o SAED PDK 90: Loaded callbacks
[16:38:55.20] /o SAED PDK 90: Loaded display resources
[16:38:55.23] /i ::sa::_backgroundSaeShell::signalProcessReady 1613090320
[16:38:55.23] /o saeInterBGSaeShell:  ::sa::_backgroundSaeShell::processReady 15
[16:43:56.24] /o saeInterBGSaeShell:  ::sa::_backgroundSaeShell::pingBack
[16:43:56.26] /i ::sa::_backgroundSaeShell::parentRunning
[16:43:56.26] /o 1613090636
[16:46:24.21] /i ::sa::_backgroundSaeShell::exit
[16:46:24.21] /o saeInterBGSaeShell:  ::sa::_backgroundSaeShell::childFormallyExiting
