[00:10:08.31] /o sae_shell Version Custom Compiler P-2019.06-SP1-7
              /c Build  (OPT) compiled on Thu Feb 13 14:05:50 2020 for RHEL64 6.6
              /c Execution time: Sun Feb 14 00:09:56 2021
              /c Host: linux11114
              /c 
              /c Copyright © 2004-2020 Synopsys, Inc.
              /c This software and the associated documentation are proprietary to Synopsys, Inc. This software may only be used in accordance with the terms and conditions of a written license agreement with Synopsys, Inc. All other use, reproduction, or distribution of this software is strictly prohibited.
              /c 
              /c 
[00:10:08.43] /o /DCNFS/applications/synopsys/2019/app/customcompiler/P-2019.06-SP1-7/auxx/samples/basic
[00:10:08.43] /o /DCNFS/applications/synopsys/2019/app/customcompiler/P-2019.06-SP1-7/auxx/samples/snpsDeviceLib
[00:10:08.43] /o /DCNFS/applications/synopsys/2019/app/customcompiler/P-2019.06-SP1-7/auxx/samples/analogLib
[00:10:08.44] /o /DCNFS/applications/synopsys/2019/app/customcompiler/P-2019.06-SP1-7/auxx/samples/parasitics
[00:10:08.63] /o /DCNFS/applications/synopsys/2019/app/SAED/SAED_PDK90nm/SAED_PDK_90
[00:10:08.64] /o 	############################################
[00:10:08.64] /o 	        Synopsys Generic 90nm iPDK          
[00:10:08.64] /o 	--------------------------------------------
[00:10:08.64] /o 	Release Date .............. : 11-May-2016    
[00:10:08.64] /o 	============================================
[00:10:08.64] /o 	        Recommended Tool Versions           
[00:10:08.64] /o 	--------------------------------------------
[00:10:08.64] /o 	Custom Designer ........... : J-2014.12-2    
[00:10:08.64] /o 	IC Validator .............. : K-2015.12   
[00:10:08.64] /o 	StarRC..................... : K-2015.12  
[00:10:08.64] /o 	--------------------------------------------
[00:10:08.64] /o 	############################################
[00:10:08.64] /o 
[00:10:08.69] /o SAED PDK 90: Loaded callbacks
[00:10:08.70] /o SAED PDK 90: Loaded display resources
[00:10:08.72] /i ::sa::_backgroundSaeShell::signalProcessReady 1613290193
[00:10:08.73] /o saeInterBGSaeShell:  ::sa::_backgroundSaeShell::processReady 15
[00:10:10.42] /i ::sa::_backgroundSaeShell::runScript /DCNFS/users/student/lkim/simulation/LAB4,NOR_tb,schematic/history_1/simulation/HSPICE_default/HSPICE/nominal/.bg_measurement_script.tcl sa::_resultsDatabase::saeShellProcessingCompletedProc testSuiteName saeSession3 testbenchName HSPICE_default resultsDir /DCNFS/users/student/lkim/simulation/LAB4,NOR_tb,schematic/history_1/simulation/HSPICE_default/HSPICE/nominal/results testSuiteDir /DCNFS/users/student/lkim/simulation/LAB4,NOR_tb,schematic/history_1/simulation/HSPICE_default/HSPICE/nominal databaseName /DCNFS/users/student/lkim/simulation/LAB4,NOR_tb,schematic/history_1/simulation/HSPICE_default/HSPICE/nominal/resultsDatabase remoteRun {} testbenchId 1 saveImages true
[00:10:12.04] /m Information: Start incremental database creation...
[00:10:12.16] /m Information: Started sharing "Custom WaveView ADV" license. (WAVEFORM-110)
[00:10:12.42] /o saeInterBGSaeShell:  ::sa::_backgroundSaeShell::scriptFinished 1.9 {} sa::_resultsDatabase::saeShellProcessingCompletedProc testSuiteName saeSession3 testbenchName HSPICE_default resultsDir /DCNFS/users/student/lkim/simulation/LAB4,NOR_tb,schematic/history_1/simulation/HSPICE_default/HSPICE/nominal/results testSuiteDir /DCNFS/users/student/lkim/simulation/LAB4,NOR_tb,schematic/history_1/simulation/HSPICE_default/HSPICE/nominal databaseName /DCNFS/users/student/lkim/simulation/LAB4,NOR_tb,schematic/history_1/simulation/HSPICE_default/HSPICE/nominal/resultsDatabase remoteRun {} testbenchId 1 saveImages true
[00:10:12.42] /o false
[00:15:13.76] /o saeInterBGSaeShell:  ::sa::_backgroundSaeShell::pingBack
[00:15:13.96] /i ::sa::_backgroundSaeShell::parentRunning
[00:15:13.96] /o 1613290513
[00:15:17.76] /m Information: Stopped sharing "Custom WaveView ADV" license. (WAVEFORM-111)
[00:18:55.92] /o Information: Received "Terminate" signal. Sending  PID: 28625 UID: 1627 Username: "lkim" Process name: "/DCNFS/applications/synopsys/2019/app/customcompiler/P-2019.06-SP1-7/linux64/platform/bin/ipc_wrapper". Process is terminated.
              /c signal number = 15
              /c Stack Dump: VERSION P-2019.06-SP1-7 CONFIG 5329942 DATE Sun Feb 14 00:09:56 2021
              /c Frame 0. libc.so.6: __poll + 0x24
              /c Frame 1. sae_shell: poll + 0x61
              /c Frame 2. /lib64/libglib-2.0.so.0 ::bcb1b1337c + 0x43c
              /c Frame 3. libglib-2.0.so.0: g_main_context_iteration + 0x2c
              /c Frame 4. QEventDispatcherGlib::processEvents(QFlags<QEventLoop::ProcessEventsFlag>) + 0x6a
              /c Frame 5. QEventLoop::exec(QFlags<QEventLoop::ProcessEventsFlag>) + 0xea
              /c Frame 6. QCoreApplication::exec() + 0x8d
              /c Frame 7. 0x13139d2 SNPSee_3cb5a937433b5647dfd0ba220bc88c363f9edc9e424f5618e629fa54920aaa2d42181fc4e419a971bdba91f3b1089c26 + 0xa2
              /c Frame 8. sae_shell: main + 0x6a
              /c Frame 9. libc.so.6: __libc_start_main + 0xf5
              /c Frame 10. /DCNFS/applications/synopsys/2019/app/customcompiler/P-2019.06-SP1-7/linux64/platform/bin/sae_shell ::0x1308a75 + 0x29
