[17:12:58.40] /o sae_shell Version Custom Compiler P-2019.06-SP1-7
              /c Build  (OPT) compiled on Thu Feb 13 14:05:50 2020 for RHEL64 6.6
              /c Execution time: Thu Feb 11 17:12:45 2021
              /c Host: linux11108
              /c 
              /c Copyright © 2004-2020 Synopsys, Inc.
              /c This software and the associated documentation are proprietary to Synopsys, Inc. This software may only be used in accordance with the terms and conditions of a written license agreement with Synopsys, Inc. All other use, reproduction, or distribution of this software is strictly prohibited.
              /c 
              /c 
[17:12:58.57] /o /DCNFS/applications/synopsys/2019/app/customcompiler/P-2019.06-SP1-7/auxx/samples/basic
[17:12:58.57] /o /DCNFS/applications/synopsys/2019/app/customcompiler/P-2019.06-SP1-7/auxx/samples/snpsDeviceLib
[17:12:58.58] /o /DCNFS/applications/synopsys/2019/app/customcompiler/P-2019.06-SP1-7/auxx/samples/analogLib
[17:12:58.58] /o /DCNFS/applications/synopsys/2019/app/customcompiler/P-2019.06-SP1-7/auxx/samples/parasitics
[17:12:58.79] /o /DCNFS/applications/synopsys/2019/app/SAED/SAED_PDK90nm/SAED_PDK_90
[17:12:58.80] /o 	############################################
[17:12:58.80] /o 	        Synopsys Generic 90nm iPDK          
[17:12:58.80] /o 	--------------------------------------------
[17:12:58.80] /o 	Release Date .............. : 11-May-2016    
[17:12:58.80] /o 	============================================
[17:12:58.80] /o 	        Recommended Tool Versions           
[17:12:58.80] /o 	--------------------------------------------
[17:12:58.80] /o 	Custom Designer ........... : J-2014.12-2    
[17:12:58.80] /o 	IC Validator .............. : K-2015.12   
[17:12:58.80] /o 	StarRC..................... : K-2015.12  
[17:12:58.80] /o 	--------------------------------------------
[17:12:58.80] /o 	############################################
[17:12:58.80] /o 
[17:12:58.84] /o SAED PDK 90: Loaded callbacks
[17:12:58.85] /o SAED PDK 90: Loaded display resources
[17:12:58.87] /i ::sa::_backgroundSaeShell::signalProcessReady 1613092362
[17:12:58.87] /o saeInterBGSaeShell:  ::sa::_backgroundSaeShell::processReady 16
[17:13:21.56] /i ::sa::_backgroundSaeShell::runScript /DCNFS/users/student/lkim/simulation/LAB4,NOR_DCLASTtb,schematic/history_1/simulation/default/HSPICE/nominal/.bg_measurement_script.tcl sa::_resultsDatabase::saeShellProcessingCompletedProc testSuiteName saeSession32 testbenchName default resultsDir /DCNFS/users/student/lkim/simulation/LAB4,NOR_DCLASTtb,schematic/history_1/simulation/default/HSPICE/nominal/results testSuiteDir /DCNFS/users/student/lkim/simulation/LAB4,NOR_DCLASTtb,schematic/history_1/simulation/default/HSPICE/nominal databaseName /DCNFS/users/student/lkim/simulation/LAB4,NOR_DCLASTtb,schematic/history_1/simulation/default/HSPICE/nominal/resultsDatabase remoteRun {} testbenchId 1 saveImages true
[17:13:22.22] /m Information: Start incremental database creation...
[17:13:22.28] /o saeInterBGSaeShell:  ::sa::_backgroundSaeShell::scriptFinished 0.7 {} sa::_resultsDatabase::saeShellProcessingCompletedProc testSuiteName saeSession32 testbenchName default resultsDir /DCNFS/users/student/lkim/simulation/LAB4,NOR_DCLASTtb,schematic/history_1/simulation/default/HSPICE/nominal/results testSuiteDir /DCNFS/users/student/lkim/simulation/LAB4,NOR_DCLASTtb,schematic/history_1/simulation/default/HSPICE/nominal databaseName /DCNFS/users/student/lkim/simulation/LAB4,NOR_DCLASTtb,schematic/history_1/simulation/default/HSPICE/nominal/resultsDatabase remoteRun {} testbenchId 1 saveImages true
[17:13:22.28] /o false
[17:18:06.52] /i ::sa::_backgroundSaeShell::runScript /DCNFS/users/student/lkim/simulation/LAB4,NOR_DCLASTtb,schematic/history_1/simulation/default/HSPICE/nominal/.bg_measurement_script.tcl sa::_resultsDatabase::saeShellProcessingCompletedProc testSuiteName saeSession32 testbenchName default resultsDir /DCNFS/users/student/lkim/simulation/LAB4,NOR_DCLASTtb,schematic/history_1/simulation/default/HSPICE/nominal/results testSuiteDir /DCNFS/users/student/lkim/simulation/LAB4,NOR_DCLASTtb,schematic/history_1/simulation/default/HSPICE/nominal databaseName /DCNFS/users/student/lkim/simulation/LAB4,NOR_DCLASTtb,schematic/history_1/simulation/default/HSPICE/nominal/resultsDatabase remoteRun {} testbenchId 1 saveImages true
[17:18:07.12] /m Information: Start incremental database creation...
[17:18:07.18] /o saeInterBGSaeShell:  ::sa::_backgroundSaeShell::scriptFinished 0.6 {} sa::_resultsDatabase::saeShellProcessingCompletedProc testSuiteName saeSession32 testbenchName default resultsDir /DCNFS/users/student/lkim/simulation/LAB4,NOR_DCLASTtb,schematic/history_1/simulation/default/HSPICE/nominal/results testSuiteDir /DCNFS/users/student/lkim/simulation/LAB4,NOR_DCLASTtb,schematic/history_1/simulation/default/HSPICE/nominal databaseName /DCNFS/users/student/lkim/simulation/LAB4,NOR_DCLASTtb,schematic/history_1/simulation/default/HSPICE/nominal/resultsDatabase remoteRun {} testbenchId 1 saveImages true
[17:18:07.18] /o false
[17:20:04.57] /i ::sa::_backgroundSaeShell::runScript /DCNFS/users/student/lkim/simulation/LAB4,NOR_DCLASTtb,schematic/history_1/simulation/default/HSPICE/nominal/.bg_measurement_script.tcl sa::_resultsDatabase::saeShellProcessingCompletedProc testSuiteName saeSession32 testbenchName default resultsDir /DCNFS/users/student/lkim/simulation/LAB4,NOR_DCLASTtb,schematic/history_1/simulation/default/HSPICE/nominal/results testSuiteDir /DCNFS/users/student/lkim/simulation/LAB4,NOR_DCLASTtb,schematic/history_1/simulation/default/HSPICE/nominal databaseName /DCNFS/users/student/lkim/simulation/LAB4,NOR_DCLASTtb,schematic/history_1/simulation/default/HSPICE/nominal/resultsDatabase remoteRun {} testbenchId 1 saveImages true
[17:20:05.39] /m Information: Start incremental database creation...
[17:20:05.47] /m Information: Started sharing "Custom WaveView ADV" license. (WAVEFORM-110)
[17:20:05.70] /o saeInterBGSaeShell:  ::sa::_backgroundSaeShell::scriptFinished 1.1 {} sa::_resultsDatabase::saeShellProcessingCompletedProc testSuiteName saeSession32 testbenchName default resultsDir /DCNFS/users/student/lkim/simulation/LAB4,NOR_DCLASTtb,schematic/history_1/simulation/default/HSPICE/nominal/results testSuiteDir /DCNFS/users/student/lkim/simulation/LAB4,NOR_DCLASTtb,schematic/history_1/simulation/default/HSPICE/nominal databaseName /DCNFS/users/student/lkim/simulation/LAB4,NOR_DCLASTtb,schematic/history_1/simulation/default/HSPICE/nominal/resultsDatabase remoteRun {} testbenchId 1 saveImages true
[17:20:05.70] /o false
[17:21:17.18] /i ::sa::_backgroundSaeShell::exit
[17:21:17.18] /o saeInterBGSaeShell:  ::sa::_backgroundSaeShell::childFormallyExiting
