[15:39:24.67] /o sae_shell Version Custom Compiler P-2019.06-SP1-7
              /c Build  (OPT) compiled on Thu Feb 13 14:05:50 2020 for RHEL64 6.6
              /c Execution time: Thu Feb 11 15:39:12 2021
              /c Host: linux11108
              /c 
              /c Copyright © 2004-2020 Synopsys, Inc.
              /c This software and the associated documentation are proprietary to Synopsys, Inc. This software may only be used in accordance with the terms and conditions of a written license agreement with Synopsys, Inc. All other use, reproduction, or distribution of this software is strictly prohibited.
              /c 
              /c 
[15:39:24.83] /o /DCNFS/applications/synopsys/2019/app/customcompiler/P-2019.06-SP1-7/auxx/samples/basic
[15:39:24.83] /o /DCNFS/applications/synopsys/2019/app/customcompiler/P-2019.06-SP1-7/auxx/samples/snpsDeviceLib
[15:39:24.84] /o /DCNFS/applications/synopsys/2019/app/customcompiler/P-2019.06-SP1-7/auxx/samples/analogLib
[15:39:24.84] /o /DCNFS/applications/synopsys/2019/app/customcompiler/P-2019.06-SP1-7/auxx/samples/parasitics
[15:39:25.03] /o /DCNFS/applications/synopsys/2019/app/SAED/SAED_PDK90nm/SAED_PDK_90
[15:39:25.04] /o 	############################################
[15:39:25.04] /o 	        Synopsys Generic 90nm iPDK          
[15:39:25.04] /o 	--------------------------------------------
[15:39:25.04] /o 	Release Date .............. : 11-May-2016    
[15:39:25.04] /o 	============================================
[15:39:25.04] /o 	        Recommended Tool Versions           
[15:39:25.04] /o 	--------------------------------------------
[15:39:25.04] /o 	Custom Designer ........... : J-2014.12-2    
[15:39:25.04] /o 	IC Validator .............. : K-2015.12   
[15:39:25.04] /o 	StarRC..................... : K-2015.12  
[15:39:25.04] /o 	--------------------------------------------
[15:39:25.04] /o 	############################################
[15:39:25.04] /o 
[15:39:25.09] /o SAED PDK 90: Loaded callbacks
[15:39:25.10] /o SAED PDK 90: Loaded display resources
[15:39:25.12] /i ::sa::_backgroundSaeShell::signalProcessReady 1613086750
[15:39:25.13] /o saeInterBGSaeShell:  ::sa::_backgroundSaeShell::processReady 15
[15:44:26.13] /o saeInterBGSaeShell:  ::sa::_backgroundSaeShell::pingBack
[15:44:26.26] /i ::sa::_backgroundSaeShell::parentRunning
[15:44:26.26] /o 1613087066
[15:49:27.14] /o saeInterBGSaeShell:  ::sa::_backgroundSaeShell::pingBack
[15:49:27.16] /i ::sa::_backgroundSaeShell::parentRunning
[15:49:27.16] /o 1613087367
[15:54:28.16] /o saeInterBGSaeShell:  ::sa::_backgroundSaeShell::pingBack
[15:54:28.26] /i ::sa::_backgroundSaeShell::parentRunning
[15:54:28.26] /o 1613087668
[15:59:29.17] /o saeInterBGSaeShell:  ::sa::_backgroundSaeShell::pingBack
[15:59:29.27] /i ::sa::_backgroundSaeShell::parentRunning
[15:59:29.27] /o 1613087969
[16:04:30.19] /o saeInterBGSaeShell:  ::sa::_backgroundSaeShell::pingBack
[16:04:30.36] /i ::sa::_backgroundSaeShell::parentRunning
[16:04:30.36] /o 1613088270
[16:09:31.20] /o saeInterBGSaeShell:  ::sa::_backgroundSaeShell::pingBack
[16:09:31.36] /i ::sa::_backgroundSaeShell::parentRunning
[16:09:31.36] /o 1613088571
[16:14:32.21] /o saeInterBGSaeShell:  ::sa::_backgroundSaeShell::pingBack
[16:14:32.36] /i ::sa::_backgroundSaeShell::parentRunning
[16:14:32.36] /o 1613088872
[16:19:33.23] /o saeInterBGSaeShell:  ::sa::_backgroundSaeShell::pingBack
[16:19:33.36] /i ::sa::_backgroundSaeShell::parentRunning
[16:19:33.36] /o 1613089173
[16:24:02.67] /i ::wf::viewerExited
[16:24:34.25] /o saeInterBGSaeShell:  ::sa::_backgroundSaeShell::pingBack
[16:24:34.36] /i ::sa::_backgroundSaeShell::parentRunning
[16:24:34.36] /o 1613089474
[16:29:35.28] /o saeInterBGSaeShell:  ::sa::_backgroundSaeShell::pingBack
[16:29:35.46] /i ::sa::_backgroundSaeShell::parentRunning
[16:29:35.46] /o 1613089775
[16:30:46.48] /i ::wf::viewerExited
[16:33:14.07] /i ::wf::viewerExited
[16:34:22.68] /i ::sa::_backgroundSaeShell::exit
[16:34:22.68] /o saeInterBGSaeShell:  ::sa::_backgroundSaeShell::childFormallyExiting
