[00:05:28.55] /o sae_shell Version Custom Compiler P-2019.06-SP1-7
              /c Build  (OPT) compiled on Thu Feb 13 14:05:50 2020 for RHEL64 6.6
              /c Execution time: Sun Feb 14 00:05:15 2021
              /c Host: linux11114
              /c 
              /c Copyright © 2004-2020 Synopsys, Inc.
              /c This software and the associated documentation are proprietary to Synopsys, Inc. This software may only be used in accordance with the terms and conditions of a written license agreement with Synopsys, Inc. All other use, reproduction, or distribution of this software is strictly prohibited.
              /c 
              /c 
[00:05:28.68] /o /DCNFS/applications/synopsys/2019/app/customcompiler/P-2019.06-SP1-7/auxx/samples/basic
[00:05:28.68] /o /DCNFS/applications/synopsys/2019/app/customcompiler/P-2019.06-SP1-7/auxx/samples/snpsDeviceLib
[00:05:28.69] /o /DCNFS/applications/synopsys/2019/app/customcompiler/P-2019.06-SP1-7/auxx/samples/analogLib
[00:05:28.69] /o /DCNFS/applications/synopsys/2019/app/customcompiler/P-2019.06-SP1-7/auxx/samples/parasitics
[00:05:28.92] /o /DCNFS/applications/synopsys/2019/app/SAED/SAED_PDK90nm/SAED_PDK_90
[00:05:28.93] /o 	############################################
[00:05:28.93] /o 	        Synopsys Generic 90nm iPDK          
[00:05:28.93] /o 	--------------------------------------------
[00:05:28.93] /o 	Release Date .............. : 11-May-2016    
[00:05:28.93] /o 	============================================
[00:05:28.93] /o 	        Recommended Tool Versions           
[00:05:28.93] /o 	--------------------------------------------
[00:05:28.93] /o 	Custom Designer ........... : J-2014.12-2    
[00:05:28.93] /o 	IC Validator .............. : K-2015.12   
[00:05:28.93] /o 	StarRC..................... : K-2015.12  
[00:05:28.93] /o 	--------------------------------------------
[00:05:28.93] /o 	############################################
[00:05:28.93] /o 
[00:05:28.97] /o SAED PDK 90: Loaded callbacks
[00:05:28.97] /o SAED PDK 90: Loaded display resources
[00:05:28.99] /i ::sa::_backgroundSaeShell::signalProcessReady 1613289907
[00:05:28.99] /o saeInterBGSaeShell:  ::sa::_backgroundSaeShell::processReady 21
[00:05:31.74] /i ::sa::_backgroundSaeShell::runScript /DCNFS/users/student/lkim/simulation/LAB4,NOR_DCLASTtb,schematic/history_1/simulation/HSPICE_default/HSPICE/nominal/.bg_measurement_script.tcl sa::_resultsDatabase::saeShellProcessingCompletedProc testSuiteName saeSession0 testbenchName HSPICE_default resultsDir /DCNFS/users/student/lkim/simulation/LAB4,NOR_DCLASTtb,schematic/history_1/simulation/HSPICE_default/HSPICE/nominal/results testSuiteDir /DCNFS/users/student/lkim/simulation/LAB4,NOR_DCLASTtb,schematic/history_1/simulation/HSPICE_default/HSPICE/nominal databaseName /DCNFS/users/student/lkim/simulation/LAB4,NOR_DCLASTtb,schematic/history_1/simulation/HSPICE_default/HSPICE/nominal/resultsDatabase remoteRun {} testbenchId 1 saveImages true
[00:05:33.32] /m Information: Start incremental database creation...
[00:05:33.42] /m Information: Started sharing "Custom WaveView ADV" license. (WAVEFORM-110)
[00:05:33.68] /o saeInterBGSaeShell:  ::sa::_backgroundSaeShell::scriptFinished 1.9 {} sa::_resultsDatabase::saeShellProcessingCompletedProc testSuiteName saeSession0 testbenchName HSPICE_default resultsDir /DCNFS/users/student/lkim/simulation/LAB4,NOR_DCLASTtb,schematic/history_1/simulation/HSPICE_default/HSPICE/nominal/results testSuiteDir /DCNFS/users/student/lkim/simulation/LAB4,NOR_DCLASTtb,schematic/history_1/simulation/HSPICE_default/HSPICE/nominal databaseName /DCNFS/users/student/lkim/simulation/LAB4,NOR_DCLASTtb,schematic/history_1/simulation/HSPICE_default/HSPICE/nominal/resultsDatabase remoteRun {} testbenchId 1 saveImages true
[00:05:33.68] /o false
[00:08:57.98] /i ::wf::viewerExited
[00:09:26.44] /i ::sa::_backgroundSaeShell::exit
[00:09:26.44] /o saeInterBGSaeShell:  ::sa::_backgroundSaeShell::childFormallyExiting
