[15:31:26.48] /o sae_shell Version Custom Compiler P-2019.06-SP1-7
              /c Build  (OPT) compiled on Thu Feb 13 14:05:50 2020 for RHEL64 6.6
              /c Execution time: Thu Jan 21 15:31:16 2021
              /c Host: linux11113
              /c 
              /c Copyright © 2004-2020 Synopsys, Inc.
              /c This software and the associated documentation are proprietary to Synopsys, Inc. This software may only be used in accordance with the terms and conditions of a written license agreement with Synopsys, Inc. All other use, reproduction, or distribution of this software is strictly prohibited.
              /c 
              /c 
[15:31:26.60] /o /DCNFS/applications/synopsys/2019/app/customcompiler/P-2019.06-SP1-7/auxx/samples/basic
[15:31:26.61] /o /DCNFS/applications/synopsys/2019/app/customcompiler/P-2019.06-SP1-7/auxx/samples/snpsDeviceLib
[15:31:26.61] /o /DCNFS/applications/synopsys/2019/app/customcompiler/P-2019.06-SP1-7/auxx/samples/analogLib
[15:31:26.62] /o /DCNFS/applications/synopsys/2019/app/customcompiler/P-2019.06-SP1-7/auxx/samples/parasitics
[15:31:26.75] /o /DCNFS/applications/synopsys/2019/app/SAED/SAED_PDK90nm/SAED_PDK_90
[15:31:26.75] /o 	############################################
[15:31:26.75] /o 	        Synopsys Generic 90nm iPDK          
[15:31:26.75] /o 	--------------------------------------------
[15:31:26.75] /o 	Release Date .............. : 11-May-2016    
[15:31:26.75] /o 	============================================
[15:31:26.75] /o 	        Recommended Tool Versions           
[15:31:26.75] /o 	--------------------------------------------
[15:31:26.75] /o 	Custom Designer ........... : J-2014.12-2    
[15:31:26.75] /o 	IC Validator .............. : K-2015.12   
[15:31:26.75] /o 	StarRC..................... : K-2015.12  
[15:31:26.75] /o 	--------------------------------------------
[15:31:26.75] /o 	############################################
[15:31:26.75] /o 
[15:31:26.80] /o SAED PDK 90: Loaded callbacks
[15:31:26.80] /o SAED PDK 90: Loaded display resources
[15:31:26.82] /i ::sa::_backgroundSaeShell::signalProcessReady 1611271873
[15:31:26.83] /o saeInterBGSaeShell:  ::sa::_backgroundSaeShell::processReady 13
[15:35:02.35] /i ::sa::_backgroundSaeShell::runScript /DCNFS/users/student/lkim/simulation/LAB2,CMOSInverter_tb,schematic/history_1/simulation/default/HSPICE/nominal/.bg_measurement_script.tcl sa::_resultsDatabase::saeShellProcessingCompletedProc testSuiteName saeSession1 testbenchName default resultsDir /DCNFS/users/student/lkim/simulation/LAB2,CMOSInverter_tb,schematic/history_1/simulation/default/HSPICE/nominal/results testSuiteDir /DCNFS/users/student/lkim/simulation/LAB2,CMOSInverter_tb,schematic/history_1/simulation/default/HSPICE/nominal databaseName /DCNFS/users/student/lkim/simulation/LAB2,CMOSInverter_tb,schematic/history_1/simulation/default/HSPICE/nominal/resultsDatabase remoteRun {} testbenchId 1 saveImages true
[15:35:02.94] /m Information: Start incremental database creation...
[15:35:02.99] /o saeInterBGSaeShell:  ::sa::_backgroundSaeShell::scriptFinished 0.6 {} sa::_resultsDatabase::saeShellProcessingCompletedProc testSuiteName saeSession1 testbenchName default resultsDir /DCNFS/users/student/lkim/simulation/LAB2,CMOSInverter_tb,schematic/history_1/simulation/default/HSPICE/nominal/results testSuiteDir /DCNFS/users/student/lkim/simulation/LAB2,CMOSInverter_tb,schematic/history_1/simulation/default/HSPICE/nominal databaseName /DCNFS/users/student/lkim/simulation/LAB2,CMOSInverter_tb,schematic/history_1/simulation/default/HSPICE/nominal/resultsDatabase remoteRun {} testbenchId 1 saveImages true
[15:35:02.99] /o false
[15:36:14.73] /i ::sa::_backgroundSaeShell::runScript /DCNFS/users/student/lkim/simulation/LAB2,CMOSInverter_tb,schematic/history_1/simulation/default/HSPICE/nominal/.bg_measurement_script.tcl sa::_resultsDatabase::saeShellProcessingCompletedProc testSuiteName saeSession1 testbenchName default resultsDir /DCNFS/users/student/lkim/simulation/LAB2,CMOSInverter_tb,schematic/history_1/simulation/default/HSPICE/nominal/results testSuiteDir /DCNFS/users/student/lkim/simulation/LAB2,CMOSInverter_tb,schematic/history_1/simulation/default/HSPICE/nominal databaseName /DCNFS/users/student/lkim/simulation/LAB2,CMOSInverter_tb,schematic/history_1/simulation/default/HSPICE/nominal/resultsDatabase remoteRun {} testbenchId 1 saveImages true
[15:36:15.19] /m Information: Start incremental database creation...
[15:36:15.24] /o saeInterBGSaeShell:  ::sa::_backgroundSaeShell::scriptFinished 0.5 {} sa::_resultsDatabase::saeShellProcessingCompletedProc testSuiteName saeSession1 testbenchName default resultsDir /DCNFS/users/student/lkim/simulation/LAB2,CMOSInverter_tb,schematic/history_1/simulation/default/HSPICE/nominal/results testSuiteDir /DCNFS/users/student/lkim/simulation/LAB2,CMOSInverter_tb,schematic/history_1/simulation/default/HSPICE/nominal databaseName /DCNFS/users/student/lkim/simulation/LAB2,CMOSInverter_tb,schematic/history_1/simulation/default/HSPICE/nominal/resultsDatabase remoteRun {} testbenchId 1 saveImages true
[15:36:15.24] /o false
[15:40:25.40] /i ::sa::_backgroundSaeShell::runScript /DCNFS/users/student/lkim/simulation/LAB2,CMOSInverter_tb,schematic/history_1/simulation/default/HSPICE/nominal/.bg_measurement_script.tcl sa::_resultsDatabase::saeShellProcessingCompletedProc testSuiteName saeSession1 testbenchName default resultsDir /DCNFS/users/student/lkim/simulation/LAB2,CMOSInverter_tb,schematic/history_1/simulation/default/HSPICE/nominal/results testSuiteDir /DCNFS/users/student/lkim/simulation/LAB2,CMOSInverter_tb,schematic/history_1/simulation/default/HSPICE/nominal databaseName /DCNFS/users/student/lkim/simulation/LAB2,CMOSInverter_tb,schematic/history_1/simulation/default/HSPICE/nominal/resultsDatabase remoteRun {} testbenchId 1 saveImages true
[15:40:26.76] /m Information: Start incremental database creation...
[15:40:26.84] /m Information: Started sharing "Custom WaveView ADV" license. (WAVEFORM-110)
[15:40:27.02] /o saeInterBGSaeShell:  ::sa::_backgroundSaeShell::scriptFinished 1.6 {} sa::_resultsDatabase::saeShellProcessingCompletedProc testSuiteName saeSession1 testbenchName default resultsDir /DCNFS/users/student/lkim/simulation/LAB2,CMOSInverter_tb,schematic/history_1/simulation/default/HSPICE/nominal/results testSuiteDir /DCNFS/users/student/lkim/simulation/LAB2,CMOSInverter_tb,schematic/history_1/simulation/default/HSPICE/nominal databaseName /DCNFS/users/student/lkim/simulation/LAB2,CMOSInverter_tb,schematic/history_1/simulation/default/HSPICE/nominal/resultsDatabase remoteRun {} testbenchId 1 saveImages true
[15:40:27.02] /o false
[15:43:35.87] /i ::wf::viewerExited
[15:43:52.18] /i ::sa::_backgroundSaeShell::runScript /DCNFS/users/student/lkim/simulation/LAB2,CMOSInverter_tb,schematic/history_1/simulation/default/HSPICE/nominal/.bg_measurement_script.tcl sa::_resultsDatabase::saeShellProcessingCompletedProc testSuiteName saeSession1 testbenchName default resultsDir /DCNFS/users/student/lkim/simulation/LAB2,CMOSInverter_tb,schematic/history_1/simulation/default/HSPICE/nominal/results testSuiteDir /DCNFS/users/student/lkim/simulation/LAB2,CMOSInverter_tb,schematic/history_1/simulation/default/HSPICE/nominal databaseName /DCNFS/users/student/lkim/simulation/LAB2,CMOSInverter_tb,schematic/history_1/simulation/default/HSPICE/nominal/resultsDatabase remoteRun {} testbenchId 1 saveImages true
[15:43:53.71] /m Information: Start incremental database creation...
[15:43:53.96] /o saeInterBGSaeShell:  ::sa::_backgroundSaeShell::scriptFinished 1.7 {} sa::_resultsDatabase::saeShellProcessingCompletedProc testSuiteName saeSession1 testbenchName default resultsDir /DCNFS/users/student/lkim/simulation/LAB2,CMOSInverter_tb,schematic/history_1/simulation/default/HSPICE/nominal/results testSuiteDir /DCNFS/users/student/lkim/simulation/LAB2,CMOSInverter_tb,schematic/history_1/simulation/default/HSPICE/nominal databaseName /DCNFS/users/student/lkim/simulation/LAB2,CMOSInverter_tb,schematic/history_1/simulation/default/HSPICE/nominal/resultsDatabase remoteRun {} testbenchId 1 saveImages true
[15:43:53.96] /o false
[15:43:58.26] /i ::wf::viewerExited
[15:44:39.11] /i ::sa::_backgroundSaeShell::runScript /DCNFS/users/student/lkim/simulation/LAB2,CMOSInverter_tb,schematic/history_1/simulation/default/HSPICE/nominal/.bg_measurement_script.tcl sa::_resultsDatabase::saeShellProcessingCompletedProc testSuiteName saeSession1 testbenchName default resultsDir /DCNFS/users/student/lkim/simulation/LAB2,CMOSInverter_tb,schematic/history_1/simulation/default/HSPICE/nominal/results testSuiteDir /DCNFS/users/student/lkim/simulation/LAB2,CMOSInverter_tb,schematic/history_1/simulation/default/HSPICE/nominal databaseName /DCNFS/users/student/lkim/simulation/LAB2,CMOSInverter_tb,schematic/history_1/simulation/default/HSPICE/nominal/resultsDatabase remoteRun {} testbenchId 1 saveImages true
[15:44:40.46] /m Information: Start incremental database creation...
[15:44:40.69] /o saeInterBGSaeShell:  ::sa::_backgroundSaeShell::scriptFinished 1.5 {} sa::_resultsDatabase::saeShellProcessingCompletedProc testSuiteName saeSession1 testbenchName default resultsDir /DCNFS/users/student/lkim/simulation/LAB2,CMOSInverter_tb,schematic/history_1/simulation/default/HSPICE/nominal/results testSuiteDir /DCNFS/users/student/lkim/simulation/LAB2,CMOSInverter_tb,schematic/history_1/simulation/default/HSPICE/nominal databaseName /DCNFS/users/student/lkim/simulation/LAB2,CMOSInverter_tb,schematic/history_1/simulation/default/HSPICE/nominal/resultsDatabase remoteRun {} testbenchId 1 saveImages true
[15:44:40.69] /o false
[15:49:41.87] /o saeInterBGSaeShell:  ::sa::_backgroundSaeShell::pingBack
[15:49:41.95] /i ::sa::_backgroundSaeShell::parentRunning
[15:49:41.95] /o 1611272981
[15:49:45.75] /m Information: Stopped sharing "Custom WaveView ADV" license. (WAVEFORM-111)
[15:51:18.89] /i ::sa::_backgroundSaeShell::runScript /DCNFS/users/student/lkim/simulation/LAB2,CMOSInverter_tb,schematic/history_1/simulation/default/HSPICE/nominal/.bg_measurement_script.tcl sa::_resultsDatabase::saeShellProcessingCompletedProc testSuiteName saeSession1 testbenchName default resultsDir /DCNFS/users/student/lkim/simulation/LAB2,CMOSInverter_tb,schematic/history_1/simulation/default/HSPICE/nominal/results testSuiteDir /DCNFS/users/student/lkim/simulation/LAB2,CMOSInverter_tb,schematic/history_1/simulation/default/HSPICE/nominal databaseName /DCNFS/users/student/lkim/simulation/LAB2,CMOSInverter_tb,schematic/history_1/simulation/default/HSPICE/nominal/resultsDatabase remoteRun {} testbenchId 1 saveImages true
[15:51:19.64] /m Information: Start incremental database creation...
[15:51:19.68] /m Information: Started sharing "Custom WaveView ADV" license. (WAVEFORM-110)
[15:51:19.88] /o saeInterBGSaeShell:  ::sa::_backgroundSaeShell::scriptFinished 0.9 {} sa::_resultsDatabase::saeShellProcessingCompletedProc testSuiteName saeSession1 testbenchName default resultsDir /DCNFS/users/student/lkim/simulation/LAB2,CMOSInverter_tb,schematic/history_1/simulation/default/HSPICE/nominal/results testSuiteDir /DCNFS/users/student/lkim/simulation/LAB2,CMOSInverter_tb,schematic/history_1/simulation/default/HSPICE/nominal databaseName /DCNFS/users/student/lkim/simulation/LAB2,CMOSInverter_tb,schematic/history_1/simulation/default/HSPICE/nominal/resultsDatabase remoteRun {} testbenchId 1 saveImages true
[15:51:19.88] /o false
[15:53:31.27] /i ::wf::viewerExited
[15:56:20.90] /o saeInterBGSaeShell:  ::sa::_backgroundSaeShell::pingBack
[15:56:21.05] /i ::sa::_backgroundSaeShell::parentRunning
[15:56:21.05] /o 1611273381
[15:56:24.75] /m Information: Stopped sharing "Custom WaveView ADV" license. (WAVEFORM-111)
[16:01:21.92] /o saeInterBGSaeShell:  ::sa::_backgroundSaeShell::pingBack
[16:01:22.05] /i ::sa::_backgroundSaeShell::parentRunning
[16:01:22.05] /o 1611273682
[16:03:42.48] /i ::sa::_backgroundSaeShell::runScript /DCNFS/users/student/lkim/simulation/LAB2,CMOSInverter_tb,schematic/history_1/simulation/default/HSPICE/nominal/.bg_measurement_script.tcl sa::_resultsDatabase::saeShellProcessingCompletedProc testSuiteName saeSession1 testbenchName default resultsDir /DCNFS/users/student/lkim/simulation/LAB2,CMOSInverter_tb,schematic/history_1/simulation/default/HSPICE/nominal/results testSuiteDir /DCNFS/users/student/lkim/simulation/LAB2,CMOSInverter_tb,schematic/history_1/simulation/default/HSPICE/nominal databaseName /DCNFS/users/student/lkim/simulation/LAB2,CMOSInverter_tb,schematic/history_1/simulation/default/HSPICE/nominal/resultsDatabase remoteRun {} testbenchId 1 saveImages true
[16:03:42.95] /m Information: Start incremental database creation...
[16:03:43.00] /o saeInterBGSaeShell:  ::sa::_backgroundSaeShell::scriptFinished 0.5 {} sa::_resultsDatabase::saeShellProcessingCompletedProc testSuiteName saeSession1 testbenchName default resultsDir /DCNFS/users/student/lkim/simulation/LAB2,CMOSInverter_tb,schematic/history_1/simulation/default/HSPICE/nominal/results testSuiteDir /DCNFS/users/student/lkim/simulation/LAB2,CMOSInverter_tb,schematic/history_1/simulation/default/HSPICE/nominal databaseName /DCNFS/users/student/lkim/simulation/LAB2,CMOSInverter_tb,schematic/history_1/simulation/default/HSPICE/nominal/resultsDatabase remoteRun {} testbenchId 1 saveImages true
[16:03:43.00] /o false
[16:05:43.11] /i ::sa::_backgroundSaeShell::runScript /DCNFS/users/student/lkim/simulation/LAB2,CMOSInverter_tb,schematic/history_1/simulation/default/HSPICE/nominal/.bg_measurement_script.tcl sa::_resultsDatabase::saeShellProcessingCompletedProc testSuiteName saeSession1 testbenchName default resultsDir /DCNFS/users/student/lkim/simulation/LAB2,CMOSInverter_tb,schematic/history_1/simulation/default/HSPICE/nominal/results testSuiteDir /DCNFS/users/student/lkim/simulation/LAB2,CMOSInverter_tb,schematic/history_1/simulation/default/HSPICE/nominal databaseName /DCNFS/users/student/lkim/simulation/LAB2,CMOSInverter_tb,schematic/history_1/simulation/default/HSPICE/nominal/resultsDatabase remoteRun {} testbenchId 1 saveImages true
[16:05:44.40] /m Information: Start incremental database creation...
[16:05:44.45] /m Information: Started sharing "Custom WaveView ADV" license. (WAVEFORM-110)
[16:05:44.65] /o saeInterBGSaeShell:  ::sa::_backgroundSaeShell::scriptFinished 1.5 {} sa::_resultsDatabase::saeShellProcessingCompletedProc testSuiteName saeSession1 testbenchName default resultsDir /DCNFS/users/student/lkim/simulation/LAB2,CMOSInverter_tb,schematic/history_1/simulation/default/HSPICE/nominal/results testSuiteDir /DCNFS/users/student/lkim/simulation/LAB2,CMOSInverter_tb,schematic/history_1/simulation/default/HSPICE/nominal databaseName /DCNFS/users/student/lkim/simulation/LAB2,CMOSInverter_tb,schematic/history_1/simulation/default/HSPICE/nominal/resultsDatabase remoteRun {} testbenchId 1 saveImages true
[16:05:44.65] /o false
[16:06:03.47] /i ::wf::viewerExited
[16:10:45.95] /o saeInterBGSaeShell:  ::sa::_backgroundSaeShell::pingBack
[16:10:46.05] /i ::sa::_backgroundSaeShell::parentRunning
[16:10:46.05] /o 1611274246
[16:10:49.75] /m Information: Stopped sharing "Custom WaveView ADV" license. (WAVEFORM-111)
[16:13:02.89] /i ::sa::_backgroundSaeShell::runScript /DCNFS/users/student/lkim/simulation/LAB2,CMOSInverter_tb,schematic/history_1/simulation/default/HSPICE/nominal/.bg_measurement_script.tcl sa::_resultsDatabase::saeShellProcessingCompletedProc testSuiteName saeSession1 testbenchName default resultsDir /DCNFS/users/student/lkim/simulation/LAB2,CMOSInverter_tb,schematic/history_1/simulation/default/HSPICE/nominal/results testSuiteDir /DCNFS/users/student/lkim/simulation/LAB2,CMOSInverter_tb,schematic/history_1/simulation/default/HSPICE/nominal databaseName /DCNFS/users/student/lkim/simulation/LAB2,CMOSInverter_tb,schematic/history_1/simulation/default/HSPICE/nominal/resultsDatabase remoteRun {} testbenchId 1 saveImages true
[16:13:04.45] /m Information: Start incremental database creation...
[16:13:04.50] /m Information: Started sharing "Custom WaveView ADV" license. (WAVEFORM-110)
[16:13:04.68] /o saeInterBGSaeShell:  ::sa::_backgroundSaeShell::scriptFinished 1.7 {} sa::_resultsDatabase::saeShellProcessingCompletedProc testSuiteName saeSession1 testbenchName default resultsDir /DCNFS/users/student/lkim/simulation/LAB2,CMOSInverter_tb,schematic/history_1/simulation/default/HSPICE/nominal/results testSuiteDir /DCNFS/users/student/lkim/simulation/LAB2,CMOSInverter_tb,schematic/history_1/simulation/default/HSPICE/nominal databaseName /DCNFS/users/student/lkim/simulation/LAB2,CMOSInverter_tb,schematic/history_1/simulation/default/HSPICE/nominal/resultsDatabase remoteRun {} testbenchId 1 saveImages true
[16:13:04.68] /o false
[16:16:08.40] /i ::sa::_backgroundSaeShell::runScript /DCNFS/users/student/lkim/simulation/LAB2,CMOSInverter_tb,schematic/history_1/simulation/default/HSPICE/nominal/.bg_measurement_script.tcl sa::_resultsDatabase::saeShellProcessingCompletedProc testSuiteName saeSession1 testbenchName default resultsDir /DCNFS/users/student/lkim/simulation/LAB2,CMOSInverter_tb,schematic/history_1/simulation/default/HSPICE/nominal/results testSuiteDir /DCNFS/users/student/lkim/simulation/LAB2,CMOSInverter_tb,schematic/history_1/simulation/default/HSPICE/nominal databaseName /DCNFS/users/student/lkim/simulation/LAB2,CMOSInverter_tb,schematic/history_1/simulation/default/HSPICE/nominal/resultsDatabase remoteRun {} testbenchId 1 saveImages true
[16:16:09.16] /m Information: Start incremental database creation...
[16:16:09.38] /o saeInterBGSaeShell:  ::sa::_backgroundSaeShell::scriptFinished 0.9 {} sa::_resultsDatabase::saeShellProcessingCompletedProc testSuiteName saeSession1 testbenchName default resultsDir /DCNFS/users/student/lkim/simulation/LAB2,CMOSInverter_tb,schematic/history_1/simulation/default/HSPICE/nominal/results testSuiteDir /DCNFS/users/student/lkim/simulation/LAB2,CMOSInverter_tb,schematic/history_1/simulation/default/HSPICE/nominal databaseName /DCNFS/users/student/lkim/simulation/LAB2,CMOSInverter_tb,schematic/history_1/simulation/default/HSPICE/nominal/resultsDatabase remoteRun {} testbenchId 1 saveImages true
[16:16:09.38] /o false
[16:16:32.17] /i ::wf::viewerExited
[16:17:58.04] /i ::sa::_backgroundSaeShell::runScript /DCNFS/users/student/lkim/simulation/LAB2,CMOSInverter_tb,schematic/history_1/simulation/default/HSPICE/nominal/.bg_measurement_script.tcl sa::_resultsDatabase::saeShellProcessingCompletedProc testSuiteName saeSession1 testbenchName default resultsDir /DCNFS/users/student/lkim/simulation/LAB2,CMOSInverter_tb,schematic/history_1/simulation/default/HSPICE/nominal/results testSuiteDir /DCNFS/users/student/lkim/simulation/LAB2,CMOSInverter_tb,schematic/history_1/simulation/default/HSPICE/nominal databaseName /DCNFS/users/student/lkim/simulation/LAB2,CMOSInverter_tb,schematic/history_1/simulation/default/HSPICE/nominal/resultsDatabase remoteRun {} testbenchId 1 saveImages true
[16:17:59.46] /m Information: Start incremental database creation...
[16:17:59.70] /o saeInterBGSaeShell:  ::sa::_backgroundSaeShell::scriptFinished 1.6 {} sa::_resultsDatabase::saeShellProcessingCompletedProc testSuiteName saeSession1 testbenchName default resultsDir /DCNFS/users/student/lkim/simulation/LAB2,CMOSInverter_tb,schematic/history_1/simulation/default/HSPICE/nominal/results testSuiteDir /DCNFS/users/student/lkim/simulation/LAB2,CMOSInverter_tb,schematic/history_1/simulation/default/HSPICE/nominal databaseName /DCNFS/users/student/lkim/simulation/LAB2,CMOSInverter_tb,schematic/history_1/simulation/default/HSPICE/nominal/resultsDatabase remoteRun {} testbenchId 1 saveImages true
[16:17:59.70] /o false
[16:18:31.27] /i ::wf::viewerExited
[16:19:59.32] /i ::sa::_backgroundSaeShell::runScript /DCNFS/users/student/lkim/simulation/LAB2,CMOSInverter_tb,schematic/history_1/simulation/default/HSPICE/nominal/.bg_measurement_script.tcl sa::_resultsDatabase::saeShellProcessingCompletedProc testSuiteName saeSession1 testbenchName default resultsDir /DCNFS/users/student/lkim/simulation/LAB2,CMOSInverter_tb,schematic/history_1/simulation/default/HSPICE/nominal/results testSuiteDir /DCNFS/users/student/lkim/simulation/LAB2,CMOSInverter_tb,schematic/history_1/simulation/default/HSPICE/nominal databaseName /DCNFS/users/student/lkim/simulation/LAB2,CMOSInverter_tb,schematic/history_1/simulation/default/HSPICE/nominal/resultsDatabase remoteRun {} testbenchId 1 saveImages true
[16:20:00.67] /m Information: Start incremental database creation...
[16:20:00.90] /o saeInterBGSaeShell:  ::sa::_backgroundSaeShell::scriptFinished 1.5 {} sa::_resultsDatabase::saeShellProcessingCompletedProc testSuiteName saeSession1 testbenchName default resultsDir /DCNFS/users/student/lkim/simulation/LAB2,CMOSInverter_tb,schematic/history_1/simulation/default/HSPICE/nominal/results testSuiteDir /DCNFS/users/student/lkim/simulation/LAB2,CMOSInverter_tb,schematic/history_1/simulation/default/HSPICE/nominal databaseName /DCNFS/users/student/lkim/simulation/LAB2,CMOSInverter_tb,schematic/history_1/simulation/default/HSPICE/nominal/resultsDatabase remoteRun {} testbenchId 1 saveImages true
[16:20:00.90] /o false
[16:20:13.67] /i ::wf::viewerExited
[16:20:45.89] /i ::sa::_backgroundSaeShell::runScript /DCNFS/users/student/lkim/simulation/LAB2,CMOSInverter_tb,schematic/history_1/simulation/default/HSPICE/nominal/.bg_measurement_script.tcl sa::_resultsDatabase::saeShellProcessingCompletedProc testSuiteName saeSession1 testbenchName default resultsDir /DCNFS/users/student/lkim/simulation/LAB2,CMOSInverter_tb,schematic/history_1/simulation/default/HSPICE/nominal/results testSuiteDir /DCNFS/users/student/lkim/simulation/LAB2,CMOSInverter_tb,schematic/history_1/simulation/default/HSPICE/nominal databaseName /DCNFS/users/student/lkim/simulation/LAB2,CMOSInverter_tb,schematic/history_1/simulation/default/HSPICE/nominal/resultsDatabase remoteRun {} testbenchId 1 saveImages true
[16:20:47.20] /m Information: Start incremental database creation...
[16:20:47.42] /o saeInterBGSaeShell:  ::sa::_backgroundSaeShell::scriptFinished 1.5 {} sa::_resultsDatabase::saeShellProcessingCompletedProc testSuiteName saeSession1 testbenchName default resultsDir /DCNFS/users/student/lkim/simulation/LAB2,CMOSInverter_tb,schematic/history_1/simulation/default/HSPICE/nominal/results testSuiteDir /DCNFS/users/student/lkim/simulation/LAB2,CMOSInverter_tb,schematic/history_1/simulation/default/HSPICE/nominal databaseName /DCNFS/users/student/lkim/simulation/LAB2,CMOSInverter_tb,schematic/history_1/simulation/default/HSPICE/nominal/resultsDatabase remoteRun {} testbenchId 1 saveImages true
[16:20:47.42] /o false
[16:21:19.27] /i ::wf::viewerExited
[16:21:45.87] /i ::sa::_backgroundSaeShell::runScript /DCNFS/users/student/lkim/simulation/LAB2,CMOSInverter_tb,schematic/history_1/simulation/default/HSPICE/nominal/.bg_measurement_script.tcl sa::_resultsDatabase::saeShellProcessingCompletedProc testSuiteName saeSession1 testbenchName default resultsDir /DCNFS/users/student/lkim/simulation/LAB2,CMOSInverter_tb,schematic/history_1/simulation/default/HSPICE/nominal/results testSuiteDir /DCNFS/users/student/lkim/simulation/LAB2,CMOSInverter_tb,schematic/history_1/simulation/default/HSPICE/nominal databaseName /DCNFS/users/student/lkim/simulation/LAB2,CMOSInverter_tb,schematic/history_1/simulation/default/HSPICE/nominal/resultsDatabase remoteRun {} testbenchId 1 saveImages true
[16:21:47.20] /m Information: Start incremental database creation...
[16:21:47.46] /o saeInterBGSaeShell:  ::sa::_backgroundSaeShell::scriptFinished 1.5 {} sa::_resultsDatabase::saeShellProcessingCompletedProc testSuiteName saeSession1 testbenchName default resultsDir /DCNFS/users/student/lkim/simulation/LAB2,CMOSInverter_tb,schematic/history_1/simulation/default/HSPICE/nominal/results testSuiteDir /DCNFS/users/student/lkim/simulation/LAB2,CMOSInverter_tb,schematic/history_1/simulation/default/HSPICE/nominal databaseName /DCNFS/users/student/lkim/simulation/LAB2,CMOSInverter_tb,schematic/history_1/simulation/default/HSPICE/nominal/resultsDatabase remoteRun {} testbenchId 1 saveImages true
[16:21:47.46] /o false
[16:23:57.85] /i ::sa::_backgroundSaeShell::runScript /DCNFS/users/student/lkim/simulation/LAB2,CMOSInverter_tb,schematic/history_1/simulation/default/HSPICE/nominal/.bg_measurement_script.tcl sa::_resultsDatabase::saeShellProcessingCompletedProc testSuiteName saeSession1 testbenchName default resultsDir /DCNFS/users/student/lkim/simulation/LAB2,CMOSInverter_tb,schematic/history_1/simulation/default/HSPICE/nominal/results testSuiteDir /DCNFS/users/student/lkim/simulation/LAB2,CMOSInverter_tb,schematic/history_1/simulation/default/HSPICE/nominal databaseName /DCNFS/users/student/lkim/simulation/LAB2,CMOSInverter_tb,schematic/history_1/simulation/default/HSPICE/nominal/resultsDatabase remoteRun {} testbenchId 1 saveImages true
[16:23:58.62] /m Information: Start incremental database creation...
[16:23:58.83] /o saeInterBGSaeShell:  ::sa::_backgroundSaeShell::scriptFinished 0.9 {} sa::_resultsDatabase::saeShellProcessingCompletedProc testSuiteName saeSession1 testbenchName default resultsDir /DCNFS/users/student/lkim/simulation/LAB2,CMOSInverter_tb,schematic/history_1/simulation/default/HSPICE/nominal/results testSuiteDir /DCNFS/users/student/lkim/simulation/LAB2,CMOSInverter_tb,schematic/history_1/simulation/default/HSPICE/nominal databaseName /DCNFS/users/student/lkim/simulation/LAB2,CMOSInverter_tb,schematic/history_1/simulation/default/HSPICE/nominal/resultsDatabase remoteRun {} testbenchId 1 saveImages true
[16:23:58.83] /o false
[16:24:42.87] /i ::wf::viewerExited
[16:25:18.68] /i ::sa::_backgroundSaeShell::runScript /DCNFS/users/student/lkim/simulation/LAB2,CMOSInverter_tb,schematic/history_1/simulation/default/HSPICE/nominal/.bg_measurement_script.tcl sa::_resultsDatabase::saeShellProcessingCompletedProc testSuiteName saeSession1 testbenchName default resultsDir /DCNFS/users/student/lkim/simulation/LAB2,CMOSInverter_tb,schematic/history_1/simulation/default/HSPICE/nominal/results testSuiteDir /DCNFS/users/student/lkim/simulation/LAB2,CMOSInverter_tb,schematic/history_1/simulation/default/HSPICE/nominal databaseName /DCNFS/users/student/lkim/simulation/LAB2,CMOSInverter_tb,schematic/history_1/simulation/default/HSPICE/nominal/resultsDatabase remoteRun {} testbenchId 1 saveImages true
[16:25:19.96] /m Information: Start incremental database creation...
[16:25:20.19] /o saeInterBGSaeShell:  ::sa::_backgroundSaeShell::scriptFinished 1.5 {} sa::_resultsDatabase::saeShellProcessingCompletedProc testSuiteName saeSession1 testbenchName default resultsDir /DCNFS/users/student/lkim/simulation/LAB2,CMOSInverter_tb,schematic/history_1/simulation/default/HSPICE/nominal/results testSuiteDir /DCNFS/users/student/lkim/simulation/LAB2,CMOSInverter_tb,schematic/history_1/simulation/default/HSPICE/nominal databaseName /DCNFS/users/student/lkim/simulation/LAB2,CMOSInverter_tb,schematic/history_1/simulation/default/HSPICE/nominal/resultsDatabase remoteRun {} testbenchId 1 saveImages true
[16:25:20.19] /o false
[16:26:47.36] /i ::wf::viewerExited
[16:30:21.99] /o saeInterBGSaeShell:  ::sa::_backgroundSaeShell::pingBack
[16:30:22.05] /i ::sa::_backgroundSaeShell::parentRunning
[16:30:22.05] /o 1611275422
[16:30:24.75] /m Information: Stopped sharing "Custom WaveView ADV" license. (WAVEFORM-111)
[16:35:23.01] /o saeInterBGSaeShell:  ::sa::_backgroundSaeShell::pingBack
[16:35:23.15] /i ::sa::_backgroundSaeShell::parentRunning
[16:35:23.15] /o 1611275723
[16:40:24.03] /o saeInterBGSaeShell:  ::sa::_backgroundSaeShell::pingBack
[16:40:24.15] /i ::sa::_backgroundSaeShell::parentRunning
[16:40:24.15] /o 1611276024
[16:42:07.71] /i ::sa::_backgroundSaeShell::exit
[16:42:07.71] /o saeInterBGSaeShell:  ::sa::_backgroundSaeShell::childFormallyExiting
