[16:55:03.39] /o sae_shell Version Custom Compiler P-2019.06-SP1-7
              /c Build  (OPT) compiled on Thu Feb 13 14:05:50 2020 for RHEL64 6.6
              /c Execution time: Thu Feb 11 16:54:51 2021
              /c Host: linux11108
              /c 
              /c Copyright © 2004-2020 Synopsys, Inc.
              /c This software and the associated documentation are proprietary to Synopsys, Inc. This software may only be used in accordance with the terms and conditions of a written license agreement with Synopsys, Inc. All other use, reproduction, or distribution of this software is strictly prohibited.
              /c 
              /c 
[16:55:03.54] /o /DCNFS/applications/synopsys/2019/app/customcompiler/P-2019.06-SP1-7/auxx/samples/basic
[16:55:03.54] /o /DCNFS/applications/synopsys/2019/app/customcompiler/P-2019.06-SP1-7/auxx/samples/snpsDeviceLib
[16:55:03.55] /o /DCNFS/applications/synopsys/2019/app/customcompiler/P-2019.06-SP1-7/auxx/samples/analogLib
[16:55:03.55] /o /DCNFS/applications/synopsys/2019/app/customcompiler/P-2019.06-SP1-7/auxx/samples/parasitics
[16:55:03.75] /o /DCNFS/applications/synopsys/2019/app/SAED/SAED_PDK90nm/SAED_PDK_90
[16:55:03.76] /o 	############################################
[16:55:03.76] /o 	        Synopsys Generic 90nm iPDK          
[16:55:03.76] /o 	--------------------------------------------
[16:55:03.76] /o 	Release Date .............. : 11-May-2016    
[16:55:03.76] /o 	============================================
[16:55:03.76] /o 	        Recommended Tool Versions           
[16:55:03.76] /o 	--------------------------------------------
[16:55:03.76] /o 	Custom Designer ........... : J-2014.12-2    
[16:55:03.76] /o 	IC Validator .............. : K-2015.12   
[16:55:03.76] /o 	StarRC..................... : K-2015.12  
[16:55:03.76] /o 	--------------------------------------------
[16:55:03.76] /o 	############################################
[16:55:03.76] /o 
[16:55:03.81] /o SAED PDK 90: Loaded callbacks
[16:55:03.82] /o SAED PDK 90: Loaded display resources
[16:55:03.85] /i ::sa::_backgroundSaeShell::signalProcessReady 1613091289
[16:55:03.85] /o saeInterBGSaeShell:  ::sa::_backgroundSaeShell::processReady 14
[16:57:54.34] /i ::sa::_backgroundSaeShell::runScript /DCNFS/users/student/lkim/simulation/LAB4,NOR_DC3tb,schematic/history_1/simulation/default/HSPICE/nominal/.bg_measurement_script.tcl sa::_resultsDatabase::saeShellProcessingCompletedProc testSuiteName saeSession22 testbenchName default resultsDir /DCNFS/users/student/lkim/simulation/LAB4,NOR_DC3tb,schematic/history_1/simulation/default/HSPICE/nominal/results testSuiteDir /DCNFS/users/student/lkim/simulation/LAB4,NOR_DC3tb,schematic/history_1/simulation/default/HSPICE/nominal databaseName /DCNFS/users/student/lkim/simulation/LAB4,NOR_DC3tb,schematic/history_1/simulation/default/HSPICE/nominal/resultsDatabase remoteRun {} testbenchId 1 saveImages true
[16:57:55.00] /m Information: Start incremental database creation...
[16:57:55.05] /o saeInterBGSaeShell:  ::sa::_backgroundSaeShell::scriptFinished 0.7 {} sa::_resultsDatabase::saeShellProcessingCompletedProc testSuiteName saeSession22 testbenchName default resultsDir /DCNFS/users/student/lkim/simulation/LAB4,NOR_DC3tb,schematic/history_1/simulation/default/HSPICE/nominal/results testSuiteDir /DCNFS/users/student/lkim/simulation/LAB4,NOR_DC3tb,schematic/history_1/simulation/default/HSPICE/nominal databaseName /DCNFS/users/student/lkim/simulation/LAB4,NOR_DC3tb,schematic/history_1/simulation/default/HSPICE/nominal/resultsDatabase remoteRun {} testbenchId 1 saveImages true
[16:57:55.05] /o false
[16:59:01.08] /i ::sa::_backgroundSaeShell::runScript /DCNFS/users/student/lkim/simulation/LAB4,NOR_DC3tb,schematic/history_1/simulation/default/HSPICE/nominal/.bg_measurement_script.tcl sa::_resultsDatabase::saeShellProcessingCompletedProc testSuiteName saeSession22 testbenchName default resultsDir /DCNFS/users/student/lkim/simulation/LAB4,NOR_DC3tb,schematic/history_1/simulation/default/HSPICE/nominal/results testSuiteDir /DCNFS/users/student/lkim/simulation/LAB4,NOR_DC3tb,schematic/history_1/simulation/default/HSPICE/nominal databaseName /DCNFS/users/student/lkim/simulation/LAB4,NOR_DC3tb,schematic/history_1/simulation/default/HSPICE/nominal/resultsDatabase remoteRun {} testbenchId 1 saveImages true
[16:59:01.65] /m Information: Start incremental database creation...
[16:59:01.71] /o saeInterBGSaeShell:  ::sa::_backgroundSaeShell::scriptFinished 0.6 {} sa::_resultsDatabase::saeShellProcessingCompletedProc testSuiteName saeSession22 testbenchName default resultsDir /DCNFS/users/student/lkim/simulation/LAB4,NOR_DC3tb,schematic/history_1/simulation/default/HSPICE/nominal/results testSuiteDir /DCNFS/users/student/lkim/simulation/LAB4,NOR_DC3tb,schematic/history_1/simulation/default/HSPICE/nominal databaseName /DCNFS/users/student/lkim/simulation/LAB4,NOR_DC3tb,schematic/history_1/simulation/default/HSPICE/nominal/resultsDatabase remoteRun {} testbenchId 1 saveImages true
[16:59:01.71] /o false
[17:00:33.29] /i ::sa::_backgroundSaeShell::runScript /DCNFS/users/student/lkim/simulation/LAB4,NOR_DC3tb,schematic/history_1/simulation/default/HSPICE/nominal/.bg_measurement_script.tcl sa::_resultsDatabase::saeShellProcessingCompletedProc testSuiteName saeSession22 testbenchName default resultsDir /DCNFS/users/student/lkim/simulation/LAB4,NOR_DC3tb,schematic/history_1/simulation/default/HSPICE/nominal/results testSuiteDir /DCNFS/users/student/lkim/simulation/LAB4,NOR_DC3tb,schematic/history_1/simulation/default/HSPICE/nominal databaseName /DCNFS/users/student/lkim/simulation/LAB4,NOR_DC3tb,schematic/history_1/simulation/default/HSPICE/nominal/resultsDatabase remoteRun {} testbenchId 1 saveImages true
[17:00:33.82] /m Information: Start incremental database creation...
[17:00:33.88] /o saeInterBGSaeShell:  ::sa::_backgroundSaeShell::scriptFinished 0.5 {} sa::_resultsDatabase::saeShellProcessingCompletedProc testSuiteName saeSession22 testbenchName default resultsDir /DCNFS/users/student/lkim/simulation/LAB4,NOR_DC3tb,schematic/history_1/simulation/default/HSPICE/nominal/results testSuiteDir /DCNFS/users/student/lkim/simulation/LAB4,NOR_DC3tb,schematic/history_1/simulation/default/HSPICE/nominal databaseName /DCNFS/users/student/lkim/simulation/LAB4,NOR_DC3tb,schematic/history_1/simulation/default/HSPICE/nominal/resultsDatabase remoteRun {} testbenchId 1 saveImages true
[17:00:33.88] /o false
[17:01:39.51] /i ::sa::_backgroundSaeShell::runScript /DCNFS/users/student/lkim/simulation/LAB4,NOR_DC3tb,schematic/history_1/simulation/default/HSPICE/nominal/.bg_measurement_script.tcl sa::_resultsDatabase::saeShellProcessingCompletedProc testSuiteName saeSession22 testbenchName default resultsDir /DCNFS/users/student/lkim/simulation/LAB4,NOR_DC3tb,schematic/history_1/simulation/default/HSPICE/nominal/results testSuiteDir /DCNFS/users/student/lkim/simulation/LAB4,NOR_DC3tb,schematic/history_1/simulation/default/HSPICE/nominal databaseName /DCNFS/users/student/lkim/simulation/LAB4,NOR_DC3tb,schematic/history_1/simulation/default/HSPICE/nominal/resultsDatabase remoteRun {} testbenchId 1 saveImages true
[17:01:40.10] /m Information: Start incremental database creation...
[17:01:40.15] /o saeInterBGSaeShell:  ::sa::_backgroundSaeShell::scriptFinished 0.6 {} sa::_resultsDatabase::saeShellProcessingCompletedProc testSuiteName saeSession22 testbenchName default resultsDir /DCNFS/users/student/lkim/simulation/LAB4,NOR_DC3tb,schematic/history_1/simulation/default/HSPICE/nominal/results testSuiteDir /DCNFS/users/student/lkim/simulation/LAB4,NOR_DC3tb,schematic/history_1/simulation/default/HSPICE/nominal databaseName /DCNFS/users/student/lkim/simulation/LAB4,NOR_DC3tb,schematic/history_1/simulation/default/HSPICE/nominal/resultsDatabase remoteRun {} testbenchId 1 saveImages true
[17:01:40.15] /o false
[17:03:19.93] /i ::sa::_backgroundSaeShell::runScript /DCNFS/users/student/lkim/simulation/LAB4,NOR_DC3tb,schematic/history_1/simulation/default/HSPICE/nominal/.bg_measurement_script.tcl sa::_resultsDatabase::saeShellProcessingCompletedProc testSuiteName saeSession22 testbenchName default resultsDir /DCNFS/users/student/lkim/simulation/LAB4,NOR_DC3tb,schematic/history_1/simulation/default/HSPICE/nominal/results testSuiteDir /DCNFS/users/student/lkim/simulation/LAB4,NOR_DC3tb,schematic/history_1/simulation/default/HSPICE/nominal databaseName /DCNFS/users/student/lkim/simulation/LAB4,NOR_DC3tb,schematic/history_1/simulation/default/HSPICE/nominal/resultsDatabase remoteRun {} testbenchId 1 saveImages true
[17:03:20.47] /m Information: Start incremental database creation...
[17:03:20.53] /o saeInterBGSaeShell:  ::sa::_backgroundSaeShell::scriptFinished 0.6 {} sa::_resultsDatabase::saeShellProcessingCompletedProc testSuiteName saeSession22 testbenchName default resultsDir /DCNFS/users/student/lkim/simulation/LAB4,NOR_DC3tb,schematic/history_1/simulation/default/HSPICE/nominal/results testSuiteDir /DCNFS/users/student/lkim/simulation/LAB4,NOR_DC3tb,schematic/history_1/simulation/default/HSPICE/nominal databaseName /DCNFS/users/student/lkim/simulation/LAB4,NOR_DC3tb,schematic/history_1/simulation/default/HSPICE/nominal/resultsDatabase remoteRun {} testbenchId 1 saveImages true
[17:03:20.53] /o false
[17:05:22.47] /i ::sa::_backgroundSaeShell::runScript /DCNFS/users/student/lkim/simulation/LAB4,NOR_DC3tb,schematic/history_1/simulation/default/HSPICE/nominal/.bg_measurement_script.tcl sa::_resultsDatabase::saeShellProcessingCompletedProc testSuiteName saeSession22 testbenchName default resultsDir /DCNFS/users/student/lkim/simulation/LAB4,NOR_DC3tb,schematic/history_1/simulation/default/HSPICE/nominal/results testSuiteDir /DCNFS/users/student/lkim/simulation/LAB4,NOR_DC3tb,schematic/history_1/simulation/default/HSPICE/nominal databaseName /DCNFS/users/student/lkim/simulation/LAB4,NOR_DC3tb,schematic/history_1/simulation/default/HSPICE/nominal/resultsDatabase remoteRun {} testbenchId 1 saveImages true
[17:05:23.07] /m Information: Start incremental database creation...
[17:05:23.13] /o saeInterBGSaeShell:  ::sa::_backgroundSaeShell::scriptFinished 0.6 {} sa::_resultsDatabase::saeShellProcessingCompletedProc testSuiteName saeSession22 testbenchName default resultsDir /DCNFS/users/student/lkim/simulation/LAB4,NOR_DC3tb,schematic/history_1/simulation/default/HSPICE/nominal/results testSuiteDir /DCNFS/users/student/lkim/simulation/LAB4,NOR_DC3tb,schematic/history_1/simulation/default/HSPICE/nominal databaseName /DCNFS/users/student/lkim/simulation/LAB4,NOR_DC3tb,schematic/history_1/simulation/default/HSPICE/nominal/resultsDatabase remoteRun {} testbenchId 1 saveImages true
[17:05:23.13] /o false
[17:07:03.66] /i ::sa::_backgroundSaeShell::runScript /DCNFS/users/student/lkim/simulation/LAB4,NOR_DC3tb,schematic/history_1/simulation/default/HSPICE/nominal/.bg_measurement_script.tcl sa::_resultsDatabase::saeShellProcessingCompletedProc testSuiteName saeSession22 testbenchName default resultsDir /DCNFS/users/student/lkim/simulation/LAB4,NOR_DC3tb,schematic/history_1/simulation/default/HSPICE/nominal/results testSuiteDir /DCNFS/users/student/lkim/simulation/LAB4,NOR_DC3tb,schematic/history_1/simulation/default/HSPICE/nominal databaseName /DCNFS/users/student/lkim/simulation/LAB4,NOR_DC3tb,schematic/history_1/simulation/default/HSPICE/nominal/resultsDatabase remoteRun {} testbenchId 1 saveImages true
[17:07:04.77] /m Information: Start incremental database creation...
[17:07:04.84] /o saeInterBGSaeShell:  ::sa::_backgroundSaeShell::scriptFinished 1.1 {} sa::_resultsDatabase::saeShellProcessingCompletedProc testSuiteName saeSession22 testbenchName default resultsDir /DCNFS/users/student/lkim/simulation/LAB4,NOR_DC3tb,schematic/history_1/simulation/default/HSPICE/nominal/results testSuiteDir /DCNFS/users/student/lkim/simulation/LAB4,NOR_DC3tb,schematic/history_1/simulation/default/HSPICE/nominal databaseName /DCNFS/users/student/lkim/simulation/LAB4,NOR_DC3tb,schematic/history_1/simulation/default/HSPICE/nominal/resultsDatabase remoteRun {} testbenchId 1 saveImages true
[17:07:04.84] /o false
[17:07:04.84] /i ::sa::_backgroundSaeShell::exit
[17:07:04.84] /o saeInterBGSaeShell:  ::sa::_backgroundSaeShell::childFormallyExiting
