[17:07:38.94] /o sae_shell Version Custom Compiler P-2019.06-SP1-7
              /c Build  (OPT) compiled on Thu Feb 13 14:05:50 2020 for RHEL64 6.6
              /c Execution time: Thu Feb 11 17:07:27 2021
              /c Host: linux11108
              /c 
              /c Copyright © 2004-2020 Synopsys, Inc.
              /c This software and the associated documentation are proprietary to Synopsys, Inc. This software may only be used in accordance with the terms and conditions of a written license agreement with Synopsys, Inc. All other use, reproduction, or distribution of this software is strictly prohibited.
              /c 
              /c 
[17:07:39.09] /o /DCNFS/applications/synopsys/2019/app/customcompiler/P-2019.06-SP1-7/auxx/samples/basic
[17:07:39.10] /o /DCNFS/applications/synopsys/2019/app/customcompiler/P-2019.06-SP1-7/auxx/samples/snpsDeviceLib
[17:07:39.10] /o /DCNFS/applications/synopsys/2019/app/customcompiler/P-2019.06-SP1-7/auxx/samples/analogLib
[17:07:39.11] /o /DCNFS/applications/synopsys/2019/app/customcompiler/P-2019.06-SP1-7/auxx/samples/parasitics
[17:07:39.32] /o /DCNFS/applications/synopsys/2019/app/SAED/SAED_PDK90nm/SAED_PDK_90
[17:07:39.33] /o 	############################################
[17:07:39.33] /o 	        Synopsys Generic 90nm iPDK          
[17:07:39.33] /o 	--------------------------------------------
[17:07:39.33] /o 	Release Date .............. : 11-May-2016    
[17:07:39.33] /o 	============================================
[17:07:39.33] /o 	        Recommended Tool Versions           
[17:07:39.33] /o 	--------------------------------------------
[17:07:39.33] /o 	Custom Designer ........... : J-2014.12-2    
[17:07:39.33] /o 	IC Validator .............. : K-2015.12   
[17:07:39.33] /o 	StarRC..................... : K-2015.12  
[17:07:39.33] /o 	--------------------------------------------
[17:07:39.33] /o 	############################################
[17:07:39.33] /o 
[17:07:39.39] /o SAED PDK 90: Loaded callbacks
[17:07:39.40] /o SAED PDK 90: Loaded display resources
[17:07:39.43] /i ::sa::_backgroundSaeShell::signalProcessReady 1613092044
[17:07:39.44] /o saeInterBGSaeShell:  ::sa::_backgroundSaeShell::processReady 15
[17:08:18.93] /i ::sa::_backgroundSaeShell::runScript /DCNFS/users/student/lkim/simulation/LAB4,NOR_DC3tb,schematic/history_1/simulation/HSPICE_default/HSPICE/nominal/.bg_measurement_script.tcl sa::_resultsDatabase::saeShellProcessingCompletedProc testSuiteName saeSession30 testbenchName HSPICE_default resultsDir /DCNFS/users/student/lkim/simulation/LAB4,NOR_DC3tb,schematic/history_1/simulation/HSPICE_default/HSPICE/nominal/results testSuiteDir /DCNFS/users/student/lkim/simulation/LAB4,NOR_DC3tb,schematic/history_1/simulation/HSPICE_default/HSPICE/nominal databaseName /DCNFS/users/student/lkim/simulation/LAB4,NOR_DC3tb,schematic/history_1/simulation/HSPICE_default/HSPICE/nominal/resultsDatabase remoteRun {} testbenchId 1 saveImages true
[17:08:19.54] /m Information: Start incremental database creation...
[17:08:19.59] /o saeInterBGSaeShell:  ::sa::_backgroundSaeShell::scriptFinished 0.6 {} sa::_resultsDatabase::saeShellProcessingCompletedProc testSuiteName saeSession30 testbenchName HSPICE_default resultsDir /DCNFS/users/student/lkim/simulation/LAB4,NOR_DC3tb,schematic/history_1/simulation/HSPICE_default/HSPICE/nominal/results testSuiteDir /DCNFS/users/student/lkim/simulation/LAB4,NOR_DC3tb,schematic/history_1/simulation/HSPICE_default/HSPICE/nominal databaseName /DCNFS/users/student/lkim/simulation/LAB4,NOR_DC3tb,schematic/history_1/simulation/HSPICE_default/HSPICE/nominal/resultsDatabase remoteRun {} testbenchId 1 saveImages true
[17:08:19.59] /o false
[17:13:20.47] /o saeInterBGSaeShell:  ::sa::_backgroundSaeShell::pingBack
[17:13:21.62] /i ::sa::_backgroundSaeShell::parentRunning
[17:13:21.63] /o 1613092401
[17:15:04.29] /i ::sa::_backgroundSaeShell::exit
[17:15:04.29] /o saeInterBGSaeShell:  ::sa::_backgroundSaeShell::childFormallyExiting
