[16:34:26.83] /o sae_shell Version Custom Compiler P-2019.06-SP1-7
              /c Build  (OPT) compiled on Thu Feb 13 14:05:50 2020 for RHEL64 6.6
              /c Execution time: Thu Jan 21 16:34:15 2021
              /c Host: linux11113
              /c 
              /c Copyright © 2004-2020 Synopsys, Inc.
              /c This software and the associated documentation are proprietary to Synopsys, Inc. This software may only be used in accordance with the terms and conditions of a written license agreement with Synopsys, Inc. All other use, reproduction, or distribution of this software is strictly prohibited.
              /c 
              /c 
[16:34:26.95] /o /DCNFS/applications/synopsys/2019/app/customcompiler/P-2019.06-SP1-7/auxx/samples/basic
[16:34:26.95] /o /DCNFS/applications/synopsys/2019/app/customcompiler/P-2019.06-SP1-7/auxx/samples/snpsDeviceLib
[16:34:26.95] /o /DCNFS/applications/synopsys/2019/app/customcompiler/P-2019.06-SP1-7/auxx/samples/analogLib
[16:34:26.96] /o /DCNFS/applications/synopsys/2019/app/customcompiler/P-2019.06-SP1-7/auxx/samples/parasitics
[16:34:27.15] /o /DCNFS/applications/synopsys/2019/app/SAED/SAED_PDK90nm/SAED_PDK_90
[16:34:27.16] /o 	############################################
[16:34:27.16] /o 	        Synopsys Generic 90nm iPDK          
[16:34:27.16] /o 	--------------------------------------------
[16:34:27.16] /o 	Release Date .............. : 11-May-2016    
[16:34:27.16] /o 	============================================
[16:34:27.16] /o 	        Recommended Tool Versions           
[16:34:27.16] /o 	--------------------------------------------
[16:34:27.16] /o 	Custom Designer ........... : J-2014.12-2    
[16:34:27.16] /o 	IC Validator .............. : K-2015.12   
[16:34:27.16] /o 	StarRC..................... : K-2015.12  
[16:34:27.16] /o 	--------------------------------------------
[16:34:27.16] /o 	############################################
[16:34:27.16] /o 
[16:34:27.22] /o SAED PDK 90: Loaded callbacks
[16:34:27.23] /o SAED PDK 90: Loaded display resources
[16:34:27.25] /i ::sa::_backgroundSaeShell::signalProcessReady 1611275653
[16:34:27.26] /o saeInterBGSaeShell:  ::sa::_backgroundSaeShell::processReady 14
[16:35:14.47] /i ::sa::_backgroundSaeShell::runScript /DCNFS/users/student/lkim/simulation/LAB2,CMOSInverterDC_tb,schematic/history_1/simulation/default/HSPICE/nominal/.bg_measurement_script.tcl sa::_resultsDatabase::saeShellProcessingCompletedProc testSuiteName saeSession18 testbenchName default resultsDir /DCNFS/users/student/lkim/simulation/LAB2,CMOSInverterDC_tb,schematic/history_1/simulation/default/HSPICE/nominal/results testSuiteDir /DCNFS/users/student/lkim/simulation/LAB2,CMOSInverterDC_tb,schematic/history_1/simulation/default/HSPICE/nominal databaseName /DCNFS/users/student/lkim/simulation/LAB2,CMOSInverterDC_tb,schematic/history_1/simulation/default/HSPICE/nominal/resultsDatabase remoteRun {} testbenchId 1 saveImages true
[16:35:15.08] /m Information: Start incremental database creation...
[16:35:15.13] /o saeInterBGSaeShell:  ::sa::_backgroundSaeShell::scriptFinished 0.6 {} sa::_resultsDatabase::saeShellProcessingCompletedProc testSuiteName saeSession18 testbenchName default resultsDir /DCNFS/users/student/lkim/simulation/LAB2,CMOSInverterDC_tb,schematic/history_1/simulation/default/HSPICE/nominal/results testSuiteDir /DCNFS/users/student/lkim/simulation/LAB2,CMOSInverterDC_tb,schematic/history_1/simulation/default/HSPICE/nominal databaseName /DCNFS/users/student/lkim/simulation/LAB2,CMOSInverterDC_tb,schematic/history_1/simulation/default/HSPICE/nominal/resultsDatabase remoteRun {} testbenchId 1 saveImages true
[16:35:15.13] /o false
[16:35:58.74] /i ::sa::_backgroundSaeShell::runScript /DCNFS/users/student/lkim/simulation/LAB2,CMOSInverterDC_tb,schematic/history_1/simulation/default/HSPICE/nominal/.bg_measurement_script.tcl sa::_resultsDatabase::saeShellProcessingCompletedProc testSuiteName saeSession18 testbenchName default resultsDir /DCNFS/users/student/lkim/simulation/LAB2,CMOSInverterDC_tb,schematic/history_1/simulation/default/HSPICE/nominal/results testSuiteDir /DCNFS/users/student/lkim/simulation/LAB2,CMOSInverterDC_tb,schematic/history_1/simulation/default/HSPICE/nominal databaseName /DCNFS/users/student/lkim/simulation/LAB2,CMOSInverterDC_tb,schematic/history_1/simulation/default/HSPICE/nominal/resultsDatabase remoteRun {} testbenchId 1 saveImages true
[16:35:59.24] /m Information: Start incremental database creation...
[16:35:59.29] /o saeInterBGSaeShell:  ::sa::_backgroundSaeShell::scriptFinished 0.5 {} sa::_resultsDatabase::saeShellProcessingCompletedProc testSuiteName saeSession18 testbenchName default resultsDir /DCNFS/users/student/lkim/simulation/LAB2,CMOSInverterDC_tb,schematic/history_1/simulation/default/HSPICE/nominal/results testSuiteDir /DCNFS/users/student/lkim/simulation/LAB2,CMOSInverterDC_tb,schematic/history_1/simulation/default/HSPICE/nominal databaseName /DCNFS/users/student/lkim/simulation/LAB2,CMOSInverterDC_tb,schematic/history_1/simulation/default/HSPICE/nominal/resultsDatabase remoteRun {} testbenchId 1 saveImages true
[16:35:59.30] /o false
[16:36:19.92] /i ::sa::_backgroundSaeShell::runScript /DCNFS/users/student/lkim/simulation/LAB2,CMOSInverterDC_tb,schematic/history_1/simulation/default/HSPICE/nominal/.bg_measurement_script.tcl sa::_resultsDatabase::saeShellProcessingCompletedProc testSuiteName saeSession18 testbenchName default resultsDir /DCNFS/users/student/lkim/simulation/LAB2,CMOSInverterDC_tb,schematic/history_1/simulation/default/HSPICE/nominal/results testSuiteDir /DCNFS/users/student/lkim/simulation/LAB2,CMOSInverterDC_tb,schematic/history_1/simulation/default/HSPICE/nominal databaseName /DCNFS/users/student/lkim/simulation/LAB2,CMOSInverterDC_tb,schematic/history_1/simulation/default/HSPICE/nominal/resultsDatabase remoteRun {} testbenchId 1 saveImages true
[16:36:20.48] /m Information: Start incremental database creation...
[16:36:20.54] /o saeInterBGSaeShell:  ::sa::_backgroundSaeShell::scriptFinished 0.6 {} sa::_resultsDatabase::saeShellProcessingCompletedProc testSuiteName saeSession18 testbenchName default resultsDir /DCNFS/users/student/lkim/simulation/LAB2,CMOSInverterDC_tb,schematic/history_1/simulation/default/HSPICE/nominal/results testSuiteDir /DCNFS/users/student/lkim/simulation/LAB2,CMOSInverterDC_tb,schematic/history_1/simulation/default/HSPICE/nominal databaseName /DCNFS/users/student/lkim/simulation/LAB2,CMOSInverterDC_tb,schematic/history_1/simulation/default/HSPICE/nominal/resultsDatabase remoteRun {} testbenchId 1 saveImages true
[16:36:20.54] /o false
[16:37:33.38] /i ::sa::_backgroundSaeShell::runScript /DCNFS/users/student/lkim/simulation/LAB2,CMOSInverterDC_tb,schematic/history_1/simulation/default/HSPICE/nominal/.bg_measurement_script.tcl sa::_resultsDatabase::saeShellProcessingCompletedProc testSuiteName saeSession18 testbenchName default resultsDir /DCNFS/users/student/lkim/simulation/LAB2,CMOSInverterDC_tb,schematic/history_1/simulation/default/HSPICE/nominal/results testSuiteDir /DCNFS/users/student/lkim/simulation/LAB2,CMOSInverterDC_tb,schematic/history_1/simulation/default/HSPICE/nominal databaseName /DCNFS/users/student/lkim/simulation/LAB2,CMOSInverterDC_tb,schematic/history_1/simulation/default/HSPICE/nominal/resultsDatabase remoteRun {} testbenchId 1 saveImages true
[16:37:33.91] /m Information: Start incremental database creation...
[16:37:33.96] /o saeInterBGSaeShell:  ::sa::_backgroundSaeShell::scriptFinished 0.5 {} sa::_resultsDatabase::saeShellProcessingCompletedProc testSuiteName saeSession18 testbenchName default resultsDir /DCNFS/users/student/lkim/simulation/LAB2,CMOSInverterDC_tb,schematic/history_1/simulation/default/HSPICE/nominal/results testSuiteDir /DCNFS/users/student/lkim/simulation/LAB2,CMOSInverterDC_tb,schematic/history_1/simulation/default/HSPICE/nominal databaseName /DCNFS/users/student/lkim/simulation/LAB2,CMOSInverterDC_tb,schematic/history_1/simulation/default/HSPICE/nominal/resultsDatabase remoteRun {} testbenchId 1 saveImages true
[16:37:33.96] /o false
[16:38:57.52] /i ::sa::_backgroundSaeShell::runScript /DCNFS/users/student/lkim/simulation/LAB2,CMOSInverterDC_tb,schematic/history_1/simulation/default/HSPICE/nominal/.bg_measurement_script.tcl sa::_resultsDatabase::saeShellProcessingCompletedProc testSuiteName saeSession18 testbenchName default resultsDir /DCNFS/users/student/lkim/simulation/LAB2,CMOSInverterDC_tb,schematic/history_1/simulation/default/HSPICE/nominal/results testSuiteDir /DCNFS/users/student/lkim/simulation/LAB2,CMOSInverterDC_tb,schematic/history_1/simulation/default/HSPICE/nominal databaseName /DCNFS/users/student/lkim/simulation/LAB2,CMOSInverterDC_tb,schematic/history_1/simulation/default/HSPICE/nominal/resultsDatabase remoteRun {} testbenchId 1 saveImages true
[16:38:58.08] /m Information: Start incremental database creation...
[16:38:58.13] /o saeInterBGSaeShell:  ::sa::_backgroundSaeShell::scriptFinished 0.6 {} sa::_resultsDatabase::saeShellProcessingCompletedProc testSuiteName saeSession18 testbenchName default resultsDir /DCNFS/users/student/lkim/simulation/LAB2,CMOSInverterDC_tb,schematic/history_1/simulation/default/HSPICE/nominal/results testSuiteDir /DCNFS/users/student/lkim/simulation/LAB2,CMOSInverterDC_tb,schematic/history_1/simulation/default/HSPICE/nominal databaseName /DCNFS/users/student/lkim/simulation/LAB2,CMOSInverterDC_tb,schematic/history_1/simulation/default/HSPICE/nominal/resultsDatabase remoteRun {} testbenchId 1 saveImages true
[16:38:58.13] /o false
[16:43:17.15] /i ::sa::_backgroundSaeShell::exit
[16:43:17.15] /o saeInterBGSaeShell:  ::sa::_backgroundSaeShell::childFormallyExiting
