[00:05:47.65] /o sae_shell Version Custom Compiler P-2019.06-SP1-7
              /c Build  (OPT) compiled on Thu Feb 13 14:05:50 2020 for RHEL64 6.6
              /c Execution time: Sun Feb 14 00:05:36 2021
              /c Host: linux11114
              /c 
              /c Copyright © 2004-2020 Synopsys, Inc.
              /c This software and the associated documentation are proprietary to Synopsys, Inc. This software may only be used in accordance with the terms and conditions of a written license agreement with Synopsys, Inc. All other use, reproduction, or distribution of this software is strictly prohibited.
              /c 
              /c 
[00:05:47.79] /o /DCNFS/applications/synopsys/2019/app/customcompiler/P-2019.06-SP1-7/auxx/samples/basic
[00:05:47.80] /o /DCNFS/applications/synopsys/2019/app/customcompiler/P-2019.06-SP1-7/auxx/samples/snpsDeviceLib
[00:05:47.80] /o /DCNFS/applications/synopsys/2019/app/customcompiler/P-2019.06-SP1-7/auxx/samples/analogLib
[00:05:47.80] /o /DCNFS/applications/synopsys/2019/app/customcompiler/P-2019.06-SP1-7/auxx/samples/parasitics
[00:05:47.93] /o /DCNFS/applications/synopsys/2019/app/SAED/SAED_PDK90nm/SAED_PDK_90
[00:05:47.94] /o 	############################################
[00:05:47.94] /o 	        Synopsys Generic 90nm iPDK          
[00:05:47.94] /o 	--------------------------------------------
[00:05:47.94] /o 	Release Date .............. : 11-May-2016    
[00:05:47.94] /o 	============================================
[00:05:47.94] /o 	        Recommended Tool Versions           
[00:05:47.94] /o 	--------------------------------------------
[00:05:47.94] /o 	Custom Designer ........... : J-2014.12-2    
[00:05:47.94] /o 	IC Validator .............. : K-2015.12   
[00:05:47.94] /o 	StarRC..................... : K-2015.12  
[00:05:47.94] /o 	--------------------------------------------
[00:05:47.94] /o 	############################################
[00:05:47.94] /o 
[00:05:47.98] /o SAED PDK 90: Loaded callbacks
[00:05:47.99] /o SAED PDK 90: Loaded display resources
[00:05:48.01] /i ::sa::_backgroundSaeShell::signalProcessReady 1613289934
[00:05:48.02] /o saeInterBGSaeShell:  ::sa::_backgroundSaeShell::processReady 14
[00:08:57.98] /i ::wf::viewerExited
[00:09:23.99] /i ::sa::_backgroundSaeShell::exit
[00:09:24.00] /o saeInterBGSaeShell:  ::sa::_backgroundSaeShell::childFormallyExiting
