[16:35:28.01] /o sae_shell Version Custom Compiler P-2019.06-SP1-7
              /c Build  (OPT) compiled on Thu Feb 13 14:05:50 2020 for RHEL64 6.6
              /c Execution time: Thu Jan 21 16:35:17 2021
              /c Host: linux11113
              /c 
              /c Copyright © 2004-2020 Synopsys, Inc.
              /c This software and the associated documentation are proprietary to Synopsys, Inc. This software may only be used in accordance with the terms and conditions of a written license agreement with Synopsys, Inc. All other use, reproduction, or distribution of this software is strictly prohibited.
              /c 
              /c 
[16:35:28.11] /o /DCNFS/applications/synopsys/2019/app/customcompiler/P-2019.06-SP1-7/auxx/samples/basic
[16:35:28.11] /o /DCNFS/applications/synopsys/2019/app/customcompiler/P-2019.06-SP1-7/auxx/samples/snpsDeviceLib
[16:35:28.12] /o /DCNFS/applications/synopsys/2019/app/customcompiler/P-2019.06-SP1-7/auxx/samples/analogLib
[16:35:28.12] /o /DCNFS/applications/synopsys/2019/app/customcompiler/P-2019.06-SP1-7/auxx/samples/parasitics
[16:35:28.31] /o /DCNFS/applications/synopsys/2019/app/SAED/SAED_PDK90nm/SAED_PDK_90
[16:35:28.31] /o 	############################################
[16:35:28.31] /o 	        Synopsys Generic 90nm iPDK          
[16:35:28.31] /o 	--------------------------------------------
[16:35:28.31] /o 	Release Date .............. : 11-May-2016    
[16:35:28.31] /o 	============================================
[16:35:28.31] /o 	        Recommended Tool Versions           
[16:35:28.31] /o 	--------------------------------------------
[16:35:28.31] /o 	Custom Designer ........... : J-2014.12-2    
[16:35:28.31] /o 	IC Validator .............. : K-2015.12   
[16:35:28.31] /o 	StarRC..................... : K-2015.12  
[16:35:28.31] /o 	--------------------------------------------
[16:35:28.31] /o 	############################################
[16:35:28.31] /o 
[16:35:28.37] /o SAED PDK 90: Loaded callbacks
[16:35:28.38] /o SAED PDK 90: Loaded display resources
[16:35:28.40] /i ::sa::_backgroundSaeShell::signalProcessReady 1611275714
[16:35:28.40] /o saeInterBGSaeShell:  ::sa::_backgroundSaeShell::processReady 14
[16:40:29.41] /o saeInterBGSaeShell:  ::sa::_backgroundSaeShell::pingBack
[16:40:29.55] /i ::sa::_backgroundSaeShell::parentRunning
[16:40:29.55] /o 1611276029
[16:43:17.15] /i ::sa::_backgroundSaeShell::exit
[16:43:17.15] /o saeInterBGSaeShell:  ::sa::_backgroundSaeShell::childFormallyExiting
