[16:44:03.93] /o sae_shell Version Custom Compiler P-2019.06-SP1-7
              /c Build  (OPT) compiled on Thu Feb 13 14:05:50 2020 for RHEL64 6.6
              /c Execution time: Thu Jan 21 16:43:53 2021
              /c Host: linux11113
              /c 
              /c Copyright © 2004-2020 Synopsys, Inc.
              /c This software and the associated documentation are proprietary to Synopsys, Inc. This software may only be used in accordance with the terms and conditions of a written license agreement with Synopsys, Inc. All other use, reproduction, or distribution of this software is strictly prohibited.
              /c 
              /c 
[16:44:04.03] /o /DCNFS/applications/synopsys/2019/app/customcompiler/P-2019.06-SP1-7/auxx/samples/basic
[16:44:04.04] /o /DCNFS/applications/synopsys/2019/app/customcompiler/P-2019.06-SP1-7/auxx/samples/snpsDeviceLib
[16:44:04.04] /o /DCNFS/applications/synopsys/2019/app/customcompiler/P-2019.06-SP1-7/auxx/samples/analogLib
[16:44:04.04] /o /DCNFS/applications/synopsys/2019/app/customcompiler/P-2019.06-SP1-7/auxx/samples/parasitics
[16:44:04.16] /o /DCNFS/applications/synopsys/2019/app/SAED/SAED_PDK90nm/SAED_PDK_90
[16:44:04.16] /o 	############################################
[16:44:04.16] /o 	        Synopsys Generic 90nm iPDK          
[16:44:04.16] /o 	--------------------------------------------
[16:44:04.16] /o 	Release Date .............. : 11-May-2016    
[16:44:04.16] /o 	============================================
[16:44:04.16] /o 	        Recommended Tool Versions           
[16:44:04.16] /o 	--------------------------------------------
[16:44:04.16] /o 	Custom Designer ........... : J-2014.12-2    
[16:44:04.16] /o 	IC Validator .............. : K-2015.12   
[16:44:04.16] /o 	StarRC..................... : K-2015.12  
[16:44:04.16] /o 	--------------------------------------------
[16:44:04.16] /o 	############################################
[16:44:04.16] /o 
[16:44:04.20] /o SAED PDK 90: Loaded callbacks
[16:44:04.21] /o SAED PDK 90: Loaded display resources
[16:44:04.23] /i ::sa::_backgroundSaeShell::signalProcessReady 1611276230
[16:44:04.23] /o saeInterBGSaeShell:  ::sa::_backgroundSaeShell::processReady 14
[16:49:05.24] /o saeInterBGSaeShell:  ::sa::_backgroundSaeShell::pingBack
[16:49:05.35] /i ::sa::_backgroundSaeShell::parentRunning
[16:49:05.35] /o 1611276545
[16:50:14.17] /i ::wf::viewerExited
[16:54:06.24] /o saeInterBGSaeShell:  ::sa::_backgroundSaeShell::pingBack
[16:54:06.25] /i ::sa::_backgroundSaeShell::parentRunning
[16:54:06.25] /o 1611276846
[16:59:07.26] /o saeInterBGSaeShell:  ::sa::_backgroundSaeShell::pingBack
[16:59:07.45] /i ::sa::_backgroundSaeShell::parentRunning
[16:59:07.45] /o 1611277147
[16:59:34.46] /i ::wf::viewerExited
[16:59:42.19] /i ::sa::_backgroundSaeShell::exit
[16:59:42.19] /o saeInterBGSaeShell:  ::sa::_backgroundSaeShell::childFormallyExiting
