[17:08:32.91] /o sae_shell Version Custom Compiler P-2019.06-SP1-7
              /c Build  (OPT) compiled on Thu Feb 13 14:05:50 2020 for RHEL64 6.6
              /c Execution time: Thu Feb 11 17:08:21 2021
              /c Host: linux11108
              /c 
              /c Copyright © 2004-2020 Synopsys, Inc.
              /c This software and the associated documentation are proprietary to Synopsys, Inc. This software may only be used in accordance with the terms and conditions of a written license agreement with Synopsys, Inc. All other use, reproduction, or distribution of this software is strictly prohibited.
              /c 
              /c 
[17:08:33.03] /o /DCNFS/applications/synopsys/2019/app/customcompiler/P-2019.06-SP1-7/auxx/samples/basic
[17:08:33.04] /o /DCNFS/applications/synopsys/2019/app/customcompiler/P-2019.06-SP1-7/auxx/samples/snpsDeviceLib
[17:08:33.04] /o /DCNFS/applications/synopsys/2019/app/customcompiler/P-2019.06-SP1-7/auxx/samples/analogLib
[17:08:33.04] /o /DCNFS/applications/synopsys/2019/app/customcompiler/P-2019.06-SP1-7/auxx/samples/parasitics
[17:08:33.17] /o /DCNFS/applications/synopsys/2019/app/SAED/SAED_PDK90nm/SAED_PDK_90
[17:08:33.18] /o 	############################################
[17:08:33.18] /o 	        Synopsys Generic 90nm iPDK          
[17:08:33.18] /o 	--------------------------------------------
[17:08:33.18] /o 	Release Date .............. : 11-May-2016    
[17:08:33.18] /o 	============================================
[17:08:33.18] /o 	        Recommended Tool Versions           
[17:08:33.18] /o 	--------------------------------------------
[17:08:33.18] /o 	Custom Designer ........... : J-2014.12-2    
[17:08:33.18] /o 	IC Validator .............. : K-2015.12   
[17:08:33.18] /o 	StarRC..................... : K-2015.12  
[17:08:33.18] /o 	--------------------------------------------
[17:08:33.18] /o 	############################################
[17:08:33.18] /o 
[17:08:33.23] /o SAED PDK 90: Loaded callbacks
[17:08:33.24] /o SAED PDK 90: Loaded display resources
[17:08:33.27] /i ::sa::_backgroundSaeShell::signalProcessReady 1613092098
[17:08:33.27] /o saeInterBGSaeShell:  ::sa::_backgroundSaeShell::processReady 15
[17:13:34.28] /o saeInterBGSaeShell:  ::sa::_backgroundSaeShell::pingBack
[17:13:34.46] /i ::sa::_backgroundSaeShell::parentRunning
[17:13:34.46] /o 1613092414
[17:15:04.30] /i ::sa::_backgroundSaeShell::exit
[17:15:04.30] /o saeInterBGSaeShell:  ::sa::_backgroundSaeShell::childFormallyExiting
