 ** SX started using preference settings in '/tmp/tmp_sae_spxrc_RjBDuf'
sx_first_wv
sx_current_wv _67ac0f0_void_p
sx_set_data_directory {/DCNFS/users/student/lkim/simulation/LAB5,RippleCarryAdder_tb,schematic/history_1/simulation/default/HSPICE/nominal/results}
sx_get_signals {/DCNFS/users/student/lkim/simulation/LAB5,RippleCarryAdder_tb,schematic/history_1/simulation/default/HSPICE/nominal/results/resultsMap.xml} {v(a0)}  -analysis {tran:tran} -openmode replace
sx_get_num_sweeps _68ef890_void_pp
::CDSX::findIsSweepScalar _68ef890_void_pp 1
sx_signal_attribute _68ef890_void_pp -xrange
sx_first_wv
sx_set_wv_userinfo _67ac0f0_void_p
sx_first_panel _67ac0f0_void_p
sx_next_wv _67ac0f0_void_p
sx_first_wv
sx_next_wv _67ac0f0_void_p
sx_current_wv
sx_first_panel _67ac0f0_void_p
sx_current_wv _67ac0f0_void_p
sx_clear_wv
sx_set_wv_title _67ac0f0_void_p tran
sx_wv_name _67ac0f0_void_p tran
sx_get_last_panel _67ac0f0_void_p
sx_append_panel _67ac0f0_void_p linear
sx_current_wv _67ac0f0_void_p
sx_signal_add_mode overlap
sx_current_panel _690d2c0_void_p
sx_set_wv_testbench _67ac0f0_void_p 
sx_set_wv_userinfo _67ac0f0_void_p {saeSession0::tran}
sx_plot_signals {{/DCNFS/users/student/lkim/simulation/LAB5,RippleCarryAdder_tb,schematic/history_1/simulation/default/HSPICE/nominal/results/resultsMap.xml}} {{v(a0)}} {-color #FF0000 -label v(/A0)} -openmode replace -analysis tran:tran -noupdate -type volt
sx_get_panel_type _690d2c0_void_p
sx_set_panel_x_type _690d2c0_void_p "linear"
sx_set_panel_y_type _690d2c0_void_p "linear"
sx_get_signals {/DCNFS/users/student/lkim/simulation/LAB5,RippleCarryAdder_tb,schematic/history_1/simulation/default/HSPICE/nominal/results/resultsMap.xml} {v(a1)}  -analysis {tran:tran} -openmode replace
sx_get_num_sweeps _68ef920_void_pp
::CDSX::findIsSweepScalar _68ef920_void_pp 1
sx_signal_attribute _68ef920_void_pp -xrange
sx_current_wv
sx_first_panel _67ac0f0_void_p
sx_current_wv
sx_get_last_panel _67ac0f0_void_p
sx_get_panel_type _690d2c0_void_p
sx_first_panel _67ac0f0_void_p
sx_get_panel_type _690d2c0_void_p
sx_get_x_full_range _690d2c0_void_p
sx_xaxis_attribute _690d2c0_void_p -scale
sx_get_last_panel _67ac0f0_void_p
sx_first_panel _67ac0f0_void_p
sx_next_panel _690d2c0_void_p
sx_get_panel_type _690d2c0_void_p
sx_signal_add_mode overlap
sx_current_panel _690d2c0_void_p
sx_set_wv_testbench _67ac0f0_void_p 
sx_set_wv_userinfo _67ac0f0_void_p {saeSession0::tran}
sx_plot_signals {{/DCNFS/users/student/lkim/simulation/LAB5,RippleCarryAdder_tb,schematic/history_1/simulation/default/HSPICE/nominal/results/resultsMap.xml}} {{v(a1)}} {-color #CC00FF -label v(/A1)} -openmode replace -analysis tran:tran -noupdate -type volt
sx_get_panel_type _690d2c0_void_p
sx_set_panel_x_type _690d2c0_void_p "linear"
sx_set_panel_y_type _690d2c0_void_p "linear"
sx_get_signals {/DCNFS/users/student/lkim/simulation/LAB5,RippleCarryAdder_tb,schematic/history_1/simulation/default/HSPICE/nominal/results/resultsMap.xml} {v(a2)}  -analysis {tran:tran} -openmode replace
sx_get_num_sweeps _68ef9b0_void_pp
::CDSX::findIsSweepScalar _68ef9b0_void_pp 1
sx_signal_attribute _68ef9b0_void_pp -xrange
sx_current_wv
sx_first_panel _67ac0f0_void_p
sx_current_wv
sx_get_last_panel _67ac0f0_void_p
sx_get_panel_type _690d2c0_void_p
sx_first_panel _67ac0f0_void_p
sx_get_panel_type _690d2c0_void_p
sx_get_x_full_range _690d2c0_void_p
sx_xaxis_attribute _690d2c0_void_p -scale
sx_get_last_panel _67ac0f0_void_p
sx_first_panel _67ac0f0_void_p
sx_next_panel _690d2c0_void_p
sx_get_panel_type _690d2c0_void_p
sx_signal_add_mode overlap
sx_current_panel _690d2c0_void_p
sx_set_wv_testbench _67ac0f0_void_p 
sx_set_wv_userinfo _67ac0f0_void_p {saeSession0::tran}
sx_plot_signals {{/DCNFS/users/student/lkim/simulation/LAB5,RippleCarryAdder_tb,schematic/history_1/simulation/default/HSPICE/nominal/results/resultsMap.xml}} {{v(a2)}} {-color #00FF66 -label v(/A2)} -openmode replace -analysis tran:tran -noupdate -type volt
sx_get_panel_type _690d2c0_void_p
sx_set_panel_x_type _690d2c0_void_p "linear"
sx_set_panel_y_type _690d2c0_void_p "linear"
sx_get_signals {/DCNFS/users/student/lkim/simulation/LAB5,RippleCarryAdder_tb,schematic/history_1/simulation/default/HSPICE/nominal/results/resultsMap.xml} {v(a3)}  -analysis {tran:tran} -openmode replace
sx_get_num_sweeps _68efa40_void_pp
::CDSX::findIsSweepScalar _68efa40_void_pp 1
sx_signal_attribute _68efa40_void_pp -xrange
sx_current_wv
sx_first_panel _67ac0f0_void_p
sx_current_wv
sx_get_last_panel _67ac0f0_void_p
sx_get_panel_type _690d2c0_void_p
sx_first_panel _67ac0f0_void_p
sx_get_panel_type _690d2c0_void_p
sx_get_x_full_range _690d2c0_void_p
sx_xaxis_attribute _690d2c0_void_p -scale
sx_get_last_panel _67ac0f0_void_p
sx_first_panel _67ac0f0_void_p
sx_next_panel _690d2c0_void_p
sx_get_panel_type _690d2c0_void_p
sx_signal_add_mode overlap
sx_current_panel _690d2c0_void_p
sx_set_wv_testbench _67ac0f0_void_p 
sx_set_wv_userinfo _67ac0f0_void_p {saeSession0::tran}
sx_plot_signals {{/DCNFS/users/student/lkim/simulation/LAB5,RippleCarryAdder_tb,schematic/history_1/simulation/default/HSPICE/nominal/results/resultsMap.xml}} {{v(a3)}} {-color #CCFF00 -label v(/A3)} -openmode replace -analysis tran:tran -noupdate -type volt
sx_get_panel_type _690d2c0_void_p
sx_set_panel_x_type _690d2c0_void_p "linear"
sx_set_panel_y_type _690d2c0_void_p "linear"
sx_get_signals {/DCNFS/users/student/lkim/simulation/LAB5,RippleCarryAdder_tb,schematic/history_1/simulation/default/HSPICE/nominal/results/resultsMap.xml} {v(b0)}  -analysis {tran:tran} -openmode replace
sx_get_num_sweeps _68efad0_void_pp
::CDSX::findIsSweepScalar _68efad0_void_pp 1
sx_signal_attribute _68efad0_void_pp -xrange
sx_current_wv
sx_first_panel _67ac0f0_void_p
sx_current_wv
sx_get_last_panel _67ac0f0_void_p
sx_get_panel_type _690d2c0_void_p
sx_first_panel _67ac0f0_void_p
sx_get_panel_type _690d2c0_void_p
sx_get_x_full_range _690d2c0_void_p
sx_xaxis_attribute _690d2c0_void_p -scale
sx_get_last_panel _67ac0f0_void_p
sx_first_panel _67ac0f0_void_p
sx_next_panel _690d2c0_void_p
sx_get_panel_type _690d2c0_void_p
sx_signal_add_mode overlap
sx_current_panel _690d2c0_void_p
sx_set_wv_testbench _67ac0f0_void_p 
sx_set_wv_userinfo _67ac0f0_void_p {saeSession0::tran}
sx_plot_signals {{/DCNFS/users/student/lkim/simulation/LAB5,RippleCarryAdder_tb,schematic/history_1/simulation/default/HSPICE/nominal/results/resultsMap.xml}} {{v(b0)}} {-color #0066FF -label v(/B0)} -openmode replace -analysis tran:tran -noupdate -type volt
sx_get_panel_type _690d2c0_void_p
sx_set_panel_x_type _690d2c0_void_p "linear"
sx_set_panel_y_type _690d2c0_void_p "linear"
sx_get_signals {/DCNFS/users/student/lkim/simulation/LAB5,RippleCarryAdder_tb,schematic/history_1/simulation/default/HSPICE/nominal/results/resultsMap.xml} {v(b1)}  -analysis {tran:tran} -openmode replace
sx_get_num_sweeps _68efb60_void_pp
::CDSX::findIsSweepScalar _68efb60_void_pp 1
sx_signal_attribute _68efb60_void_pp -xrange
sx_current_wv
sx_first_panel _67ac0f0_void_p
sx_current_wv
sx_get_last_panel _67ac0f0_void_p
sx_get_panel_type _690d2c0_void_p
sx_first_panel _67ac0f0_void_p
sx_get_panel_type _690d2c0_void_p
sx_get_x_full_range _690d2c0_void_p
sx_xaxis_attribute _690d2c0_void_p -scale
sx_get_last_panel _67ac0f0_void_p
sx_first_panel _67ac0f0_void_p
sx_next_panel _690d2c0_void_p
sx_get_panel_type _690d2c0_void_p
sx_signal_add_mode overlap
sx_current_panel _690d2c0_void_p
sx_set_wv_testbench _67ac0f0_void_p 
sx_set_wv_userinfo _67ac0f0_void_p {saeSession0::tran}
sx_plot_signals {{/DCNFS/users/student/lkim/simulation/LAB5,RippleCarryAdder_tb,schematic/history_1/simulation/default/HSPICE/nominal/results/resultsMap.xml}} {{v(b1)}} {-color #FF9900 -label v(/B1)} -openmode replace -analysis tran:tran -noupdate -type volt
sx_get_panel_type _690d2c0_void_p
sx_set_panel_x_type _690d2c0_void_p "linear"
sx_set_panel_y_type _690d2c0_void_p "linear"
sx_get_signals {/DCNFS/users/student/lkim/simulation/LAB5,RippleCarryAdder_tb,schematic/history_1/simulation/default/HSPICE/nominal/results/resultsMap.xml} {v(b2)}  -analysis {tran:tran} -openmode replace
sx_get_num_sweeps _68efbf0_void_pp
::CDSX::findIsSweepScalar _68efbf0_void_pp 1
sx_signal_attribute _68efbf0_void_pp -xrange
sx_current_wv
sx_first_panel _67ac0f0_void_p
sx_current_wv
sx_get_last_panel _67ac0f0_void_p
sx_get_panel_type _690d2c0_void_p
sx_first_panel _67ac0f0_void_p
sx_get_panel_type _690d2c0_void_p
sx_get_x_full_range _690d2c0_void_p
sx_xaxis_attribute _690d2c0_void_p -scale
sx_get_last_panel _67ac0f0_void_p
sx_first_panel _67ac0f0_void_p
sx_next_panel _690d2c0_void_p
sx_get_panel_type _690d2c0_void_p
sx_signal_add_mode overlap
sx_current_panel _690d2c0_void_p
sx_set_wv_testbench _67ac0f0_void_p 
sx_set_wv_userinfo _67ac0f0_void_p {saeSession0::tran}
sx_plot_signals {{/DCNFS/users/student/lkim/simulation/LAB5,RippleCarryAdder_tb,schematic/history_1/simulation/default/HSPICE/nominal/results/resultsMap.xml}} {{v(b2)}} {-color #FF0099 -label v(/B2)} -openmode replace -analysis tran:tran -noupdate -type volt
sx_get_panel_type _690d2c0_void_p
sx_set_panel_x_type _690d2c0_void_p "linear"
sx_set_panel_y_type _690d2c0_void_p "linear"
sx_get_signals {/DCNFS/users/student/lkim/simulation/LAB5,RippleCarryAdder_tb,schematic/history_1/simulation/default/HSPICE/nominal/results/resultsMap.xml} {v(b3)}  -analysis {tran:tran} -openmode replace
sx_get_num_sweeps _68efc80_void_pp
::CDSX::findIsSweepScalar _68efc80_void_pp 1
sx_signal_attribute _68efc80_void_pp -xrange
sx_current_wv
sx_first_panel _67ac0f0_void_p
sx_current_wv
sx_get_last_panel _67ac0f0_void_p
sx_get_panel_type _690d2c0_void_p
sx_first_panel _67ac0f0_void_p
sx_get_panel_type _690d2c0_void_p
sx_get_x_full_range _690d2c0_void_p
sx_xaxis_attribute _690d2c0_void_p -scale
sx_get_last_panel _67ac0f0_void_p
sx_first_panel _67ac0f0_void_p
sx_next_panel _690d2c0_void_p
sx_get_panel_type _690d2c0_void_p
sx_signal_add_mode overlap
sx_current_panel _690d2c0_void_p
sx_set_wv_testbench _67ac0f0_void_p 
sx_set_wv_userinfo _67ac0f0_void_p {saeSession0::tran}
sx_plot_signals {{/DCNFS/users/student/lkim/simulation/LAB5,RippleCarryAdder_tb,schematic/history_1/simulation/default/HSPICE/nominal/results/resultsMap.xml}} {{v(b3)}} {-color #00FFFF -label v(/B3)} -openmode replace -analysis tran:tran -noupdate -type volt
sx_get_panel_type _690d2c0_void_p
sx_set_panel_x_type _690d2c0_void_p "linear"
sx_set_panel_y_type _690d2c0_void_p "linear"
sx_get_signals {/DCNFS/users/student/lkim/simulation/LAB5,RippleCarryAdder_tb,schematic/history_1/simulation/default/HSPICE/nominal/results/resultsMap.xml} {v(s0)}  -analysis {tran:tran} -openmode replace
sx_get_num_sweeps _68efda0_void_pp
::CDSX::findIsSweepScalar _68efda0_void_pp 1
sx_signal_attribute _68efda0_void_pp -xrange
sx_current_wv
sx_first_panel _67ac0f0_void_p
sx_current_wv
sx_get_last_panel _67ac0f0_void_p
sx_get_panel_type _690d2c0_void_p
sx_first_panel _67ac0f0_void_p
sx_get_panel_type _690d2c0_void_p
sx_get_x_full_range _690d2c0_void_p
sx_xaxis_attribute _690d2c0_void_p -scale
sx_get_last_panel _67ac0f0_void_p
sx_first_panel _67ac0f0_void_p
sx_next_panel _690d2c0_void_p
sx_get_panel_type _690d2c0_void_p
sx_signal_add_mode overlap
sx_current_panel _690d2c0_void_p
sx_set_wv_testbench _67ac0f0_void_p 
sx_set_wv_userinfo _67ac0f0_void_p {saeSession0::tran}
sx_plot_signals {{/DCNFS/users/student/lkim/simulation/LAB5,RippleCarryAdder_tb,schematic/history_1/simulation/default/HSPICE/nominal/results/resultsMap.xml}} {{v(s0)}} {-color #33FF00 -label v(/S0)} -openmode replace -analysis tran:tran -noupdate -type volt
sx_get_panel_type _690d2c0_void_p
sx_set_panel_x_type _690d2c0_void_p "linear"
sx_set_panel_y_type _690d2c0_void_p "linear"
sx_get_signals {/DCNFS/users/student/lkim/simulation/LAB5,RippleCarryAdder_tb,schematic/history_1/simulation/default/HSPICE/nominal/results/resultsMap.xml} {v(s1)}  -analysis {tran:tran} -openmode replace
sx_get_num_sweeps _68efe30_void_pp
::CDSX::findIsSweepScalar _68efe30_void_pp 1
sx_signal_attribute _68efe30_void_pp -xrange
sx_current_wv
sx_first_panel _67ac0f0_void_p
sx_current_wv
sx_get_last_panel _67ac0f0_void_p
sx_get_panel_type _690d2c0_void_p
sx_first_panel _67ac0f0_void_p
sx_get_panel_type _690d2c0_void_p
sx_get_x_full_range _690d2c0_void_p
sx_xaxis_attribute _690d2c0_void_p -scale
sx_get_last_panel _67ac0f0_void_p
sx_first_panel _67ac0f0_void_p
sx_next_panel _690d2c0_void_p
sx_get_panel_type _690d2c0_void_p
sx_signal_add_mode overlap
sx_current_panel _690d2c0_void_p
sx_set_wv_testbench _67ac0f0_void_p 
sx_set_wv_userinfo _67ac0f0_void_p {saeSession0::tran}
sx_plot_signals {{/DCNFS/users/student/lkim/simulation/LAB5,RippleCarryAdder_tb,schematic/history_1/simulation/default/HSPICE/nominal/results/resultsMap.xml}} {{v(s1)}} {-color #3300FF -label v(/S1)} -openmode replace -analysis tran:tran -noupdate -type volt
sx_get_panel_type _690d2c0_void_p
sx_set_panel_x_type _690d2c0_void_p "linear"
sx_set_panel_y_type _690d2c0_void_p "linear"
sx_get_signals {/DCNFS/users/student/lkim/simulation/LAB5,RippleCarryAdder_tb,schematic/history_1/simulation/default/HSPICE/nominal/results/resultsMap.xml} {v(s2)}  -analysis {tran:tran} -openmode replace
sx_get_num_sweeps _68efec0_void_pp
::CDSX::findIsSweepScalar _68efec0_void_pp 1
sx_signal_attribute _68efec0_void_pp -xrange
sx_current_wv
sx_first_panel _67ac0f0_void_p
sx_current_wv
sx_get_last_panel _67ac0f0_void_p
sx_get_panel_type _690d2c0_void_p
sx_first_panel _67ac0f0_void_p
sx_get_panel_type _690d2c0_void_p
sx_get_x_full_range _690d2c0_void_p
sx_xaxis_attribute _690d2c0_void_p -scale
sx_get_last_panel _67ac0f0_void_p
sx_first_panel _67ac0f0_void_p
sx_next_panel _690d2c0_void_p
sx_get_panel_type _690d2c0_void_p
sx_signal_add_mode overlap
sx_current_panel _690d2c0_void_p
sx_set_wv_testbench _67ac0f0_void_p 
sx_set_wv_userinfo _67ac0f0_void_p {saeSession0::tran}
sx_plot_signals {{/DCNFS/users/student/lkim/simulation/LAB5,RippleCarryAdder_tb,schematic/history_1/simulation/default/HSPICE/nominal/results/resultsMap.xml}} {{v(s2)}} {-color #FF9999 -label v(/S2)} -openmode replace -analysis tran:tran -noupdate -type volt
sx_get_panel_type _690d2c0_void_p
sx_set_panel_x_type _690d2c0_void_p "linear"
sx_set_panel_y_type _690d2c0_void_p "linear"
sx_get_signals {/DCNFS/users/student/lkim/simulation/LAB5,RippleCarryAdder_tb,schematic/history_1/simulation/default/HSPICE/nominal/results/resultsMap.xml} {v(s3)}  -analysis {tran:tran} -openmode replace
sx_get_num_sweeps _68eff50_void_pp
::CDSX::findIsSweepScalar _68eff50_void_pp 1
sx_signal_attribute _68eff50_void_pp -xrange
sx_current_wv
sx_first_panel _67ac0f0_void_p
sx_current_wv
sx_get_last_panel _67ac0f0_void_p
sx_get_panel_type _690d2c0_void_p
sx_first_panel _67ac0f0_void_p
sx_get_panel_type _690d2c0_void_p
sx_get_x_full_range _690d2c0_void_p
sx_xaxis_attribute _690d2c0_void_p -scale
sx_get_last_panel _67ac0f0_void_p
sx_first_panel _67ac0f0_void_p
sx_next_panel _690d2c0_void_p
sx_get_panel_type _690d2c0_void_p
sx_signal_add_mode overlap
sx_current_panel _690d2c0_void_p
sx_set_wv_testbench _67ac0f0_void_p 
sx_set_wv_userinfo _67ac0f0_void_p {saeSession0::tran}
sx_plot_signals {{/DCNFS/users/student/lkim/simulation/LAB5,RippleCarryAdder_tb,schematic/history_1/simulation/default/HSPICE/nominal/results/resultsMap.xml}} {{v(s3)}} {-color #EB99FF -label v(/S3)} -openmode replace -analysis tran:tran -noupdate -type volt
sx_get_panel_type _690d2c0_void_p
sx_set_panel_x_type _690d2c0_void_p "linear"
sx_set_panel_y_type _690d2c0_void_p "linear"
sx_get_signals {/DCNFS/users/student/lkim/simulation/LAB5,RippleCarryAdder_tb,schematic/history_1/simulation/default/HSPICE/nominal/results/resultsMap.xml} {v(cout)}  -analysis {tran:tran} -openmode replace
sx_get_num_sweeps _68efd10_void_pp
::CDSX::findIsSweepScalar _68efd10_void_pp 1
sx_signal_attribute _68efd10_void_pp -xrange
sx_current_wv
sx_first_panel _67ac0f0_void_p
sx_current_wv
sx_get_last_panel _67ac0f0_void_p
sx_get_panel_type _690d2c0_void_p
sx_first_panel _67ac0f0_void_p
sx_get_panel_type _690d2c0_void_p
sx_get_x_full_range _690d2c0_void_p
sx_xaxis_attribute _690d2c0_void_p -scale
sx_get_last_panel _67ac0f0_void_p
sx_first_panel _67ac0f0_void_p
sx_next_panel _690d2c0_void_p
sx_get_panel_type _690d2c0_void_p
sx_signal_add_mode overlap
sx_current_panel _690d2c0_void_p
sx_set_wv_testbench _67ac0f0_void_p 
sx_set_wv_userinfo _67ac0f0_void_p {saeSession0::tran}
sx_plot_signals {{/DCNFS/users/student/lkim/simulation/LAB5,RippleCarryAdder_tb,schematic/history_1/simulation/default/HSPICE/nominal/results/resultsMap.xml}} {{v(cout)}} {-color #99FFC2 -label v(/COUT)} -openmode replace -analysis tran:tran -noupdate -type volt
sx_get_panel_type _690d2c0_void_p
sx_set_panel_x_type _690d2c0_void_p "linear"
sx_set_panel_y_type _690d2c0_void_p "linear"
sx_first_wv
sx_first_panel _67ac0f0_void_p
sx_toggle_right_axis _690d2c0_void_p I-Signal
sx_next_panel _690d2c0_void_p
sx_next_wv _67ac0f0_void_p
sx_first_panel _67ac0f0_void_p
sx_next_panel _690d2c0_void_p
sx_first_line _690d2c0_void_p
sx_first_panel _67ac0f0_void_p
sx_first_wv
sx_wv_name _67ac0f0_void_p
sx_next_wv _67ac0f0_void_p
sx_save_preference {/DCNFS/users/student/lkim/Desktop/ELEN153L/synopsys_custom/.spxrc}
