
                                  StarRC (TM)

              Version Q-2019.12-SP1-1 for linux64 - Feb 11, 2020 

                    Copyright (c) 1999 - 2020 Synopsys, Inc.
   This software and the associated documentation are proprietary to Synopsys,
 Inc. This software may only be used in accordance with the terms and conditions
 of a written license agreement with Synopsys, Inc. All other use, reproduction,
            or distribution of this software is strictly prohibited.

ExecName: /opt/synopsys-2019/app/starrc/Q-2019.12-SP1-1/linux64_starrc/bin/StarXtract
Version: Q-2019.12-SP1-1
Built on: Feb 11 2020 19:03:01
Start Time: Wed Mar  3 16:32:29 2021

Host ............ linux11104

xTractorName: /opt/synopsys-2019/app/starrc/Q-2019.12-SP1-1/linux64_starrc/bin/xTractor
Version: Q-2019.12-SP1-1
Built on: Feb 11 2020 19:02:19
INFORMATION: TCAD_GRD_FILE (nxtgrd file) generated by >4 years older version than the StarRC
             version is used for this extraction. (SX-3595)

Block ........... CMOSInverter
Star Directory ..
 /DCNFS/users/student/lkim/Desktop/ELEN153L/synopsys_custom/CMOSInverter.starrc.lpe/star
Milkyway DB .....
 /DCNFS/users/student/lkim/Desktop/ELEN153L/synopsys_custom/pvjob_LAB3.CMOSInverter.icv.lvs/XTROUT
 Ref Libs Report is skipped.
  Setup         Elp=00:00:04 Cpu=00:00:01 Usr=1.4    Sys=0.0    Mem=614.5 
Done

Map Layers:  Wed Mar  3 16:32:33 2021
WARNING: The precedence is not set for ignored cap layer: nwnr (SX-1794)
WARNING: The precedence is not set for ignored cap layer: pwell (SX-1794)
WARNING: The precedence is not set for layers mapped to substrate in the mapping file when
         TRANSLATE_RETAIN_BULK_LAYERS:YES or CONLY is specified in your command file. Accuracy can
         be affected. Check the order of substrate layer and set precedence for them in your
 mapping
         file whenever the TRANSLATE_RETAIN_BULK_LAYERS:YES or CONLY command is used. (SX-1790)
WARNING: Connectivity of VIA layer "top_via" is incorrectly assigned. Check Technology (e.g. LEF)
 or
         Mapping file. (SX-3657)
  Warnings: 4    Errors: 0    (See file summary/layers.sum)
  Layers        Elp=00:00:01 Cpu=00:00:00 Usr=0.1    Sys=0.0    Mem=614.6 
Done

Create Models:  Wed Mar  3 16:32:34 2021
  Warnings: 0    Errors: 0
  Models        Elp=00:00:00 Cpu=00:00:00 Usr=0.0    Sys=0.0    Mem=614.6 
Done

Build HN:  Wed Mar  3 16:32:36 2021
  Warnings: 0    Errors: 0
  HN            Elp=00:00:00 Cpu=00:00:00 Usr=0.1    Sys=0.1    Mem=638.6 
Done

Build XrefHN:  Wed Mar  3 16:32:37 2021
  Warnings: 0    Errors: 0
  XrefHN        Elp=00:00:00 Cpu=00:00:00 Usr=0.0    Sys=0.0    Mem=369.0 
Done

Process Cells:  Wed Mar  3 16:32:39 2021
  Warnings: 0    Errors: 0
  Cells         Elp=00:00:00 Cpu=00:00:00 Usr=0.1    Sys=0.1    Mem=614.6 
Done

Translate DB:  Wed Mar  3 16:32:40 2021
  Warnings: 0    Errors: 0
  Translate     Elp=00:00:01 Cpu=00:00:00 Usr=0.0    Sys=0.0    Mem=614.6 
Done

Handle Bulk Layer:  Wed Mar  3 16:32:42 2021
  Warnings: 0    Errors: 0
  BulkLayerHandling Elp=00:00:00 Cpu=00:00:00 Usr=0.0    Sys=0.0    Mem=0.0   
Done

Netlist Setup:  Wed Mar  3 16:32:43 2021
  Warnings: 0    Errors: 0
  NetlistSetup  Elp=00:00:00 Cpu=00:00:00 Usr=0.0    Sys=0.0    Mem=357.7 
Done

GPD XtractSetup:  Wed Mar  3 16:32:45 2021
  Warnings: 0    Errors: 0
  GPD_XtractSetup Elp=00:00:00 Cpu=00:00:00 Usr=0.0    Sys=0.0    Mem=614.6 
Done

GPD Instance Setup:  Wed Mar  3 16:32:48 2021
  Warnings: 0    Errors: 0
  GPD_Instance_Setup Elp=00:00:00 Cpu=00:00:00 Usr=0.0    Sys=0.0    Mem=357.7 
Done

GPD NameMap:  Wed Mar  3 16:32:50 2021
  Warnings: 0    Errors: 0
  GPD_NameMap   Elp=00:00:01 Cpu=00:00:00 Usr=0.0    Sys=0.0    Mem=358.1 
Done

xTract DB:  Wed Mar  3 16:32:54 2021
WARNING: INTERNAL Warning: via top_height (0) < bottom_height (4.072) on db layer (top_via)
 (EX-204)
Completed  20%  Time=00:00:00  RemainingTime=00:00:00  Mem=365.164
Completed  60%  Time=00:00:00  RemainingTime=00:00:00  Mem=365.164
Completed 100%  Time=00:00:00  RemainingTime=00:00:00  Mem=365.164
Extracted 176 capacitors, 126 resistors, 108 nodes
Reduced to 54 nodes,  (50%)
Reduced to 55 resistors,  (56.3492%)
Reduced to 123 capacitors: 69 Cc and 54 Cg (30.1136%)
  Warnings: 1    Errors: 0    (See file summary/xtract.sum)
  xTract        Elp=00:00:00 Cpu=00:00:00 Usr=0.2    Sys=0.0    Mem=365.2 
Done

GPD Instance:  Wed Mar  3 16:32:58 2021
  Warnings: 0    Errors: 0
  GPD_Instance  Elp=00:00:00 Cpu=00:00:00 Usr=0.0    Sys=0.0    Mem=357.7 
Done
Warning) fs_assisted flow is not turned on for RANDOM ACCESS XOUT (SX-3254)

xTract Post Process DB:  Wed Mar  3 16:33:03 2021
WARNING: INTERNAL Warning: via top_height (0) < bottom_height (4.072) on db layer (top_via)
 (EX-204)
  Warnings: 1    Errors: 0    (See file summary/split_netlist.sum)
  xTractPP      Elp=00:00:00 Cpu=00:00:00 Usr=0.0    Sys=0.0    Mem=258.1 
Done

Report Violations:  Wed Mar  3 16:33:06 2021
  Warnings: 0    Errors: 0
  ReportViolations Elp=00:00:00 Cpu=00:00:00 Usr=0.0    Sys=0.0    Mem=357.7 
Done

GPD Post Process:  Wed Mar  3 16:33:09 2021
  Warnings: 0    Errors: 0
  GPD_PostProcess Elp=00:00:01 Cpu=00:00:00 Usr=0.0    Sys=0.0    Mem=357.7 
Done

GPD Converter Part 1:  Wed Mar  3 16:33:13 2021
ERROR: StarRC task GPD Converter Part 1 failed. For more details, see task summary file
       'convert_gpd_part1.sum'. (SX-0255)
ERROR: StarRC is not complete due to task error(s). (SX-3543)
