[16:35:16.26] /r giWindowId 0
[16:35:16.27] /r giWindowGeometry 600x300
[16:35:16.28] /o 
              /c                                 Custom Compiler 
              /c 
              /c               Version P-2019.06-SP1-7 for linux64 - Feb 13, 2020 
              /c 
              /c                     Copyright (c) 2004 - 2020 Synopsys, Inc.
              /c    This software and the associated documentation are proprietary to Synopsys,
              /c  Inc. This software may only be used in accordance with the terms and conditions
              /c  of a written license agreement with Synopsys, Inc. All other use, reproduction,
              /c             or distribution of this software is strictly prohibited.
              /c 
              /c Build  (OPT) Config 5329942 compiled on Thu Feb 13 14:05:50 2020 for RHEL64 6.6
              /c Invocation: /DCNFS/applications/synopsys/2019/app/customcompiler/P-2019.06-SP1-7/linux64/platform/bin/custom_compiler
              /c Execution time: Sun Jan 24 16:35:12 2021
              /c Host: linux11102
              /c Working directory: /DCNFS/users/student/lkim/Desktop/ELEN153L/LAB2
              /c 
[16:35:22.77] /r giShowFrameTabs true
[16:35:22.77] /r giWindowId 1
[16:35:22.77] /r giWindowGeometry 1040x800
[16:35:23.81] /# gi::pressButton {/scroll/scrollArea/scrollAreaInnerWidget/applications/dmLibraryManager} -in [gi::getWindows 1]
[16:35:23.82] /# 
[16:35:24.00] /# gi::pressButton {/scroll/scrollArea/scrollAreaInnerWidget/applications/dmLibraryManager} -in [gi::getWindows 1]
[16:35:24.00] /# 
[16:35:24.13] /i dm::showLibraryManager
[16:35:24.13] /r giWindowId 2
[16:35:24.13] /r giWindowGeometry 660x600+50+76
[16:35:24.17] /o oa:0x1b146cf0
[16:35:25.96] /i exit
[16:35:25.99] /r giDialog gi::setActiveDialog [gi::getDialogs {deExitDialog} -parent [gi::getWindows 2]]
[16:35:26.26] /r giDialog db::setAttr geometry -of [gi::getDialogs {deExitDialog} -parent [gi::getWindows 2]] -value 419x207+740+341
[16:35:27.13] /r giDialog gi::pressButton {ok} -in [gi::getDialogs {deExitDialog} -parent [gi::getWindows 2]]
[16:35:27.81] /o Shutdown time: Sun Jan 24 16:35:27 2021
[16:35:27.81] /o Elapsed session real time: 0.2 minutes
[16:35:27.81] /o Session terminated. Log is at /DCNFS/users/student/lkim/Desktop/ELEN153L/LAB2/synopsys_custom/logs/ccompiler.lkim.2021_1_24_163512_13192.log
