
                                  PYDB_Server 

         Version Q-2019.12-SP1-1 for linux64 - Feb 24, 2020 cl#5351723

                    Copyright (c) 2007 - 2020 Synopsys, Inc.
   This software and the associated documentation are proprietary to Synopsys,
 Inc. This software may only be used in accordance with the terms and conditions
 of a written license agreement with Synopsys, Inc. All other use, reproduction,
            or distribution of this software is strictly prohibited.

variable width coordinate support enabled.
Listening for connections on port 7126
PYDB_Server Started on host linux11109.dc.engr.scu.edu, Sat 03/13/2021 15:45:44
Client linux11109(8035):14 connected (1 total client)
Verified current licenses.
SQLite page_size=65536
SQLite cache_size=65536
SQLite mmap_size=0
SQLite journal_mode=OFF
SQLite version 3.24.0
Client linux11109(8121):20 connected (2 total clients)
Client linux11109(8123):21 connected (3 total clients)
Client linux11109(8123):21 connection closed
Client linux11109(8123):21 disconnected (2 clients remain)
Client linux11109(8123):21 connected (3 total clients)
Client linux11109(8121):20 connection closed
Client linux11109(8121):20 disconnected (2 clients remain)
Client linux11109(8121):20 connected (3 total clients)
Client linux11109(8121):20 connection closed
Client linux11109(8121):20 disconnected (2 clients remain)
Client linux11109(8121):20 connected (3 total clients)
Client linux11109(8123):21 connection closed
Client linux11109(8123):21 disconnected (2 clients remain)
Client linux11109(8123):21 connected (3 total clients)
Client linux11109(8123):21 connection closed
Client linux11109(8123):21 disconnected (2 clients remain)
Client linux11109(8123):21 connected (3 total clients)
Client linux11109(8123):21 connection closed
Client linux11109(8123):21 disconnected (2 clients remain)
Client linux11109(8121):20 connection closed
Client linux11109(8121):20 disconnected (1 client remains)
Generating /DCNFS/users/student/cazzarel/Tutorial/synopsys_custom/pvjob_fourbitadder.halfadder.icv.drc/halfadder.LAYOUT_ERRORS
  Generation Time=0:00:00  User=0.00 Sys=0.00 Mem=0.001 GB
Shutdown requested by client linux11109(8035):14
0 clients remain connected
Client linux11109(8035):14 connection closed
Overall server Time=0:00:12  User=0.02 Sys=0.03 Mem=0.001 GB SQLite=0.005 GB Unpooled=0.000 GB
