Unset QT_XCB_NATIVE_PAINTING for VUE
DEBUG: ConnectToServer: linux11109.dc.engr.scu.edu 52759
DEBUG: connect back to custom compiler: 'linux11109.dc.engr.scu.edu:52759'

< LAYOUT: start_vue >
V SET_COLOR white       white
V SET_COLOR red         red
V SET_COLOR darkRed     maroon
V SET_COLOR green       lime
V SET_COLOR darkGreen   forest
V SET_COLOR blue        blue
V SET_COLOR darkBlue    navy
V SET_COLOR cyan        cyan
V SET_COLOR darkCyan    cadetBlue
V SET_COLOR magenta     magenta
V SET_COLOR darkMagenta purple
V SET_COLOR yellow      yellow
V SET_FILL  blank       blank
V SET_FILL  solid       solid
V SET_FILL  backSlash   backSlash
V SET_FILL  slash       slash
V SET_FILL  dot         dots
V SET_FILL  diagCross   X
V SET_FILL  brick       brick
V SET_FILL  horizontal  hLine
V SET_FILL  vertical    vLine
L CDESIGNER::StartFilter LAY
DEBUG: PushBackXprobeMessage{vueSupportedCommands start_vue,quit_vue,start_filter,load_hercules,new_block,edit_in_place,close_block,zoom_all,zoom_in,zoom_out,zoom_extents,before_hilite,after_hilite,primary_hilite,secondary_hilite,remove_hilites,poly_begin,poly_end,poly_point,poly_point_set,poly_set,select_point,select_window,query_info,set_layer,hilite_visibility,hilite_color
}
L set topLayLCV  ""
  + INFO: Tcl-DP service had been loaded.
L set curLayLCV  ""

< LAYOUT: start_filter >
L CDESIGNER::SendCommand setWorkingDir "[pwd]"
DEBUG: ConnectToServer: linux11109.dc.engr.scu.edu 52759
DEBUG: return previous client linux11109.dc.engr.scu.edu:52759

< SCHEMATIC: start_vue >
V SET_COLOR white       white
V SET_COLOR red         red
V SET_COLOR darkRed     maroon
V SET_COLOR green       lime
V SET_COLOR darkGreen   forest
V SET_COLOR blue        blue
V SET_COLOR darkBlue    navy
V SET_COLOR cyan        cyan
V SET_COLOR darkCyan    cadetBlue
V SET_COLOR magenta     magenta
V SET_COLOR darkMagenta purple
V SET_COLOR yellow      yellow
V SET_FILL  blank       blank
V SET_FILL  solid       solid
V SET_FILL  backSlash   backSlash
V SET_FILL  slash       slash
V SET_FILL  dot         dots
V SET_FILL  diagCross   X
V SET_FILL  brick       brick
V SET_FILL  horizontal  hLine
V SET_FILL  vertical    vLine
S CDESIGNER::StartFilter SCH
DEBUG: PushBackXprobeMessage{vueSupportedCommands start_vue,quit_vue,start_filter,load_hercules,new_block,edit_in_place,close_block,zoom_all,zoom_in,zoom_out,zoom_extents,before_hilite,after_hilite,primary_hilite,secondary_hilite,remove_hilites,poly_begin,poly_end,poly_point,poly_point_set,poly_set,select_point,select_window,query_info,set_layer,hilite_visibility,hilite_color
}
S set curModule ""

< SCHEMATIC: start_filter >
S CDESIGNER::SendCommand setWorkingDir "[pwd]"

< LAYOUT: load_hercules >
L set topLayLCV "fourbitadder/halfadder/layout"
L set curLayLCV "$topLayLCV"
L CDESIGNER::SendCommand setWorkingDir "/DCNFS/users/student/cazzarel/Tutorial/synopsys_custom/pvjob_fourbitadder.halfadder.icv.lvs"

< SCHEMATIC: load_hercules >
S set curModule "halfadder"
L CDESIGNER::SendCommand setTopLayLCV "$topLayLCV"
L CDESIGNER::SendCommand openLCV "$curLayLCV"
S CDESIGNER::SendCommand setWorkingDir "/DCNFS/users/student/cazzarel/Tutorial/synopsys_custom/pvjob_fourbitadder.halfadder.icv.lvs"
S CDESIGNER::SendCommand openModule "$curModule"
DEBUG: PushBackXprobeMessage{vueSetDbu 0.00625
}
DEBUG: PopFrontXprobeMessage{} : /vueSupportedCommands start_vue,quit_vue,start_filter,load_hercules,new_block,edit_in_place,close_block,zoom_all,zoom_in,zoom_out,zoom_extents,before_hilite,after_hilite,primary_hilite,secondary_hilite,remove_hilites,poly_begin,poly_end,poly_point,poly_point_set,poly_set,select_point,select_window,query_info,set_layer,hilite_visibility,hilite_color
/ /{vueSupportedCommands start_vue,quit_vue,start_filter,load_hercules,new_block,edit_in_place,close_block,zoom_all,zoom_in,zoom_out,zoom_extents,before_hilite,after_hilite,primary_hilite,secondary_hilite,remove_hilites,poly_begin,poly_end,poly_point,poly_point_set,poly_set,select_point,select_window,query_info,set_layer,hilite_visibility,hilite_color
} {vueSetDbu 0.00625
}/
DEBUG: PopFrontXprobeMessage{} : /vueSupportedCommands start_vue,quit_vue,start_filter,load_hercules,new_block,edit_in_place,close_block,zoom_all,zoom_in,zoom_out,zoom_extents,before_hilite,after_hilite,primary_hilite,secondary_hilite,remove_hilites,poly_begin,poly_end,poly_point,poly_point_set,poly_set,select_point,select_window,query_info,set_layer,hilite_visibility,hilite_color
/ /{vueSetDbu 0.00625
}/
DEBUG: PopFrontXprobeMessage{} : /vueSetDbu 0.00625
/ //

< LAYOUT: remove_hilites >
L CDESIGNER::SendCommand clearAllHighlights $curLayLCV

< SCHEMATIC: remove_hilites >
S CDESIGNER::SendCommand clearAllProbes "$curModule"

< LAYOUT: remove_hilites >
L CDESIGNER::SendCommand clearAllHighlights $curLayLCV

< SCHEMATIC: remove_hilites >
S CDESIGNER::SendCommand clearAllProbes "$curModule"

< LAYOUT: edit_in_place >
V ZOOM_EXTENTS_RESET
L CDESIGNER::SendCommand clearAllHighlights "$curLayLCV"

< SCHEMATIC: new_block >
S CDESIGNER::SendCommand clearAllProbes "$curModule"
L set curLayLCV "fourbitadder/halfadder/layout"
S set curModule "halfadder"
L CDESIGNER::SendCommand openLCVInstance "$topLayLCV" "$curLayLCV"
S CDESIGNER::SendCommand openModule "$curModule"

< LAYOUT: remove_hilites >
L CDESIGNER::SendCommand clearAllHighlights $curLayLCV

< SCHEMATIC: remove_hilites >
S CDESIGNER::SendCommand clearAllProbes "$curModule"

< LAYOUT: remove_hilites >
L CDESIGNER::SendCommand clearAllHighlights $curLayLCV

< SCHEMATIC: remove_hilites >
S CDESIGNER::SendCommand clearAllProbes "$curModule"

< LAYOUT: remove_hilites >
L CDESIGNER::SendCommand clearAllHighlights $curLayLCV

< SCHEMATIC: remove_hilites >
S CDESIGNER::SendCommand clearAllProbes "$curModule"

< LAYOUT: remove_hilites >
L CDESIGNER::SendCommand clearAllHighlights $curLayLCV

< SCHEMATIC: remove_hilites >
S CDESIGNER::SendCommand clearAllProbes "$curModule"

< LAYOUT: remove_hilites >
L CDESIGNER::SendCommand clearAllHighlights $curLayLCV

< SCHEMATIC: remove_hilites >
S CDESIGNER::SendCommand clearAllProbes "$curModule"

< LAYOUT: remove_hilites >
L CDESIGNER::SendCommand clearAllHighlights $curLayLCV

< SCHEMATIC: remove_hilites >
S CDESIGNER::SendCommand clearAllProbes "$curModule"

< LAYOUT: remove_hilites >
L CDESIGNER::SendCommand clearAllHighlights $curLayLCV

< SCHEMATIC: remove_hilites >
S CDESIGNER::SendCommand clearAllProbes "$curModule"

< SCHEMATIC: before_hilite >

< SCHEMATIC: net_hilite >
S CDESIGNER::SendCommand setProbeProperty "yellow" "brick"
S CDESIGNER::SendCommand addProbe $curModule "Y" "net"

< SCHEMATIC: after_hilite >
S CDESIGNER::SendCommand zoomToProbes $curModule
DEBUG: PushBackXprobeMessage{vueSetDbu 0.00625
}

< SCHEMATIC: zoom_extents >

< LAYOUT: before_hilite >
V ZOOM_EXTENTS_RESET
L CDESIGNER::SendCommand setHiliteId ""

< LAYOUT: primary_hilite >
L CDESIGNER::SendCommand setHighlightProperty "yellow" "brick"

< LAYOUT: poly_set >
L CDESIGNER::SendCommand HighlightFromFile $curLayLCV "/tmp/cazzarel_vue_ruIvZP/highlight_20210313154818_000000.oas" "eb7841b596d14b0d2c8e1947c8923a81"

< LAYOUT: after_hilite >
L CDESIGNER::SendCommand drawHighlights $curLayLCV

< LAYOUT: zoom_extents >
L CDESIGNER::SendCommand setViewPort $curLayLCV [list 0.7 -4.29375 6.3 -0.25625]
DEBUG: PopFrontXprobeMessage{} : /vueSetDbu 0.00625
/ //

< LAYOUT: remove_hilites >
L CDESIGNER::SendCommand clearAllHighlights $curLayLCV

< SCHEMATIC: remove_hilites >
S CDESIGNER::SendCommand clearAllProbes "$curModule"

< LAYOUT: before_hilite >
V ZOOM_EXTENTS_RESET
L CDESIGNER::SendCommand setHiliteId ""

< SCHEMATIC: before_hilite >

< SCHEMATIC: net_hilite >
S CDESIGNER::SendCommand setProbeProperty "yellow" "brick"

< LAYOUT: primary_hilite >
L CDESIGNER::SendCommand setHighlightProperty "yellow" "brick"
S CDESIGNER::SendCommand addProbe $curModule "Y" "net"

< LAYOUT: poly_set >
L CDESIGNER::SendCommand HighlightFromFile $curLayLCV "/tmp/cazzarel_vue_ruIvZP/highlight_20210313154907_000001.oas" "eb7841b596d14b0d2c8e1947c8923a81"

< SCHEMATIC: after_hilite >
S CDESIGNER::SendCommand zoomToProbes $curModule

< LAYOUT: after_hilite >
L CDESIGNER::SendCommand drawHighlights $curLayLCV
DEBUG: PushBackXprobeMessage{vueSetDbu 0.00625
}

< SCHEMATIC: zoom_extents >

< LAYOUT: zoom_extents >
L CDESIGNER::SendCommand setViewPort $curLayLCV [list 0.7 -4.29375 6.3 -0.25625]
DEBUG: PopFrontXprobeMessage{} : /vueSetDbu 0.00625
/ //

< LAYOUT: remove_hilites >
L CDESIGNER::SendCommand clearAllHighlights $curLayLCV

< SCHEMATIC: remove_hilites >
S CDESIGNER::SendCommand clearAllProbes "$curModule"

< LAYOUT: before_hilite >
V ZOOM_EXTENTS_RESET
L CDESIGNER::SendCommand setHiliteId ""

< SCHEMATIC: before_hilite >

< SCHEMATIC: net_hilite >
S CDESIGNER::SendCommand setProbeProperty "yellow" "brick"

< LAYOUT: primary_hilite >
L CDESIGNER::SendCommand setHighlightProperty "yellow" "brick"
S CDESIGNER::SendCommand addProbe $curModule "Y" "net"

< SCHEMATIC: after_hilite >
S CDESIGNER::SendCommand zoomToProbes $curModule

< LAYOUT: poly_set >
L CDESIGNER::SendCommand HighlightFromFile $curLayLCV "/tmp/cazzarel_vue_ruIvZP/highlight_20210313154916_000002.oas" "eb7841b596d14b0d2c8e1947c8923a81"
DEBUG: PushBackXprobeMessage{vueSetDbu 0.00625
}

< SCHEMATIC: zoom_extents >

< LAYOUT: after_hilite >
L CDESIGNER::SendCommand drawHighlights $curLayLCV

< LAYOUT: zoom_extents >
L CDESIGNER::SendCommand setViewPort $curLayLCV [list 0.7 -4.29375 6.3 -0.25625]
DEBUG: PopFrontXprobeMessage{} : /vueSetDbu 0.00625
/ //
