[15:59:09.32] /r giWindowId 0
[15:59:09.32] /r giWindowGeometry 600x300
[15:59:09.33] /o 
              /c                                 Custom Compiler 
              /c 
              /c               Version P-2019.06-SP1-7 for linux64 - Feb 13, 2020 
              /c 
              /c                     Copyright (c) 2004 - 2020 Synopsys, Inc.
              /c    This software and the associated documentation are proprietary to Synopsys,
              /c  Inc. This software may only be used in accordance with the terms and conditions
              /c  of a written license agreement with Synopsys, Inc. All other use, reproduction,
              /c             or distribution of this software is strictly prohibited.
              /c 
              /c Build  (OPT) Config 5329942 compiled on Thu Feb 13 14:05:50 2020 for RHEL64 6.6
              /c Invocation: /DCNFS/applications/synopsys/2019/app/customcompiler/P-2019.06-SP1-7/linux64/platform/bin/custom_compiler
              /c Execution time: Fri Mar  5 15:59:07 2021
              /c Host: linux11108
              /c Working directory: /DCNFS/users/student/cazzarel/Tutorial
              /c 
[15:59:13.75] /r giShowFrameTabs true
[15:59:13.75] /r giWindowId 1
[15:59:13.75] /r giWindowGeometry 1040x800
[15:59:15.06] /# gi::pressButton {/scroll/scrollArea/scrollAreaInnerWidget/applications/dmLibraryManager} -in [gi::getWindows 1]
[15:59:15.06] /# 
[15:59:15.20] /# gi::pressButton {/scroll/scrollArea/scrollAreaInnerWidget/applications/dmLibraryManager} -in [gi::getWindows 1]
[15:59:15.20] /# 
[15:59:15.37] /i dm::showLibraryManager
[15:59:15.37] /r giWindowId 2
[15:59:15.37] /r giWindowGeometry 660x600+50+75
[15:59:15.42] /o oa:0x20e90600
[15:59:15.50] /i dm::showLibraryManager
[15:59:15.50] /o oa:0x1d3c2fc0
[15:59:17.52] /i gi::setCurrentIndex {libs} -index {Adder} -in [gi::getWindows 2]
[15:59:17.54] /i gi::setItemSelection {libs} -index {Adder} -in [gi::getWindows 2]
[15:59:20.16] /i gi::setCurrentIndex {libs} -index {parasitics} -in [gi::getWindows 2]
[15:59:20.18] /i gi::setItemSelection {libs} -index {parasitics} -in [gi::getWindows 2]
[15:59:20.71] /i gi::setCurrentIndex {libs} -index {fourbitadder} -in [gi::getWindows 2]
[15:59:20.72] /i gi::setItemSelection {libs} -index {fourbitadder} -in [gi::getWindows 2]
[15:59:21.46] /i gi::setCurrentIndex {cells} -index {fourbitripplecarryadder} -in [gi::getWindows 2]
[15:59:21.53] /i gi::setItemSelection {cells} -index {fourbitripplecarryadder} -in [gi::getWindows 2]
[15:59:22.20] /i gi::setCurrentIndex {cells} -index {halfadder} -in [gi::getWindows 2]
[15:59:22.27] /i gi::setItemSelection {cells} -index {halfadder} -in [gi::getWindows 2]
[15:59:22.76] /i gi::setCurrentIndex {cells} -index {fulladder} -in [gi::getWindows 2]
[15:59:22.82] /i gi::setItemSelection {cells} -index {fulladder} -in [gi::getWindows 2]
[15:59:23.32] /i gi::setCurrentIndex {cells} -index {halfadder} -in [gi::getWindows 2]
[15:59:23.38] /i gi::setItemSelection {cells} -index {halfadder} -in [gi::getWindows 2]
[15:59:28.45] /i gi::setCurrentIndex {cells} -index {ripplecarrytestbench} -in [gi::getWindows 2]
[15:59:28.53] /i gi::setItemSelection {cells} -index {ripplecarrytestbench} -in [gi::getWindows 2]
[15:59:29.14] /i gi::setCurrentIndex {cells} -index {halfadder} -in [gi::getWindows 2]
[15:59:29.20] /i gi::setItemSelection {cells} -index {halfadder} -in [gi::getWindows 2]
[15:59:33.04] /i gi::setCurrentIndex {cells} -index {ripplecarrytestbench} -in [gi::getWindows 2]
[15:59:33.11] /i gi::setItemSelection {cells} -index {ripplecarrytestbench} -in [gi::getWindows 2]
[15:59:34.25] /i gi::setCurrentIndex {views} -index {schematic} -in [gi::getWindows 2]
[15:59:34.28] /i gi::setItemSelection {views} -index {schematic} -in [gi::getWindows 2]
[15:59:34.41] /i gi::executeAction {dmOpen} -in [gi::getWindows 2]
[15:59:34.47] /m Information: License 'Schematic' checked out. (LICENSE-003)
[15:59:34.55] /r giWindowId 3
[15:59:34.56] /r giWindowGeometry 2176x1226
[15:59:35.13] /i db::setAttr dockSize -of [gi::getAssistants dePropertyEditor -from [gi::getWindows 3]] -value 290x179
[15:59:36.69] /i db::setAttr maximized -of [gi::getFrames 1] -value true
[15:59:37.02] /# gi::executeAction {deSelectActive} -in [gi::getWindows 3]
[15:59:37.02] /i de::deselectAllLogic -context [de::getContexts -filter {%editDesign==[db::getAttr editDesign -of [db::getNext [de::getContexts -window 3]]]}]
[15:59:37.02] /i db::setAttr dockSize -of [gi::getAssistants deMarkerBrowser -from [gi::getWindows 3]] -value 290x1150
[15:59:37.06] /i db::setAttr geometry -of [gi::getFrames 1] -value 2550x1330+5+53
[15:59:38.37] /# gi::executeAction {deFitEdit} -in [gi::getWindows 3]
[15:59:38.37] /i de::fit -window 3 -fitEdit true
[15:59:43.51] /# gi::executeAction {deSelectActive} -in [gi::getWindows 3]
[15:59:43.51] /i de::deselectAll [db::getNext [de::getContexts -window 3]]
[15:59:43.51] /i de::select [de::getActiveFigure [gi::getWindows 3] -point {0.3875 3.05} -index 0 -intent none]
[15:59:43.51] /o oa:0x20cf4bd0
[15:59:44.75] /i gi::executeAction {sePropertyEditorToggle} -in [gi::getWindows 3]
[15:59:44.75] /# db::setAttr shown -of [gi::getAssistants dePropertyEditor -from [gi::getWindows 3]] -value true
[15:59:45.04] /i db::setAttr dockSize -of [gi::getAssistants dePropertyEditor -from [gi::getWindows 3]] -value 290x1150
[15:59:47.04] /i gi::setItemSelection {parameters} -index {vdc,all} -in [gi::getAssistants dePropertyEditor -from [gi::getWindows 3]]
[15:59:47.04] /i gi::setCurrentIndex {parameters} -index {vdc,Value} -in [gi::getAssistants dePropertyEditor -from [gi::getWindows 3]]
[15:59:49.07] /i gi::setField {parameters} -value {1.2} -index {vdc,Value} -in [gi::getAssistants dePropertyEditor -from [gi::getWindows 3]]
[15:59:49.81] /# gi::executeAction {deSelectActive} -in [gi::getWindows 3]
[15:59:49.81] /i de::deselectAll [db::getNext [de::getContexts -window 3]]
[15:59:49.85] /r giDialog gi::setActiveDialog [gi::getDialogs {dbSelectionChange} -parent [gi::getWindows 3]]
[15:59:50.13] /r giDialog db::setAttr geometry -of [gi::getDialogs {dbSelectionChange} -parent [gi::getWindows 3]] -value 432x82+1054+625
[15:59:51.27] /r giDialog gi::pressButton {apply} -in [gi::getDialogs {dbSelectionChange} -parent [gi::getWindows 3]]
[15:59:51.29] /i de::deselectAllLogic -context [de::getContexts -filter {%editDesign==[db::getAttr editDesign -of [db::getNext [de::getContexts -window 3]]]}]
[15:59:51.85] /# gi::executeAction {deSelectActive} -in [gi::getWindows 3]
[15:59:51.85] /i de::deselectAllLogic -context [de::getContexts -filter {%editDesign==[db::getAttr editDesign -of [db::getNext [de::getContexts -window 3]]]}]
[16:00:08.64] /# gi::executeAction {seShowConsoleForWindow} -in [gi::getWindows 3]
[16:00:08.64] /i sa::showConsole -context [db::getNext [de::getContexts -window 3]]
[16:00:12.62] /r giWindowId 4
[16:00:12.63] /r giWindowGeometry 600x500
[16:00:12.91] /m Information: Launching Background sae_shell Server Process "cd /DCNFS/users/student/cazzarel/Tutorial && sae_shell -log sae_shell_session0_job1 -libDefFile /DCNFS/users/student/cazzarel/Tutorial/lib.defs"
[16:00:15.46] /# gi::executeAction {saLoadState} -in [gi::getWindows 4]
[16:00:15.46] /i sa::showLoadState -parent 4
[16:00:16.18] /i gi::setActiveDialog [gi::getDialogs {saShowLoadState} -parent [gi::getWindows 4]]
[16:00:16.53] /i db::setAttr geometry -of [gi::getDialogs {saShowLoadState} -parent [gi::getWindows 4]] -value 603x696+1072+535
[16:00:18.20] /i gi::pressButton {/ok} -in [gi::getDialogs {saShowLoadState} -parent [gi::getWindows 4]]
[16:00:20.13] /m Information: Received ready-for-commands signal from background job 'sae_shell_session0_job1' after 8 seconds.
[16:00:20.98] /# gi::executeAction {saNetlistAndRun} -in [gi::getWindows 4]
[16:00:20.98] /i isa::netlistAndRun -testbench [sa::findActiveTestbench -window 4] -mode [sa::_utils::findRunMode 4]
[16:00:21.17] /r giDialog gi::setActiveDialog [gi::getDialogs {xtShowDesignsPrompt}]
[16:00:21.17] /r giDialog gi::setCurrentIndex {target} -index {0,0} -in [gi::getDialogs {xtShowDesignsPrompt}]
[16:00:21.43] /r giDialog db::setAttr geometry -of [gi::getDialogs {xtShowDesignsPrompt}] -value 649x290+946+521
[16:00:24.81] /r giDialog gi::pressButton {ok} -in [gi::getDialogs {xtShowDesignsPrompt}]
[16:00:24.87] /m Information: 
[16:00:24.87] /o Checking "fourbitadder/ripplecarrytestbench/schematic"
[16:00:24.87] /o No rule violations found in "fourbitadder/ripplecarrytestbench/schematic"
[16:00:24.88] /o No Design Integrity rule violations found in "fourbitadder/ripplecarrytestbench/schematic"
[16:00:24.88] /m Information: Checking process is completed: marking the design violations
[16:00:24.89] /m Information: Marking of designs is completed
[16:00:24.99] /r giWindowId 5
[16:00:25.00] /r giWindowGeometry 800x600
[16:00:25.15] /m Information: "Starting incremental netlisting for design "fourbitadder/ripplecarrytestbench/schematic"..." (NETLISTING-010)
[16:00:25.21] /o No Design Integrity rule violations found in "fourbitadder/ripplecarrytestbench/schematic"
[16:00:25.50] /o 	############################################
[16:00:25.50] /o 	        Synopsys Generic 90nm iPDK          
[16:00:25.50] /o 	--------------------------------------------
[16:00:25.50] /o 	Release Date .............. : 11-May-2016    
[16:00:25.50] /o 	============================================
[16:00:25.50] /o 	        Recommended Tool Versions           
[16:00:25.50] /o 	--------------------------------------------
[16:00:25.50] /o 	Custom Designer ........... : J-2014.12-2    
[16:00:25.50] /o 	IC Validator .............. : K-2015.12   
[16:00:25.50] /o 	StarRC..................... : K-2015.12  
[16:00:25.50] /o 	--------------------------------------------
[16:00:25.50] /o 	############################################
[16:00:25.50] /o 
[16:00:25.52] /o SAED PDK 90: Loaded callbacks
[16:00:25.55] /o SAED PDK 90: Loaded display resources
[16:00:26.04] /m Information: "fourbitadder ripplecarrytestbench schematic" renetlisted. (NETLISTING-056)
[16:00:26.30] /m Information: "Netlisting design "fourbitadder/ripplecarrytestbench/schematic" finished successfully." (NETLISTING-012)
[16:00:26.35] /m Information: "Composing simulator input file for design "fourbitadder/ripplecarrytestbench/schematic"..."
[16:00:26.79] /m Information: "Simulator input file composed successfully for design "fourbitadder/ripplecarrytestbench/schematic""
[16:00:28.99] /m Information: "Starting HSPICE simulation for design: fourbitadder/ripplecarrytestbench/schematic"
[16:00:30.07] /m Information: "Simulation completed successfully for design: fourbitadder/ripplecarrytestbench/schematic "
[16:00:31.60] /m Information: Launching Background sae_shell Server Process "cd /DCNFS/users/student/cazzarel/Tutorial && sae_shell -log sae_shell_session0_job2 -libDefFile /DCNFS/users/student/cazzarel/Tutorial/lib.defs"
[16:00:31.60] /i gi::collapse {jobMonitorTable} -index {0.0.1,0} -in [gi::getWindows 5]
[16:00:31.62] /m Information: "Evaluating and plotting outputs..."
[16:00:31.69] /m Information: Started sharing "Custom WaveView ADV" license. (WAVEFORM-110)
[16:00:32.66] /m Information: Launching Waveform Viewer "cd /DCNFS/users/student/cazzarel/Tutorial/synopsys_custom &&  wv  -k -cdesigner -spxkey /DCNFS/applications/synopsys/2019/app/customcompiler/P-2019.06-SP1-7/auxx/waveform/sae.spxkey -spxrc /tmp/tmp_sae_spxrc_mVOEkH -unique_string 791d4426b17dc5d6e845291252c7cb8cfd7b55f65afc074d1433137efe52ece5ae05416892021845 -lic_type 2    > /DCNFS/users/student/cazzarel/Tutorial/synopsys_custom/viewer.log 2>&1"
[16:00:32.66] /i gi::collapse {jobMonitorTable} -index {0.0,0} -in [gi::getWindows 5]
[16:00:34.70] /m Information: Measurement calculations completed for testbench: HSPICE_default in 0s
[16:00:38.53] /m Information: Received ready-for-commands signal from background job 'sae_shell_session0_job2' after 7 seconds.
[16:00:55.98] /i gi::setCurrentIndex {jobMonitorTable} -index {0.0.0.0,0} -in [gi::getWindows 5]
[16:00:55.98] /i gi::setItemSelection {jobMonitorTable} -index {0.0.0.0,all} -in [gi::getWindows 5]
[16:00:56.95] /i gi::setCurrentIndex {jobMonitorTable} -index {0.0.0.0.0,0} -in [gi::getWindows 5]
[16:00:56.95] /i gi::setItemSelection {jobMonitorTable} -index {0.0.0.0.0,all} -in [gi::getWindows 5]
[16:00:58.26] /i gi::setCurrentIndex {jobMonitorTable} -index {0.0.0.0.0,1} -in [gi::getWindows 5]
[16:00:58.42] /i gi::executeAction xtJobMonitorViewOutput -in 5
[16:00:58.42] /# xt::_jobMonitorActions::viewOutput 5
[16:00:58.42] /r giWindowId 6
[16:00:58.44] /r giWindowGeometry 800x600
[16:01:03.42] /i gi::setActiveTab {tabs} -tabName {hspice.lis} -in [gi::getWindows 6]
[16:01:08.91] /i gi::setActiveWindow 5
[16:01:08.91] /i gi::setActiveWindow 5 -raise true
[16:01:10.07] /i gi::setCurrentIndex {jobMonitorTable} -index {0.0.0.1.0,0} -in [gi::getWindows 5]
[16:01:10.07] /i gi::setItemSelection {jobMonitorTable} -index {0.0.0.1.0,all} -in [gi::getWindows 5]
[16:01:10.57] /i gi::setCurrentIndex {jobMonitorTable} -index {0.0.0.0.0,0} -in [gi::getWindows 5]
[16:01:10.57] /i gi::setItemSelection {jobMonitorTable} -index {0.0.0.0.0,all} -in [gi::getWindows 5]
[16:01:11.22] /i gi::setCurrentIndex {jobMonitorTable} -index {0.0.0.1.0,0} -in [gi::getWindows 5]
[16:01:11.22] /i gi::setItemSelection {jobMonitorTable} -index {0.0.0.1.0,all} -in [gi::getWindows 5]
[16:01:35.13] /i db::setAttr geometry -of [gi::getFrames 1] -value 1262x1320+5+53
[16:01:39.45] /i db::setAttr geometry -of [gi::getFrames 1] -value 2550x1330+5+53
[16:05:14.04] /i db::setAttr geometry -of [gi::getFrames 1] -value 1262x1320+5+53
[16:05:24.81] /i db::setAttr geometry -of [gi::getFrames 1] -value 2550x1330+5+53
[16:05:39.73] /m Information: Stopped sharing "Custom WaveView ADV" license. (WAVEFORM-111)
[16:05:43.75] /m Information: Waveform viewer exited normally.
[16:05:45.69] /i gi::setCurrentIndex {jobMonitorTable} -index {0.0.0.0.0,1} -in [gi::getWindows 5]
[16:05:45.69] /i gi::setItemSelection {jobMonitorTable} -index {0.0.0.0.0,all} -in [gi::getWindows 5]
[16:05:47.94] /i gi::executeAction giCloseWindow -in [gi::getWindows 5]
[16:05:49.27] /i gi::executeAction giCloseWindow -in [gi::getWindows 6]
[16:05:50.83] /i gi::executeAction {menuPreShow} -in [gi::getWindows 4]
[16:05:50.83] /r giMenuAccess db::getNext [gi::getMenus saConsoleSetupMenu -from [gi::getWindows 4]]
[16:05:51.46] /i gi::executeAction {menuPreShow} -in [gi::getWindows 4]
[16:05:51.46] /r giMenuAccess db::getNext [gi::getMenus saConsoleSessionMenu -from [gi::getWindows 4]]
[16:05:52.55] /# gi::executeAction {saSaveState} -in [gi::getWindows 4]
[16:05:52.55] /i sa::showSaveState -parent 4
[16:05:53.16] /i gi::setActiveDialog [gi::getDialogs {saShowSaveState} -parent [gi::getWindows 4]]
[16:05:53.43] /i db::setAttr geometry -of [gi::getDialogs {saShowSaveState} -parent [gi::getWindows 4]] -value 502x639+1020+545
[16:05:55.41] /i gi::pressButton {/ok} -in [gi::getDialogs {saShowSaveState} -parent [gi::getWindows 4]]
[16:05:55.77] /o 0
[16:05:58.25] /i gi::executeAction giCloseWindow -in [gi::getWindows 4]
[16:05:58.60] /i gi::setActiveWindow 2
[16:05:58.60] /i gi::setActiveWindow 2 -raise true
[16:05:59.54] /i gi::setActiveWindow 3
[16:05:59.54] /i gi::setActiveWindow 3 -raise true
[16:06:03.25] /i gi::executeAction giCloseWindow -in [gi::getWindows 3]
[16:06:05.02] /i gi::executeAction giCloseWindow -in [gi::getWindows 2]
[16:06:07.45] /i exit
[16:06:07.48] /r giDialog gi::setActiveDialog [gi::getDialogs {deExitDialog} -parent [gi::getWindows 1]]
[16:06:07.75] /r giDialog db::setAttr geometry -of [gi::getDialogs {deExitDialog} -parent [gi::getWindows 1]] -value 419x207+1061+563
[16:06:11.17] /r giDialog gi::pressButton {ok} -in [gi::getDialogs {deExitDialog} -parent [gi::getWindows 1]]
[16:06:12.26] /o Shutdown time: Fri Mar  5 16:06:12 2021
[16:06:12.26] /o Elapsed session real time: 7.05 minutes
[16:06:12.26] /o Session terminated. Log is at /DCNFS/users/student/cazzarel/Tutorial/synopsys_custom/logs/ccompiler.cazzarel.2021_3_5_155907_13541.log
