[14:56:46.77] /r giWindowId 0
[14:56:46.77] /r giWindowGeometry 600x300
[14:56:46.79] /o 
              /c                                 Custom Compiler 
              /c 
              /c               Version P-2019.06-SP1-7 for linux64 - Feb 13, 2020 
              /c 
              /c                     Copyright (c) 2004 - 2020 Synopsys, Inc.
              /c    This software and the associated documentation are proprietary to Synopsys,
              /c  Inc. This software may only be used in accordance with the terms and conditions
              /c  of a written license agreement with Synopsys, Inc. All other use, reproduction,
              /c             or distribution of this software is strictly prohibited.
              /c 
              /c Build  (OPT) Config 5329942 compiled on Thu Feb 13 14:05:50 2020 for RHEL64 6.6
              /c Invocation: /DCNFS/applications/synopsys/2019/app/customcompiler/P-2019.06-SP1-7/linux64/platform/bin/custom_compiler
              /c Execution time: Fri Jan  8 14:56:42 2021
              /c Host: linux11111
              /c Working directory: /DCNFS/users/student/cazzarel/Tutorial
              /c 
[14:56:54.28] /r giShowFrameTabs true
[14:56:54.28] /r giWindowId 1
[14:56:54.28] /r giWindowGeometry 1040x800
[14:57:12.63] /i exit
[14:57:12.67] /r giDialog gi::setActiveDialog [gi::getDialogs {deExitDialog} -parent [gi::getWindows 1]]
[14:57:12.96] /r giDialog db::setAttr geometry -of [gi::getDialogs {deExitDialog} -parent [gi::getWindows 1]] -value 419x207+855+782
[14:57:14.36] /r giDialog gi::pressButton {ok} -in [gi::getDialogs {deExitDialog} -parent [gi::getWindows 1]]
[14:57:15.05] /o Shutdown time: Fri Jan  8 14:57:15 2021
[14:57:15.05] /o Elapsed session real time: 0.48 minutes
[14:57:15.05] /o Session terminated. Log is at /DCNFS/users/student/cazzarel/Tutorial/synopsys_custom/logs/ccompiler.cazzarel.2021_1_8_145642_9535.log
