[15:44:28.07] /r giWindowId 0
[15:44:28.07] /r giWindowGeometry 600x300
[15:44:28.09] /o 
              /c                                 Custom Compiler 
              /c 
              /c               Version P-2019.06-SP1-7 for linux64 - Feb 13, 2020 
              /c 
              /c                     Copyright (c) 2004 - 2020 Synopsys, Inc.
              /c    This software and the associated documentation are proprietary to Synopsys,
              /c  Inc. This software may only be used in accordance with the terms and conditions
              /c  of a written license agreement with Synopsys, Inc. All other use, reproduction,
              /c             or distribution of this software is strictly prohibited.
              /c 
              /c Build  (OPT) Config 5329942 compiled on Thu Feb 13 14:05:50 2020 for RHEL64 6.6
              /c Invocation: /DCNFS/applications/synopsys/2019/app/customcompiler/P-2019.06-SP1-7/linux64/platform/bin/custom_compiler
              /c Execution time: Fri Mar  5 15:44:25 2021
              /c Host: linux11108
              /c Working directory: /DCNFS/users/student/cazzarel/Tutorial
              /c 
[15:44:32.24] /r giShowFrameTabs true
[15:44:32.24] /r giWindowId 1
[15:44:32.24] /r giWindowGeometry 1040x800
[15:44:48.25] /# gi::pressButton {/scroll/scrollArea/scrollAreaInnerWidget/applications/dmLibraryManager} -in [gi::getWindows 1]
[15:44:48.25] /# 
[15:44:48.43] /# gi::pressButton {/scroll/scrollArea/scrollAreaInnerWidget/applications/dmLibraryManager} -in [gi::getWindows 1]
[15:44:48.43] /# 
[15:44:48.56] /i dm::showLibraryManager
[15:44:48.56] /r giWindowId 2
[15:44:48.56] /r giWindowGeometry 660x600+50+75
[15:44:48.60] /o oa:0x21046be0
[15:44:49.62] /i gi::setCurrentIndex {libs} -index {Adder} -in [gi::getWindows 2]
[15:44:49.63] /i gi::setItemSelection {libs} -index {Adder} -in [gi::getWindows 2]
[15:44:50.86] /i gi::setCurrentIndex {libs} -index {Tutorial} -in [gi::getWindows 2]
[15:44:50.88] /i gi::setItemSelection {libs} -index {Tutorial} -in [gi::getWindows 2]
[15:44:51.43] /i gi::setCurrentIndex {libs} -index {analogLib} -in [gi::getWindows 2]
[15:44:51.52] /i gi::setItemSelection {libs} -index {analogLib} -in [gi::getWindows 2]
[15:44:52.51] /i gi::setCurrentIndex {libs} -index {fourbitadder} -in [gi::getWindows 2]
[15:44:52.52] /i gi::setItemSelection {libs} -index {fourbitadder} -in [gi::getWindows 2]
[15:44:54.27] /i gi::setCurrentIndex {cells} -index {fourbitripplecarryadder} -in [gi::getWindows 2]
[15:44:54.33] /i gi::setItemSelection {cells} -index {fourbitripplecarryadder} -in [gi::getWindows 2]
[15:44:55.59] /i gi::setCurrentIndex {cells} -index {halfadder} -in [gi::getWindows 2]
[15:44:55.65] /i gi::setItemSelection {cells} -index {halfadder} -in [gi::getWindows 2]
[15:44:57.40] /i gi::setCurrentIndex {views} -index {schematic} -in [gi::getWindows 2]
[15:44:57.43] /i gi::setItemSelection {views} -index {schematic} -in [gi::getWindows 2]
[15:44:57.57] /i gi::executeAction {dmOpen} -in [gi::getWindows 2]
[15:44:57.63] /m Information: License 'Schematic' checked out. (LICENSE-003)
[15:44:57.71] /r giWindowId 3
[15:44:57.71] /r giWindowGeometry 2176x1226
[15:44:58.24] /i db::setAttr dockSize -of [gi::getAssistants dePropertyEditor -from [gi::getWindows 3]] -value 290x179
[15:45:00.16] /i db::setAttr maximized -of [gi::getFrames 1] -value true
[15:45:00.46] /i db::setAttr dockSize -of [gi::getAssistants deMarkerBrowser -from [gi::getWindows 3]] -value 290x1150
[15:45:00.53] /i db::setAttr geometry -of [gi::getFrames 1] -value 2550x1330+5+53
[15:45:01.33] /# gi::executeAction {deFitEdit} -in [gi::getWindows 3]
[15:45:01.33] /i de::fit -window 3 -fitEdit true
[15:45:02.19] /# gi::executeAction {deSelectActive} -in [gi::getWindows 3]
[15:45:02.19] /i de::deselectAll [db::getNext [de::getContexts -window 3]]
[15:45:02.19] /i de::select [de::getActiveFigure [gi::getWindows 3] -point {1.6 2.01875} -index 0 -intent none]
[15:45:02.19] /o oa:0x1c3fd5c0
[15:45:02.98] /# gi::executeAction {seDelete} -in [gi::getWindows 3]
[15:45:02.98] /i ise::delete
[15:45:03.84] /# gi::executeAction {deSelectActive} -in [gi::getWindows 3]
[15:45:03.84] /i de::deselectAll [db::getNext [de::getContexts -window 3]]
[15:45:03.84] /i de::select [de::getActiveFigure [gi::getWindows 3] -point {1.54375 0.8875} -index 0 -intent none]
[15:45:03.84] /o oa:0x21dec5d0
[15:45:04.06] /# gi::executeAction {seDelete} -in [gi::getWindows 3]
[15:45:04.06] /i ise::delete
[15:45:08.67] /# gi::executeAction {seCreateInst} -in [gi::getWindows 3]
[15:45:08.67] /i ise::createInst
[15:45:08.68] /i gi::setField {parametersExpand} -value {false} -in [gi::getDialogs {seCreateInst} -parent [gi::getWindows 3]]
[15:45:08.68] /i gi::setField {parametersExpand} -value {true} -in [gi::getDialogs {seCreateInst} -parent [gi::getWindows 3]]
[15:45:08.72] /i gi::setActiveDialog [gi::getDialogs {seCreateInst} -parent [gi::getWindows 3]]
[15:45:09.06] /i db::setAttr geometry -of [gi::getDialogs {seCreateInst} -parent [gi::getWindows 3]] -value 359x337+2+53
[15:45:10.95] /i gi::setField {parametersExpand} -value {false} -in [gi::getDialogs {seCreateInst} -parent [gi::getWindows 3]]
[15:45:10.95] /i gi::setField {parametersExpand} -value {true} -in [gi::getDialogs {seCreateInst} -parent [gi::getWindows 3]]
[15:45:10.95] /i gi::setField {instMasterLib} -value {Adder} -in [gi::getDialogs {seCreateInst} -parent [gi::getWindows 3]]
[15:45:11.23] /i db::setAttr geometry -of [gi::getDialogs {seCreateInst} -parent [gi::getWindows 3]] -value 359x337+2+53
[15:45:13.19] /o 	############################################
[15:45:13.19] /o 	        Synopsys Generic 90nm iPDK          
[15:45:13.19] /o 	--------------------------------------------
[15:45:13.19] /o 	Release Date .............. : 11-May-2016    
[15:45:13.19] /o 	============================================
[15:45:13.19] /o 	        Recommended Tool Versions           
[15:45:13.19] /o 	--------------------------------------------
[15:45:13.19] /o 	Custom Designer ........... : J-2014.12-2    
[15:45:13.19] /o 	IC Validator .............. : K-2015.12   
[15:45:13.19] /o 	StarRC..................... : K-2015.12  
[15:45:13.19] /o 	--------------------------------------------
[15:45:13.19] /o 	############################################
[15:45:13.19] /o 
[15:45:13.22] /o SAED PDK 90: Loaded callbacks
[15:45:13.25] /o SAED PDK 90: Loaded display resources
[15:45:13.28] /i gi::setField {parametersExpand} -value {false} -in [gi::getDialogs {seCreateInst} -parent [gi::getWindows 3]]
[15:45:13.28] /i gi::setField {parametersExpand} -value {true} -in [gi::getDialogs {seCreateInst} -parent [gi::getWindows 3]]
[15:45:13.29] /i gi::setField {instMasterCell} -value {XOR} -in [gi::getDialogs {seCreateInst} -parent [gi::getWindows 3]]
[15:45:13.60] /i db::setAttr geometry -of [gi::getDialogs {seCreateInst} -parent [gi::getWindows 3]] -value 359x337+2+53
[15:45:17.76] /# gi::executeAction {deCanvasZoomOutAtPoint} -in [gi::getWindows 3]
[15:45:17.76] /i de::zoom -window [gi::getWindows 3] -factor 0.5 -center {1.29375 1.90625}
[15:45:17.80] /# gi::executeAction {deCanvasZoomOutAtPoint} -in [gi::getWindows 3]
[15:45:17.80] /i de::zoom -window [gi::getWindows 3] -factor 0.5 -center {1.30625 1.9}
[15:45:18.88] /# gi::executeAction {deCanvasZoomInAtPoint} -in [gi::getWindows 3]
[15:45:18.88] /i de::zoom -window [gi::getWindows 3] -factor 2.0 -center {0.45 1.15625}
[15:45:18.95] /# gi::executeAction {deCanvasZoomInAtPoint} -in [gi::getWindows 3]
[15:45:18.95] /i de::zoom -window [gi::getWindows 3] -factor 2.0 -center {0.475 1.16875}
[15:45:19.99] /# gi::executeAction {deCanvasZoomOutAtPoint} -in [gi::getWindows 3]
[15:45:19.99] /i de::zoom -window [gi::getWindows 3] -factor 0.5 -center {0.6875 1.1}
[15:45:21.65] /# gi::executeAction {deAddPoint} -in [gi::getWindows 3]
[15:45:21.65] /i de::addPoint {0.36875 1.0625} -context [db::getNext [de::getContexts -window 3]]
[15:45:29.45] /i gi::setField {parametersExpand} -value {false} -in [gi::getDialogs {seCreateInst} -parent [gi::getWindows 3]]
[15:45:29.45] /i gi::setField {parametersExpand} -value {true} -in [gi::getDialogs {seCreateInst} -parent [gi::getWindows 3]]
[15:45:29.45] /i gi::setField {instMasterCell} -value {AND} -in [gi::getDialogs {seCreateInst} -parent [gi::getWindows 3]]
[15:45:29.74] /i db::setAttr geometry -of [gi::getDialogs {seCreateInst} -parent [gi::getWindows 3]] -value 359x337+2+53
[15:45:32.05] /# gi::executeAction {deAddPoint} -in [gi::getWindows 3]
[15:45:32.05] /i de::addPoint {0.23125 -0.125} -context [db::getNext [de::getContexts -window 3]]
[15:45:33.80] /i gi::pressButton {cancel} -in [gi::getDialogs {seCreateInst} -parent [gi::getWindows 3]]
[15:45:35.33] /# gi::executeAction {seSchCreateWire} -in [gi::getWindows 3]
[15:45:35.33] /i ise::createWire
[15:45:36.79] /# gi::executeAction {deAddPoint} -in [gi::getWindows 3]
[15:45:36.79] /i de::addPoint {1.99375 1.9875} -context [db::getNext [de::getContexts -window 3]]
[15:45:36.86] /i de::setCursor -point {2.0625 2 }
[15:45:37.47] /# gi::executeAction {deAddPoint} -in [gi::getWindows 3]
[15:45:37.47] /i de::addPoint {2.275 1.9875} -context [db::getNext [de::getContexts -window 3]]
[15:45:38.67] /# gi::executeAction {deAddPoint} -in [gi::getWindows 3]
[15:45:38.67] /i de::addPoint {1.86875 0.86875} -context [db::getNext [de::getContexts -window 3]]
[15:45:39.52] /# gi::executeAction {deAddPoint} -in [gi::getWindows 3]
[15:45:39.52] /i de::addPoint {2.2625 0.8625} -context [db::getNext [de::getContexts -window 3]]
[15:45:43.55] /# gi::executeAction {seSchCheckAndSave} -in [gi::getWindows 3]
[15:45:43.55] /i ise::check
[15:45:43.60] /m Information: 
              /c Cross view checking for fourbitadder/halfadder/symbol with fourbitadder/halfadder/schematic
              /c No violations found. (DE_EDIT-007)
[15:45:43.61] /m Information: 
[15:45:43.61] /o Checking "fourbitadder/halfadder/schematic"
[15:45:43.61] /o No rule violations found in "fourbitadder/halfadder/schematic"
[15:45:43.61] /m Information: Checking process is completed: marking the design violations
[15:45:43.72] /m Information: Marking of designs is completed
[15:46:16.76] /# gi::executeAction {deCellviewFromCellview} -in [gi::getWindows 3]
[15:46:16.76] /i db::showCellViewFromCellView -src [db::getAttr container -of [db::getAttr editFile -of [db::getNext [de::getContexts -window 3]]]] 
[15:46:16.89] /i gi::setActiveDialog [gi::getDialogs {dbCellViewFromCellView}]
[15:46:17.14] /i db::setAttr geometry -of [gi::getDialogs {dbCellViewFromCellView}] -value 628x339+956+520
[15:46:18.53] /i gi::setField {adjustPins} -value {true} -in [gi::getDialogs {dbCellViewFromCellView}]
[15:46:18.83] /i db::setAttr geometry -of [gi::getDialogs {dbCellViewFromCellView}] -value 628x598+956+520
[15:46:20.35] /i gi::pressButton {ok} -in [gi::getDialogs {dbCellViewFromCellView}]
[15:46:20.40] /r giDialog gi::setActiveDialog [gi::getDialogs {giPrompt}]
[15:46:20.70] /r giDialog db::setAttr geometry -of [gi::getDialogs {giPrompt}] -value 620x82+968+637
[15:46:21.77] /r giDialog gi::pressButton {update} -in [gi::getDialogs {giPrompt}]
[15:46:22.07] /r giWindowId 4
[15:46:22.08] /r giWindowGeometry 2176x1226
[15:46:26.67] /i gi::executeAction {deSaveDesign} -in [gi::getWindows 4]
[15:46:26.68] /m Information: Saving design 'fourbitadder halfadder symbol'. (DESIGN_WINDOW-004)
[15:46:27.75] /i gi::setActiveWindow 2
[15:46:27.75] /i gi::setActiveWindow 2 -raise true
[15:46:29.01] /i gi::setCurrentIndex {cells} -index {fulladder} -in [gi::getWindows 2]
[15:46:29.14] /i gi::setItemSelection {cells} -index {fulladder} -in [gi::getWindows 2]
[15:46:30.47] /i gi::setCurrentIndex {views} -index {schematic} -in [gi::getWindows 2]
[15:46:30.50] /i gi::setItemSelection {views} -index {schematic} -in [gi::getWindows 2]
[15:46:30.73] /i gi::executeAction {dmOpen} -in [gi::getWindows 2]
[15:46:30.79] /r giWindowId 5
[15:46:30.81] /r giWindowGeometry 2176x1226
[15:46:31.33] /i db::setAttr dockSize -of [gi::getAssistants dePropertyEditor -from [gi::getWindows 5]] -value 290x179
[15:46:32.51] /# gi::executeAction {deSelectActive} -in [gi::getWindows 5]
[15:46:32.51] /i de::deselectAll [db::getNext [de::getContexts -window 5]]
[15:46:32.51] /i de::select [de::getActiveFigure [gi::getWindows 5] -point {4.55 1.7125} -index 0 -intent none]
[15:46:32.51] /o oa:0x22690d20
[15:46:34.38] /# gi::executeAction {seDelete} -in [gi::getWindows 5]
[15:46:34.38] /i ise::delete
[15:46:37.11] /# gi::executeAction {seCreateInst} -in [gi::getWindows 5]
[15:46:37.11] /i ise::createInst
[15:46:37.13] /i gi::setField {parametersExpand} -value {false} -in [gi::getDialogs {seCreateInst} -parent [gi::getWindows 5]]
[15:46:37.13] /i gi::setField {parametersExpand} -value {true} -in [gi::getDialogs {seCreateInst} -parent [gi::getWindows 5]]
[15:46:37.17] /i gi::setActiveDialog [gi::getDialogs {seCreateInst} -parent [gi::getWindows 5]]
[15:46:37.46] /i db::setAttr geometry -of [gi::getDialogs {seCreateInst} -parent [gi::getWindows 5]] -value 359x337+2+53
[15:46:38.98] /i gi::setField {parametersExpand} -value {false} -in [gi::getDialogs {seCreateInst} -parent [gi::getWindows 5]]
[15:46:38.98] /i gi::setField {parametersExpand} -value {true} -in [gi::getDialogs {seCreateInst} -parent [gi::getWindows 5]]
[15:46:38.98] /i gi::setField {instMasterLib} -value {Adder} -in [gi::getDialogs {seCreateInst} -parent [gi::getWindows 5]]
[15:46:39.30] /i db::setAttr geometry -of [gi::getDialogs {seCreateInst} -parent [gi::getWindows 5]] -value 359x337+2+53
[15:46:41.16] /i gi::setField {parametersExpand} -value {false} -in [gi::getDialogs {seCreateInst} -parent [gi::getWindows 5]]
[15:46:41.16] /i gi::setField {parametersExpand} -value {true} -in [gi::getDialogs {seCreateInst} -parent [gi::getWindows 5]]
[15:46:41.17] /i gi::setField {instMasterCell} -value {OR} -in [gi::getDialogs {seCreateInst} -parent [gi::getWindows 5]]
[15:46:41.44] /i db::setAttr geometry -of [gi::getDialogs {seCreateInst} -parent [gi::getWindows 5]] -value 359x337+2+53
[15:46:43.67] /i gi::pressButton {rotateCCW} -in [gi::getDialogs {seCreateInst} -parent [gi::getWindows 5]]
[15:46:44.08] /i gi::pressButton {rotateCCW} -in [gi::getDialogs {seCreateInst} -parent [gi::getWindows 5]]
[15:46:44.47] /i gi::pressButton {rotateCCW} -in [gi::getDialogs {seCreateInst} -parent [gi::getWindows 5]]
[15:46:48.09] /# gi::executeAction {deAddPoint} -in [gi::getWindows 5]
[15:46:48.09] /i de::addPoint {3.85625 3.0375} -context [db::getNext [de::getContexts -window 5]]
[15:46:50.60] /i gi::pressButton {cancel} -in [gi::getDialogs {seCreateInst} -parent [gi::getWindows 5]]
[15:46:53.46] /# gi::executeAction {seSchCreateWire} -in [gi::getWindows 5]
[15:46:53.46] /i ise::createWire
[15:46:55.31] /# gi::executeAction {deAddPoint} -in [gi::getWindows 5]
[15:46:55.31] /i de::addPoint {4.55 1.53125} -context [db::getNext [de::getContexts -window 5]]
[15:46:55.47] /i de::setCursor -point {4.5625 1.5 }
[15:46:56.59] /# gi::executeAction {deAddPoint} -in [gi::getWindows 5]
[15:46:56.59] /i de::addPoint {4.575 1.0625} -context [db::getNext [de::getContexts -window 5]]
[15:47:01.24] /# gi::executeAction {seSchCheckAndSave} -in [gi::getWindows 5]
[15:47:01.24] /i ise::check
[15:47:01.28] /m Information: 
              /c Cross view checking for fourbitadder/fulladder/symbol with fourbitadder/fulladder/schematic
              /c No violations found. (DE_EDIT-007)
[15:47:01.29] /m Information: 
[15:47:01.29] /o Checking "fourbitadder/fulladder/schematic"
[15:47:01.29] /o No rule violations found in "fourbitadder/fulladder/schematic"
[15:47:01.29] /m Information: Checking process is completed: marking the design violations
[15:47:01.38] /m Information: Marking of designs is completed
[15:47:05.38] /# gi::executeAction {deCellviewFromCellview} -in [gi::getWindows 5]
[15:47:05.38] /i db::showCellViewFromCellView -src [db::getAttr container -of [db::getAttr editFile -of [db::getNext [de::getContexts -window 5]]]] 
[15:47:05.47] /i gi::setActiveDialog [gi::getDialogs {dbCellViewFromCellView}]
[15:47:05.73] /i db::setAttr geometry -of [gi::getDialogs {dbCellViewFromCellView}] -value 628x598+956+520
[15:47:15.78] /i gi::pressButton {ok} -in [gi::getDialogs {dbCellViewFromCellView}]
[15:47:15.83] /r giDialog gi::setActiveDialog [gi::getDialogs {giPrompt}]
[15:47:16.13] /r giDialog db::setAttr geometry -of [gi::getDialogs {giPrompt}] -value 620x82+968+637
[15:47:16.96] /r giDialog gi::pressButton {update} -in [gi::getDialogs {giPrompt}]
[15:47:17.27] /r giWindowId 6
[15:47:17.29] /r giWindowGeometry 2176x1226
[15:47:20.28] /i gi::executeAction {deSaveDesign} -in [gi::getWindows 6]
[15:47:20.29] /m Information: Saving design 'fourbitadder fulladder symbol'. (DESIGN_WINDOW-004)
[15:47:21.73] /i gi::setActiveWindow 2
[15:47:21.73] /i gi::setActiveWindow 2 -raise true
[15:47:23.81] /i gi::setCurrentIndex {cells} -index {fourbitripplecarryadder} -in [gi::getWindows 2]
[15:47:23.92] /i gi::setItemSelection {cells} -index {fourbitripplecarryadder} -in [gi::getWindows 2]
[15:47:25.76] /i gi::setCurrentIndex {views} -index {schematic} -in [gi::getWindows 2]
[15:47:25.78] /i gi::setItemSelection {views} -index {schematic} -in [gi::getWindows 2]
[15:47:25.92] /i gi::executeAction {dmOpen} -in [gi::getWindows 2]
[15:47:25.98] /r giWindowId 7
[15:47:26.02] /r giWindowGeometry 2176x1226
[15:47:26.53] /i db::setAttr dockSize -of [gi::getAssistants dePropertyEditor -from [gi::getWindows 7]] -value 290x179
[15:47:30.18] /# gi::executeAction {seSchCheckAndSave} -in [gi::getWindows 7]
[15:47:30.18] /i ise::check
[15:47:30.23] /m Information: 
              /c Cross view checking for fourbitadder/fourbitripplecarryadder/symbol with fourbitadder/fourbitripplecarryadder/schematic
              /c No violations found. (DE_EDIT-007)
[15:47:30.24] /m Information: 
[15:47:30.24] /o Checking "fourbitadder/fourbitripplecarryadder/schematic"
[15:47:30.24] /o No rule violations found in "fourbitadder/fourbitripplecarryadder/schematic"
[15:47:30.24] /m Information: Checking process is completed: marking the design violations
[15:47:30.36] /m Information: Marking of designs is completed
[15:47:32.95] /i gi::setActiveWindow 2
[15:47:32.96] /i gi::setActiveWindow 2 -raise true
[15:47:34.10] /i gi::setCurrentIndex {cells} -index {ripplecarrytestbench} -in [gi::getWindows 2]
[15:47:34.15] /i gi::setItemSelection {cells} -index {ripplecarrytestbench} -in [gi::getWindows 2]
[15:47:35.26] /i gi::setCurrentIndex {views} -index {schematic} -in [gi::getWindows 2]
[15:47:35.29] /i gi::setItemSelection {views} -index {schematic} -in [gi::getWindows 2]
[15:47:50.35] /i gi::setItemSelection {cellCategories} -index {} -in [gi::getWindows 2]
[15:47:55.59] /i gi::setCurrentIndex {libs} -index {verilogaLib} -in [gi::getWindows 2]
[15:47:55.60] /i gi::setItemSelection {libs} -index {verilogaLib} -in [gi::getWindows 2]
[15:47:56.14] /i gi::setCurrentIndex {libs} -index {sample} -in [gi::getWindows 2]
[15:47:56.18] /i gi::setItemSelection {libs} -index {sample} -in [gi::getWindows 2]
[15:47:56.68] /i gi::setCurrentIndex {libs} -index {parasitics} -in [gi::getWindows 2]
[15:47:56.69] /i gi::setItemSelection {libs} -index {parasitics} -in [gi::getWindows 2]
[15:47:57.23] /i gi::setCurrentIndex {libs} -index {fourbitadder} -in [gi::getWindows 2]
[15:47:57.24] /i gi::setItemSelection {cells} -index {ripplecarrytestbench} -in [gi::getWindows 2]
[15:47:57.27] /i gi::setItemSelection {libs} -index {fourbitadder} -in [gi::getWindows 2]
[15:47:59.82] /i gi::setCurrentIndex {views} -index {schematic} -in [gi::getWindows 2]
[15:47:59.85] /i gi::setItemSelection {views} -index {schematic} -in [gi::getWindows 2]
[15:48:00.01] /i gi::executeAction {dmOpen} -in [gi::getWindows 2]
[15:48:00.11] /r giWindowId 8
[15:48:00.16] /r giWindowGeometry 2176x1226
[15:48:00.71] /i db::setAttr dockSize -of [gi::getAssistants dePropertyEditor -from [gi::getWindows 8]] -value 290x179
[15:48:01.82] /# gi::executeAction {deCanvasZoomOutAtPoint} -in [gi::getWindows 8]
[15:48:01.82] /i de::zoom -window [gi::getWindows 8] -factor 0.5 -center {3.28125 4.14375}
[15:48:02.23] /# gi::executeAction {deCanvasZoomInAtPoint} -in [gi::getWindows 8]
[15:48:02.23] /i de::zoom -window [gi::getWindows 8] -factor 2.0 -center {3.1875 4.14375}
[15:48:02.28] /# gi::executeAction {deCanvasZoomInAtPoint} -in [gi::getWindows 8]
[15:48:02.28] /i de::zoom -window [gi::getWindows 8] -factor 2.0 -center {3.18125 4.14375}
[15:48:06.30] /# gi::executeAction {seShowConsoleForWindow} -in [gi::getWindows 8]
[15:48:06.30] /i sa::showConsole -context [db::getNext [de::getContexts -window 8]]
[15:48:11.27] /r giWindowId 9
[15:48:11.34] /r giWindowGeometry 600x500
[15:48:11.62] /m Information: Launching Background sae_shell Server Process "cd /DCNFS/users/student/cazzarel/Tutorial && sae_shell -log sae_shell_session0_job1 -libDefFile /DCNFS/users/student/cazzarel/Tutorial/lib.defs"
[15:48:14.95] /i gi::setCurrentIndex {outputsTable} -index {0,1} -in [gi::getWindows 9]
[15:48:14.95] /i gi::setItemSelection {outputsTable} -index {} -in [gi::getWindows 9]
[15:48:16.76] /i sa::selectOutputs -outputIndex 0 -window [gi::getWindows 9]
[15:48:18.35] /# gi::executeAction {deAddPoint} -in [gi::getWindows 8]
[15:48:18.35] /i de::addPoint {2.11875 4.325} -context [db::getNext [de::getContexts -window 8]]
[15:48:18.83] /m Information: Received ready-for-commands signal from background job 'sae_shell_session0_job1' after 7 seconds.
[15:48:19.35] /i gi::setItemSelection {outputsTable} -index {} -in [gi::getWindows 9]
[15:48:20.59] /i sa::selectOutputs -outputIndex 1 -window [gi::getWindows 9]
[15:48:22.07] /# gi::executeAction {deAddPoint} -in [gi::getWindows 8]
[15:48:22.07] /i de::addPoint {2.49375 4.4375} -context [db::getNext [de::getContexts -window 8]]
[15:48:22.72] /i gi::setCurrentIndex {outputsTable} -index {2,1} -in [gi::getWindows 9]
[15:48:22.72] /i gi::setItemSelection {outputsTable} -index {} -in [gi::getWindows 9]
[15:48:24.06] /i sa::selectOutputs -outputIndex 2 -window [gi::getWindows 9]
[15:48:27.68] /# gi::executeAction {deAddPoint} -in [gi::getWindows 8]
[15:48:27.68] /i de::addPoint {3 4.5} -context [db::getNext [de::getContexts -window 8]]
[15:48:30.25] /i gi::setCurrentIndex {outputsTable} -index {3,1} -in [gi::getWindows 9]
[15:48:30.25] /i gi::setItemSelection {outputsTable} -index {} -in [gi::getWindows 9]
[15:48:32.17] /i sa::selectOutputs -outputIndex 3 -window [gi::getWindows 9]
[15:48:34.31] /# gi::executeAction {deAddPoint} -in [gi::getWindows 8]
[15:48:34.31] /i de::addPoint {3.36875 4.54375} -context [db::getNext [de::getContexts -window 8]]
[15:48:36.08] /i gi::setCurrentIndex {outputsTable} -index {4,1} -in [gi::getWindows 9]
[15:48:36.08] /i gi::setItemSelection {outputsTable} -index {} -in [gi::getWindows 9]
[15:48:37.48] /i sa::selectOutputs -outputIndex 4 -window [gi::getWindows 9]
[15:48:39.17] /# gi::executeAction {deAddPoint} -in [gi::getWindows 8]
[15:48:39.17] /i de::addPoint {3.75 4.45} -context [db::getNext [de::getContexts -window 8]]
[15:48:40.10] /i gi::setCurrentIndex {outputsTable} -index {5,1} -in [gi::getWindows 9]
[15:48:40.10] /i gi::setItemSelection {outputsTable} -index {} -in [gi::getWindows 9]
[15:48:41.38] /i sa::selectOutputs -outputIndex 5 -window [gi::getWindows 9]
[15:48:42.90] /# gi::executeAction {deAddPoint} -in [gi::getWindows 8]
[15:48:42.90] /i de::addPoint {4.125 4.3625} -context [db::getNext [de::getContexts -window 8]]
[15:48:44.13] /i gi::setCurrentIndex {outputsTable} -index {6,1} -in [gi::getWindows 9]
[15:48:44.13] /i gi::setItemSelection {outputsTable} -index {} -in [gi::getWindows 9]
[15:48:45.49] /i sa::selectOutputs -outputIndex 6 -window [gi::getWindows 9]
[15:48:46.75] /# gi::executeAction {deAddPoint} -in [gi::getWindows 8]
[15:48:46.75] /i de::addPoint {4.68125 4.375} -context [db::getNext [de::getContexts -window 8]]
[15:48:47.79] /i gi::setCurrentIndex {outputsTable} -index {7,1} -in [gi::getWindows 9]
[15:48:47.79] /i gi::setItemSelection {outputsTable} -index {} -in [gi::getWindows 9]
[15:48:49.05] /i sa::selectOutputs -outputIndex 7 -window [gi::getWindows 9]
[15:48:50.37] /# gi::executeAction {deAddPoint} -in [gi::getWindows 8]
[15:48:50.37] /i de::addPoint {5.13125 4.01875} -context [db::getNext [de::getContexts -window 8]]
[15:48:51.76] /i gi::setCurrentIndex {outputsTable} -index {8,1} -in [gi::getWindows 9]
[15:48:51.76] /i gi::setItemSelection {outputsTable} -index {} -in [gi::getWindows 9]
[15:48:53.21] /i sa::selectOutputs -outputIndex 8 -window [gi::getWindows 9]
[15:48:54.31] /# gi::executeAction {deFitEdit} -in [gi::getWindows 8]
[15:48:54.31] /i de::fit -window 8 -fitEdit true
[15:48:56.17] /# gi::executeAction {deAddPoint} -in [gi::getWindows 8]
[15:48:56.17] /i de::addPoint {3.24375 0.74375} -context [db::getNext [de::getContexts -window 8]]
[15:48:56.99] /i gi::setCurrentIndex {outputsTable} -index {9,1} -in [gi::getWindows 9]
[15:48:56.99] /i gi::setItemSelection {outputsTable} -index {} -in [gi::getWindows 9]
[15:48:58.38] /i sa::selectOutputs -outputIndex 9 -window [gi::getWindows 9]
[15:49:00.17] /# gi::executeAction {deAddPoint} -in [gi::getWindows 8]
[15:49:00.17] /i de::addPoint {3.5125 0.8125} -context [db::getNext [de::getContexts -window 8]]
[15:49:01.00] /i gi::setCurrentIndex {outputsTable} -index {10,1} -in [gi::getWindows 9]
[15:49:01.00] /i gi::setItemSelection {outputsTable} -index {} -in [gi::getWindows 9]
[15:49:02.23] /i sa::selectOutputs -outputIndex 10 -window [gi::getWindows 9]
[15:49:04.04] /# gi::executeAction {deAddPoint} -in [gi::getWindows 8]
[15:49:04.04] /i de::addPoint {3.60625 0.79375} -context [db::getNext [de::getContexts -window 8]]
[15:49:04.75] /i gi::setCurrentIndex {outputsTable} -index {11,1} -in [gi::getWindows 9]
[15:49:04.75] /i gi::setItemSelection {outputsTable} -index {} -in [gi::getWindows 9]
[15:49:06.10] /i sa::selectOutputs -outputIndex 11 -window [gi::getWindows 9]
[15:49:07.73] /# gi::executeAction {deAddPoint} -in [gi::getWindows 8]
[15:49:07.73] /i de::addPoint {3.7375 0.9} -context [db::getNext [de::getContexts -window 8]]
[15:49:09.17] /i gi::setCurrentIndex {outputsTable} -index {12,1} -in [gi::getWindows 9]
[15:49:09.17] /i gi::setItemSelection {outputsTable} -index {} -in [gi::getWindows 9]
[15:49:10.48] /i sa::selectOutputs -outputIndex 12 -window [gi::getWindows 9]
[15:49:11.85] /# gi::executeAction {deAddPoint} -in [gi::getWindows 8]
[15:49:11.85] /i de::addPoint {2.48125 2.3625} -context [db::getNext [de::getContexts -window 8]]
[15:49:14.08] /i gi::setActiveDialog [gi::getDialogs {saEditAnalysesDialogXsaeSession0} -parent [gi::getWindows 9]]
[15:49:14.43] /i db::setAttr geometry -of [gi::getDialogs {saEditAnalysesDialogXsaeSession0} -parent [gi::getWindows 9]] -value 680x680+600+53
[15:49:25.13] /i gi::setField {/analysesGroups/tabGeneral/anaPane/step} -value {1n} -in [gi::getDialogs {saEditAnalysesDialogXsaeSession0} -parent [gi::getWindows 9]]
[15:49:28.26] /i gi::setField {/analysesGroups/tabGeneral/anaPane/stop} -value {1u} -in [gi::getDialogs {saEditAnalysesDialogXsaeSession0} -parent [gi::getWindows 9]]
[15:49:28.35] /i gi::pressButton {/ok} -in [gi::getDialogs {saEditAnalysesDialogXsaeSession0} -parent [gi::getWindows 9]]
[15:49:31.25] /i gi::executeAction {menuPreShow} -in [gi::getWindows 9]
[15:49:31.26] /r giMenuAccess db::getNext [gi::getMenus saConsoleSessionMenu -from [gi::getWindows 9]]
[15:49:31.99] /i gi::executeAction {menuPreShow} -in [gi::getWindows 9]
[15:49:31.99] /r giMenuAccess db::getNext [gi::getMenus saConsoleSetupMenu -from [gi::getWindows 9]]
[15:49:33.46] /# gi::executeAction {saEditModels} -in [gi::getWindows 9]
[15:49:33.46] /i sa::showModelFiles -parent 9
[15:49:33.50] /i gi::setActiveDialog [gi::getDialogs {saModelFilesSetup} -parent [gi::getWindows 9]]
[15:49:33.76] /i db::setAttr geometry -of [gi::getDialogs {saModelFilesSetup} -parent [gi::getWindows 9]] -value 760x500+1048+492
[15:49:42.83] /i gi::setField {PathSelector} -value {$SAED90_PDK} -in [gi::getDialogs {saModelFilesSetup} -parent [gi::getWindows 9]]
[15:49:45.02] /i gi::setCurrentIndex {modelFilesTable} -index {0,1} -in [gi::getDialogs {saModelFilesSetup} -parent [gi::getWindows 9]]
[15:49:49.91] /r giFileDialog reject
[15:49:50.35] /i gi::setField {modelFilesTable} -index {0,1} -value {} -in [gi::getDialogs {saModelFilesSetup} -parent [gi::getWindows 9]]
[15:49:50.35] /i gi::setField {modelFilesTable} -index {0,1} -value {} -in [gi::getDialogs {saModelFilesSetup} -parent [gi::getWindows 9]]
[15:49:57.17] /i gi::setField {PathSelector} -value {$SAED90_PDK/hspice} -in [gi::getDialogs {saModelFilesSetup} -parent [gi::getWindows 9]]
[15:49:59.37] /r giFileDialog accept ../../../../applications/synopsys/2019/app/SAED/SAED_PDK90nm/hspice/SAED90nm.lib
[15:49:59.37] /i gi::setField {modelFilesTable} -index {0,1} -value {/DCNFS/applications/synopsys/2019/app/SAED/SAED_PDK90nm/hspice/SAED90nm.lib} -in [gi::getDialogs {saModelFilesSetup} -parent [gi::getWindows 9]]
[15:49:59.37] /i gi::setField {modelFilesTable} -index {0,1} -value {SAED90nm.lib} -in [gi::getDialogs {saModelFilesSetup} -parent [gi::getWindows 9]]
[15:49:59.96] /i gi::setCurrentIndex {modelFilesTable} -index {0,2} -in [gi::getDialogs {saModelFilesSetup} -parent [gi::getWindows 9]]
[15:49:59.96] /i gi::setItemSelection {modelFilesTable} -index {0,2} -in [gi::getDialogs {saModelFilesSetup} -parent [gi::getWindows 9]]
[15:50:00.61] /r giDialog gi::setActiveDialog [gi::getDialogs {saSelectSections} -parent [gi::getWindows 9]]
[15:50:00.90] /r giDialog db::setAttr geometry -of [gi::getDialogs {saSelectSections} -parent [gi::getWindows 9]] -value 320x287+1266+571
[15:50:03.59] /r giDialog gi::setField {namesListList} -index {20,0} -value {true} -in [gi::getDialogs {saSelectSections} -parent [gi::getWindows 9]]
[15:50:04.48] /r giDialog gi::pressButton {ok} -in [gi::getDialogs {saSelectSections} -parent [gi::getWindows 9]]
[15:50:04.50] /i gi::setField {modelFilesTable} -index {0,2} -value {TT_12} -in [gi::getDialogs {saModelFilesSetup} -parent [gi::getWindows 9]]
[15:50:04.50] /i gi::setField {modelFilesTable} -index {0,2} -value {TT_12} -in [gi::getDialogs {saModelFilesSetup} -parent [gi::getWindows 9]]
[15:50:04.51] /i gi::setActiveDialog [gi::getDialogs {saModelFilesSetup} -parent [gi::getWindows 9]]
[15:50:05.24] /i gi::pressButton {ok} -in [gi::getDialogs {saModelFilesSetup} -parent [gi::getWindows 9]]
[15:50:07.47] /i gi::executeAction {menuPreShow} -in [gi::getWindows 9]
[15:50:07.47] /r giMenuAccess db::getNext [gi::getMenus saConsoleSimMenu -from [gi::getWindows 9]]
[15:50:08.29] /# gi::executeAction {saNetlistAndRun} -in [gi::getWindows 9]
[15:50:08.29] /i isa::netlistAndRun -testbench [sa::findActiveTestbench -window 9] -mode [sa::_utils::findRunMode 9]
[15:50:08.33] /w Warning: Structural netlist "/DCNFS/users/student/cazzarel/simulation/fourbitadder,ripplecarrytestbench,schematic/history_1/netlist/fourbitadder/ripplecarrytestbench/schematic/HSPICE/netlist" is missing
[15:50:08.47] /r giWindowId 10
[15:50:08.54] /r giWindowGeometry 800x600
[15:50:08.68] /m Information: "Starting incremental netlisting for design "fourbitadder/ripplecarrytestbench/schematic"..." (NETLISTING-010)
[15:50:08.75] /o No Design Integrity rule violations found in "fourbitadder/ripplecarrytestbench/schematic"
[15:50:09.03] /m Information: "Adder XOR schematic" renetlisted. (NETLISTING-056)
[15:50:09.10] /m Information: "Adder AND schematic" renetlisted. (NETLISTING-056)
[15:50:09.13] /m Information: "fourbitadder halfadder schematic" renetlisted. (NETLISTING-056)
[15:50:09.19] /m Information: "Adder OR schematic" renetlisted. (NETLISTING-056)
[15:50:09.22] /m Information: "fourbitadder fulladder schematic" renetlisted. (NETLISTING-056)
[15:50:09.25] /m Information: "fourbitadder fourbitripplecarryadder schematic" renetlisted. (NETLISTING-056)
[15:50:09.37] /m Information: "fourbitadder ripplecarrytestbench schematic" renetlisted. (NETLISTING-056)
[15:50:09.60] /m Information: "Netlisting design "fourbitadder/ripplecarrytestbench/schematic" finished successfully." (NETLISTING-012)
[15:50:09.64] /m Information: "Composing simulator input file for design "fourbitadder/ripplecarrytestbench/schematic"..."
[15:50:10.05] /m Information: "Simulator input file composed successfully for design "fourbitadder/ripplecarrytestbench/schematic""
[15:50:11.96] /m Information: "Starting HSPICE simulation for design: fourbitadder/ripplecarrytestbench/schematic"
[15:50:18.76] /e Error: "Simulation failed for design: fourbitadder/ripplecarrytestbench/schematic "
[15:50:20.18] /m Information: Launching Background sae_shell Server Process "cd /DCNFS/users/student/cazzarel/Tutorial && sae_shell -log sae_shell_session0_job2 -libDefFile /DCNFS/users/student/cazzarel/Tutorial/lib.defs"
[15:50:20.18] /i gi::collapse {jobMonitorTable} -index {0.0.1,0} -in [gi::getWindows 10]
[15:50:20.23] /i gi::executeAction giCloseWindow -in [gi::getWindows 10]
[15:50:21.37] /m Information: Measurement calculations completed for testbench: default in 0s
[15:50:23.69] /i gi::setCurrentIndex {outputsTable} -index {7,2} -in [gi::getWindows 9]
[15:50:23.69] /i gi::setItemSelection {outputsTable} -index {7,2} -in [gi::getWindows 9]
[15:50:25.05] /i gi::setField {outputsTable} -index {7,2} -value {tran} -in [gi::getWindows 9]
[15:50:25.05] /i gi::setCurrentIndex {outputsTable} -index {8,2} -in [gi::getWindows 9]
[15:50:25.05] /i gi::setItemSelection {outputsTable} -index {8,2} -in [gi::getWindows 9]
[15:50:26.45] /i gi::setField {outputsTable} -index {8,2} -value {tran} -in [gi::getWindows 9]
[15:50:27.32] /i gi::setField {outputsTable} -index {8,2} -value {tran} -in [gi::getWindows 9]
[15:50:27.32] /i gi::setCurrentIndex {outputsTable} -index {9,2} -in [gi::getWindows 9]
[15:50:27.32] /i gi::setItemSelection {outputsTable} -index {9,2} -in [gi::getWindows 9]
[15:50:27.63] /m Information: Received ready-for-commands signal from background job 'sae_shell_session0_job2' after 7 seconds.
[15:50:28.12] /i gi::setField {outputsTable} -index {9,2} -value {tran} -in [gi::getWindows 9]
[15:50:28.90] /i gi::setField {outputsTable} -index {9,2} -value {tran} -in [gi::getWindows 9]
[15:50:28.90] /i gi::setCurrentIndex {outputsTable} -index {10,2} -in [gi::getWindows 9]
[15:50:28.90] /i gi::setItemSelection {outputsTable} -index {10,2} -in [gi::getWindows 9]
[15:50:29.55] /i gi::setField {outputsTable} -index {10,2} -value {tran} -in [gi::getWindows 9]
[15:50:30.29] /i gi::setField {outputsTable} -index {10,2} -value {tran} -in [gi::getWindows 9]
[15:50:30.29] /i gi::setCurrentIndex {outputsTable} -index {11,2} -in [gi::getWindows 9]
[15:50:30.29] /i gi::setItemSelection {outputsTable} -index {11,2} -in [gi::getWindows 9]
[15:50:30.97] /i gi::setField {outputsTable} -index {11,2} -value {tran} -in [gi::getWindows 9]
[15:50:31.65] /i gi::setField {outputsTable} -index {11,2} -value {tran} -in [gi::getWindows 9]
[15:50:31.65] /i gi::setCurrentIndex {outputsTable} -index {12,2} -in [gi::getWindows 9]
[15:50:31.65] /i gi::setItemSelection {outputsTable} -index {12,2} -in [gi::getWindows 9]
[15:50:32.36] /i gi::setField {outputsTable} -index {12,2} -value {tran} -in [gi::getWindows 9]
[15:50:34.19] /i gi::setField {outputsTable} -index {12,2} -value {tran} -in [gi::getWindows 9]
[15:50:34.19] /i gi::executeAction {menuPreShow} -in [gi::getWindows 9]
[15:50:34.19] /r giMenuAccess db::getNext [gi::getMenus saConsoleSimMenu -from [gi::getWindows 9]]
[15:50:35.12] /# gi::executeAction {saNetlistAndRun} -in [gi::getWindows 9]
[15:50:35.12] /i isa::netlistAndRun -testbench [sa::findActiveTestbench -window 9] -mode [sa::_utils::findRunMode 9]
[15:50:35.27] /r giWindowId 11
[15:50:35.33] /r giWindowGeometry 800x600
[15:50:35.45] /m Information: "Starting incremental netlisting for design "fourbitadder/ripplecarrytestbench/schematic"..." (NETLISTING-010)
[15:50:35.50] /o No Design Integrity rule violations found in "fourbitadder/ripplecarrytestbench/schematic"
[15:50:36.00] /m Information: "Netlisting design "fourbitadder/ripplecarrytestbench/schematic" finished successfully." (NETLISTING-012)
[15:50:36.03] /m Information: "Composing simulator input file for design "fourbitadder/ripplecarrytestbench/schematic"..."
[15:50:36.42] /m Information: "Simulator input file composed successfully for design "fourbitadder/ripplecarrytestbench/schematic""
[15:50:38.41] /m Information: "Starting HSPICE simulation for design: fourbitadder/ripplecarrytestbench/schematic"
[15:50:44.56] /e Error: "Simulation failed for design: fourbitadder/ripplecarrytestbench/schematic "
[15:50:46.86] /m Information: Measurement calculations completed for testbench: default in 0s
[15:50:51.90] /i gi::pressButton {ConsoleToggleButton} -in [db::getAttr statusbar -of [gi::getWindows 11]]
[15:51:36.12] /i db::setAttr dockSize -of [gi::getAssistants giConsole -from [gi::getWindows 11]] -value 2550x671
[15:52:18.92] /i gi::setCurrentIndex {jobMonitorTable} -index {0.0.1.0.0,1} -in [gi::getWindows 11]
[15:52:18.92] /i gi::setItemSelection {jobMonitorTable} -index {0.0.1.0.0,all} -in [gi::getWindows 11]
[15:52:19.08] /i gi::executeAction xtJobMonitorViewOutput -in 11
[15:52:19.08] /# xt::_jobMonitorActions::viewOutput 11
[15:52:19.08] /r giWindowId 12
[15:52:19.18] /r giWindowGeometry 800x600
[15:52:24.34] /i gi::setActiveTab {tabs} -tabName {hspice.lis} -in [gi::getWindows 12]
[15:52:55.55] /i gi::setActiveWindow 11
[15:52:55.55] /i gi::setActiveWindow 11 -raise true
[15:52:59.49] /i gi::setActiveWindow 9
[15:52:59.49] /i gi::setActiveWindow 9 -raise true
[15:53:07.14] /# gi::executeAction {saEditModels} -in [gi::getWindows 9]
[15:53:07.14] /i sa::showModelFiles -parent 9
[15:53:07.19] /i gi::setActiveDialog [gi::getDialogs {saModelFilesSetup} -parent [gi::getWindows 9]]
[15:53:07.45] /i db::setAttr geometry -of [gi::getDialogs {saModelFilesSetup} -parent [gi::getWindows 9]] -value 760x500+1048+492
[15:53:13.39] /i gi::pressButton {ok} -in [gi::getDialogs {saModelFilesSetup} -parent [gi::getWindows 9]]
[15:53:21.70] /i gi::expand {analysisPane} -index {0,0} -in [gi::getWindows 9]
[15:53:21.81] /i gi::setSectionSizes {analysisPane} -values {126 41 28 1296} -in [gi::getWindows 9]
[15:53:23.15] /i gi::collapse {analysisPane} -index {0,0} -in [gi::getWindows 9]
[15:53:23.26] /i gi::setSectionSizes {analysisPane} -values {62 41 28 1360} -in [gi::getWindows 9]
[15:53:28.56] /i gi::setCurrentIndex {outputsTable} -index {7,2} -in [gi::getWindows 9]
[15:53:28.56] /i gi::setItemSelection {outputsTable} -index {7,2} -in [gi::getWindows 9]
[15:53:29.59] /i gi::setField {outputsTable} -index {7,2} -value {tran} -in [gi::getWindows 9]
[15:53:30.41] /i gi::setField {outputsTable} -index {7,2} -value {tran} -in [gi::getWindows 9]
[15:53:30.41] /i gi::setCurrentIndex {outputsTable} -index {6,2} -in [gi::getWindows 9]
[15:53:30.41] /i gi::setItemSelection {outputsTable} -index {6,2} -in [gi::getWindows 9]
[15:53:31.04] /i gi::setField {outputsTable} -index {6,2} -value {tran} -in [gi::getWindows 9]
[15:53:31.92] /i gi::setField {outputsTable} -index {6,2} -value {tran} -in [gi::getWindows 9]
[15:53:31.92] /i gi::setCurrentIndex {outputsTable} -index {5,2} -in [gi::getWindows 9]
[15:53:31.92] /i gi::setItemSelection {outputsTable} -index {5,2} -in [gi::getWindows 9]
[15:53:32.58] /i gi::setField {outputsTable} -index {5,2} -value {tran} -in [gi::getWindows 9]
[15:53:33.49] /i gi::setField {outputsTable} -index {5,2} -value {tran} -in [gi::getWindows 9]
[15:53:33.49] /i gi::setCurrentIndex {outputsTable} -index {4,2} -in [gi::getWindows 9]
[15:53:33.49] /i gi::setItemSelection {outputsTable} -index {4,2} -in [gi::getWindows 9]
[15:53:34.11] /i gi::setField {outputsTable} -index {4,2} -value {tran} -in [gi::getWindows 9]
[15:53:34.94] /i gi::setField {outputsTable} -index {4,2} -value {tran} -in [gi::getWindows 9]
[15:53:34.94] /i gi::setCurrentIndex {outputsTable} -index {3,2} -in [gi::getWindows 9]
[15:53:34.94] /i gi::setItemSelection {outputsTable} -index {3,2} -in [gi::getWindows 9]
[15:53:35.57] /i gi::setField {outputsTable} -index {3,2} -value {tran} -in [gi::getWindows 9]
[15:53:36.21] /i gi::setField {outputsTable} -index {3,2} -value {tran} -in [gi::getWindows 9]
[15:53:36.21] /i gi::setCurrentIndex {outputsTable} -index {2,2} -in [gi::getWindows 9]
[15:53:36.21] /i gi::setItemSelection {outputsTable} -index {2,2} -in [gi::getWindows 9]
[15:53:36.93] /i gi::setField {outputsTable} -index {2,2} -value {tran} -in [gi::getWindows 9]
[15:53:37.59] /i gi::setField {outputsTable} -index {2,2} -value {tran} -in [gi::getWindows 9]
[15:53:37.59] /i gi::setCurrentIndex {outputsTable} -index {1,2} -in [gi::getWindows 9]
[15:53:37.59] /i gi::setItemSelection {outputsTable} -index {1,2} -in [gi::getWindows 9]
[15:53:38.28] /i gi::setField {outputsTable} -index {1,2} -value {tran} -in [gi::getWindows 9]
[15:53:38.76] /i gi::setField {outputsTable} -index {1,2} -value {tran} -in [gi::getWindows 9]
[15:53:38.76] /i gi::setCurrentIndex {outputsTable} -index {0,2} -in [gi::getWindows 9]
[15:53:38.76] /i gi::setItemSelection {outputsTable} -index {0,2} -in [gi::getWindows 9]
[15:53:39.39] /i gi::setField {outputsTable} -index {0,2} -value {tran} -in [gi::getWindows 9]
[15:53:44.89] /i gi::setActiveWindow 8
[15:53:44.90] /i gi::setActiveWindow 8 -raise true
[15:53:49.88] /# gi::executeAction {deSelectActive} -in [gi::getWindows 8]
[15:53:49.88] /i de::deselectAll [db::getNext [de::getContexts -window 8]]
[15:53:49.88] /i de::select [de::getActiveFigure [gi::getWindows 8] -point {2.0875 4.85} -index 0 -intent none]
[15:53:49.88] /o oa:0x2d6232b0
[15:53:51.56] /i gi::executeAction {sePropertyEditorToggle} -in [gi::getWindows 8]
[15:53:51.56] /# db::setAttr shown -of [gi::getAssistants dePropertyEditor -from [gi::getWindows 8]] -value true
[15:53:51.85] /i db::setAttr dockSize -of [gi::getAssistants dePropertyEditor -from [gi::getWindows 8]] -value 290x1150
[15:53:59.30] /i gi::setItemSelection {parameters} -index {tr,all} -in [gi::getAssistants dePropertyEditor -from [gi::getWindows 8]]
[15:53:59.30] /i gi::setCurrentIndex {parameters} -index {tr,Value} -in [gi::getAssistants dePropertyEditor -from [gi::getWindows 8]]
[15:54:02.06] /i gi::setField {parameters} -value {10n} -index {tr,Value} -in [gi::getAssistants dePropertyEditor -from [gi::getWindows 8]]
[15:54:02.09] /i gi::setItemSelection {parameters} -index {tf,all} -in [gi::getAssistants dePropertyEditor -from [gi::getWindows 8]]
[15:54:02.09] /i gi::setCurrentIndex {parameters} -index {tf,Value} -in [gi::getAssistants dePropertyEditor -from [gi::getWindows 8]]
[15:54:04.69] /i gi::setField {parameters} -value {10n} -index {tf,Value} -in [gi::getAssistants dePropertyEditor -from [gi::getWindows 8]]
[15:54:04.71] /i gi::setItemSelection {parameters} -index {tsample,all} -in [gi::getAssistants dePropertyEditor -from [gi::getWindows 8]]
[15:54:04.71] /i gi::setCurrentIndex {parameters} -index {tsample,Value} -in [gi::getAssistants dePropertyEditor -from [gi::getWindows 8]]
[15:54:08.10] /# gi::executeAction {deSelectActive} -in [gi::getWindows 8]
[15:54:08.10] /i de::deselectAll [db::getNext [de::getContexts -window 8]]
[15:54:08.10] /i de::select [de::getActiveFigure [gi::getWindows 8] -point {2.4875 4.84375} -index 0 -intent none]
[15:54:08.10] /o oa:0x2d407b20
[15:54:08.16] /r giDialog gi::setActiveDialog [gi::getDialogs {dbSelectionChange} -parent [gi::getWindows 8]]
[15:54:08.43] /r giDialog db::setAttr geometry -of [gi::getDialogs {dbSelectionChange} -parent [gi::getWindows 8]] -value 432x82+1054+625
[15:54:09.28] /r giDialog gi::pressButton {apply} -in [gi::getDialogs {dbSelectionChange} -parent [gi::getWindows 8]]
[15:54:10.36] /i gi::setItemSelection {parameters} -index {tr,all} -in [gi::getAssistants dePropertyEditor -from [gi::getWindows 8]]
[15:54:10.36] /i gi::setCurrentIndex {parameters} -index {tr,Value} -in [gi::getAssistants dePropertyEditor -from [gi::getWindows 8]]
[15:54:11.74] /i gi::setField {parameters} -value {10n} -index {tr,Value} -in [gi::getAssistants dePropertyEditor -from [gi::getWindows 8]]
[15:54:11.76] /i gi::setItemSelection {parameters} -index {tf,all} -in [gi::getAssistants dePropertyEditor -from [gi::getWindows 8]]
[15:54:11.76] /i gi::setCurrentIndex {parameters} -index {tf,Value} -in [gi::getAssistants dePropertyEditor -from [gi::getWindows 8]]
[15:54:12.66] /i gi::setField {parameters} -value {10n} -index {tf,Value} -in [gi::getAssistants dePropertyEditor -from [gi::getWindows 8]]
[15:54:14.75] /# gi::executeAction {deSelectActive} -in [gi::getWindows 8]
[15:54:14.75] /i de::deselectAll [db::getNext [de::getContexts -window 8]]
[15:54:14.75] /i de::select [de::getActiveFigure [gi::getWindows 8] -point {2.9375 4.9} -index 0 -intent none]
[15:54:14.75] /o oa:0x2d5b7080
[15:54:14.81] /r giDialog gi::setActiveDialog [gi::getDialogs {dbSelectionChange} -parent [gi::getWindows 8]]
[15:54:15.05] /r giDialog db::setAttr geometry -of [gi::getDialogs {dbSelectionChange} -parent [gi::getWindows 8]] -value 432x82+1054+625
[15:54:15.84] /r giDialog gi::pressButton {apply} -in [gi::getDialogs {dbSelectionChange} -parent [gi::getWindows 8]]
[15:54:16.98] /i gi::setItemSelection {parameters} -index {tr,all} -in [gi::getAssistants dePropertyEditor -from [gi::getWindows 8]]
[15:54:16.98] /i gi::setCurrentIndex {parameters} -index {tr,Value} -in [gi::getAssistants dePropertyEditor -from [gi::getWindows 8]]
[15:54:18.49] /i gi::setField {parameters} -value {10n} -index {tr,Value} -in [gi::getAssistants dePropertyEditor -from [gi::getWindows 8]]
[15:54:18.51] /i gi::setItemSelection {parameters} -index {tf,all} -in [gi::getAssistants dePropertyEditor -from [gi::getWindows 8]]
[15:54:18.51] /i gi::setCurrentIndex {parameters} -index {tf,Value} -in [gi::getAssistants dePropertyEditor -from [gi::getWindows 8]]
[15:54:19.37] /i gi::setField {parameters} -value {10n} -index {tf,Value} -in [gi::getAssistants dePropertyEditor -from [gi::getWindows 8]]
[15:54:21.26] /# gi::executeAction {deSelectActive} -in [gi::getWindows 8]
[15:54:21.26] /i de::deselectAll [db::getNext [de::getContexts -window 8]]
[15:54:21.26] /i de::select [de::getActiveFigure [gi::getWindows 8] -point {3.35625 4.86875} -index 0 -intent none]
[15:54:21.26] /o oa:0x1a7dfea0
[15:54:21.32] /r giDialog gi::setActiveDialog [gi::getDialogs {dbSelectionChange} -parent [gi::getWindows 8]]
[15:54:21.55] /r giDialog db::setAttr geometry -of [gi::getDialogs {dbSelectionChange} -parent [gi::getWindows 8]] -value 432x82+1054+625
[15:54:22.52] /r giDialog gi::pressButton {apply} -in [gi::getDialogs {dbSelectionChange} -parent [gi::getWindows 8]]
[15:54:24.22] /i gi::setItemSelection {parameters} -index {tr,all} -in [gi::getAssistants dePropertyEditor -from [gi::getWindows 8]]
[15:54:24.22] /i gi::setCurrentIndex {parameters} -index {tr,Value} -in [gi::getAssistants dePropertyEditor -from [gi::getWindows 8]]
[15:54:25.65] /i gi::setField {parameters} -value {10n} -index {tr,Value} -in [gi::getAssistants dePropertyEditor -from [gi::getWindows 8]]
[15:54:25.67] /i gi::setItemSelection {parameters} -index {tf,all} -in [gi::getAssistants dePropertyEditor -from [gi::getWindows 8]]
[15:54:25.67] /i gi::setCurrentIndex {parameters} -index {tf,Value} -in [gi::getAssistants dePropertyEditor -from [gi::getWindows 8]]
[15:54:26.75] /i gi::setField {parameters} -value {10n} -index {tf,Value} -in [gi::getAssistants dePropertyEditor -from [gi::getWindows 8]]
[15:54:28.51] /# gi::executeAction {deSelectActive} -in [gi::getWindows 8]
[15:54:28.51] /i de::deselectAll [db::getNext [de::getContexts -window 8]]
[15:54:28.51] /i de::select [de::getActiveFigure [gi::getWindows 8] -point {3.7625 4.84375} -index 0 -intent none]
[15:54:28.51] /o oa:0x2d4f4150
[15:54:28.57] /r giDialog gi::setActiveDialog [gi::getDialogs {dbSelectionChange} -parent [gi::getWindows 8]]
[15:54:28.83] /r giDialog db::setAttr geometry -of [gi::getDialogs {dbSelectionChange} -parent [gi::getWindows 8]] -value 432x82+1054+625
[15:54:29.44] /r giDialog gi::pressButton {apply} -in [gi::getDialogs {dbSelectionChange} -parent [gi::getWindows 8]]
[15:54:30.48] /i gi::setItemSelection {parameters} -index {tr,all} -in [gi::getAssistants dePropertyEditor -from [gi::getWindows 8]]
[15:54:30.48] /i gi::setCurrentIndex {parameters} -index {tr,Value} -in [gi::getAssistants dePropertyEditor -from [gi::getWindows 8]]
[15:54:31.80] /i gi::setField {parameters} -value {10n} -index {tr,Value} -in [gi::getAssistants dePropertyEditor -from [gi::getWindows 8]]
[15:54:31.83] /i gi::setItemSelection {parameters} -index {tf,all} -in [gi::getAssistants dePropertyEditor -from [gi::getWindows 8]]
[15:54:31.83] /i gi::setCurrentIndex {parameters} -index {tf,Value} -in [gi::getAssistants dePropertyEditor -from [gi::getWindows 8]]
[15:54:32.59] /i gi::setField {parameters} -value {10n} -index {tf,Value} -in [gi::getAssistants dePropertyEditor -from [gi::getWindows 8]]
[15:54:34.61] /# gi::executeAction {deSelectActive} -in [gi::getWindows 8]
[15:54:34.61] /i de::deselectAll [db::getNext [de::getContexts -window 8]]
[15:54:34.61] /i de::select [de::getActiveFigure [gi::getWindows 8] -point {4.125 4.86875} -index 0 -intent none]
[15:54:34.61] /o oa:0x2cc3eb90
[15:54:34.66] /r giDialog gi::setActiveDialog [gi::getDialogs {dbSelectionChange} -parent [gi::getWindows 8]]
[15:54:34.93] /r giDialog db::setAttr geometry -of [gi::getDialogs {dbSelectionChange} -parent [gi::getWindows 8]] -value 432x82+1054+625
[15:54:35.74] /r giDialog gi::pressButton {apply} -in [gi::getDialogs {dbSelectionChange} -parent [gi::getWindows 8]]
[15:54:37.25] /i gi::setItemSelection {parameters} -index {tr,all} -in [gi::getAssistants dePropertyEditor -from [gi::getWindows 8]]
[15:54:37.25] /i gi::setCurrentIndex {parameters} -index {tr,Value} -in [gi::getAssistants dePropertyEditor -from [gi::getWindows 8]]
[15:54:38.47] /i gi::setField {parameters} -value {10n} -index {tr,Value} -in [gi::getAssistants dePropertyEditor -from [gi::getWindows 8]]
[15:54:39.62] /i gi::setItemSelection {parameters} -index {tf,all} -in [gi::getAssistants dePropertyEditor -from [gi::getWindows 8]]
[15:54:39.62] /i gi::setCurrentIndex {parameters} -index {tf,Value} -in [gi::getAssistants dePropertyEditor -from [gi::getWindows 8]]
[15:54:40.30] /i gi::setField {parameters} -value {10n} -index {tf,Value} -in [gi::getAssistants dePropertyEditor -from [gi::getWindows 8]]
[15:54:41.67] /# gi::executeAction {deSelectActive} -in [gi::getWindows 8]
[15:54:41.67] /i de::deselectAll [db::getNext [de::getContexts -window 8]]
[15:54:41.67] /i de::select [de::getActiveFigure [gi::getWindows 8] -point {4.66875 4.875} -index 0 -intent none]
[15:54:41.67] /o oa:0x2d9342e0
[15:54:41.73] /r giDialog gi::setActiveDialog [gi::getDialogs {dbSelectionChange} -parent [gi::getWindows 8]]
[15:54:41.96] /r giDialog db::setAttr geometry -of [gi::getDialogs {dbSelectionChange} -parent [gi::getWindows 8]] -value 432x82+1054+625
[15:54:42.78] /r giDialog gi::pressButton {apply} -in [gi::getDialogs {dbSelectionChange} -parent [gi::getWindows 8]]
[15:54:43.77] /i gi::setItemSelection {parameters} -index {tr,all} -in [gi::getAssistants dePropertyEditor -from [gi::getWindows 8]]
[15:54:43.78] /i gi::setCurrentIndex {parameters} -index {tr,Value} -in [gi::getAssistants dePropertyEditor -from [gi::getWindows 8]]
[15:54:44.88] /i gi::setField {parameters} -value {10n} -index {tr,Value} -in [gi::getAssistants dePropertyEditor -from [gi::getWindows 8]]
[15:54:44.91] /i gi::setItemSelection {parameters} -index {tf,all} -in [gi::getAssistants dePropertyEditor -from [gi::getWindows 8]]
[15:54:44.91] /i gi::setCurrentIndex {parameters} -index {tf,Value} -in [gi::getAssistants dePropertyEditor -from [gi::getWindows 8]]
[15:54:45.65] /i gi::setField {parameters} -value {10n} -index {tf,Value} -in [gi::getAssistants dePropertyEditor -from [gi::getWindows 8]]
[15:54:46.96] /# gi::executeAction {deSelectActive} -in [gi::getWindows 8]
[15:54:46.96] /i de::deselectAll [db::getNext [de::getContexts -window 8]]
[15:54:46.96] /i de::select [de::getActiveFigure [gi::getWindows 8] -point {5.1375 4.85} -index 0 -intent none]
[15:54:46.96] /o oa:0x2d29ff40
[15:54:47.02] /r giDialog gi::setActiveDialog [gi::getDialogs {dbSelectionChange} -parent [gi::getWindows 8]]
[15:54:47.26] /r giDialog db::setAttr geometry -of [gi::getDialogs {dbSelectionChange} -parent [gi::getWindows 8]] -value 432x82+1054+625
[15:54:48.37] /r giDialog gi::pressButton {apply} -in [gi::getDialogs {dbSelectionChange} -parent [gi::getWindows 8]]
[15:54:49.49] /i gi::setItemSelection {parameters} -index {tr,all} -in [gi::getAssistants dePropertyEditor -from [gi::getWindows 8]]
[15:54:49.49] /i gi::setCurrentIndex {parameters} -index {tr,Value} -in [gi::getAssistants dePropertyEditor -from [gi::getWindows 8]]
[15:54:50.69] /i gi::setField {parameters} -value {10n} -index {tr,Value} -in [gi::getAssistants dePropertyEditor -from [gi::getWindows 8]]
[15:54:50.71] /i gi::setItemSelection {parameters} -index {tf,all} -in [gi::getAssistants dePropertyEditor -from [gi::getWindows 8]]
[15:54:50.71] /i gi::setCurrentIndex {parameters} -index {tf,Value} -in [gi::getAssistants dePropertyEditor -from [gi::getWindows 8]]
[15:54:51.69] /i gi::setField {parameters} -value {10n} -index {tf,Value} -in [gi::getAssistants dePropertyEditor -from [gi::getWindows 8]]
[15:54:53.21] /w Warning: Nothing is bound to the 'Return' in the current active set. (WINDOW-015)
[15:54:53.21] /i gi::executeAction dePropertyEditorApplyChanges -in [gi::getAssistants dePropertyEditor -from [gi::getWindows 8]]
[15:54:56.85] /# gi::executeAction {seSchCheckAndSave} -in [gi::getWindows 8]
[15:54:56.85] /i ise::check
[15:54:56.88] /m Information: 
[15:54:56.88] /o Checking "fourbitadder/ripplecarrytestbench/schematic"
[15:54:56.89] /o No rule violations found in "fourbitadder/ripplecarrytestbench/schematic"
[15:54:56.89] /m Information: Checking process is completed: marking the design violations
[15:54:56.97] /m Information: Marking of designs is completed
[15:54:59.11] /i gi::setActiveWindow 9
[15:54:59.11] /i gi::setActiveWindow 9 -raise true
[15:54:59.92] /i gi::setActiveWindow 8
[15:54:59.92] /i gi::setActiveWindow 8 -raise true
[15:55:04.65] /i gi::setActiveWindow 3
[15:55:04.65] /i gi::setActiveWindow 3 -raise true
[15:55:08.98] /# gi::executeAction {seSchCheckAndSave} -in [gi::getWindows 3]
[15:55:08.98] /i ise::check
[15:55:09.03] /m Information: 
              /c Cross view checking for fourbitadder/halfadder/symbol with fourbitadder/halfadder/schematic
              /c No violations found. (DE_EDIT-007)
[15:55:09.03] /m Information: 
[15:55:09.03] /o Checking "fourbitadder/halfadder/schematic"
[15:55:09.03] /o No rule violations found in "fourbitadder/halfadder/schematic"
[15:55:09.03] /m Information: Checking process is completed: marking the design violations
[15:55:09.15] /m Information: Marking of designs is completed
[15:55:21.62] /# gi::executeAction {deAddPoint} -in [gi::getWindows 3]
[15:55:21.62] /i de::addPoint {1.5 1.9625} -context [db::getNext [de::getContexts -window 3]]
[15:55:22.32] /i de::setCursor -point {1.5 2 }
[15:55:22.34] /i de::setCursor -point {1.5625 2 }
[15:55:23.42] /i de::setCursor -point {1.5625 1.9375 }
[15:55:23.45] /i de::setCursor -point {1.5625 1.875 }
[15:55:23.47] /i de::setCursor -point {1.625 1.875 }
[15:55:23.48] /i de::setCursor -point {1.625 1.8125 }
[15:55:23.49] /i de::setCursor -point {1.6875 1.8125 }
[15:55:24.22] /# gi::executeAction {giPostContextMenu} -in [gi::getWindows 3]
[15:55:25.95] /# gi::executeAction {deAbortCommand} -in [gi::getWindows 3]
[15:55:25.95] /i de::abortCommand -context [db::getNext [de::getContexts -window 3]]
[15:55:27.11] /# gi::executeAction {seDelete} -in [gi::getWindows 3]
[15:55:27.11] /i ise::delete
[15:55:27.57] /# gi::executeAction {deAddPoint} -in [gi::getWindows 3]
[15:55:27.57] /i de::addPoint {1.475 1.96875} -context [db::getNext [de::getContexts -window 3]]
[15:55:30.00] /# gi::executeAction {deUndo} -in [gi::getWindows 3]
[15:55:30.00] /i de::undoTransaction -design [db::getAttr editDesign -of [db::getNext [de::getContexts -window 3]]]
[15:55:32.20] /# gi::executeAction {seStretch} -in [gi::getWindows 3]
[15:55:32.20] /i ise::stretch
[15:55:32.62] /# gi::executeAction {deAddPoint} -in [gi::getWindows 3]
[15:55:32.62] /i de::addPoint {1.45 1.98125} -context [db::getNext [de::getContexts -window 3]]
[15:55:33.91] /# gi::executeAction {deAddPoint} -in [gi::getWindows 3]
[15:55:33.91] /i de::addPoint {2.13125 1.6} -context [db::getNext [de::getContexts -window 3]]
[15:55:35.67] /# gi::executeAction {deUndo} -in [gi::getWindows 3]
[15:55:35.67] /i de::undoTransaction -design [db::getAttr editDesign -of [db::getNext [de::getContexts -window 3]]]
[15:55:37.04] /# gi::executeAction {seDelete} -in [gi::getWindows 3]
[15:55:37.04] /i ise::delete
[15:55:38.09] /# gi::executeAction {deAddPoint} -in [gi::getWindows 3]
[15:55:38.09] /i de::addPoint {1.41875 1.9875} -context [db::getNext [de::getContexts -window 3]]
[15:55:38.94] /# gi::executeAction {seDelete} -in [gi::getWindows 3]
[15:55:38.94] /i ise::delete
[15:55:39.84] /# gi::executeAction {deAddPoint} -in [gi::getWindows 3]
[15:55:39.84] /i de::addPoint {1.4875 1} -context [db::getNext [de::getContexts -window 3]]
[15:55:41.56] /# gi::executeAction {seCreateInst} -in [gi::getWindows 3]
[15:55:41.56] /i ise::createInst
[15:55:41.68] /i gi::setField {parametersExpand} -value {false} -in [gi::getDialogs {seCreateInst} -parent [gi::getWindows 3]]
[15:55:41.68] /i gi::setField {parametersExpand} -value {true} -in [gi::getDialogs {seCreateInst} -parent [gi::getWindows 3]]
[15:55:41.72] /i gi::setActiveDialog [gi::getDialogs {seCreateInst} -parent [gi::getWindows 3]]
[15:55:42.04] /i db::setAttr geometry -of [gi::getDialogs {seCreateInst} -parent [gi::getWindows 3]] -value 359x337+2+53
[15:55:47.15] /# gi::executeAction {deAddPoint} -in [gi::getWindows 3]
[15:55:47.15] /i de::addPoint {0.2375 1.01875} -context [db::getNext [de::getContexts -window 3]]
[15:55:49.80] /i gi::setField {parametersExpand} -value {false} -in [gi::getDialogs {seCreateInst} -parent [gi::getWindows 3]]
[15:55:49.80] /i gi::setField {parametersExpand} -value {true} -in [gi::getDialogs {seCreateInst} -parent [gi::getWindows 3]]
[15:55:49.80] /i gi::setField {instMasterCell} -value {XOR} -in [gi::getDialogs {seCreateInst} -parent [gi::getWindows 3]]
[15:55:50.12] /i db::setAttr geometry -of [gi::getDialogs {seCreateInst} -parent [gi::getWindows 3]] -value 359x337+2+53
[15:55:52.91] /# gi::executeAction {deAddPoint} -in [gi::getWindows 3]
[15:55:52.91] /i de::addPoint {0.36875 -0.05} -context [db::getNext [de::getContexts -window 3]]
[15:55:54.75] /i gi::pressButton {cancel} -in [gi::getDialogs {seCreateInst} -parent [gi::getWindows 3]]
[15:55:56.28] /# gi::executeAction {seSchCreateWire} -in [gi::getWindows 3]
[15:55:56.28] /i ise::createWire
[15:55:57.61] /# gi::executeAction {deAddPoint} -in [gi::getWindows 3]
[15:55:57.61] /i de::addPoint {1.88125 1.98125} -context [db::getNext [de::getContexts -window 3]]
[15:55:57.64] /i de::setCursor -point {1.9375 2 }
[15:55:58.17] /# gi::executeAction {deAddPoint} -in [gi::getWindows 3]
[15:55:58.17] /i de::addPoint {2 1.96875} -context [db::getNext [de::getContexts -window 3]]
[15:56:00.32] /# gi::executeAction {seSchCheckAndSave} -in [gi::getWindows 3]
[15:56:00.32] /i ise::check
[15:56:00.36] /m Information: 
              /c Cross view checking for fourbitadder/halfadder/symbol with fourbitadder/halfadder/schematic
              /c No violations found. (DE_EDIT-007)
[15:56:00.36] /m Information: 
[15:56:00.36] /o Checking "fourbitadder/halfadder/schematic"
[15:56:00.36] /o No rule violations found in "fourbitadder/halfadder/schematic"
[15:56:00.36] /m Information: Checking process is completed: marking the design violations
[15:56:00.45] /m Information: Marking of designs is completed
[15:56:13.07] /i gi::setActiveWindow 5
[15:56:13.07] /i gi::setActiveWindow 5 -raise true
[15:56:24.03] /i gi::setActiveWindow 7
[15:56:24.03] /i gi::setActiveWindow 7 -raise true
[15:56:32.47] /i gi::setActiveWindow 11
[15:56:32.47] /i gi::setActiveWindow 11 -raise true
[15:56:33.59] /i gi::executeAction giCloseWindow -in [gi::getWindows 11]
[15:56:34.19] /i gi::setActiveWindow 9
[15:56:34.19] /i gi::setActiveWindow 9 -raise true
[15:56:36.00] /i gi::setField {outputsTable} -index {0,2} -value {tran} -in [gi::getWindows 9]
[15:56:36.00] /i gi::executeAction {menuPreShow} -in [gi::getWindows 9]
[15:56:36.00] /r giMenuAccess db::getNext [gi::getMenus saConsoleSimMenu -from [gi::getWindows 9]]
[15:56:39.38] /# gi::executeAction {saNetlistAndRun} -in [gi::getWindows 9]
[15:56:39.38] /i isa::netlistAndRun -testbench [sa::findActiveTestbench -window 9] -mode [sa::_utils::findRunMode 9]
[15:56:39.55] /r giWindowId 13
[15:56:39.62] /r giWindowGeometry 800x600
[15:56:39.74] /m Information: "Starting incremental netlisting for design "fourbitadder/ripplecarrytestbench/schematic"..." (NETLISTING-010)
[15:56:39.79] /o No Design Integrity rule violations found in "fourbitadder/ripplecarrytestbench/schematic"
[15:56:40.02] /m Information: "fourbitadder halfadder schematic" renetlisted. (NETLISTING-056)
[15:56:40.19] /m Information: "fourbitadder ripplecarrytestbench schematic" renetlisted. (NETLISTING-056)
[15:56:40.43] /m Information: "Netlisting design "fourbitadder/ripplecarrytestbench/schematic" finished successfully." (NETLISTING-012)
[15:56:40.47] /m Information: "Composing simulator input file for design "fourbitadder/ripplecarrytestbench/schematic"..."
[15:56:40.86] /m Information: "Simulator input file composed successfully for design "fourbitadder/ripplecarrytestbench/schematic""
[15:56:42.96] /m Information: "Starting HSPICE simulation for design: fourbitadder/ripplecarrytestbench/schematic"
[15:56:49.37] /e Error: "Simulation failed for design: fourbitadder/ripplecarrytestbench/schematic "
[15:56:52.07] /m Information: Measurement calculations completed for testbench: default in 0s
[15:56:53.33] /i gi::setCurrentIndex {jobMonitorTable} -index {0.0.1.0,1} -in [gi::getWindows 13]
[15:56:53.33] /i gi::setItemSelection {jobMonitorTable} -index {0.0.1.0,all} -in [gi::getWindows 13]
[15:56:55.43] /i gi::setActiveWindow 9
[15:56:55.43] /i gi::setActiveWindow 9 -raise true
[15:57:06.65] /i gi::setCurrentIndex {analysisPane} -index {0,3} -in [gi::getWindows 9]
[15:57:06.65] /i gi::setItemSelection {analysisPane} -index {0,3} -in [gi::getWindows 9]
[15:57:06.65] /i gi::setItemSelection {outputsTable} -index {} -in [gi::getWindows 9]
[15:57:07.61] /i gi::expand {analysisPane} -index {0,0} -in [gi::getWindows 9]
[15:57:07.68] /i gi::setSectionSizes {analysisPane} -values {126 41 28 1296} -in [gi::getWindows 9]
[15:57:10.58] /i gi::setActiveDialog [gi::getDialogs {saEditAnalysesDialogXsaeSession0} -parent [gi::getWindows 9]]
[15:57:10.90] /i db::setAttr geometry -of [gi::getDialogs {saEditAnalysesDialogXsaeSession0} -parent [gi::getWindows 9]] -value 680x680+600+53
[15:57:16.99] /i gi::setField {/analysesGroups/tabGeneral/anaPane/stop} -value {400n} -in [gi::getDialogs {saEditAnalysesDialogXsaeSession0} -parent [gi::getWindows 9]]
[15:57:17.07] /i gi::pressButton {/ok} -in [gi::getDialogs {saEditAnalysesDialogXsaeSession0} -parent [gi::getWindows 9]]
[15:57:24.67] /i gi::setActiveWindow 13
[15:57:24.67] /i gi::setActiveWindow 13 -raise true
[15:57:25.66] /i gi::setCurrentIndex {jobMonitorTable} -index {0.0.1.0.0,1} -in [gi::getWindows 13]
[15:57:25.66] /i gi::setItemSelection {jobMonitorTable} -index {0.0.1.0.0,all} -in [gi::getWindows 13]
[15:57:25.83] /i gi::executeAction xtJobMonitorViewOutput -in 13
[15:57:25.83] /# xt::_jobMonitorActions::viewOutput 13
[15:57:25.83] /r giWindowId 14
[15:57:25.92] /r giWindowGeometry 800x600
[15:57:26.94] /i gi::setActiveTab {tabs} -tabName {hspice.lis} -in [gi::getWindows 14]
[15:57:54.49] /i db::setAttr iconified -of [gi::getFrames 1] -value true
[15:58:32.80] /i db::setAttr maximized -of [gi::getFrames 1] -value true
[15:58:32.80] /i db::setAttr iconified -of [gi::getFrames 1] -value false
[15:58:35.33] /r giDialog gi::setActiveDialog [gi::getDialogs {giCloseFrame}]
[15:58:35.62] /r giDialog db::setAttr geometry -of [gi::getDialogs {giCloseFrame}] -value 299x108+1121+612
[15:58:36.31] /r giDialog gi::pressButton {giCloseTabsButton} -in [gi::getDialogs {giCloseFrame}]
[15:58:36.34] /i exit
[15:58:36.38] /r giDialog gi::setActiveDialog [gi::getDialogs {deExitDialog} -parent [gi::getWindows 14]]
[15:58:36.64] /r giDialog db::setAttr geometry -of [gi::getDialogs {deExitDialog} -parent [gi::getWindows 14]] -value 419x207+1061+563
[15:58:37.49] /r giDialog gi::pressButton {ok} -in [gi::getDialogs {deExitDialog} -parent [gi::getWindows 14]]
[15:58:37.69] /r giDialog gi::setActiveDialog [gi::getDialogs {giPrompt} -parent [gi::getWindows 9]]
[15:58:37.92] /r giDialog db::setAttr geometry -of [gi::getDialogs {giPrompt} -parent [gi::getWindows 9]] -value 292x82+1124+625
[15:58:39.41] /r giDialog gi::pressButton {save} -in [gi::getDialogs {giPrompt} -parent [gi::getWindows 9]]
[15:58:39.74] /r giDialog gi::setActiveDialog [gi::getDialogs {saShowSaveState} -parent [gi::getWindows 9]]
[15:58:40.03] /r giDialog db::setAttr geometry -of [gi::getDialogs {saShowSaveState} -parent [gi::getWindows 9]] -value 502x609+1048+478
[15:58:42.33] /r giDialog gi::pressButton {/ok} -in [gi::getDialogs {saShowSaveState} -parent [gi::getWindows 9]]
[15:58:44.71] /o Shutdown time: Fri Mar  5 15:58:44 2021
[15:58:44.71] /o Elapsed session real time: 14.28 minutes
[15:58:44.71] /o Session terminated. Log is at /DCNFS/users/student/cazzarel/Tutorial/synopsys_custom/logs/ccompiler.cazzarel.2021_3_5_154425_10007.log
