[11:34:07.43] /o sae_shell Version Custom Compiler P-2019.06-SP1-7
              /c Build  (OPT) compiled on Thu Feb 13 14:05:50 2020 for RHEL64 6.6
              /c Execution time: Fri Jan 22 11:33:54 2021
              /c Host: linux11105
              /c 
              /c Copyright © 2004-2020 Synopsys, Inc.
              /c This software and the associated documentation are proprietary to Synopsys, Inc. This software may only be used in accordance with the terms and conditions of a written license agreement with Synopsys, Inc. All other use, reproduction, or distribution of this software is strictly prohibited.
              /c 
              /c 
[11:34:07.54] /o /DCNFS/applications/synopsys/2019/app/customcompiler/P-2019.06-SP1-7/auxx/samples/basic
[11:34:07.54] /o /DCNFS/applications/synopsys/2019/app/customcompiler/P-2019.06-SP1-7/auxx/samples/snpsDeviceLib
[11:34:07.54] /o /DCNFS/applications/synopsys/2019/app/customcompiler/P-2019.06-SP1-7/auxx/samples/analogLib
[11:34:07.55] /o /DCNFS/applications/synopsys/2019/app/customcompiler/P-2019.06-SP1-7/auxx/samples/parasitics
[11:34:07.72] /o /DCNFS/applications/synopsys/2019/app/SAED/SAED_PDK90nm/SAED_PDK_90
[11:34:07.72] /o 	############################################
[11:34:07.72] /o 	        Synopsys Generic 90nm iPDK          
[11:34:07.72] /o 	--------------------------------------------
[11:34:07.72] /o 	Release Date .............. : 11-May-2016    
[11:34:07.72] /o 	============================================
[11:34:07.72] /o 	        Recommended Tool Versions           
[11:34:07.72] /o 	--------------------------------------------
[11:34:07.72] /o 	Custom Designer ........... : J-2014.12-2    
[11:34:07.72] /o 	IC Validator .............. : K-2015.12   
[11:34:07.72] /o 	StarRC..................... : K-2015.12  
[11:34:07.72] /o 	--------------------------------------------
[11:34:07.72] /o 	############################################
[11:34:07.72] /o 
[11:34:07.77] /o SAED PDK 90: Loaded callbacks
[11:34:07.78] /o SAED PDK 90: Loaded display resources
[11:34:07.81] /i ::sa::_backgroundSaeShell::signalProcessReady 1611344031
[11:34:07.82] /o saeInterBGSaeShell:  ::sa::_backgroundSaeShell::processReady 16
[11:39:08.82] /o saeInterBGSaeShell:  ::sa::_backgroundSaeShell::pingBack
[11:39:08.95] /i ::sa::_backgroundSaeShell::parentRunning
[11:39:08.95] /o 1611344348
[11:40:36.79] /i ::sa::_backgroundSaeShell::runScript /DCNFS/users/student/cazzarel/simulation/Lab1,Voltage_Divider,schematic/history_1/simulation/default/HSPICE/nominal/.bg_measurement_script.tcl sa::_resultsDatabase::saeShellProcessingCompletedProc testSuiteName saeSession1 testbenchName default resultsDir /DCNFS/users/student/cazzarel/simulation/Lab1,Voltage_Divider,schematic/history_1/simulation/default/HSPICE/nominal/results testSuiteDir /DCNFS/users/student/cazzarel/simulation/Lab1,Voltage_Divider,schematic/history_1/simulation/default/HSPICE/nominal databaseName /DCNFS/users/student/cazzarel/simulation/Lab1,Voltage_Divider,schematic/history_1/simulation/default/HSPICE/nominal/resultsDatabase remoteRun {} testbenchId 1 saveImages true
[11:40:38.34] /m Information: Start incremental database creation...
[11:40:38.44] /m Information: Started sharing "Custom WaveView ADV" license. (WAVEFORM-110)
[11:40:38.66] /o saeInterBGSaeShell:  ::sa::_backgroundSaeShell::scriptFinished 1.8 {} sa::_resultsDatabase::saeShellProcessingCompletedProc testSuiteName saeSession1 testbenchName default resultsDir /DCNFS/users/student/cazzarel/simulation/Lab1,Voltage_Divider,schematic/history_1/simulation/default/HSPICE/nominal/results testSuiteDir /DCNFS/users/student/cazzarel/simulation/Lab1,Voltage_Divider,schematic/history_1/simulation/default/HSPICE/nominal databaseName /DCNFS/users/student/cazzarel/simulation/Lab1,Voltage_Divider,schematic/history_1/simulation/default/HSPICE/nominal/resultsDatabase remoteRun {} testbenchId 1 saveImages true
[11:40:38.66] /o false
[11:41:27.37] /i ::wf::viewerExited
[11:41:45.23] /i ::sa::_backgroundSaeShell::runScript /DCNFS/users/student/cazzarel/simulation/Lab1,Voltage_Divider,schematic/history_1/simulation/default/HSPICE/nominal/.bg_measurement_script.tcl sa::_resultsDatabase::saeShellProcessingCompletedProc testSuiteName saeSession1 testbenchName default resultsDir /DCNFS/users/student/cazzarel/simulation/Lab1,Voltage_Divider,schematic/history_1/simulation/default/HSPICE/nominal/results testSuiteDir /DCNFS/users/student/cazzarel/simulation/Lab1,Voltage_Divider,schematic/history_1/simulation/default/HSPICE/nominal databaseName /DCNFS/users/student/cazzarel/simulation/Lab1,Voltage_Divider,schematic/history_1/simulation/default/HSPICE/nominal/resultsDatabase remoteRun {} testbenchId 1 saveImages true
[11:41:46.64] /m Information: Start incremental database creation...
[11:41:46.90] /o saeInterBGSaeShell:  ::sa::_backgroundSaeShell::scriptFinished 1.6 {} sa::_resultsDatabase::saeShellProcessingCompletedProc testSuiteName saeSession1 testbenchName default resultsDir /DCNFS/users/student/cazzarel/simulation/Lab1,Voltage_Divider,schematic/history_1/simulation/default/HSPICE/nominal/results testSuiteDir /DCNFS/users/student/cazzarel/simulation/Lab1,Voltage_Divider,schematic/history_1/simulation/default/HSPICE/nominal databaseName /DCNFS/users/student/cazzarel/simulation/Lab1,Voltage_Divider,schematic/history_1/simulation/default/HSPICE/nominal/resultsDatabase remoteRun {} testbenchId 1 saveImages true
[11:41:46.90] /o false
[11:43:40.77] /i ::wf::viewerExited
[11:45:34.13] /i ::sa::_backgroundSaeShell::runScript /DCNFS/users/student/cazzarel/simulation/Lab1,Voltage_Divider,schematic/history_1/simulation/default/HSPICE/nominal/.bg_measurement_script.tcl sa::_resultsDatabase::saeShellProcessingCompletedProc testSuiteName saeSession1 testbenchName default resultsDir /DCNFS/users/student/cazzarel/simulation/Lab1,Voltage_Divider,schematic/history_1/simulation/default/HSPICE/nominal/results testSuiteDir /DCNFS/users/student/cazzarel/simulation/Lab1,Voltage_Divider,schematic/history_1/simulation/default/HSPICE/nominal databaseName /DCNFS/users/student/cazzarel/simulation/Lab1,Voltage_Divider,schematic/history_1/simulation/default/HSPICE/nominal/resultsDatabase remoteRun {} testbenchId 1 saveImages true
[11:45:35.59] /m Information: Start incremental database creation...
[11:45:35.84] /o saeInterBGSaeShell:  ::sa::_backgroundSaeShell::scriptFinished 1.7 {} sa::_resultsDatabase::saeShellProcessingCompletedProc testSuiteName saeSession1 testbenchName default resultsDir /DCNFS/users/student/cazzarel/simulation/Lab1,Voltage_Divider,schematic/history_1/simulation/default/HSPICE/nominal/results testSuiteDir /DCNFS/users/student/cazzarel/simulation/Lab1,Voltage_Divider,schematic/history_1/simulation/default/HSPICE/nominal databaseName /DCNFS/users/student/cazzarel/simulation/Lab1,Voltage_Divider,schematic/history_1/simulation/default/HSPICE/nominal/resultsDatabase remoteRun {} testbenchId 1 saveImages true
[11:45:35.84] /o false
[11:49:56.38] /i ::wf::viewerExited
[11:50:20.68] /i ::sa::_backgroundSaeShell::exit
[11:50:20.68] /o saeInterBGSaeShell:  ::sa::_backgroundSaeShell::childFormallyExiting
