[10:28:47.20] /o sae_shell Version Custom Compiler P-2019.06-SP1-7
              /c Build  (OPT) compiled on Thu Feb 13 14:05:50 2020 for RHEL64 6.6
              /c Execution time: Fri Jan 22 10:28:35 2021
              /c Host: linux11105
              /c 
              /c Copyright © 2004-2020 Synopsys, Inc.
              /c This software and the associated documentation are proprietary to Synopsys, Inc. This software may only be used in accordance with the terms and conditions of a written license agreement with Synopsys, Inc. All other use, reproduction, or distribution of this software is strictly prohibited.
              /c 
              /c 
[10:28:47.32] /o /DCNFS/applications/synopsys/2019/app/customcompiler/P-2019.06-SP1-7/auxx/samples/basic
[10:28:47.33] /o /DCNFS/applications/synopsys/2019/app/customcompiler/P-2019.06-SP1-7/auxx/samples/snpsDeviceLib
[10:28:47.33] /o /DCNFS/applications/synopsys/2019/app/customcompiler/P-2019.06-SP1-7/auxx/samples/analogLib
[10:28:47.34] /o /DCNFS/applications/synopsys/2019/app/customcompiler/P-2019.06-SP1-7/auxx/samples/parasitics
[10:28:47.53] /o /DCNFS/applications/synopsys/2019/app/SAED/SAED_PDK90nm/SAED_PDK_90
[10:28:47.54] /o 	############################################
[10:28:47.54] /o 	        Synopsys Generic 90nm iPDK          
[10:28:47.54] /o 	--------------------------------------------
[10:28:47.54] /o 	Release Date .............. : 11-May-2016    
[10:28:47.54] /o 	============================================
[10:28:47.54] /o 	        Recommended Tool Versions           
[10:28:47.54] /o 	--------------------------------------------
[10:28:47.54] /o 	Custom Designer ........... : J-2014.12-2    
[10:28:47.54] /o 	IC Validator .............. : K-2015.12   
[10:28:47.54] /o 	StarRC..................... : K-2015.12  
[10:28:47.54] /o 	--------------------------------------------
[10:28:47.54] /o 	############################################
[10:28:47.54] /o 
[10:28:47.59] /o SAED PDK 90: Loaded callbacks
[10:28:47.60] /o SAED PDK 90: Loaded display resources
[10:28:47.61] /i ::sa::_backgroundSaeShell::signalProcessReady 1611340112
[10:28:47.62] /o saeInterBGSaeShell:  ::sa::_backgroundSaeShell::processReady 15
[10:28:56.17] /i ::wf::viewerExited
[10:33:48.63] /o saeInterBGSaeShell:  ::sa::_backgroundSaeShell::pingBack
[10:33:48.75] /i ::sa::_backgroundSaeShell::parentRunning
[10:33:48.75] /o 1611340428
[10:38:49.65] /o saeInterBGSaeShell:  ::sa::_backgroundSaeShell::pingBack
[10:38:49.75] /i ::sa::_backgroundSaeShell::parentRunning
[10:38:49.75] /o 1611340729
[10:43:50.67] /o saeInterBGSaeShell:  ::sa::_backgroundSaeShell::pingBack
[10:43:50.85] /i ::sa::_backgroundSaeShell::parentRunning
[10:43:50.85] /o 1611341030
[10:48:51.69] /o saeInterBGSaeShell:  ::sa::_backgroundSaeShell::pingBack
[10:48:51.85] /i ::sa::_backgroundSaeShell::parentRunning
[10:48:51.85] /o 1611341331
[10:53:52.71] /o saeInterBGSaeShell:  ::sa::_backgroundSaeShell::pingBack
[10:53:52.75] /i ::sa::_backgroundSaeShell::parentRunning
[10:53:52.75] /o 1611341632
[10:58:53.73] /o saeInterBGSaeShell:  ::sa::_backgroundSaeShell::pingBack
[10:58:53.85] /i ::sa::_backgroundSaeShell::parentRunning
[10:58:53.85] /o 1611341933
[11:03:54.75] /o saeInterBGSaeShell:  ::sa::_backgroundSaeShell::pingBack
[11:03:54.85] /i ::sa::_backgroundSaeShell::parentRunning
[11:03:54.85] /o 1611342234
[11:08:55.77] /o saeInterBGSaeShell:  ::sa::_backgroundSaeShell::pingBack
[11:08:55.95] /i ::sa::_backgroundSaeShell::parentRunning
[11:08:55.95] /o 1611342535
[11:11:22.07] /i ::wf::viewerExited
[11:13:56.78] /o saeInterBGSaeShell:  ::sa::_backgroundSaeShell::pingBack
[11:13:56.95] /i ::sa::_backgroundSaeShell::parentRunning
[11:13:56.95] /o 1611342836
[11:16:52.47] /i ::wf::viewerExited
[11:18:57.80] /o saeInterBGSaeShell:  ::sa::_backgroundSaeShell::pingBack
[11:18:57.85] /i ::sa::_backgroundSaeShell::parentRunning
[11:18:57.85] /o 1611343137
[11:22:14.97] /i ::wf::viewerExited
[11:22:25.00] /i ::sa::_backgroundSaeShell::exit
[11:22:25.00] /o saeInterBGSaeShell:  ::sa::_backgroundSaeShell::childFormallyExiting
