[10:38:58.33] /o sae_shell Version Custom Compiler P-2019.06-SP1-7
              /c Build  (OPT) compiled on Thu Feb 13 14:05:50 2020 for RHEL64 6.6
              /c Execution time: Fri Jan 29 10:38:46 2021
              /c Host: linux11101
              /c 
              /c Copyright © 2004-2020 Synopsys, Inc.
              /c This software and the associated documentation are proprietary to Synopsys, Inc. This software may only be used in accordance with the terms and conditions of a written license agreement with Synopsys, Inc. All other use, reproduction, or distribution of this software is strictly prohibited.
              /c 
              /c 
[10:38:58.46] /o /DCNFS/applications/synopsys/2019/app/customcompiler/P-2019.06-SP1-7/auxx/samples/basic
[10:38:58.46] /o /DCNFS/applications/synopsys/2019/app/customcompiler/P-2019.06-SP1-7/auxx/samples/snpsDeviceLib
[10:38:58.47] /o /DCNFS/applications/synopsys/2019/app/customcompiler/P-2019.06-SP1-7/auxx/samples/analogLib
[10:38:58.47] /o /DCNFS/applications/synopsys/2019/app/customcompiler/P-2019.06-SP1-7/auxx/samples/parasitics
[10:38:58.65] /o /DCNFS/applications/synopsys/2019/app/SAED/SAED_PDK90nm/SAED_PDK_90
[10:38:58.66] /o 	############################################
[10:38:58.66] /o 	        Synopsys Generic 90nm iPDK          
[10:38:58.66] /o 	--------------------------------------------
[10:38:58.66] /o 	Release Date .............. : 11-May-2016    
[10:38:58.66] /o 	============================================
[10:38:58.66] /o 	        Recommended Tool Versions           
[10:38:58.66] /o 	--------------------------------------------
[10:38:58.66] /o 	Custom Designer ........... : J-2014.12-2    
[10:38:58.66] /o 	IC Validator .............. : K-2015.12   
[10:38:58.66] /o 	StarRC..................... : K-2015.12  
[10:38:58.66] /o 	--------------------------------------------
[10:38:58.66] /o 	############################################
[10:38:58.66] /o 
[10:38:58.71] /o SAED PDK 90: Loaded callbacks
[10:38:58.72] /o SAED PDK 90: Loaded display resources
[10:38:58.75] /i ::sa::_backgroundSaeShell::signalProcessReady 1611945523
[10:38:58.75] /o saeInterBGSaeShell:  ::sa::_backgroundSaeShell::processReady 15
[10:43:59.76] /o saeInterBGSaeShell:  ::sa::_backgroundSaeShell::pingBack
[10:43:59.87] /i ::sa::_backgroundSaeShell::parentRunning
[10:43:59.87] /o 1611945839
[10:49:00.78] /o saeInterBGSaeShell:  ::sa::_backgroundSaeShell::pingBack
[10:49:02.43] /i ::sa::_backgroundSaeShell::parentRunning
[10:49:02.43] /o 1611946142
[10:50:01.29] /i ::wf::viewerExited
[10:52:19.68] /i ::wf::viewerExited
[10:54:03.80] /o saeInterBGSaeShell:  ::sa::_backgroundSaeShell::pingBack
[10:54:03.97] /i ::sa::_backgroundSaeShell::parentRunning
[10:54:03.97] /o 1611946443
[10:57:37.07] /i ::sa::_backgroundSaeShell::exit
[10:57:37.07] /o saeInterBGSaeShell:  ::sa::_backgroundSaeShell::childFormallyExiting
