[10:31:25.20] /o sae_shell Version Custom Compiler P-2019.06-SP1-7
              /c Build  (OPT) compiled on Thu Feb 13 14:05:50 2020 for RHEL64 6.6
              /c Execution time: Fri Jan 29 10:31:13 2021
              /c Host: linux11101
              /c 
              /c Copyright © 2004-2020 Synopsys, Inc.
              /c This software and the associated documentation are proprietary to Synopsys, Inc. This software may only be used in accordance with the terms and conditions of a written license agreement with Synopsys, Inc. All other use, reproduction, or distribution of this software is strictly prohibited.
              /c 
              /c 
[10:31:25.33] /o /DCNFS/applications/synopsys/2019/app/customcompiler/P-2019.06-SP1-7/auxx/samples/basic
[10:31:25.34] /o /DCNFS/applications/synopsys/2019/app/customcompiler/P-2019.06-SP1-7/auxx/samples/snpsDeviceLib
[10:31:25.34] /o /DCNFS/applications/synopsys/2019/app/customcompiler/P-2019.06-SP1-7/auxx/samples/analogLib
[10:31:25.35] /o /DCNFS/applications/synopsys/2019/app/customcompiler/P-2019.06-SP1-7/auxx/samples/parasitics
[10:31:25.53] /o /DCNFS/applications/synopsys/2019/app/SAED/SAED_PDK90nm/SAED_PDK_90
[10:31:25.54] /o 	############################################
[10:31:25.54] /o 	        Synopsys Generic 90nm iPDK          
[10:31:25.54] /o 	--------------------------------------------
[10:31:25.54] /o 	Release Date .............. : 11-May-2016    
[10:31:25.54] /o 	============================================
[10:31:25.54] /o 	        Recommended Tool Versions           
[10:31:25.54] /o 	--------------------------------------------
[10:31:25.54] /o 	Custom Designer ........... : J-2014.12-2    
[10:31:25.54] /o 	IC Validator .............. : K-2015.12   
[10:31:25.54] /o 	StarRC..................... : K-2015.12  
[10:31:25.54] /o 	--------------------------------------------
[10:31:25.54] /o 	############################################
[10:31:25.54] /o 
[10:31:25.59] /o SAED PDK 90: Loaded callbacks
[10:31:25.60] /o SAED PDK 90: Loaded display resources
[10:31:25.63] /i ::sa::_backgroundSaeShell::signalProcessReady 1611945068
[10:31:25.63] /o saeInterBGSaeShell:  ::sa::_backgroundSaeShell::processReady 17
[10:36:26.64] /o saeInterBGSaeShell:  ::sa::_backgroundSaeShell::pingBack
[10:36:26.77] /i ::sa::_backgroundSaeShell::parentRunning
[10:36:26.77] /o 1611945386
[10:38:43.66] /i ::sa::_backgroundSaeShell::runScript /DCNFS/users/student/cazzarel/simulation/Tutorial,testbench_inverter,schematic/history_1/simulation/default/HSPICE/nominal/.bg_measurement_script.tcl sa::_resultsDatabase::saeShellProcessingCompletedProc testSuiteName saeSession0 testbenchName default resultsDir /DCNFS/users/student/cazzarel/simulation/Tutorial,testbench_inverter,schematic/history_1/simulation/default/HSPICE/nominal/results testSuiteDir /DCNFS/users/student/cazzarel/simulation/Tutorial,testbench_inverter,schematic/history_1/simulation/default/HSPICE/nominal databaseName /DCNFS/users/student/cazzarel/simulation/Tutorial,testbench_inverter,schematic/history_1/simulation/default/HSPICE/nominal/resultsDatabase remoteRun {} testbenchId 1 saveImages true
[10:38:44.48] /m Information: Start incremental database creation...
[10:38:44.55] /m Information: Started sharing "Custom WaveView ADV" license. (WAVEFORM-110)
[10:38:44.70] /o Tracing Vout
[10:38:44.70] /o Tracing Vout (Found 0)
[10:38:44.70] /o Tracing collected globals
[10:38:44.71] /o Tracing Vout
[10:38:44.71] /o Tracing Vout (Found 0)
[10:38:44.72] /o Tracing collected globals
[10:38:44.72] /o Tracing Vout
[10:38:44.72] /o Tracing Vout (Found 0)
[10:38:44.72] /o Tracing collected globals
[10:38:44.73] /m Information: Re-evaluating the failed expression 'v(/Vout)'
[10:38:44.92] /o saeInterBGSaeShell:  ::sa::_backgroundSaeShell::scriptFinished 1.2 {} sa::_resultsDatabase::saeShellProcessingCompletedProc testSuiteName saeSession0 testbenchName default resultsDir /DCNFS/users/student/cazzarel/simulation/Tutorial,testbench_inverter,schematic/history_1/simulation/default/HSPICE/nominal/results testSuiteDir /DCNFS/users/student/cazzarel/simulation/Tutorial,testbench_inverter,schematic/history_1/simulation/default/HSPICE/nominal databaseName /DCNFS/users/student/cazzarel/simulation/Tutorial,testbench_inverter,schematic/history_1/simulation/default/HSPICE/nominal/resultsDatabase remoteRun {} testbenchId 1 saveImages true
[10:38:44.92] /o false
[10:43:45.66] /o saeInterBGSaeShell:  ::sa::_backgroundSaeShell::pingBack
[10:43:45.67] /i ::sa::_backgroundSaeShell::parentRunning
[10:43:45.67] /o 1611945825
[10:43:49.77] /m Information: Stopped sharing "Custom WaveView ADV" license. (WAVEFORM-111)
[10:44:35.82] /i ::sa::_backgroundSaeShell::runScript /DCNFS/users/student/cazzarel/simulation/Tutorial,testbench_inverter,schematic/history_1/simulation/default/HSPICE/nominal/.bg_measurement_script.tcl sa::_resultsDatabase::saeShellProcessingCompletedProc testSuiteName saeSession0 testbenchName default resultsDir /DCNFS/users/student/cazzarel/simulation/Tutorial,testbench_inverter,schematic/history_1/simulation/default/HSPICE/nominal/results testSuiteDir /DCNFS/users/student/cazzarel/simulation/Tutorial,testbench_inverter,schematic/history_1/simulation/default/HSPICE/nominal databaseName /DCNFS/users/student/cazzarel/simulation/Tutorial,testbench_inverter,schematic/history_1/simulation/default/HSPICE/nominal/resultsDatabase remoteRun {} testbenchId 1 saveImages true
[10:44:36.58] /m Information: Start incremental database creation...
[10:44:36.63] /m Information: Started sharing "Custom WaveView ADV" license. (WAVEFORM-110)
[10:44:36.78] /o Tracing Vout
[10:44:36.78] /o Tracing Vout (Found 0)
[10:44:36.78] /o Tracing collected globals
[10:44:36.78] /o Tracing Vout
[10:44:36.78] /o Tracing Vout (Found 0)
[10:44:36.79] /o Tracing collected globals
[10:44:36.79] /o Tracing Vout
[10:44:36.79] /o Tracing Vout (Found 0)
[10:44:36.79] /o Tracing collected globals
[10:44:36.80] /m Information: Re-evaluating the failed expression 'v(/Vout)'
[10:44:36.98] /o saeInterBGSaeShell:  ::sa::_backgroundSaeShell::scriptFinished 1.1 {} sa::_resultsDatabase::saeShellProcessingCompletedProc testSuiteName saeSession0 testbenchName default resultsDir /DCNFS/users/student/cazzarel/simulation/Tutorial,testbench_inverter,schematic/history_1/simulation/default/HSPICE/nominal/results testSuiteDir /DCNFS/users/student/cazzarel/simulation/Tutorial,testbench_inverter,schematic/history_1/simulation/default/HSPICE/nominal databaseName /DCNFS/users/student/cazzarel/simulation/Tutorial,testbench_inverter,schematic/history_1/simulation/default/HSPICE/nominal/resultsDatabase remoteRun {} testbenchId 1 saveImages true
[10:44:36.98] /o false
[10:49:01.60] /i ::sa::_backgroundSaeShell::runScript /DCNFS/users/student/cazzarel/simulation/Tutorial,testbench_inverter,schematic/history_1/simulation/default/HSPICE/nominal/.bg_measurement_script.tcl sa::_resultsDatabase::saeShellProcessingCompletedProc testSuiteName saeSession0 testbenchName default resultsDir /DCNFS/users/student/cazzarel/simulation/Tutorial,testbench_inverter,schematic/history_1/simulation/default/HSPICE/nominal/results testSuiteDir /DCNFS/users/student/cazzarel/simulation/Tutorial,testbench_inverter,schematic/history_1/simulation/default/HSPICE/nominal databaseName /DCNFS/users/student/cazzarel/simulation/Tutorial,testbench_inverter,schematic/history_1/simulation/default/HSPICE/nominal/resultsDatabase remoteRun {} testbenchId 1 saveImages true
[10:49:02.88] /m Information: Start incremental database creation...
[10:49:03.14] /o saeInterBGSaeShell:  ::sa::_backgroundSaeShell::scriptFinished 1.5 {} sa::_resultsDatabase::saeShellProcessingCompletedProc testSuiteName saeSession0 testbenchName default resultsDir /DCNFS/users/student/cazzarel/simulation/Tutorial,testbench_inverter,schematic/history_1/simulation/default/HSPICE/nominal/results testSuiteDir /DCNFS/users/student/cazzarel/simulation/Tutorial,testbench_inverter,schematic/history_1/simulation/default/HSPICE/nominal databaseName /DCNFS/users/student/cazzarel/simulation/Tutorial,testbench_inverter,schematic/history_1/simulation/default/HSPICE/nominal/resultsDatabase remoteRun {} testbenchId 1 saveImages true
[10:49:03.14] /o false
[10:50:01.29] /i ::wf::viewerExited
[10:52:00.10] /i ::sa::_backgroundSaeShell::runScript /DCNFS/users/student/cazzarel/simulation/Tutorial,testbench_inverter,schematic/history_1/simulation/default/HSPICE/nominal/.bg_measurement_script.tcl sa::_resultsDatabase::saeShellProcessingCompletedProc testSuiteName saeSession0 testbenchName default resultsDir /DCNFS/users/student/cazzarel/simulation/Tutorial,testbench_inverter,schematic/history_1/simulation/default/HSPICE/nominal/results testSuiteDir /DCNFS/users/student/cazzarel/simulation/Tutorial,testbench_inverter,schematic/history_1/simulation/default/HSPICE/nominal databaseName /DCNFS/users/student/cazzarel/simulation/Tutorial,testbench_inverter,schematic/history_1/simulation/default/HSPICE/nominal/resultsDatabase remoteRun {} testbenchId 1 saveImages true
[10:52:01.53] /m Information: Start incremental database creation...
[10:52:01.78] /o saeInterBGSaeShell:  ::sa::_backgroundSaeShell::scriptFinished 1.6 {} sa::_resultsDatabase::saeShellProcessingCompletedProc testSuiteName saeSession0 testbenchName default resultsDir /DCNFS/users/student/cazzarel/simulation/Tutorial,testbench_inverter,schematic/history_1/simulation/default/HSPICE/nominal/results testSuiteDir /DCNFS/users/student/cazzarel/simulation/Tutorial,testbench_inverter,schematic/history_1/simulation/default/HSPICE/nominal databaseName /DCNFS/users/student/cazzarel/simulation/Tutorial,testbench_inverter,schematic/history_1/simulation/default/HSPICE/nominal/resultsDatabase remoteRun {} testbenchId 1 saveImages true
[10:52:01.78] /o false
[10:52:19.68] /i ::wf::viewerExited
[10:57:02.70] /o saeInterBGSaeShell:  ::sa::_backgroundSaeShell::pingBack
[10:57:02.87] /i ::sa::_backgroundSaeShell::parentRunning
[10:57:02.87] /o 1611946622
[10:57:06.77] /m Information: Stopped sharing "Custom WaveView ADV" license. (WAVEFORM-111)
[10:57:37.07] /i ::sa::_backgroundSaeShell::exit
[10:57:37.07] /o saeInterBGSaeShell:  ::sa::_backgroundSaeShell::childFormallyExiting
