[15:50:27.22] /o sae_shell Version Custom Compiler P-2019.06-SP1-7
              /c Build  (OPT) compiled on Thu Feb 13 14:05:50 2020 for RHEL64 6.6
              /c Execution time: Fri Mar  5 15:50:20 2021
              /c Host: linux11108
              /c 
              /c Copyright © 2004-2020 Synopsys, Inc.
              /c This software and the associated documentation are proprietary to Synopsys, Inc. This software may only be used in accordance with the terms and conditions of a written license agreement with Synopsys, Inc. All other use, reproduction, or distribution of this software is strictly prohibited.
              /c 
              /c 
[15:50:27.31] /o /DCNFS/applications/synopsys/2019/app/customcompiler/P-2019.06-SP1-7/auxx/samples/basic
[15:50:27.31] /o /DCNFS/applications/synopsys/2019/app/customcompiler/P-2019.06-SP1-7/auxx/samples/snpsDeviceLib
[15:50:27.31] /o /DCNFS/applications/synopsys/2019/app/customcompiler/P-2019.06-SP1-7/auxx/samples/analogLib
[15:50:27.31] /o /DCNFS/applications/synopsys/2019/app/customcompiler/P-2019.06-SP1-7/auxx/samples/parasitics
[15:50:27.42] /o /DCNFS/applications/synopsys/2019/app/SAED/SAED_PDK90nm/SAED_PDK_90
[15:50:27.42] /o 	############################################
[15:50:27.42] /o 	        Synopsys Generic 90nm iPDK          
[15:50:27.42] /o 	--------------------------------------------
[15:50:27.42] /o 	Release Date .............. : 11-May-2016    
[15:50:27.42] /o 	============================================
[15:50:27.42] /o 	        Recommended Tool Versions           
[15:50:27.42] /o 	--------------------------------------------
[15:50:27.42] /o 	Custom Designer ........... : J-2014.12-2    
[15:50:27.42] /o 	IC Validator .............. : K-2015.12   
[15:50:27.42] /o 	StarRC..................... : K-2015.12  
[15:50:27.42] /o 	--------------------------------------------
[15:50:27.42] /o 	############################################
[15:50:27.42] /o 
[15:50:27.44] /o SAED PDK 90: Loaded callbacks
[15:50:27.45] /o SAED PDK 90: Loaded display resources
[15:50:27.47] /i ::sa::_backgroundSaeShell::signalProcessReady 1614988220
[15:50:27.47] /o saeInterBGSaeShell:  ::sa::_backgroundSaeShell::processReady 7
[15:55:28.48] /o saeInterBGSaeShell:  ::sa::_backgroundSaeShell::pingBack
[15:55:28.63] /i ::sa::_backgroundSaeShell::parentRunning
[15:55:28.63] /o 1614988528
[15:58:43.04] /i ::sa::_backgroundSaeShell::exit
[15:58:43.04] /o saeInterBGSaeShell:  ::sa::_backgroundSaeShell::childFormallyExiting
