[16:00:19.79] /o sae_shell Version Custom Compiler P-2019.06-SP1-7
              /c Build  (OPT) compiled on Thu Feb 13 14:05:50 2020 for RHEL64 6.6
              /c Execution time: Fri Mar  5 16:00:13 2021
              /c Host: linux11108
              /c 
              /c Copyright © 2004-2020 Synopsys, Inc.
              /c This software and the associated documentation are proprietary to Synopsys, Inc. This software may only be used in accordance with the terms and conditions of a written license agreement with Synopsys, Inc. All other use, reproduction, or distribution of this software is strictly prohibited.
              /c 
              /c 
[16:00:19.89] /o /DCNFS/applications/synopsys/2019/app/customcompiler/P-2019.06-SP1-7/auxx/samples/basic
[16:00:19.89] /o /DCNFS/applications/synopsys/2019/app/customcompiler/P-2019.06-SP1-7/auxx/samples/snpsDeviceLib
[16:00:19.89] /o /DCNFS/applications/synopsys/2019/app/customcompiler/P-2019.06-SP1-7/auxx/samples/analogLib
[16:00:19.89] /o /DCNFS/applications/synopsys/2019/app/customcompiler/P-2019.06-SP1-7/auxx/samples/parasitics
[16:00:20.01] /o /DCNFS/applications/synopsys/2019/app/SAED/SAED_PDK90nm/SAED_PDK_90
[16:00:20.01] /o 	############################################
[16:00:20.01] /o 	        Synopsys Generic 90nm iPDK          
[16:00:20.01] /o 	--------------------------------------------
[16:00:20.01] /o 	Release Date .............. : 11-May-2016    
[16:00:20.01] /o 	============================================
[16:00:20.01] /o 	        Recommended Tool Versions           
[16:00:20.01] /o 	--------------------------------------------
[16:00:20.01] /o 	Custom Designer ........... : J-2014.12-2    
[16:00:20.01] /o 	IC Validator .............. : K-2015.12   
[16:00:20.01] /o 	StarRC..................... : K-2015.12  
[16:00:20.01] /o 	--------------------------------------------
[16:00:20.01] /o 	############################################
[16:00:20.01] /o 
[16:00:20.03] /o SAED PDK 90: Loaded callbacks
[16:00:20.04] /o SAED PDK 90: Loaded display resources
[16:00:20.06] /i ::sa::_backgroundSaeShell::signalProcessReady 1614988812
[16:00:20.06] /o saeInterBGSaeShell:  ::sa::_backgroundSaeShell::processReady 8
[16:00:31.60] /i ::sa::_backgroundSaeShell::runScript /DCNFS/users/student/cazzarel/simulation/fourbitadder,ripplecarrytestbench,schematic/history_1/simulation/HSPICE_default/HSPICE/nominal/.bg_measurement_script.tcl sa::_resultsDatabase::saeShellProcessingCompletedProc testSuiteName saeSession0 testbenchName HSPICE_default resultsDir /DCNFS/users/student/cazzarel/simulation/fourbitadder,ripplecarrytestbench,schematic/history_1/simulation/HSPICE_default/HSPICE/nominal/results testSuiteDir /DCNFS/users/student/cazzarel/simulation/fourbitadder,ripplecarrytestbench,schematic/history_1/simulation/HSPICE_default/HSPICE/nominal databaseName /DCNFS/users/student/cazzarel/simulation/fourbitadder,ripplecarrytestbench,schematic/history_1/simulation/HSPICE_default/HSPICE/nominal/resultsDatabase remoteRun {} testbenchId 1 saveImages true
[16:00:34.00] /m Information: Start incremental database creation...
[16:00:34.11] /m Information: Started sharing "Custom WaveView ADV" license. (WAVEFORM-110)
[16:00:34.47] /o saeInterBGSaeShell:  ::sa::_backgroundSaeShell::scriptFinished 2.8 {} sa::_resultsDatabase::saeShellProcessingCompletedProc testSuiteName saeSession0 testbenchName HSPICE_default resultsDir /DCNFS/users/student/cazzarel/simulation/fourbitadder,ripplecarrytestbench,schematic/history_1/simulation/HSPICE_default/HSPICE/nominal/results testSuiteDir /DCNFS/users/student/cazzarel/simulation/fourbitadder,ripplecarrytestbench,schematic/history_1/simulation/HSPICE_default/HSPICE/nominal databaseName /DCNFS/users/student/cazzarel/simulation/fourbitadder,ripplecarrytestbench,schematic/history_1/simulation/HSPICE_default/HSPICE/nominal/resultsDatabase remoteRun {} testbenchId 1 saveImages true
[16:00:34.47] /o false
[16:05:35.07] /o saeInterBGSaeShell:  ::sa::_backgroundSaeShell::pingBack
[16:05:35.13] /i ::sa::_backgroundSaeShell::parentRunning
[16:05:35.13] /o 1614989135
[16:05:39.73] /m Information: Stopped sharing "Custom WaveView ADV" license. (WAVEFORM-111)
[16:05:43.75] /i ::wf::viewerExited
[16:05:58.52] /i ::sa::_backgroundSaeShell::exit
[16:05:58.52] /o saeInterBGSaeShell:  ::sa::_backgroundSaeShell::childFormallyExiting
