[13:47:06.76] /o sae_shell Version Custom Compiler P-2019.06-SP1-7
              /c Build  (OPT) compiled on Thu Feb 13 14:05:50 2020 for RHEL64 6.6
              /c Execution time: Fri Feb 19 13:46:54 2021
              /c Host: linux11101
              /c 
              /c Copyright © 2004-2020 Synopsys, Inc.
              /c This software and the associated documentation are proprietary to Synopsys, Inc. This software may only be used in accordance with the terms and conditions of a written license agreement with Synopsys, Inc. All other use, reproduction, or distribution of this software is strictly prohibited.
              /c 
              /c 
[13:47:06.88] /o /DCNFS/applications/synopsys/2019/app/customcompiler/P-2019.06-SP1-7/auxx/samples/basic
[13:47:06.89] /o /DCNFS/applications/synopsys/2019/app/customcompiler/P-2019.06-SP1-7/auxx/samples/snpsDeviceLib
[13:47:06.90] /o /DCNFS/applications/synopsys/2019/app/customcompiler/P-2019.06-SP1-7/auxx/samples/analogLib
[13:47:06.90] /o /DCNFS/applications/synopsys/2019/app/customcompiler/P-2019.06-SP1-7/auxx/samples/parasitics
[13:47:07.10] /o /DCNFS/applications/synopsys/2019/app/SAED/SAED_PDK90nm/SAED_PDK_90
[13:47:07.11] /o 	############################################
[13:47:07.11] /o 	        Synopsys Generic 90nm iPDK          
[13:47:07.11] /o 	--------------------------------------------
[13:47:07.11] /o 	Release Date .............. : 11-May-2016    
[13:47:07.11] /o 	============================================
[13:47:07.11] /o 	        Recommended Tool Versions           
[13:47:07.11] /o 	--------------------------------------------
[13:47:07.11] /o 	Custom Designer ........... : J-2014.12-2    
[13:47:07.11] /o 	IC Validator .............. : K-2015.12   
[13:47:07.11] /o 	StarRC..................... : K-2015.12  
[13:47:07.11] /o 	--------------------------------------------
[13:47:07.11] /o 	############################################
[13:47:07.11] /o 
[13:47:07.17] /o SAED PDK 90: Loaded callbacks
[13:47:07.18] /o SAED PDK 90: Loaded display resources
[13:47:07.21] /i ::sa::_backgroundSaeShell::signalProcessReady 1613771211
[13:47:07.21] /o saeInterBGSaeShell:  ::sa::_backgroundSaeShell::processReady 16
[13:51:45.66] /i ::sa::_backgroundSaeShell::exit
[13:51:45.66] /o saeInterBGSaeShell:  ::sa::_backgroundSaeShell::childFormallyExiting
