[15:48:18.41] /o sae_shell Version Custom Compiler P-2019.06-SP1-7
              /c Build  (OPT) compiled on Thu Feb 13 14:05:50 2020 for RHEL64 6.6
              /c Execution time: Fri Mar  5 15:48:12 2021
              /c Host: linux11108
              /c 
              /c Copyright © 2004-2020 Synopsys, Inc.
              /c This software and the associated documentation are proprietary to Synopsys, Inc. This software may only be used in accordance with the terms and conditions of a written license agreement with Synopsys, Inc. All other use, reproduction, or distribution of this software is strictly prohibited.
              /c 
              /c 
[15:48:18.50] /o /DCNFS/applications/synopsys/2019/app/customcompiler/P-2019.06-SP1-7/auxx/samples/basic
[15:48:18.51] /o /DCNFS/applications/synopsys/2019/app/customcompiler/P-2019.06-SP1-7/auxx/samples/snpsDeviceLib
[15:48:18.51] /o /DCNFS/applications/synopsys/2019/app/customcompiler/P-2019.06-SP1-7/auxx/samples/analogLib
[15:48:18.51] /o /DCNFS/applications/synopsys/2019/app/customcompiler/P-2019.06-SP1-7/auxx/samples/parasitics
[15:48:18.62] /o /DCNFS/applications/synopsys/2019/app/SAED/SAED_PDK90nm/SAED_PDK_90
[15:48:18.62] /o 	############################################
[15:48:18.62] /o 	        Synopsys Generic 90nm iPDK          
[15:48:18.62] /o 	--------------------------------------------
[15:48:18.62] /o 	Release Date .............. : 11-May-2016    
[15:48:18.62] /o 	============================================
[15:48:18.62] /o 	        Recommended Tool Versions           
[15:48:18.62] /o 	--------------------------------------------
[15:48:18.62] /o 	Custom Designer ........... : J-2014.12-2    
[15:48:18.62] /o 	IC Validator .............. : K-2015.12   
[15:48:18.62] /o 	StarRC..................... : K-2015.12  
[15:48:18.62] /o 	--------------------------------------------
[15:48:18.62] /o 	############################################
[15:48:18.62] /o 
[15:48:18.65] /o SAED PDK 90: Loaded callbacks
[15:48:18.66] /o SAED PDK 90: Loaded display resources
[15:48:18.68] /i ::sa::_backgroundSaeShell::signalProcessReady 1614988091
[15:48:18.69] /o saeInterBGSaeShell:  ::sa::_backgroundSaeShell::processReady 7
[15:50:20.18] /i ::sa::_backgroundSaeShell::runScript /DCNFS/users/student/cazzarel/simulation/fourbitadder,ripplecarrytestbench,schematic/history_1/simulation/default/HSPICE/nominal/.bg_measurement_script.tcl sa::_resultsDatabase::saeShellProcessingCompletedProc testSuiteName saeSession0 testbenchName default resultsDir /DCNFS/users/student/cazzarel/simulation/fourbitadder,ripplecarrytestbench,schematic/history_1/simulation/default/HSPICE/nominal/results testSuiteDir /DCNFS/users/student/cazzarel/simulation/fourbitadder,ripplecarrytestbench,schematic/history_1/simulation/default/HSPICE/nominal databaseName /DCNFS/users/student/cazzarel/simulation/fourbitadder,ripplecarrytestbench,schematic/history_1/simulation/default/HSPICE/nominal/resultsDatabase remoteRun {} testbenchId 1 saveImages true
[15:50:21.05] /m Information: Start incremental database creation...
[15:50:21.10] /m Information: Re-evaluating the failed expression 'v(/A0)'
[15:50:21.11] /m Information: Re-evaluating the failed expression 'v(/A1)'
[15:50:21.11] /m Information: Re-evaluating the failed expression 'v(/A2)'
[15:50:21.11] /m Information: Re-evaluating the failed expression 'v(/A3)'
[15:50:21.11] /m Information: Re-evaluating the failed expression 'v(/B0)'
[15:50:21.12] /m Information: Re-evaluating the failed expression 'v(/B1)'
[15:50:21.12] /m Information: Re-evaluating the failed expression 'v(/B2)'
[15:50:21.12] /m Information: Re-evaluating the failed expression 'v(/B3)'
[15:50:21.12] /m Information: Re-evaluating the failed expression 'v(/S0)'
[15:50:21.12] /m Information: Re-evaluating the failed expression 'v(/S1)'
[15:50:21.13] /m Information: Re-evaluating the failed expression 'v(/S2)'
[15:50:21.13] /m Information: Re-evaluating the failed expression 'v(/S3)'
[15:50:21.13] /m Information: Re-evaluating the failed expression 'v(/Cout)'
[15:50:21.18] /o saeInterBGSaeShell:  ::sa::_backgroundSaeShell::scriptFinished 0.9 {} sa::_resultsDatabase::saeShellProcessingCompletedProc testSuiteName saeSession0 testbenchName default resultsDir /DCNFS/users/student/cazzarel/simulation/fourbitadder,ripplecarrytestbench,schematic/history_1/simulation/default/HSPICE/nominal/results testSuiteDir /DCNFS/users/student/cazzarel/simulation/fourbitadder,ripplecarrytestbench,schematic/history_1/simulation/default/HSPICE/nominal databaseName /DCNFS/users/student/cazzarel/simulation/fourbitadder,ripplecarrytestbench,schematic/history_1/simulation/default/HSPICE/nominal/resultsDatabase remoteRun {} testbenchId 1 saveImages true
[15:50:21.18] /o false
[15:50:45.91] /i ::sa::_backgroundSaeShell::runScript /DCNFS/users/student/cazzarel/simulation/fourbitadder,ripplecarrytestbench,schematic/history_1/simulation/default/HSPICE/nominal/.bg_measurement_script.tcl sa::_resultsDatabase::saeShellProcessingCompletedProc testSuiteName saeSession0 testbenchName default resultsDir /DCNFS/users/student/cazzarel/simulation/fourbitadder,ripplecarrytestbench,schematic/history_1/simulation/default/HSPICE/nominal/results testSuiteDir /DCNFS/users/student/cazzarel/simulation/fourbitadder,ripplecarrytestbench,schematic/history_1/simulation/default/HSPICE/nominal databaseName /DCNFS/users/student/cazzarel/simulation/fourbitadder,ripplecarrytestbench,schematic/history_1/simulation/default/HSPICE/nominal/resultsDatabase remoteRun {} testbenchId 1 saveImages true
[15:50:46.61] /m Information: Start incremental database creation...
[15:50:46.67] /m Information: Re-evaluating the failed expression 'v(/A0)'
[15:50:46.67] /m Information: Re-evaluating the failed expression 'v(/A1)'
[15:50:46.68] /m Information: Re-evaluating the failed expression 'v(/A2)'
[15:50:46.68] /m Information: Re-evaluating the failed expression 'v(/A3)'
[15:50:46.68] /m Information: Re-evaluating the failed expression 'v(/B0)'
[15:50:46.68] /m Information: Re-evaluating the failed expression 'v(/B1)'
[15:50:46.68] /m Information: Re-evaluating the failed expression 'v(/B2)'
[15:50:46.69] /m Information: Re-evaluating the failed expression 'v(/B3)'
[15:50:46.73] /o saeInterBGSaeShell:  ::sa::_backgroundSaeShell::scriptFinished 0.8 {} sa::_resultsDatabase::saeShellProcessingCompletedProc testSuiteName saeSession0 testbenchName default resultsDir /DCNFS/users/student/cazzarel/simulation/fourbitadder,ripplecarrytestbench,schematic/history_1/simulation/default/HSPICE/nominal/results testSuiteDir /DCNFS/users/student/cazzarel/simulation/fourbitadder,ripplecarrytestbench,schematic/history_1/simulation/default/HSPICE/nominal databaseName /DCNFS/users/student/cazzarel/simulation/fourbitadder,ripplecarrytestbench,schematic/history_1/simulation/default/HSPICE/nominal/resultsDatabase remoteRun {} testbenchId 1 saveImages true
[15:50:46.73] /o false
[15:55:47.72] /o saeInterBGSaeShell:  ::sa::_backgroundSaeShell::pingBack
[15:55:47.83] /i ::sa::_backgroundSaeShell::parentRunning
[15:55:47.83] /o 1614988547
[15:56:50.95] /i ::sa::_backgroundSaeShell::runScript /DCNFS/users/student/cazzarel/simulation/fourbitadder,ripplecarrytestbench,schematic/history_1/simulation/default/HSPICE/nominal/.bg_measurement_script.tcl sa::_resultsDatabase::saeShellProcessingCompletedProc testSuiteName saeSession0 testbenchName default resultsDir /DCNFS/users/student/cazzarel/simulation/fourbitadder,ripplecarrytestbench,schematic/history_1/simulation/default/HSPICE/nominal/results testSuiteDir /DCNFS/users/student/cazzarel/simulation/fourbitadder,ripplecarrytestbench,schematic/history_1/simulation/default/HSPICE/nominal databaseName /DCNFS/users/student/cazzarel/simulation/fourbitadder,ripplecarrytestbench,schematic/history_1/simulation/default/HSPICE/nominal/resultsDatabase remoteRun {} testbenchId 1 saveImages true
[15:56:51.74] /m Information: Start incremental database creation...
[15:56:51.84] /o saeInterBGSaeShell:  ::sa::_backgroundSaeShell::scriptFinished 0.8 {} sa::_resultsDatabase::saeShellProcessingCompletedProc testSuiteName saeSession0 testbenchName default resultsDir /DCNFS/users/student/cazzarel/simulation/fourbitadder,ripplecarrytestbench,schematic/history_1/simulation/default/HSPICE/nominal/results testSuiteDir /DCNFS/users/student/cazzarel/simulation/fourbitadder,ripplecarrytestbench,schematic/history_1/simulation/default/HSPICE/nominal databaseName /DCNFS/users/student/cazzarel/simulation/fourbitadder,ripplecarrytestbench,schematic/history_1/simulation/default/HSPICE/nominal/resultsDatabase remoteRun {} testbenchId 1 saveImages true
[15:56:51.84] /o false
[15:58:43.04] /i ::sa::_backgroundSaeShell::exit
[15:58:43.04] /o saeInterBGSaeShell:  ::sa::_backgroundSaeShell::childFormallyExiting
