[13:11:30.82] /o sae_shell Version Custom Compiler P-2019.06-SP1-7
              /c Build  (OPT) compiled on Thu Feb 13 14:05:50 2020 for RHEL64 6.6
              /c Execution time: Fri Jan 22 13:11:13 2021
              /c Host: linux11105
              /c 
              /c Copyright © 2004-2020 Synopsys, Inc.
              /c This software and the associated documentation are proprietary to Synopsys, Inc. This software may only be used in accordance with the terms and conditions of a written license agreement with Synopsys, Inc. All other use, reproduction, or distribution of this software is strictly prohibited.
              /c 
              /c 
[13:11:31.01] /o /DCNFS/applications/synopsys/2019/app/customcompiler/P-2019.06-SP1-7/auxx/samples/basic
[13:11:31.02] /o /DCNFS/applications/synopsys/2019/app/customcompiler/P-2019.06-SP1-7/auxx/samples/snpsDeviceLib
[13:11:31.03] /o /DCNFS/applications/synopsys/2019/app/customcompiler/P-2019.06-SP1-7/auxx/samples/analogLib
[13:11:31.03] /o /DCNFS/applications/synopsys/2019/app/customcompiler/P-2019.06-SP1-7/auxx/samples/parasitics
[13:11:31.33] /o /DCNFS/applications/synopsys/2019/app/SAED/SAED_PDK90nm/SAED_PDK_90
[13:11:31.35] /o 	############################################
[13:11:31.35] /o 	        Synopsys Generic 90nm iPDK          
[13:11:31.35] /o 	--------------------------------------------
[13:11:31.35] /o 	Release Date .............. : 11-May-2016    
[13:11:31.35] /o 	============================================
[13:11:31.35] /o 	        Recommended Tool Versions           
[13:11:31.35] /o 	--------------------------------------------
[13:11:31.35] /o 	Custom Designer ........... : J-2014.12-2    
[13:11:31.35] /o 	IC Validator .............. : K-2015.12   
[13:11:31.35] /o 	StarRC..................... : K-2015.12  
[13:11:31.35] /o 	--------------------------------------------
[13:11:31.35] /o 	############################################
[13:11:31.35] /o 
[13:11:31.43] /o SAED PDK 90: Loaded callbacks
[13:11:31.45] /o SAED PDK 90: Loaded display resources
[13:11:31.48] /i ::sa::_backgroundSaeShell::signalProcessReady 1611349870
[13:11:31.49] /o saeInterBGSaeShell:  ::sa::_backgroundSaeShell::processReady 21
[13:13:10.16] /i ::sa::_backgroundSaeShell::runScript /DCNFS/users/student/cazzarel/simulation/Lab1,Voltage_Divider,schematic/history_1/simulation/HSPICE_default/HSPICE/nominal/.bg_measurement_script.tcl sa::_resultsDatabase::saeShellProcessingCompletedProc testSuiteName saeSession7 testbenchName HSPICE_default resultsDir /DCNFS/users/student/cazzarel/simulation/Lab1,Voltage_Divider,schematic/history_1/simulation/HSPICE_default/HSPICE/nominal/results testSuiteDir /DCNFS/users/student/cazzarel/simulation/Lab1,Voltage_Divider,schematic/history_1/simulation/HSPICE_default/HSPICE/nominal databaseName /DCNFS/users/student/cazzarel/simulation/Lab1,Voltage_Divider,schematic/history_1/simulation/HSPICE_default/HSPICE/nominal/resultsDatabase remoteRun {} testbenchId 1 saveImages true
[13:13:11.11] /m Information: Start incremental database creation...
[13:13:11.19] /m Information: Started sharing "Custom WaveView ADV" license. (WAVEFORM-110)
[13:13:11.42] /o saeInterBGSaeShell:  ::sa::_backgroundSaeShell::scriptFinished 1.2 {} sa::_resultsDatabase::saeShellProcessingCompletedProc testSuiteName saeSession7 testbenchName HSPICE_default resultsDir /DCNFS/users/student/cazzarel/simulation/Lab1,Voltage_Divider,schematic/history_1/simulation/HSPICE_default/HSPICE/nominal/results testSuiteDir /DCNFS/users/student/cazzarel/simulation/Lab1,Voltage_Divider,schematic/history_1/simulation/HSPICE_default/HSPICE/nominal databaseName /DCNFS/users/student/cazzarel/simulation/Lab1,Voltage_Divider,schematic/history_1/simulation/HSPICE_default/HSPICE/nominal/resultsDatabase remoteRun {} testbenchId 1 saveImages true
[13:13:11.42] /o false
[13:15:14.12] /i ::sa::_backgroundSaeShell::runScript /DCNFS/users/student/cazzarel/simulation/Lab1,Voltage_Divider,schematic/history_1/simulation/HSPICE_default/HSPICE/nominal/.bg_measurement_script.tcl sa::_resultsDatabase::saeShellProcessingCompletedProc testSuiteName saeSession7 testbenchName HSPICE_default resultsDir /DCNFS/users/student/cazzarel/simulation/Lab1,Voltage_Divider,schematic/history_1/simulation/HSPICE_default/HSPICE/nominal/results testSuiteDir /DCNFS/users/student/cazzarel/simulation/Lab1,Voltage_Divider,schematic/history_1/simulation/HSPICE_default/HSPICE/nominal databaseName /DCNFS/users/student/cazzarel/simulation/Lab1,Voltage_Divider,schematic/history_1/simulation/HSPICE_default/HSPICE/nominal/resultsDatabase remoteRun {} testbenchId 1 saveImages true
[13:15:15.31] /m Information: Start incremental database creation...
[13:15:15.57] /o saeInterBGSaeShell:  ::sa::_backgroundSaeShell::scriptFinished 1.4 {} sa::_resultsDatabase::saeShellProcessingCompletedProc testSuiteName saeSession7 testbenchName HSPICE_default resultsDir /DCNFS/users/student/cazzarel/simulation/Lab1,Voltage_Divider,schematic/history_1/simulation/HSPICE_default/HSPICE/nominal/results testSuiteDir /DCNFS/users/student/cazzarel/simulation/Lab1,Voltage_Divider,schematic/history_1/simulation/HSPICE_default/HSPICE/nominal databaseName /DCNFS/users/student/cazzarel/simulation/Lab1,Voltage_Divider,schematic/history_1/simulation/HSPICE_default/HSPICE/nominal/resultsDatabase remoteRun {} testbenchId 1 saveImages true
[13:15:15.57] /o false
[13:20:16.52] /o saeInterBGSaeShell:  ::sa::_backgroundSaeShell::pingBack
[13:20:16.65] /i ::sa::_backgroundSaeShell::parentRunning
[13:20:16.65] /o 1611350416
[13:20:20.75] /m Information: Stopped sharing "Custom WaveView ADV" license. (WAVEFORM-111)
[13:25:17.53] /o saeInterBGSaeShell:  ::sa::_backgroundSaeShell::pingBack
[13:25:17.65] /i ::sa::_backgroundSaeShell::parentRunning
[13:25:17.65] /o 1611350717
[13:30:18.55] /o saeInterBGSaeShell:  ::sa::_backgroundSaeShell::pingBack
[13:30:18.65] /i ::sa::_backgroundSaeShell::parentRunning
[13:30:18.65] /o 1611351018
[13:35:19.57] /o saeInterBGSaeShell:  ::sa::_backgroundSaeShell::pingBack
[13:35:19.75] /i ::sa::_backgroundSaeShell::parentRunning
[13:35:19.75] /o 1611351319
[13:40:20.59] /o saeInterBGSaeShell:  ::sa::_backgroundSaeShell::pingBack
[13:40:20.75] /i ::sa::_backgroundSaeShell::parentRunning
[13:40:20.75] /o 1611351620
[13:45:21.61] /o saeInterBGSaeShell:  ::sa::_backgroundSaeShell::pingBack
[13:45:21.75] /i ::sa::_backgroundSaeShell::parentRunning
[13:45:21.75] /o 1611351921
[13:50:22.63] /o saeInterBGSaeShell:  ::sa::_backgroundSaeShell::pingBack
[13:50:22.75] /i ::sa::_backgroundSaeShell::parentRunning
[13:50:22.75] /o 1611352222
[13:55:23.65] /o saeInterBGSaeShell:  ::sa::_backgroundSaeShell::pingBack
[13:55:23.75] /i ::sa::_backgroundSaeShell::parentRunning
[13:55:23.75] /o 1611352523
[14:00:24.67] /o saeInterBGSaeShell:  ::sa::_backgroundSaeShell::pingBack
[14:00:24.85] /i ::sa::_backgroundSaeShell::parentRunning
[14:00:24.85] /o 1611352824
[14:05:25.69] /o saeInterBGSaeShell:  ::sa::_backgroundSaeShell::pingBack
[14:05:25.85] /i ::sa::_backgroundSaeShell::parentRunning
[14:05:25.85] /o 1611353125
[14:10:26.71] /o saeInterBGSaeShell:  ::sa::_backgroundSaeShell::pingBack
[14:10:26.85] /i ::sa::_backgroundSaeShell::parentRunning
[14:10:26.85] /o 1611353426
[14:15:27.73] /o saeInterBGSaeShell:  ::sa::_backgroundSaeShell::pingBack
[14:15:27.85] /i ::sa::_backgroundSaeShell::parentRunning
[14:15:27.85] /o 1611353727
[14:20:28.75] /o saeInterBGSaeShell:  ::sa::_backgroundSaeShell::pingBack
[14:20:28.85] /i ::sa::_backgroundSaeShell::parentRunning
[14:20:28.85] /o 1611354028
[14:25:29.77] /o saeInterBGSaeShell:  ::sa::_backgroundSaeShell::pingBack
[14:25:29.95] /i ::sa::_backgroundSaeShell::parentRunning
[14:25:29.95] /o 1611354329
[14:30:30.79] /o saeInterBGSaeShell:  ::sa::_backgroundSaeShell::pingBack
[14:30:30.95] /i ::sa::_backgroundSaeShell::parentRunning
[14:30:30.95] /o 1611354630
[14:35:31.79] /o saeInterBGSaeShell:  ::sa::_backgroundSaeShell::pingBack
[14:35:31.95] /i ::sa::_backgroundSaeShell::parentRunning
[14:35:31.95] /o 1611354931
[14:40:32.81] /o saeInterBGSaeShell:  ::sa::_backgroundSaeShell::pingBack
[14:40:32.95] /i ::sa::_backgroundSaeShell::parentRunning
[14:40:32.95] /o 1611355232
[14:45:33.83] /o saeInterBGSaeShell:  ::sa::_backgroundSaeShell::pingBack
[14:45:33.85] /i ::sa::_backgroundSaeShell::parentRunning
[14:45:33.85] /o 1611355533
[14:50:34.83] /o saeInterBGSaeShell:  ::sa::_backgroundSaeShell::pingBack
[14:50:34.95] /i ::sa::_backgroundSaeShell::parentRunning
[14:50:34.95] /o 1611355834
[14:55:35.85] /o saeInterBGSaeShell:  ::sa::_backgroundSaeShell::pingBack
[14:55:35.95] /i ::sa::_backgroundSaeShell::parentRunning
[14:55:35.95] /o 1611356135
[15:00:36.87] /o saeInterBGSaeShell:  ::sa::_backgroundSaeShell::pingBack
[15:00:37.05] /i ::sa::_backgroundSaeShell::parentRunning
[15:00:37.05] /o 1611356437
[15:05:37.89] /o saeInterBGSaeShell:  ::sa::_backgroundSaeShell::pingBack
[15:05:37.95] /i ::sa::_backgroundSaeShell::parentRunning
[15:05:37.95] /o 1611356737
[15:10:38.91] /o saeInterBGSaeShell:  ::sa::_backgroundSaeShell::pingBack
[15:10:38.95] /i ::sa::_backgroundSaeShell::parentRunning
[15:10:38.95] /o 1611357038
[15:15:39.93] /o saeInterBGSaeShell:  ::sa::_backgroundSaeShell::pingBack
[15:15:40.03] /i ::sa::_backgroundSaeShell::parentRunning
[15:15:40.03] /o 1611357340
[15:15:46.01] /i ::sa::_backgroundSaeShell::exit
[15:15:46.01] /o saeInterBGSaeShell:  ::sa::_backgroundSaeShell::childFormallyExiting
