[11:58:09.17] /o sae_shell Version Custom Compiler P-2019.06-SP1-7
              /c Build  (OPT) compiled on Thu Feb 13 14:05:50 2020 for RHEL64 6.6
              /c Execution time: Fri Jan 22 11:57:56 2021
              /c Host: linux11105
              /c 
              /c Copyright © 2004-2020 Synopsys, Inc.
              /c This software and the associated documentation are proprietary to Synopsys, Inc. This software may only be used in accordance with the terms and conditions of a written license agreement with Synopsys, Inc. All other use, reproduction, or distribution of this software is strictly prohibited.
              /c 
              /c 
[11:58:09.32] /o /DCNFS/applications/synopsys/2019/app/customcompiler/P-2019.06-SP1-7/auxx/samples/basic
[11:58:09.33] /o /DCNFS/applications/synopsys/2019/app/customcompiler/P-2019.06-SP1-7/auxx/samples/snpsDeviceLib
[11:58:09.34] /o /DCNFS/applications/synopsys/2019/app/customcompiler/P-2019.06-SP1-7/auxx/samples/analogLib
[11:58:09.34] /o /DCNFS/applications/synopsys/2019/app/customcompiler/P-2019.06-SP1-7/auxx/samples/parasitics
[11:58:09.57] /o /DCNFS/applications/synopsys/2019/app/SAED/SAED_PDK90nm/SAED_PDK_90
[11:58:09.58] /o 	############################################
[11:58:09.58] /o 	        Synopsys Generic 90nm iPDK          
[11:58:09.58] /o 	--------------------------------------------
[11:58:09.58] /o 	Release Date .............. : 11-May-2016    
[11:58:09.58] /o 	============================================
[11:58:09.58] /o 	        Recommended Tool Versions           
[11:58:09.58] /o 	--------------------------------------------
[11:58:09.58] /o 	Custom Designer ........... : J-2014.12-2    
[11:58:09.58] /o 	IC Validator .............. : K-2015.12   
[11:58:09.58] /o 	StarRC..................... : K-2015.12  
[11:58:09.58] /o 	--------------------------------------------
[11:58:09.58] /o 	############################################
[11:58:09.58] /o 
[11:58:09.65] /o SAED PDK 90: Loaded callbacks
[11:58:09.66] /o SAED PDK 90: Loaded display resources
[11:58:09.69] /i ::sa::_backgroundSaeShell::signalProcessReady 1611345473
[11:58:09.70] /o saeInterBGSaeShell:  ::sa::_backgroundSaeShell::processReady 16
[12:02:16.18] /i ::sa::_backgroundSaeShell::runScript /DCNFS/users/student/cazzarel/simulation/Lab1,RC_Network,schematic/history_1/simulation/default/HSPICE/parametric/.bg_measurement_script.tcl sa::_resultsDatabase::saeShellProcessingCompletedProc testSuiteName saeSession5 testbenchName default resultsDir /DCNFS/users/student/cazzarel/simulation/Lab1,RC_Network,schematic/history_1/simulation/default/HSPICE/parametric/results testSuiteDir /DCNFS/users/student/cazzarel/simulation/Lab1,RC_Network,schematic/history_1/simulation/default/HSPICE/parametric databaseName /DCNFS/users/student/cazzarel/simulation/Lab1,RC_Network,schematic/history_1/simulation/default/HSPICE/parametric/resultsDatabase remoteRun {} testbenchId 1 saveImages true
[12:02:17.86] /m Information: Start incremental database creation...
[12:02:17.97] /m Information: Started sharing "Custom WaveView ADV" license. (WAVEFORM-110)
[12:02:18.56] /o saeInterBGSaeShell:  ::sa::_backgroundSaeShell::scriptFinished 2.3 {} sa::_resultsDatabase::saeShellProcessingCompletedProc testSuiteName saeSession5 testbenchName default resultsDir /DCNFS/users/student/cazzarel/simulation/Lab1,RC_Network,schematic/history_1/simulation/default/HSPICE/parametric/results testSuiteDir /DCNFS/users/student/cazzarel/simulation/Lab1,RC_Network,schematic/history_1/simulation/default/HSPICE/parametric databaseName /DCNFS/users/student/cazzarel/simulation/Lab1,RC_Network,schematic/history_1/simulation/default/HSPICE/parametric/resultsDatabase remoteRun {} testbenchId 1 saveImages true
[12:02:18.56] /o false
[12:07:19.73] /o saeInterBGSaeShell:  ::sa::_backgroundSaeShell::pingBack
[12:07:19.85] /i ::sa::_backgroundSaeShell::parentRunning
[12:07:19.85] /o 1611346039
[12:07:23.75] /m Information: Stopped sharing "Custom WaveView ADV" license. (WAVEFORM-111)
[12:10:00.38] /i ::wf::viewerExited
[12:10:12.77] /i ::sa::_backgroundSaeShell::runScript /DCNFS/users/student/cazzarel/simulation/Lab1,RC_Network,schematic/history_1/simulation/default/HSPICE/parametric/.bg_measurement_script.tcl sa::_resultsDatabase::saeShellProcessingCompletedProc testSuiteName saeSession5 testbenchName default resultsDir /DCNFS/users/student/cazzarel/simulation/Lab1,RC_Network,schematic/history_1/simulation/default/HSPICE/parametric/results testSuiteDir /DCNFS/users/student/cazzarel/simulation/Lab1,RC_Network,schematic/history_1/simulation/default/HSPICE/parametric databaseName /DCNFS/users/student/cazzarel/simulation/Lab1,RC_Network,schematic/history_1/simulation/default/HSPICE/parametric/resultsDatabase remoteRun {} testbenchId 1 saveImages true
[12:10:14.24] /m Information: Start incremental database creation...
[12:10:14.31] /m Information: Started sharing "Custom WaveView ADV" license. (WAVEFORM-110)
[12:10:14.85] /o saeInterBGSaeShell:  ::sa::_backgroundSaeShell::scriptFinished 2.0 {} sa::_resultsDatabase::saeShellProcessingCompletedProc testSuiteName saeSession5 testbenchName default resultsDir /DCNFS/users/student/cazzarel/simulation/Lab1,RC_Network,schematic/history_1/simulation/default/HSPICE/parametric/results testSuiteDir /DCNFS/users/student/cazzarel/simulation/Lab1,RC_Network,schematic/history_1/simulation/default/HSPICE/parametric databaseName /DCNFS/users/student/cazzarel/simulation/Lab1,RC_Network,schematic/history_1/simulation/default/HSPICE/parametric/resultsDatabase remoteRun {} testbenchId 1 saveImages true
[12:10:14.85] /o false
[12:15:15.75] /o saeInterBGSaeShell:  ::sa::_backgroundSaeShell::pingBack
[12:15:15.85] /i ::sa::_backgroundSaeShell::parentRunning
[12:15:15.85] /o 1611346515
[12:15:19.75] /m Information: Stopped sharing "Custom WaveView ADV" license. (WAVEFORM-111)
[12:20:16.76] /o saeInterBGSaeShell:  ::sa::_backgroundSaeShell::pingBack
[12:20:16.85] /i ::sa::_backgroundSaeShell::parentRunning
[12:20:16.85] /o 1611346816
[12:25:17.78] /o saeInterBGSaeShell:  ::sa::_backgroundSaeShell::pingBack
[12:25:17.85] /i ::sa::_backgroundSaeShell::parentRunning
[12:25:17.85] /o 1611347117
[12:30:18.80] /o saeInterBGSaeShell:  ::sa::_backgroundSaeShell::pingBack
[12:30:18.85] /i ::sa::_backgroundSaeShell::parentRunning
[12:30:18.85] /o 1611347418
[12:35:19.80] /o saeInterBGSaeShell:  ::sa::_backgroundSaeShell::pingBack
[12:35:19.95] /i ::sa::_backgroundSaeShell::parentRunning
[12:35:19.95] /o 1611347719
[12:40:20.82] /o saeInterBGSaeShell:  ::sa::_backgroundSaeShell::pingBack
[12:40:20.95] /i ::sa::_backgroundSaeShell::parentRunning
[12:40:20.95] /o 1611348020
[12:45:21.84] /o saeInterBGSaeShell:  ::sa::_backgroundSaeShell::pingBack
[12:45:21.95] /i ::sa::_backgroundSaeShell::parentRunning
[12:45:21.95] /o 1611348321
[12:50:22.86] /o saeInterBGSaeShell:  ::sa::_backgroundSaeShell::pingBack
[12:50:23.05] /i ::sa::_backgroundSaeShell::parentRunning
[12:50:23.05] /o 1611348623
[12:55:23.88] /o saeInterBGSaeShell:  ::sa::_backgroundSaeShell::pingBack
[12:55:23.95] /i ::sa::_backgroundSaeShell::parentRunning
[12:55:23.95] /o 1611348923
[12:58:10.27] /i ::sa::_backgroundSaeShell::runScript /DCNFS/users/student/cazzarel/simulation/Lab1,RC_Network,schematic/history_1/simulation/default/HSPICE/parametric/.bg_measurement_script.tcl sa::_resultsDatabase::saeShellProcessingCompletedProc testSuiteName saeSession5 testbenchName default resultsDir /DCNFS/users/student/cazzarel/simulation/Lab1,RC_Network,schematic/history_1/simulation/default/HSPICE/parametric/results testSuiteDir /DCNFS/users/student/cazzarel/simulation/Lab1,RC_Network,schematic/history_1/simulation/default/HSPICE/parametric databaseName /DCNFS/users/student/cazzarel/simulation/Lab1,RC_Network,schematic/history_1/simulation/default/HSPICE/parametric/resultsDatabase remoteRun {} testbenchId 1 saveImages true
[12:58:11.32] /m Information: Start incremental database creation...
[12:58:11.40] /m Information: Started sharing "Custom WaveView ADV" license. (WAVEFORM-110)
[12:58:12.01] /o saeInterBGSaeShell:  ::sa::_backgroundSaeShell::scriptFinished 1.7 {} sa::_resultsDatabase::saeShellProcessingCompletedProc testSuiteName saeSession5 testbenchName default resultsDir /DCNFS/users/student/cazzarel/simulation/Lab1,RC_Network,schematic/history_1/simulation/default/HSPICE/parametric/results testSuiteDir /DCNFS/users/student/cazzarel/simulation/Lab1,RC_Network,schematic/history_1/simulation/default/HSPICE/parametric databaseName /DCNFS/users/student/cazzarel/simulation/Lab1,RC_Network,schematic/history_1/simulation/default/HSPICE/parametric/resultsDatabase remoteRun {} testbenchId 1 saveImages true
[12:58:12.01] /o false
[13:03:13.92] /o saeInterBGSaeShell:  ::sa::_backgroundSaeShell::pingBack
[13:03:13.95] /i ::sa::_backgroundSaeShell::parentRunning
[13:03:13.95] /o 1611349393
[13:03:16.75] /m Information: Stopped sharing "Custom WaveView ADV" license. (WAVEFORM-111)
[13:08:14.94] /o saeInterBGSaeShell:  ::sa::_backgroundSaeShell::pingBack
[13:08:15.05] /i ::sa::_backgroundSaeShell::parentRunning
[13:08:15.05] /o 1611349695
[13:13:15.96] /o saeInterBGSaeShell:  ::sa::_backgroundSaeShell::pingBack
[13:13:16.05] /i ::sa::_backgroundSaeShell::parentRunning
[13:13:16.05] /o 1611349996
[13:18:16.98] /o saeInterBGSaeShell:  ::sa::_backgroundSaeShell::pingBack
[13:18:17.05] /i ::sa::_backgroundSaeShell::parentRunning
[13:18:17.05] /o 1611350297
[13:23:18.00] /o saeInterBGSaeShell:  ::sa::_backgroundSaeShell::pingBack
[13:23:18.15] /i ::sa::_backgroundSaeShell::parentRunning
[13:23:18.15] /o 1611350598
[13:23:47.45] /i ::sa::_backgroundSaeShell::runScript /DCNFS/users/student/cazzarel/simulation/Lab1,RC_Network,schematic/history_1/simulation/default/HSPICE/parametric/.bg_measurement_script.tcl sa::_resultsDatabase::saeShellProcessingCompletedProc testSuiteName saeSession5 testbenchName default resultsDir /DCNFS/users/student/cazzarel/simulation/Lab1,RC_Network,schematic/history_1/simulation/default/HSPICE/parametric/results testSuiteDir /DCNFS/users/student/cazzarel/simulation/Lab1,RC_Network,schematic/history_1/simulation/default/HSPICE/parametric databaseName /DCNFS/users/student/cazzarel/simulation/Lab1,RC_Network,schematic/history_1/simulation/default/HSPICE/parametric/resultsDatabase remoteRun {} testbenchId 1 saveImages true
[13:23:48.50] /m Information: Start incremental database creation...
[13:23:48.58] /m Information: Started sharing "Custom WaveView ADV" license. (WAVEFORM-110)
[13:23:49.22] /o saeInterBGSaeShell:  ::sa::_backgroundSaeShell::scriptFinished 1.7 {} sa::_resultsDatabase::saeShellProcessingCompletedProc testSuiteName saeSession5 testbenchName default resultsDir /DCNFS/users/student/cazzarel/simulation/Lab1,RC_Network,schematic/history_1/simulation/default/HSPICE/parametric/results testSuiteDir /DCNFS/users/student/cazzarel/simulation/Lab1,RC_Network,schematic/history_1/simulation/default/HSPICE/parametric databaseName /DCNFS/users/student/cazzarel/simulation/Lab1,RC_Network,schematic/history_1/simulation/default/HSPICE/parametric/resultsDatabase remoteRun {} testbenchId 1 saveImages true
[13:23:49.22] /o false
[13:28:50.02] /o saeInterBGSaeShell:  ::sa::_backgroundSaeShell::pingBack
[13:28:50.15] /i ::sa::_backgroundSaeShell::parentRunning
[13:28:50.15] /o 1611350930
[13:28:53.75] /m Information: Stopped sharing "Custom WaveView ADV" license. (WAVEFORM-111)
[13:33:51.04] /o saeInterBGSaeShell:  ::sa::_backgroundSaeShell::pingBack
[13:33:51.15] /i ::sa::_backgroundSaeShell::parentRunning
[13:33:51.15] /o 1611351231
[13:38:52.06] /o saeInterBGSaeShell:  ::sa::_backgroundSaeShell::pingBack
[13:38:52.15] /i ::sa::_backgroundSaeShell::parentRunning
[13:38:52.15] /o 1611351532
[13:43:53.08] /o saeInterBGSaeShell:  ::sa::_backgroundSaeShell::pingBack
[13:43:53.15] /i ::sa::_backgroundSaeShell::parentRunning
[13:43:53.15] /o 1611351833
[13:48:54.10] /o saeInterBGSaeShell:  ::sa::_backgroundSaeShell::pingBack
[13:48:54.25] /i ::sa::_backgroundSaeShell::parentRunning
[13:48:54.25] /o 1611352134
[13:53:55.12] /o saeInterBGSaeShell:  ::sa::_backgroundSaeShell::pingBack
[13:53:55.25] /i ::sa::_backgroundSaeShell::parentRunning
[13:53:55.25] /o 1611352435
[13:58:56.14] /o saeInterBGSaeShell:  ::sa::_backgroundSaeShell::pingBack
[13:58:56.25] /i ::sa::_backgroundSaeShell::parentRunning
[13:58:56.25] /o 1611352736
[14:03:57.16] /o saeInterBGSaeShell:  ::sa::_backgroundSaeShell::pingBack
[14:03:57.35] /i ::sa::_backgroundSaeShell::parentRunning
[14:03:57.35] /o 1611353037
[14:08:58.18] /o saeInterBGSaeShell:  ::sa::_backgroundSaeShell::pingBack
[14:08:58.25] /i ::sa::_backgroundSaeShell::parentRunning
[14:08:58.25] /o 1611353338
[14:13:59.20] /o saeInterBGSaeShell:  ::sa::_backgroundSaeShell::pingBack
[14:13:59.35] /i ::sa::_backgroundSaeShell::parentRunning
[14:13:59.35] /o 1611353639
[14:19:00.22] /o saeInterBGSaeShell:  ::sa::_backgroundSaeShell::pingBack
[14:19:00.35] /i ::sa::_backgroundSaeShell::parentRunning
[14:19:00.35] /o 1611353940
[14:24:01.24] /o saeInterBGSaeShell:  ::sa::_backgroundSaeShell::pingBack
[14:24:01.35] /i ::sa::_backgroundSaeShell::parentRunning
[14:24:01.35] /o 1611354241
[14:29:02.26] /o saeInterBGSaeShell:  ::sa::_backgroundSaeShell::pingBack
[14:29:02.45] /i ::sa::_backgroundSaeShell::parentRunning
[14:29:02.45] /o 1611354542
[14:34:03.28] /o saeInterBGSaeShell:  ::sa::_backgroundSaeShell::pingBack
[14:34:03.35] /i ::sa::_backgroundSaeShell::parentRunning
[14:34:03.35] /o 1611354843
[14:39:04.30] /o saeInterBGSaeShell:  ::sa::_backgroundSaeShell::pingBack
[14:39:04.45] /i ::sa::_backgroundSaeShell::parentRunning
[14:39:04.45] /o 1611355144
[14:44:05.32] /o saeInterBGSaeShell:  ::sa::_backgroundSaeShell::pingBack
[14:44:05.35] /i ::sa::_backgroundSaeShell::parentRunning
[14:44:05.35] /o 1611355445
[14:49:06.34] /o saeInterBGSaeShell:  ::sa::_backgroundSaeShell::pingBack
[14:49:06.45] /i ::sa::_backgroundSaeShell::parentRunning
[14:49:06.45] /o 1611355746
[14:54:07.36] /o saeInterBGSaeShell:  ::sa::_backgroundSaeShell::pingBack
[14:54:07.55] /i ::sa::_backgroundSaeShell::parentRunning
[14:54:07.55] /o 1611356047
[14:59:08.36] /o saeInterBGSaeShell:  ::sa::_backgroundSaeShell::pingBack
[14:59:08.45] /i ::sa::_backgroundSaeShell::parentRunning
[14:59:08.45] /o 1611356348
[15:04:09.38] /o saeInterBGSaeShell:  ::sa::_backgroundSaeShell::pingBack
[15:04:09.55] /i ::sa::_backgroundSaeShell::parentRunning
[15:04:09.55] /o 1611356649
[15:09:10.40] /o saeInterBGSaeShell:  ::sa::_backgroundSaeShell::pingBack
[15:09:10.55] /i ::sa::_backgroundSaeShell::parentRunning
[15:09:10.55] /o 1611356950
[15:14:11.42] /o saeInterBGSaeShell:  ::sa::_backgroundSaeShell::pingBack
[15:14:11.45] /i ::sa::_backgroundSaeShell::parentRunning
[15:14:11.45] /o 1611357251
[15:15:26.36] /i ::sa::_backgroundSaeShell::exit
[15:15:26.36] /o saeInterBGSaeShell:  ::sa::_backgroundSaeShell::childFormallyExiting
