[13:23:11.84] /o sae_shell Version Custom Compiler P-2019.06-SP1-7
              /c Build  (OPT) compiled on Thu Feb 13 14:05:50 2020 for RHEL64 6.6
              /c Execution time: Fri Feb 19 13:22:59 2021
              /c Host: linux11101
              /c 
              /c Copyright © 2004-2020 Synopsys, Inc.
              /c This software and the associated documentation are proprietary to Synopsys, Inc. This software may only be used in accordance with the terms and conditions of a written license agreement with Synopsys, Inc. All other use, reproduction, or distribution of this software is strictly prohibited.
              /c 
              /c 
[13:23:11.94] /o /DCNFS/applications/synopsys/2019/app/customcompiler/P-2019.06-SP1-7/auxx/samples/basic
[13:23:11.94] /o /DCNFS/applications/synopsys/2019/app/customcompiler/P-2019.06-SP1-7/auxx/samples/snpsDeviceLib
[13:23:11.95] /o /DCNFS/applications/synopsys/2019/app/customcompiler/P-2019.06-SP1-7/auxx/samples/analogLib
[13:23:11.95] /o /DCNFS/applications/synopsys/2019/app/customcompiler/P-2019.06-SP1-7/auxx/samples/parasitics
[13:23:12.12] /o /DCNFS/applications/synopsys/2019/app/SAED/SAED_PDK90nm/SAED_PDK_90
[13:23:12.12] /o 	############################################
[13:23:12.12] /o 	        Synopsys Generic 90nm iPDK          
[13:23:12.12] /o 	--------------------------------------------
[13:23:12.12] /o 	Release Date .............. : 11-May-2016    
[13:23:12.12] /o 	============================================
[13:23:12.12] /o 	        Recommended Tool Versions           
[13:23:12.12] /o 	--------------------------------------------
[13:23:12.12] /o 	Custom Designer ........... : J-2014.12-2    
[13:23:12.12] /o 	IC Validator .............. : K-2015.12   
[13:23:12.12] /o 	StarRC..................... : K-2015.12  
[13:23:12.12] /o 	--------------------------------------------
[13:23:12.12] /o 	############################################
[13:23:12.12] /o 
[13:23:12.17] /o SAED PDK 90: Loaded callbacks
[13:23:12.17] /o SAED PDK 90: Loaded display resources
[13:23:12.19] /i ::sa::_backgroundSaeShell::signalProcessReady 1613769777
[13:23:12.19] /o saeInterBGSaeShell:  ::sa::_backgroundSaeShell::processReady 15
[13:28:13.20] /o saeInterBGSaeShell:  ::sa::_backgroundSaeShell::pingBack
[13:28:13.25] /i ::sa::_backgroundSaeShell::parentRunning
[13:28:13.25] /o 1613770093
[13:33:14.22] /o saeInterBGSaeShell:  ::sa::_backgroundSaeShell::pingBack
[13:33:14.35] /i ::sa::_backgroundSaeShell::parentRunning
[13:33:14.35] /o 1613770394
[13:34:02.45] /i ::sa::_backgroundSaeShell::exit
[13:34:02.45] /o saeInterBGSaeShell:  ::sa::_backgroundSaeShell::childFormallyExiting
