[13:06:43.01] /o sae_shell Version Custom Compiler P-2019.06-SP1-7
              /c Build  (OPT) compiled on Thu Feb 13 14:05:50 2020 for RHEL64 6.6
              /c Execution time: Fri Feb 19 13:06:31 2021
              /c Host: linux11101
              /c 
              /c Copyright © 2004-2020 Synopsys, Inc.
              /c This software and the associated documentation are proprietary to Synopsys, Inc. This software may only be used in accordance with the terms and conditions of a written license agreement with Synopsys, Inc. All other use, reproduction, or distribution of this software is strictly prohibited.
              /c 
              /c 
[13:06:43.13] /o /DCNFS/applications/synopsys/2019/app/customcompiler/P-2019.06-SP1-7/auxx/samples/basic
[13:06:43.14] /o /DCNFS/applications/synopsys/2019/app/customcompiler/P-2019.06-SP1-7/auxx/samples/snpsDeviceLib
[13:06:43.14] /o /DCNFS/applications/synopsys/2019/app/customcompiler/P-2019.06-SP1-7/auxx/samples/analogLib
[13:06:43.14] /o /DCNFS/applications/synopsys/2019/app/customcompiler/P-2019.06-SP1-7/auxx/samples/parasitics
[13:06:43.28] /o /DCNFS/applications/synopsys/2019/app/SAED/SAED_PDK90nm/SAED_PDK_90
[13:06:43.29] /o 	############################################
[13:06:43.29] /o 	        Synopsys Generic 90nm iPDK          
[13:06:43.29] /o 	--------------------------------------------
[13:06:43.29] /o 	Release Date .............. : 11-May-2016    
[13:06:43.29] /o 	============================================
[13:06:43.29] /o 	        Recommended Tool Versions           
[13:06:43.29] /o 	--------------------------------------------
[13:06:43.29] /o 	Custom Designer ........... : J-2014.12-2    
[13:06:43.29] /o 	IC Validator .............. : K-2015.12   
[13:06:43.29] /o 	StarRC..................... : K-2015.12  
[13:06:43.29] /o 	--------------------------------------------
[13:06:43.29] /o 	############################################
[13:06:43.29] /o 
[13:06:43.34] /o SAED PDK 90: Loaded callbacks
[13:06:43.35] /o SAED PDK 90: Loaded display resources
[13:06:43.37] /i ::sa::_backgroundSaeShell::signalProcessReady 1613768788
[13:06:43.38] /o saeInterBGSaeShell:  ::sa::_backgroundSaeShell::processReady 15
[13:11:44.39] /o saeInterBGSaeShell:  ::sa::_backgroundSaeShell::pingBack
[13:11:44.45] /i ::sa::_backgroundSaeShell::parentRunning
[13:11:44.45] /o 1613769104
[13:15:04.60] /i ::sa::_backgroundSaeShell::runScript /DCNFS/users/student/cazzarel/simulation/Tutorial,testbench_nor,schematic/history_1/simulation/default/HSPICE/nominal/.bg_measurement_script.tcl sa::_resultsDatabase::saeShellProcessingCompletedProc testSuiteName saeSession1 testbenchName default resultsDir /DCNFS/users/student/cazzarel/simulation/Tutorial,testbench_nor,schematic/history_1/simulation/default/HSPICE/nominal/results testSuiteDir /DCNFS/users/student/cazzarel/simulation/Tutorial,testbench_nor,schematic/history_1/simulation/default/HSPICE/nominal databaseName /DCNFS/users/student/cazzarel/simulation/Tutorial,testbench_nor,schematic/history_1/simulation/default/HSPICE/nominal/resultsDatabase remoteRun {} testbenchId 1 saveImages true
[13:15:05.31] /m Information: Start incremental database creation...
[13:15:05.38] /o saeInterBGSaeShell:  ::sa::_backgroundSaeShell::scriptFinished 0.7 {} sa::_resultsDatabase::saeShellProcessingCompletedProc testSuiteName saeSession1 testbenchName default resultsDir /DCNFS/users/student/cazzarel/simulation/Tutorial,testbench_nor,schematic/history_1/simulation/default/HSPICE/nominal/results testSuiteDir /DCNFS/users/student/cazzarel/simulation/Tutorial,testbench_nor,schematic/history_1/simulation/default/HSPICE/nominal databaseName /DCNFS/users/student/cazzarel/simulation/Tutorial,testbench_nor,schematic/history_1/simulation/default/HSPICE/nominal/resultsDatabase remoteRun {} testbenchId 1 saveImages true
[13:15:05.38] /o false
[13:18:30.11] /i ::sa::_backgroundSaeShell::runScript /DCNFS/users/student/cazzarel/simulation/Tutorial,testbench_nor,schematic/history_1/simulation/default/HSPICE/nominal/.bg_measurement_script.tcl sa::_resultsDatabase::saeShellProcessingCompletedProc testSuiteName saeSession1 testbenchName default resultsDir /DCNFS/users/student/cazzarel/simulation/Tutorial,testbench_nor,schematic/history_1/simulation/default/HSPICE/nominal/results testSuiteDir /DCNFS/users/student/cazzarel/simulation/Tutorial,testbench_nor,schematic/history_1/simulation/default/HSPICE/nominal databaseName /DCNFS/users/student/cazzarel/simulation/Tutorial,testbench_nor,schematic/history_1/simulation/default/HSPICE/nominal/resultsDatabase remoteRun {} testbenchId 1 saveImages true
[13:18:30.78] /m Information: Start incremental database creation...
[13:18:30.85] /o saeInterBGSaeShell:  ::sa::_backgroundSaeShell::scriptFinished 0.7 {} sa::_resultsDatabase::saeShellProcessingCompletedProc testSuiteName saeSession1 testbenchName default resultsDir /DCNFS/users/student/cazzarel/simulation/Tutorial,testbench_nor,schematic/history_1/simulation/default/HSPICE/nominal/results testSuiteDir /DCNFS/users/student/cazzarel/simulation/Tutorial,testbench_nor,schematic/history_1/simulation/default/HSPICE/nominal databaseName /DCNFS/users/student/cazzarel/simulation/Tutorial,testbench_nor,schematic/history_1/simulation/default/HSPICE/nominal/resultsDatabase remoteRun {} testbenchId 1 saveImages true
[13:18:30.85] /o false
[13:20:30.93] /i ::sa::_backgroundSaeShell::exit
[13:20:30.93] /o saeInterBGSaeShell:  ::sa::_backgroundSaeShell::childFormallyExiting
