[13:57:17.24] /o sae_shell Version Custom Compiler P-2019.06-SP1-7
              /c Build  (OPT) compiled on Thu Feb 13 14:05:50 2020 for RHEL64 6.6
              /c Execution time: Fri Feb 19 13:57:04 2021
              /c Host: linux11101
              /c 
              /c Copyright © 2004-2020 Synopsys, Inc.
              /c This software and the associated documentation are proprietary to Synopsys, Inc. This software may only be used in accordance with the terms and conditions of a written license agreement with Synopsys, Inc. All other use, reproduction, or distribution of this software is strictly prohibited.
              /c 
              /c 
[13:57:17.36] /o /DCNFS/applications/synopsys/2019/app/customcompiler/P-2019.06-SP1-7/auxx/samples/basic
[13:57:17.36] /o /DCNFS/applications/synopsys/2019/app/customcompiler/P-2019.06-SP1-7/auxx/samples/snpsDeviceLib
[13:57:17.36] /o /DCNFS/applications/synopsys/2019/app/customcompiler/P-2019.06-SP1-7/auxx/samples/analogLib
[13:57:17.37] /o /DCNFS/applications/synopsys/2019/app/customcompiler/P-2019.06-SP1-7/auxx/samples/parasitics
[13:57:17.56] /o /DCNFS/applications/synopsys/2019/app/SAED/SAED_PDK90nm/SAED_PDK_90
[13:57:17.56] /o 	############################################
[13:57:17.56] /o 	        Synopsys Generic 90nm iPDK          
[13:57:17.57] /o 	--------------------------------------------
[13:57:17.57] /o 	Release Date .............. : 11-May-2016    
[13:57:17.57] /o 	============================================
[13:57:17.57] /o 	        Recommended Tool Versions           
[13:57:17.57] /o 	--------------------------------------------
[13:57:17.57] /o 	Custom Designer ........... : J-2014.12-2    
[13:57:17.57] /o 	IC Validator .............. : K-2015.12   
[13:57:17.57] /o 	StarRC..................... : K-2015.12  
[13:57:17.57] /o 	--------------------------------------------
[13:57:17.57] /o 	############################################
[13:57:17.57] /o 
[13:57:17.62] /o SAED PDK 90: Loaded callbacks
[13:57:17.63] /o SAED PDK 90: Loaded display resources
[13:57:17.65] /i ::sa::_backgroundSaeShell::signalProcessReady 1613771821
[13:57:17.65] /o saeInterBGSaeShell:  ::sa::_backgroundSaeShell::processReady 16
[14:02:18.67] /o saeInterBGSaeShell:  ::sa::_backgroundSaeShell::pingBack
[14:02:18.75] /i ::sa::_backgroundSaeShell::parentRunning
[14:02:18.75] /o 1613772138
[14:05:18.16] /i ::wf::viewerExited
[14:06:19.07] /i ::wf::viewerExited
[14:07:19.67] /o saeInterBGSaeShell:  ::sa::_backgroundSaeShell::pingBack
[14:07:19.85] /i ::sa::_backgroundSaeShell::parentRunning
[14:07:19.85] /o 1613772439
[14:12:20.69] /o saeInterBGSaeShell:  ::sa::_backgroundSaeShell::pingBack
[14:12:20.85] /i ::sa::_backgroundSaeShell::parentRunning
[14:12:20.85] /o 1613772740
[14:17:21.70] /o saeInterBGSaeShell:  ::sa::_backgroundSaeShell::pingBack
[14:17:21.85] /i ::sa::_backgroundSaeShell::parentRunning
[14:17:21.85] /o 1613773041
[14:22:22.72] /o saeInterBGSaeShell:  ::sa::_backgroundSaeShell::pingBack
[14:22:22.75] /i ::sa::_backgroundSaeShell::parentRunning
[14:22:22.75] /o 1613773342
[14:27:23.74] /o saeInterBGSaeShell:  ::sa::_backgroundSaeShell::pingBack
[14:27:23.75] /i ::sa::_backgroundSaeShell::parentRunning
[14:27:23.75] /o 1613773643
[14:32:24.76] /o saeInterBGSaeShell:  ::sa::_backgroundSaeShell::pingBack
[14:32:24.95] /i ::sa::_backgroundSaeShell::parentRunning
[14:32:24.95] /o 1613773944
[14:37:25.78] /o saeInterBGSaeShell:  ::sa::_backgroundSaeShell::pingBack
[14:37:25.85] /i ::sa::_backgroundSaeShell::parentRunning
[14:37:25.85] /o 1613774245
[14:42:26.80] /o saeInterBGSaeShell:  ::sa::_backgroundSaeShell::pingBack
[14:42:26.85] /i ::sa::_backgroundSaeShell::parentRunning
[14:42:26.85] /o 1613774546
[14:47:27.82] /o saeInterBGSaeShell:  ::sa::_backgroundSaeShell::pingBack
[14:47:27.95] /i ::sa::_backgroundSaeShell::parentRunning
[14:47:27.95] /o 1613774847
[14:50:38.67] /i ::wf::viewerExited
[14:52:28.82] /o saeInterBGSaeShell:  ::sa::_backgroundSaeShell::pingBack
[14:52:28.95] /i ::sa::_backgroundSaeShell::parentRunning
[14:52:28.95] /o 1613775148
[14:56:17.53] /i ::sa::_backgroundSaeShell::exit
[14:56:17.53] /o saeInterBGSaeShell:  ::sa::_backgroundSaeShell::childFormallyExiting
