
                                  PYDB_Server 

         Version Q-2019.12-SP1-1 for linux64 - Feb 24, 2020 cl#5351723

                    Copyright (c) 2007 - 2020 Synopsys, Inc.
   This software and the associated documentation are proprietary to Synopsys,
 Inc. This software may only be used in accordance with the terms and conditions
 of a written license agreement with Synopsys, Inc. All other use, reproduction,
            or distribution of this software is strictly prohibited.

variable width coordinate support enabled.
Removing old database /DCNFS/users/student/lkim/Desktop/ELEN153L/synopsys_custom/pvjob_LAB5.FullAdder.icv.lvs/TOPCELLNAME_err/PYDB_FullAdder
Listening for connections on port 7074
PYDB_Server Started on host linux11110.dc.engr.scu.edu, Sun 03/14/2021 14:55:53
Client linux11110(19978):14 connected (1 total client)
Verified current licenses.
SQLite page_size=65536
SQLite cache_size=65536
SQLite mmap_size=0
SQLite journal_mode=OFF
SQLite version 3.24.0
Client linux11110(20074):20 connected (2 total clients)
Client linux11110(20073):21 connected (3 total clients)
Client linux11110(20074):20 connection closed
Client linux11110(20074):20 disconnected (2 clients remain)
Client linux11110(20074):20 connected (3 total clients)
Client linux11110(20073):21 connection closed
Client linux11110(20073):21 disconnected (2 clients remain)
Client linux11110(20073):21 connected (3 total clients)
Client linux11110(20073):21 connection closed
Client linux11110(20073):21 disconnected (2 clients remain)
Client linux11110(20073):21 connected (3 total clients)
Client linux11110(20074):20 connection closed
Client linux11110(20074):20 disconnected (2 clients remain)
Client linux11110(20074):20 connected (3 total clients)
Client linux11110(20074):20 connection closed
Client linux11110(20074):20 disconnected (2 clients remain)
Client linux11110(20073):21 connection closed
Client linux11110(20073):21 disconnected (1 client remains)
Generating /DCNFS/users/student/lkim/Desktop/ELEN153L/synopsys_custom/pvjob_LAB5.FullAdder.icv.lvs/FullAdder.LAYOUT_ERRORS
  Generation Time=0:00:00  User=0.01 Sys=0.00 Mem=0.001 GB
Shutdown requested by client linux11110(19978):14
0 clients remain connected
Client linux11110(19978):14 connection closed
Overall server Time=0:00:16  User=0.02 Sys=0.02 Mem=0.001 GB SQLite=0.005 GB Unpooled=0.000 GB

                                  PYDB_Server 

         Version Q-2019.12-SP1-1 for linux64 - Feb 24, 2020 cl#5351723

                    Copyright (c) 2007 - 2020 Synopsys, Inc.
   This software and the associated documentation are proprietary to Synopsys,
 Inc. This software may only be used in accordance with the terms and conditions
 of a written license agreement with Synopsys, Inc. All other use, reproduction,
            or distribution of this software is strictly prohibited.

variable width coordinate support enabled.
Listening for connections on port 8780
PYDB_Server Started on host linux11110, Sun 03/14/2021 14:56:13
Client linux11110(20428):8 connected (1 total client)
Verified current licenses.
SQLite page_size=65536
SQLite cache_size=65536
SQLite mmap_size=0
SQLite journal_mode=OFF
SQLite version 3.24.0
Shutdown requested by client linux11110(20428):8
0 clients remain connected
Client linux11110(20428):8 connection closed
Overall server Time=0:01:33  User=0.01 Sys=0.00 Mem=0.000 GB SQLite=0.001 GB Unpooled=0.000 GB
