
                                 IC Validator 

         Version Q-2019.12-SP1-1 for linux64 - Feb 24, 2020 cl#5351723

                    Copyright (c) 1996 - 2020 Synopsys, Inc.
   This software and the associated documentation are proprietary to Synopsys,
 Inc. This software may only be used in accordance with the terms and conditions
 of a written license agreement with Synopsys, Inc. All other use, reproduction,
            or distribution of this software is strictly prohibited.

Called as: icv -f openaccess -i LAB5 -c HalfAdder -oa_view layout -oa_lib_defs /DCNFS/users/student/lkim/Desktop/ELEN153L/lib.defs -oa_layer_map /DCNFS/applications/synopsys/2019/app/SAED/SAED_PDK90nm/techfiles/saed_pdk90_layer.map -rc /DCNFS/users/student/lkim/Desktop/ELEN153L/synopsys_custom/pvjob_LAB5.HalfAdder.icv.drc/HalfAdder.drc.custom_compiler.rc -oa_dm5 -vue /DCNFS/users/student/lkim/Desktop/ELEN153L/synopsys_custom/pvjob_LAB5.HalfAdder.icv.drc/rules.drc.9m_saed90_icv.drc.rs


Parsing runset "/DCNFS/users/student/lkim/Desktop/ELEN153L/synopsys_custom/pvjob_LAB5.HalfAdder.icv.drc/rules.drc.9m_saed90_icv.drc.rs"

Loaded runset from cache: /home/lkim/.icvrscache/369fb9e721a9e7ffc30d33ea6066c16b-64A591FB-70B5-4584-856C-978BECA80F12-linux11110-30309.rscache
Cached Runset Compile Time=0:00:03 User=3.07 Sys=0.11 Mem=0.445 GB

Virtual Machine Init Time=0:00:00 User=0.01 Sys=0.01 Mem=0.445 GB


Host startup begins.
Host startup done: 2 successes, 0 failures.
	linux11112.dc.engr.scu.edu: 2 total cores, maximum 2 commands in parallel.
Selecting "linux11112.dc.engr.scu.edu" as Primary host

System Startup Time=0:00:00 User=0.01 Sys=0.04 Mem=0.445 GB


Command execution begins.  Details recorded in the summary and log files:
    /DCNFS/users/student/lkim/Desktop/ELEN153L/synopsys_custom/pvjob_LAB5.HalfAdder.icv.drc/run_details/HalfAdder.sum
    /DCNFS/users/student/lkim/Desktop/ELEN153L/synopsys_custom/pvjob_LAB5.HalfAdder.icv.drc/run_details/rules.drc.9m_saed90_icv.drc.dp.log

Running ...
  ICV_Engine run is   1% complete.    Elapsed Time=0:00:01
  ICV_Engine run is   2% complete.    Elapsed Time=0:00:01
  ICV_Engine run is   3% complete.    Elapsed Time=0:00:04
  ICV_Engine run is   4% complete.    Elapsed Time=0:00:04
  ICV_Engine run is   5% complete.    Elapsed Time=0:00:04
  ICV_Engine run is  10% complete.    Elapsed Time=0:00:05
  ICV_Engine run is  15% complete.    Elapsed Time=0:00:05
  ICV_Engine run is  20% complete.    Elapsed Time=0:00:05
  ICV_Engine run is  25% complete.    Elapsed Time=0:00:05
  ICV_Engine run is  30% complete.    Elapsed Time=0:00:05
  ICV_Engine run is  35% complete.    Elapsed Time=0:00:05
  ICV_Engine run is  40% complete.    Elapsed Time=0:00:05
  ICV_Engine run is  45% complete.    Elapsed Time=0:00:05
  ICV_Engine run is  50% complete.    Elapsed Time=0:00:06
  ICV_Engine run is  55% complete.    Elapsed Time=0:00:06
  ICV_Engine run is  60% complete.    Elapsed Time=0:00:06
  ICV_Engine run is  65% complete.    Elapsed Time=0:00:06
  ICV_Engine run is  70% complete.    Elapsed Time=0:00:07
  ICV_Engine run is  75% complete.    Elapsed Time=0:00:07
  ICV_Engine run is  80% complete.    Elapsed Time=0:00:08
  ICV_Engine run is  85% complete.    Elapsed Time=0:00:08
  ICV_Engine run is  90% complete.    Elapsed Time=0:00:08
  ICV_Engine run is  95% complete.    Elapsed Time=0:00:09
  ICV_Engine run is 100% complete.    Elapsed Time=0:00:10

Completing error storage...
  Overall error storage time: None

Generating HalfAdder.LAYOUT_ERRORS...
  Generation Time=0:00:00  User=0.00 Sys=0.00 Mem=0.001 GB

   Check Time=0:00:00  User=0.00 Sys=0.00 Mem=0.003 GB

IC Validator Run: Time=0:00:16

-------------

IC Validator Machine Memory Report
linux11112.dc.engr.scu.edu : Average = 0.000 GB, Peak = 0.325 GB

Overall Disk Usage Disk=0.008 GB
Overall engine Time=0:00:16 Highest command Mem=0.152 GB

Overall Master Mem=0.614 GB
IC Validator is done.
