
                                  PYDB_Server 

         Version Q-2019.12-SP1-1 for linux64 - Feb 24, 2020 cl#5351723

                    Copyright (c) 2007 - 2020 Synopsys, Inc.
   This software and the associated documentation are proprietary to Synopsys,
 Inc. This software may only be used in accordance with the terms and conditions
 of a written license agreement with Synopsys, Inc. All other use, reproduction,
            or distribution of this software is strictly prohibited.

variable width coordinate support enabled.
Removing old database /DCNFS/users/student/cazzarel/Tutorial/synopsys_custom/pvjob_Tutorial.NOR.icv.lvs/TOPCELLNAME_err/PYDB_NOR
Listening for connections on port 8303
PYDB_Server Started on host linux11108.dc.engr.scu.edu, Fri 02/26/2021 14:47:22
Client linux11108(25993):14 connected (1 total client)
Verified current licenses.
SQLite page_size=65536
SQLite cache_size=65536
SQLite mmap_size=0
SQLite journal_mode=OFF
SQLite version 3.24.0
Client linux11108(26080):20 connected (2 total clients)
Client linux11108(26081):21 connected (3 total clients)
Client linux11108(26081):21 connection closed
Client linux11108(26081):21 disconnected (2 clients remain)
Client linux11108(26081):21 connected (3 total clients)
Client linux11108(26080):20 connection closed
Client linux11108(26080):20 disconnected (2 clients remain)
Client linux11108(26080):20 connected (3 total clients)
Client linux11108(26080):20 connection closed
Client linux11108(26080):20 disconnected (2 clients remain)
Client linux11108(26080):20 connected (3 total clients)
Client linux11108(26081):21 connection closed
Client linux11108(26081):21 disconnected (2 clients remain)
Client linux11108(26081):21 connected (3 total clients)
Client linux11108(26081):21 connection closed
Client linux11108(26081):21 disconnected (2 clients remain)
Client linux11108(26080):20 connection closed
Client linux11108(26080):20 disconnected (1 client remains)
Generating /DCNFS/users/student/cazzarel/Tutorial/synopsys_custom/pvjob_Tutorial.NOR.icv.lvs/NOR.LAYOUT_ERRORS
  Generation Time=0:00:00  User=0.00 Sys=0.00 Mem=0.001 GB
Shutdown requested by client linux11108(25993):14
0 clients remain connected
Client linux11108(25993):14 connection closed
Overall server Time=0:00:14  User=0.02 Sys=0.02 Mem=0.001 GB SQLite=0.005 GB Unpooled=0.000 GB

                                  PYDB_Server 

         Version Q-2019.12-SP1-1 for linux64 - Feb 24, 2020 cl#5351723

                    Copyright (c) 2007 - 2020 Synopsys, Inc.
   This software and the associated documentation are proprietary to Synopsys,
 Inc. This software may only be used in accordance with the terms and conditions
 of a written license agreement with Synopsys, Inc. All other use, reproduction,
            or distribution of this software is strictly prohibited.

variable width coordinate support enabled.
Listening for connections on port 7110
PYDB_Server Started on host linux11108, Fri 02/26/2021 14:47:38
Client linux11108(18352):8 connected (1 total client)
Verified current licenses.
SQLite page_size=65536
SQLite cache_size=65536
SQLite mmap_size=0
SQLite journal_mode=OFF
SQLite version 3.24.0
Client linux11108(26420):18 connected (2 total clients)
Client linux11108(26420):18 connection closed
Client linux11108(26420):18 disconnected (1 client remains)
Shutdown requested by client linux11108(18352):8
0 clients remain connected
Client linux11108(18352):8 connection closed
Overall server Time=0:23:05  User=0.01 Sys=0.01 Mem=0.000 GB SQLite=0.001 GB Unpooled=0.000 GB
