[10:58:03.99] /r giWindowId 0
[10:58:03.99] /r giWindowGeometry 600x300
[10:58:04.01] /o 
              /c                                 Custom Compiler 
              /c 
              /c               Version P-2019.06-SP1-7 for linux64 - Feb 13, 2020 
              /c 
              /c                     Copyright (c) 2004 - 2020 Synopsys, Inc.
              /c    This software and the associated documentation are proprietary to Synopsys,
              /c  Inc. This software may only be used in accordance with the terms and conditions
              /c  of a written license agreement with Synopsys, Inc. All other use, reproduction,
              /c             or distribution of this software is strictly prohibited.
              /c 
              /c Build  (OPT) Config 5329942 compiled on Thu Feb 13 14:05:50 2020 for RHEL64 6.6
              /c Invocation: /DCNFS/applications/synopsys/2019/app/customcompiler/P-2019.06-SP1-7/linux64/platform/bin/custom_compiler
              /c Execution time: Fri Jan 29 10:58:00 2021
              /c Host: linux11101
              /c Working directory: /DCNFS/users/student/cazzarel/Tutorial
              /c 
[10:58:09.78] /r giShowFrameTabs true
[10:58:09.78] /r giWindowId 1
[10:58:09.79] /r giWindowGeometry 1040x800
[10:58:56.15] /# gi::pressButton {/scroll/scrollArea/scrollAreaInnerWidget/applications/dmLibraryManager} -in [gi::getWindows 1]
[10:58:56.16] /# 
[10:58:56.34] /# gi::pressButton {/scroll/scrollArea/scrollAreaInnerWidget/applications/dmLibraryManager} -in [gi::getWindows 1]
[10:58:56.34] /# 
[10:58:56.46] /i dm::showLibraryManager
[10:58:56.46] /r giWindowId 2
[10:58:56.47] /r giWindowGeometry 660x600+50+75
[10:58:56.51] /o oa:0x1bdd5ed0
[10:58:58.23] /i gi::setCurrentIndex {libs} -index {Tutorial} -in [gi::getWindows 2]
[10:58:58.24] /i gi::setItemSelection {libs} -index {Tutorial} -in [gi::getWindows 2]
[10:58:59.29] /i gi::setCurrentIndex {cells} -index {testbench_inverter} -in [gi::getWindows 2]
[10:58:59.36] /i gi::setItemSelection {cells} -index {testbench_inverter} -in [gi::getWindows 2]
[10:59:00.78] /i gi::setCurrentIndex {views} -index {schematic} -in [gi::getWindows 2]
[10:59:00.80] /i gi::setItemSelection {views} -index {schematic} -in [gi::getWindows 2]
[10:59:00.93] /i gi::executeAction {dmOpen} -in [gi::getWindows 2]
[10:59:00.99] /o 	############################################
[10:59:00.99] /o 	        Synopsys Generic 90nm iPDK          
[10:59:00.99] /o 	--------------------------------------------
[10:59:00.99] /o 	Release Date .............. : 11-May-2016    
[10:59:00.99] /o 	============================================
[10:59:00.99] /o 	        Recommended Tool Versions           
[10:59:00.99] /o 	--------------------------------------------
[10:59:00.99] /o 	Custom Designer ........... : J-2014.12-2    
[10:59:00.99] /o 	IC Validator .............. : K-2015.12   
[10:59:00.99] /o 	StarRC..................... : K-2015.12  
[10:59:00.99] /o 	--------------------------------------------
[10:59:00.99] /o 	############################################
[10:59:00.99] /o 
[10:59:01.05] /o SAED PDK 90: Loaded callbacks
[10:59:01.09] /o SAED PDK 90: Loaded display resources
[10:59:01.11] /m Information: License 'Schematic' checked out. (LICENSE-003)
[10:59:01.21] /r giWindowId 3
[10:59:01.21] /r giWindowGeometry 2176x1226
[10:59:07.66] /# gi::executeAction {seShowConsoleForWindow} -in [gi::getWindows 3]
[10:59:07.66] /i sa::showConsole -context [db::getNext [de::getContexts -window 3]]
[10:59:14.87] /r giWindowId 4
[10:59:14.88] /r giWindowGeometry 600x500
[10:59:15.07] /m Information: Launching Background sae_shell Server Process "cd /DCNFS/users/student/cazzarel/Tutorial && sae_shell -log sae_shell_session0_job1 -libDefFile /DCNFS/users/student/cazzarel/Tutorial/lib.defs"
[10:59:15.09] /i db::setAttr maximized -of [gi::getFrames 1] -value true
[10:59:15.47] /i db::setAttr geometry -of [gi::getFrames 1] -value 2550x1330+5+53
[10:59:17.65] /i gi::executeAction {menuPreShow} -in [gi::getWindows 4]
[10:59:17.65] /r giMenuAccess db::getNext [gi::getMenus saConsoleSessionMenu -from [gi::getWindows 4]]
[10:59:18.86] /# gi::executeAction {saLoadState} -in [gi::getWindows 4]
[10:59:18.86] /i sa::showLoadState -parent 4
[10:59:19.58] /i gi::setActiveDialog [gi::getDialogs {saShowLoadState} -parent [gi::getWindows 4]]
[10:59:19.90] /i db::setAttr geometry -of [gi::getDialogs {saShowLoadState} -parent [gi::getWindows 4]] -value 603x696+1072+535
[10:59:21.44] /i gi::pressButton {/ok} -in [gi::getDialogs {saShowLoadState} -parent [gi::getWindows 4]]
[10:59:24.30] /i gi::executeAction {menuPreShow} -in [gi::getWindows 4]
[10:59:24.30] /r giMenuAccess db::getNext [gi::getMenus saResultsMenu -from [gi::getWindows 4]]
[10:59:24.96] /i gi::executeAction {menuPreShow} -in [gi::getWindows 4]
[10:59:24.96] /r giMenuAccess db::getNext [gi::getMenus saToolsMenu -from [gi::getWindows 4]]
[10:59:25.35] /i gi::executeAction {menuPreShow} -in [gi::getWindows 4]
[10:59:25.35] /r giMenuAccess db::getNext [gi::getMenus saToolsMenu -from [gi::getWindows 4]]
[10:59:25.43] /i gi::executeAction {menuPreShow} -in [gi::getWindows 4]
[10:59:25.43] /r giMenuAccess db::getNext [gi::getMenus saResultsMenu -from [gi::getWindows 4]]
[10:59:25.48] /i gi::executeAction {menuPreShow} -in [gi::getWindows 4]
[10:59:25.48] /r giMenuAccess db::getNext [gi::getMenus saConsoleSimMenu -from [gi::getWindows 4]]
[10:59:26.32] /# gi::executeAction {saNetlistAndRun} -in [gi::getWindows 4]
[10:59:26.32] /i isa::netlistAndRun -testbench [sa::findActiveTestbench -window 4] -mode [sa::_utils::findRunMode 4]
[10:59:26.46] /r giWindowId 5
[10:59:26.48] /r giWindowGeometry 800x600
[10:59:26.61] /m Information: "Starting incremental netlisting for design "Tutorial/testbench_inverter/schematic"..." (NETLISTING-010)
[10:59:26.66] /o No Design Integrity rule violations found in "Tutorial/testbench_inverter/schematic"
[10:59:26.72] /m Information: 
              /c Cross view checking for Tutorial/inverter/symbol with Tutorial/inverter/schematic
              /c 	[warning] Missing Terminal
              /c 		Terminal Vin found in schematic is missing in symbol
              /c 	[warning] Missing Terminal
              /c 		Terminal Vout found in schematic is missing in symbol
              /c 	[warning] Extra Terminal
              /c 		Extra terminal a found in symbol not found in schematic
              /c 	[warning] Extra Terminal
              /c 		Extra terminal z found in symbol not found in schematic (DE_EDIT-007)
[10:59:26.72] /w Warning: "Terminal Vin found in schematic is missing in symbol" (NETLISTING-003)
[10:59:26.72] /w Warning: "Terminal Vout found in schematic is missing in symbol" (NETLISTING-003)
[10:59:26.72] /w Warning: "Extra terminal a found in symbol not found in schematic" (NETLISTING-003)
[10:59:26.72] /w Warning: "Extra terminal z found in symbol not found in schematic" (NETLISTING-003)
[10:59:26.73] /m Information: 
[10:59:26.73] /o Checking "Tutorial/inverter/schematic"
[10:59:26.73] /o No rule violations found in "Tutorial/inverter/schematic"
[10:59:26.99] /m Information: "Netlisting design "Tutorial/testbench_inverter/schematic" finished successfully." (NETLISTING-012)
[10:59:27.02] /m Information: "Composing simulator input file for design "Tutorial/testbench_inverter/schematic"..."
[10:59:27.32] /m Information: "Simulator input file composed successfully for design "Tutorial/testbench_inverter/schematic""
[10:59:29.13] /m Information: "Starting HSPICE simulation for design: Tutorial/testbench_inverter/schematic"
[10:59:29.87] /m Information: Received ready-for-commands signal from background job 'sae_shell_session0_job1' after 14 seconds.
[10:59:30.79] /m Information: "Simulation completed successfully for design: Tutorial/testbench_inverter/schematic "
[10:59:32.19] /m Information: Launching Background sae_shell Server Process "cd /DCNFS/users/student/cazzarel/Tutorial && sae_shell -log sae_shell_session0_job2 -libDefFile /DCNFS/users/student/cazzarel/Tutorial/lib.defs"
[10:59:32.19] /i gi::collapse {jobMonitorTable} -index {0.0.1,0} -in [gi::getWindows 5]
[10:59:32.21] /m Information: "Evaluating and plotting outputs..."
[10:59:32.26] /m Information: Started sharing "Custom WaveView ADV" license. (WAVEFORM-110)
[10:59:33.07] /m Information: Launching Waveform Viewer "cd /DCNFS/users/student/cazzarel/Tutorial/synopsys_custom &&  wv  -k -cdesigner -spxkey /DCNFS/applications/synopsys/2019/app/customcompiler/P-2019.06-SP1-7/auxx/waveform/sae.spxkey -spxrc /tmp/tmp_sae_spxrc_BZz6R9 -unique_string fa2ff1a6d6a404a31aa44ccc754ff1c3fd7b55f65afc074d1433137efe52ece500e1b41e4068b5ef -lic_type 2    > /DCNFS/users/student/cazzarel/Tutorial/synopsys_custom/viewer.log 2>&1"
[10:59:33.07] /i gi::collapse {jobMonitorTable} -index {0.0,0} -in [gi::getWindows 5]
[10:59:34.10] /m Information: Measurement calculations completed for testbench: HSPICE_default in 0s
[10:59:46.37] /m Information: Received ready-for-commands signal from background job 'sae_shell_session0_job2' after 14 seconds.
[11:00:08.78] /i db::setAttr geometry -of [gi::getFrames 1] -value 1262x1320+5+53
[11:00:25.46] /i db::setAttr geometry -of [gi::getFrames 1] -value 2550x1330+5+53
[11:02:19.73] /i gi::setActiveWindow 3
[11:02:19.73] /i gi::setActiveWindow 3 -raise true
[11:02:59.00] /i gi::setActiveWindow 2
[11:02:59.00] /i gi::setActiveWindow 2 -raise true
[11:03:01.24] /i gi::setCurrentIndex {views} -index {HSPICE_default} -in [gi::getWindows 2]
[11:03:01.27] /i gi::setItemSelection {views} -index {HSPICE_default} -in [gi::getWindows 2]
[11:03:03.29] /i gi::setCurrentIndex {cells} -index {inverter} -in [gi::getWindows 2]
[11:03:03.40] /i gi::setItemSelection {cells} -index {inverter} -in [gi::getWindows 2]
[11:03:05.35] /i gi::setCurrentIndex {views} -index {symbol} -in [gi::getWindows 2]
[11:03:05.37] /i gi::setItemSelection {views} -index {symbol} -in [gi::getWindows 2]
[11:03:05.55] /i gi::executeAction {dmOpen} -in [gi::getWindows 2]
[11:03:05.59] /r giWindowId 6
[11:03:05.62] /r giWindowGeometry 2176x1226
[11:03:07.02] /# gi::executeAction {deCanvasZoomOutAtPoint} -in [gi::getWindows 6]
[11:03:07.02] /i de::zoom -window [gi::getWindows 6] -factor 0.5 -center {0.60625 0.125}
[11:03:07.09] /# gi::executeAction {deCanvasZoomOutAtPoint} -in [gi::getWindows 6]
[11:03:07.09] /i de::zoom -window [gi::getWindows 6] -factor 0.5 -center {0.60625 0.125}
[11:03:07.15] /# gi::executeAction {deCanvasZoomOutAtPoint} -in [gi::getWindows 6]
[11:03:07.15] /i de::zoom -window [gi::getWindows 6] -factor 0.5 -center {0.60625 0.11875}
[11:03:07.24] /# gi::executeAction {deCanvasZoomOutAtPoint} -in [gi::getWindows 6]
[11:03:07.24] /i de::zoom -window [gi::getWindows 6] -factor 0.5 -center {0.6 0.11875}
[11:03:07.51] /# gi::executeAction {deCanvasZoomInAtPoint} -in [gi::getWindows 6]
[11:03:07.51] /i de::zoom -window [gi::getWindows 6] -factor 2.0 -center {0.60625 0.11875}
[11:03:07.56] /# gi::executeAction {deCanvasZoomInAtPoint} -in [gi::getWindows 6]
[11:03:07.56] /i de::zoom -window [gi::getWindows 6] -factor 2.0 -center {0.60625 0.11875}
[11:03:07.66] /# gi::executeAction {deCanvasZoomInAtPoint} -in [gi::getWindows 6]
[11:03:07.66] /i de::zoom -window [gi::getWindows 6] -factor 2.0 -center {0.60625 0.11875}
[11:03:09.90] /# gi::executeAction {deSelectActive} -in [gi::getWindows 6]
[11:03:09.90] /i de::deselectAll [db::getNext [de::getContexts -window 6]]
[11:03:09.90] /i de::select [de::getActiveFigure [gi::getWindows 6] -point {0.49375 -0.09375} -index 0 -intent none]
[11:03:09.90] /o oa:0x29cc16f0
[11:03:10.44] /# gi::executeAction {deSelectActive} -in [gi::getWindows 6]
[11:03:10.44] /i de::deselectAll [db::getNext [de::getContexts -window 6]]
[11:03:10.45] /i de::select [de::getActiveFigure [gi::getWindows 6] -point {0.43125 -0.01875} -index 0 -intent none]
[11:03:10.45] /o oa:0x29e4fab0
[11:03:10.97] /# gi::executeAction {deSelectActive} -in [gi::getWindows 6]
[11:03:10.97] /i de::cycleActiveFigure [gi::getWindows 6] -direction next
[11:03:10.97] /o oa:0x29d0ee70
[11:03:11.37] /# gi::executeAction {deSelectActive} -in [gi::getWindows 6]
[11:03:11.37] /i de::deselectAll [db::getNext [de::getContexts -window 6]]
[11:03:11.37] /i de::select [de::getActiveFigure [gi::getWindows 6] -point {0.2 -0.00625} -index 0 -intent none]
[11:03:11.37] /o oa:0x29794160
[11:03:11.85] /# gi::executeAction {deCanvasZoomOutAtPoint} -in [gi::getWindows 6]
[11:03:11.85] /i de::zoom -window [gi::getWindows 6] -factor 0.5 -center {0.46875 -0.00625}
[11:03:11.89] /# gi::executeAction {deCanvasZoomOutAtPoint} -in [gi::getWindows 6]
[11:03:11.89] /i de::zoom -window [gi::getWindows 6] -factor 0.5 -center {0.48125 -0.00625}
[11:03:11.90] /# gi::executeAction {deCanvasZoomOutAtPoint} -in [gi::getWindows 6]
[11:03:11.90] /i de::zoom -window [gi::getWindows 6] -factor 0.5 -center {0.5 -0.025}
[11:03:11.93] /# gi::executeAction {deCanvasZoomOutAtPoint} -in [gi::getWindows 6]
[11:03:11.93] /i de::zoom -window [gi::getWindows 6] -factor 0.5 -center {0.5125 -0.025}
[11:03:11.93] /# gi::executeAction {deCanvasZoomOutAtPoint} -in [gi::getWindows 6]
[11:03:11.93] /i de::zoom -window [gi::getWindows 6] -factor 0.5 -center {0.53125 -0.03125}
[11:03:11.93] /# gi::executeAction {deCanvasZoomOutAtPoint} -in [gi::getWindows 6]
[11:03:11.93] /i de::zoom -window [gi::getWindows 6] -factor 0.5 -center {0.55625 -0.03125}
[11:03:12.38] /# gi::executeAction {deCanvasZoomInAtPoint} -in [gi::getWindows 6]
[11:03:12.38] /i de::zoom -window [gi::getWindows 6] -factor 2.0 -center {1.01875 0.075}
[11:03:12.41] /# gi::executeAction {deCanvasZoomInAtPoint} -in [gi::getWindows 6]
[11:03:12.41] /i de::zoom -window [gi::getWindows 6] -factor 2.0 -center {1.01875 0.075}
[11:03:12.44] /# gi::executeAction {deCanvasZoomInAtPoint} -in [gi::getWindows 6]
[11:03:12.44] /i de::zoom -window [gi::getWindows 6] -factor 2.0 -center {1.01875 0.075}
[11:03:12.48] /# gi::executeAction {deCanvasZoomInAtPoint} -in [gi::getWindows 6]
[11:03:12.48] /i de::zoom -window [gi::getWindows 6] -factor 2.0 -center {1.01875 0.075}
[11:03:12.53] /# gi::executeAction {deCanvasZoomInAtPoint} -in [gi::getWindows 6]
[11:03:12.53] /i de::zoom -window [gi::getWindows 6] -factor 2.0 -center {1.01875 0.075}
[11:03:12.77] /# gi::executeAction {deCanvasZoomInAtPoint} -in [gi::getWindows 6]
[11:03:12.77] /i de::zoom -window [gi::getWindows 6] -factor 2.0 -center {1.0125 0.075}
[11:03:19.81] /i gi::executeAction {deChangeMode} -in [gi::getWindows 6]
[11:03:21.11] /i gi::executeAction {deChangeMode} -in [gi::getWindows 6]
[11:03:21.97] /i gi::executeAction {deChangeMode} -in [gi::getWindows 6]
[11:03:22.13] /i gi::executeAction {deChangeMode} -in [gi::getWindows 6]
[11:03:22.30] /i gi::executeAction {deChangeMode} -in [gi::getWindows 6]
[11:03:22.46] /i gi::executeAction {deChangeMode} -in [gi::getWindows 6]
[11:03:22.63] /i gi::executeAction {deChangeMode} -in [gi::getWindows 6]
[11:03:22.77] /i gi::executeAction {deChangeMode} -in [gi::getWindows 6]
[11:03:22.94] /i gi::executeAction {deChangeMode} -in [gi::getWindows 6]
[11:03:23.11] /i gi::executeAction {deChangeMode} -in [gi::getWindows 6]
[11:03:23.62] /i gi::executeAction {deChangeMode} -in [gi::getWindows 6]
[11:03:24.07] /i gi::executeAction {deChangeMode} -in [gi::getWindows 6]
[11:03:48.01] /i gi::executeAction giCloseWindow -in [gi::getWindows 6]
[11:03:50.59] /i gi::setCurrentIndex {cells} -index {testbench_inverter} -in [gi::getWindows 2]
[11:03:50.72] /i gi::setItemSelection {cells} -index {testbench_inverter} -in [gi::getWindows 2]
[11:03:51.39] /i gi::setCurrentIndex {cells} -index {inverter} -in [gi::getWindows 2]
[11:03:51.45] /i gi::setItemSelection {cells} -index {inverter} -in [gi::getWindows 2]
[11:03:52.09] /i gi::setCurrentIndex {views} -index {symbol} -in [gi::getWindows 2]
[11:03:52.12] /i gi::setItemSelection {views} -index {symbol} -in [gi::getWindows 2]
[11:03:57.51] /i gi::executeAction {dmDeleteCellView} -in [gi::getWindows 2]
[11:03:57.53] /r giDialog gi::setActiveDialog [gi::getDialogs {dmDelete}]
[11:03:57.83] /r giDialog db::setAttr geometry -of [gi::getDialogs {dmDelete}] -value 354x92+1093+620
[11:04:01.59] /r giDialog gi::pressButton {cancel} -in [gi::getDialogs {dmDelete}]
[11:04:02.70] /i gi::setCurrentIndex {views} -index {schematic} -in [gi::getWindows 2]
[11:04:02.73] /i gi::setItemSelection {views} -index {schematic} -in [gi::getWindows 2]
[11:04:03.37] /i gi::executeAction {dmOpen} -in [gi::getWindows 2]
[11:04:03.46] /r giWindowId 7
[11:04:03.48] /r giWindowGeometry 2176x1226
[11:04:10.74] /# gi::executeAction {deCellviewFromCellview} -in [gi::getWindows 7]
[11:04:10.74] /i db::showCellViewFromCellView -src [db::getAttr container -of [db::getAttr editFile -of [db::getNext [de::getContexts -window 7]]]] 
[11:04:10.84] /i gi::setActiveDialog [gi::getDialogs {dbCellViewFromCellView}]
[11:04:11.10] /i db::setAttr geometry -of [gi::getDialogs {dbCellViewFromCellView}] -value 628x339+956+520
[11:04:13.36] /i gi::setField {adjustPins} -value {true} -in [gi::getDialogs {dbCellViewFromCellView}]
[11:04:13.66] /i db::setAttr geometry -of [gi::getDialogs {dbCellViewFromCellView}] -value 628x598+956+520
[11:04:22.59] /i gi::pressButton {ok} -in [gi::getDialogs {dbCellViewFromCellView}]
[11:04:22.63] /r giDialog gi::setActiveDialog [gi::getDialogs {giPrompt}]
[11:04:22.90] /r giDialog db::setAttr geometry -of [gi::getDialogs {giPrompt}] -value 620x82+968+637
[11:04:25.39] /r giDialog gi::pressButton {update} -in [gi::getDialogs {giPrompt}]
[11:04:25.65] /r giWindowId 8
[11:04:25.69] /r giWindowGeometry 2176x1226
[11:04:27.35] /# gi::executeAction {deCanvasZoomOutAtPoint} -in [gi::getWindows 8]
[11:04:27.35] /i de::zoom -window [gi::getWindows 8] -factor 0.5 -center {0.475 -0.275}
[11:04:27.38] /# gi::executeAction {deCanvasZoomOutAtPoint} -in [gi::getWindows 8]
[11:04:27.38] /i de::zoom -window [gi::getWindows 8] -factor 0.5 -center {0.475 -0.275}
[11:04:27.41] /# gi::executeAction {deCanvasZoomOutAtPoint} -in [gi::getWindows 8]
[11:04:27.41] /i de::zoom -window [gi::getWindows 8] -factor 0.5 -center {0.48125 -0.26875}
[11:04:27.45] /# gi::executeAction {deCanvasZoomOutAtPoint} -in [gi::getWindows 8]
[11:04:27.45] /i de::zoom -window [gi::getWindows 8] -factor 0.5 -center {0.48125 -0.275}
[11:04:27.84] /# gi::executeAction {deCanvasZoomInAtPoint} -in [gi::getWindows 8]
[11:04:27.84] /i de::zoom -window [gi::getWindows 8] -factor 2.0 -center {0.48125 -0.275}
[11:04:27.86] /# gi::executeAction {deCanvasZoomInAtPoint} -in [gi::getWindows 8]
[11:04:27.86] /i de::zoom -window [gi::getWindows 8] -factor 2.0 -center {0.48125 -0.275}
[11:04:27.89] /# gi::executeAction {deCanvasZoomInAtPoint} -in [gi::getWindows 8]
[11:04:27.89] /i de::zoom -window [gi::getWindows 8] -factor 2.0 -center {0.48125 -0.275}
[11:04:27.93] /# gi::executeAction {deCanvasZoomInAtPoint} -in [gi::getWindows 8]
[11:04:27.93] /i de::zoom -window [gi::getWindows 8] -factor 2.0 -center {0.48125 -0.275}
[11:04:31.64] /# gi::executeAction {deSelectActive} -in [gi::getWindows 8]
[11:04:31.64] /i de::deselectAll [db::getNext [de::getContexts -window 8]]
[11:04:31.64] /i de::select [de::getActiveFigure [gi::getWindows 8] -point {0.06875 -0.2} -index 0 -intent none]
[11:04:31.64] /o oa:0x2a867300
[11:04:33.25] /# gi::executeAction {giPostContextMenu} -in [gi::getWindows 8]
[11:04:34.42] /# gi::executeAction {seRotateCCWActive} -in [gi::getWindows 8]
[11:04:34.42] /i se::move [de::getActiveFigure] -rotate R90  -anchor [de::transformPoint {0.0625 -0.1875} -to edit -window 8]
[11:04:35.16] /# gi::executeAction {deSelectActive} -in [gi::getWindows 8]
[11:04:35.16] /i de::deselectAll [db::getNext [de::getContexts -window 8]]
[11:04:35.16] /i de::select [de::getActiveFigure [gi::getWindows 8] -point {0.1875 -0.1875} -index 0 -intent none]
[11:04:35.16] /o oa:0x2a3e4e10
[11:04:35.35] /# gi::executeAction {giPostContextMenu} -in [gi::getWindows 8]
[11:04:36.02] /# gi::executeAction {seRotateCCWActive} -in [gi::getWindows 8]
[11:04:36.02] /i se::move [de::getActiveFigure] -rotate R90  -anchor [de::transformPoint {0.1875 -0.1875} -to edit -window 8]
[11:04:36.46] /# gi::executeAction {deSelectActive} -in [gi::getWindows 8]
[11:04:36.46] /i de::deselectAll [db::getNext [de::getContexts -window 8]]
[11:04:36.46] /i de::deselectAllLogic -context [de::getContexts -filter {%editDesign==[db::getAttr editDesign -of [db::getNext [de::getContexts -window 8]]]}]
[11:04:37.15] /# gi::executeAction {deSelectActive} -in [gi::getWindows 8]
[11:04:37.15] /i de::deselectAll [db::getNext [de::getContexts -window 8]]
[11:04:37.15] /i de::select [de::getActiveFigure [gi::getWindows 8] -point {0.1875 -0.44375} -index 0 -intent none]
[11:04:37.15] /o oa:0x2a3afda0
[11:04:37.40] /# gi::executeAction {giPostContextMenu} -in [gi::getWindows 8]
[11:04:39.77] /m Information: Stopped sharing "Custom WaveView ADV" license. (WAVEFORM-111)
[11:04:41.30] /# gi::executeAction {seRotateCCWActive} -in [gi::getWindows 8]
[11:04:41.30] /i se::move [de::getActiveFigure] -rotate R90  -anchor [de::transformPoint {0.1875 -0.4375} -to edit -window 8]
[11:04:43.33] /i gi::executeAction {deCanvasDragSelect} -in [gi::getWindows 8]
[11:04:43.33] /r deCanvasDragStart 0.39375 -0.39375
[11:04:43.87] /# gi::executeAction {deCanvasDragEnd} -in [gi::getWindows 8]
[11:04:43.87] /i gi::executeAction deCanvasDragEnd -in [gi::getWindows 8]
[11:04:43.87] /r deCanvasDragEnd 0.55 -0.40625
[11:04:44.96] /i gi::executeAction {deCanvasDragSelect} -in [gi::getWindows 8]
[11:04:44.96] /r deCanvasDragStart 0.53125 -0.475
[11:04:45.41] /# gi::executeAction {deCanvasDragEnd} -in [gi::getWindows 8]
[11:04:45.41] /i gi::executeAction deCanvasDragEnd -in [gi::getWindows 8]
[11:04:45.41] /r deCanvasDragEnd 0.6625 -0.5
[11:04:45.89] /# gi::executeAction {deSelectActive} -in [gi::getWindows 8]
[11:04:45.89] /i de::deselectAll [db::getNext [de::getContexts -window 8]]
[11:04:45.89] /i de::select [de::getActiveFigure [gi::getWindows 8] -point {0.6 -0.43125} -index 0 -intent none]
[11:04:45.89] /o oa:0x1dba0a30
[11:04:47.05] /i gi::executeAction {deCanvasDragSelect} -in [gi::getWindows 8]
[11:04:47.05] /r deCanvasDragStart 0.60625 -0.39375
[11:04:47.43] /# gi::executeAction {deCanvasDragEnd} -in [gi::getWindows 8]
[11:04:47.43] /i gi::executeAction deCanvasDragEnd -in [gi::getWindows 8]
[11:04:47.43] /r deCanvasDragEnd 0.7 -0.4
[11:04:48.34] /# gi::executeAction {seButton1DragStart} -in [gi::getWindows 8]
[11:04:48.34] /i ise::stretch -object [de::getActiveFigure [gi::getWindows 8] -point {0.6875 -0.425} -index 0 -intent none] -point {0.6875 -0.4375}
[11:04:49.10] /# gi::executeAction {deEndDrag} -in [gi::getWindows 8]
[11:04:49.10] /i de::endDrag {0.93125 -0.40625} -context [db::getNext [de::getContexts -window 8]]
[11:04:50.47] /# gi::executeAction {seButton1DragStart} -in [gi::getWindows 8]
[11:04:50.47] /i ise::stretch -object [de::getActiveFigure [gi::getWindows 8] -point {0.19375 -0.36875} -index 0 -intent none] -point {0.1875 -0.375}
[11:04:52.80] /# gi::executeAction {deEndDrag} -in [gi::getWindows 8]
[11:04:52.80] /i de::endDrag {0.75 0} -context [db::getNext [de::getContexts -window 8]]
[11:04:54.56] /# gi::executeAction {seButton1DragStart} -in [gi::getWindows 8]
[11:04:54.56] /i ise::stretch -object [de::getActiveFigure [gi::getWindows 8] -point {1.0375 -0.0375} -index 0 -intent none] -point {1.0625 -0.0625}
[11:04:56.08] /# gi::executeAction {deEndDrag} -in [gi::getWindows 8]
[11:04:56.08] /i de::endDrag {0.90625 0.00625} -context [db::getNext [de::getContexts -window 8]]
[11:04:57.15] /# gi::executeAction {seButton1DragStart} -in [gi::getWindows 8]
[11:04:57.15] /i ise::stretch -object [de::getActiveFigure [gi::getWindows 8] -point {0.78125 0.18125} -index 0 -intent none] -point {0.8125 0.1875}
[11:04:58.95] /# gi::executeAction {deEndDrag} -in [gi::getWindows 8]
[11:04:58.95] /i de::endDrag {0.4875 0} -context [db::getNext [de::getContexts -window 8]]
[11:05:00.69] /# gi::executeAction {seButton1DragStart} -in [gi::getWindows 8]
[11:05:00.69] /i ise::stretch -object [de::getActiveFigure [gi::getWindows 8] -point {0.09375 -0.18125} -index 0 -intent none] -point {0.125 -0.1875}
[11:05:01.64] /# gi::executeAction {deEndDrag} -in [gi::getWindows 8]
[11:05:01.64] /i de::endDrag {0.28125 0.0125} -context [db::getNext [de::getContexts -window 8]]
[11:05:02.44] /# gi::executeAction {seButton1DragStart} -in [gi::getWindows 8]
[11:05:02.44] /i ise::stretch -object [de::getActiveFigure [gi::getWindows 8] -point {0.40625 0.00625} -index 0 -intent none] -point {0.4375 0}
[11:05:02.94] /# gi::executeAction {deEndDrag} -in [gi::getWindows 8]
[11:05:02.94] /i de::endDrag {0.375 0} -context [db::getNext [de::getContexts -window 8]]
[11:05:04.93] /# gi::executeAction {seButton1DragStart} -in [gi::getWindows 8]
[11:05:04.93] /i ise::stretch -object [de::getActiveFigure [gi::getWindows 8] -point {0.06875 -0.38125} -index 0 -intent none] -point {0.0625 -0.375}
[11:05:06.66] /# gi::executeAction {deEndDrag} -in [gi::getWindows 8]
[11:05:06.66] /i de::endDrag {-0.0125 -0.01875} -context [db::getNext [de::getContexts -window 8]]
[11:05:07.76] /# gi::executeAction {deSelectActive} -in [gi::getWindows 8]
[11:05:07.76] /i de::deselectAll [db::getNext [de::getContexts -window 8]]
[11:05:07.76] /i de::select [de::getActiveFigure [gi::getWindows 8] -point {0 -0.20625} -index 0 -intent none]
[11:05:07.76] /o oa:0x2a84de00
[11:05:08.09] /# gi::executeAction {giPostContextMenu} -in [gi::getWindows 8]
[11:05:09.05] /# gi::executeAction {seRotateCCWActive} -in [gi::getWindows 8]
[11:05:09.05] /i se::move [de::getActiveFigure] -rotate R90  -anchor [de::transformPoint {0 -0.1875} -to edit -window 8]
[11:05:09.99] /# gi::executeAction {seButton1DragStart} -in [gi::getWindows 8]
[11:05:09.99] /i ise::stretch -point {0 -0.1875}
[11:05:10.95] /# gi::executeAction {deEndDrag} -in [gi::getWindows 8]
[11:05:10.95] /i de::endDrag {-0.35625 0.0125} -context [db::getNext [de::getContexts -window 8]]
[11:05:11.26] /# gi::executeAction {deCanvasZoomInAtPoint} -in [gi::getWindows 8]
[11:05:11.26] /i de::zoom -window [gi::getWindows 8] -factor 2.0 -center {0 -0.2625}
[11:05:11.29] /# gi::executeAction {deCanvasZoomInAtPoint} -in [gi::getWindows 8]
[11:05:11.29] /i de::zoom -window [gi::getWindows 8] -factor 2.0 -center {0.01875 -0.275}
[11:05:11.31] /# gi::executeAction {deCanvasZoomInAtPoint} -in [gi::getWindows 8]
[11:05:11.31] /i de::zoom -window [gi::getWindows 8] -factor 2.0 -center {0.01875 -0.275}
[11:05:11.35] /# gi::executeAction {deCanvasZoomInAtPoint} -in [gi::getWindows 8]
[11:05:11.35] /i de::zoom -window [gi::getWindows 8] -factor 2.0 -center {0.025 -0.28125}
[11:05:11.68] /# gi::executeAction {deCanvasZoomOutAtPoint} -in [gi::getWindows 8]
[11:05:11.68] /i de::zoom -window [gi::getWindows 8] -factor 0.5 -center {0.025 -0.28125}
[11:05:11.71] /# gi::executeAction {deCanvasZoomOutAtPoint} -in [gi::getWindows 8]
[11:05:11.71] /i de::zoom -window [gi::getWindows 8] -factor 0.5 -center {0.025 -0.28125}
[11:05:11.75] /# gi::executeAction {deCanvasZoomOutAtPoint} -in [gi::getWindows 8]
[11:05:11.75] /i de::zoom -window [gi::getWindows 8] -factor 0.5 -center {0.025 -0.275}
[11:05:12.36] /# gi::executeAction {deCanvasZoomOutAtPoint} -in [gi::getWindows 8]
[11:05:12.36] /i de::zoom -window [gi::getWindows 8] -factor 0.5 -center {0.05 -0.175}
[11:05:12.38] /# gi::executeAction {deCanvasZoomOutAtPoint} -in [gi::getWindows 8]
[11:05:12.38] /i de::zoom -window [gi::getWindows 8] -factor 0.5 -center {0.05 -0.175}
[11:05:14.23] /# gi::executeAction {seButton1DragStart} -in [gi::getWindows 8]
[11:05:14.23] /i ise::stretch -object [de::getActiveFigure [gi::getWindows 8] -point {0.19375 0.36875} -index 0 -intent none] -point {0.1875 0.375}
[11:05:15.31] /# gi::executeAction {deEndDrag} -in [gi::getWindows 8]
[11:05:15.31] /i de::endDrag {0.25625 0} -context [db::getNext [de::getContexts -window 8]]
[11:05:31.21] /# gi::executeAction {deSelectActive} -in [gi::getWindows 8]
[11:05:31.21] /i de::deselectAll [db::getNext [de::getContexts -window 8]]
[11:05:31.21] /i de::select [de::getActiveFigure [gi::getWindows 8] -point {0.25 -0.01875} -index 0 -intent none]
[11:05:31.21] /o oa:0x1c3b5c90
[11:05:39.55] /i gi::executeAction {deSaveDesign} -in [gi::getWindows 8]
[11:05:39.56] /m Information: Saving design 'Tutorial inverter symbol'. (DESIGN_WINDOW-004)
[11:05:44.02] /i gi::setActiveWindow 3
[11:05:44.02] /i gi::setActiveWindow 3 -raise true
[11:05:45.10] /# gi::executeAction {deCanvasZoomInAtPoint} -in [gi::getWindows 3]
[11:05:45.10] /i de::zoom -window [gi::getWindows 3] -factor 2.0 -center {2.7625 1.19375}
[11:05:45.15] /# gi::executeAction {deCanvasZoomInAtPoint} -in [gi::getWindows 3]
[11:05:45.15] /i de::zoom -window [gi::getWindows 3] -factor 2.0 -center {2.75625 1.18125}
[11:05:45.18] /# gi::executeAction {deCanvasZoomInAtPoint} -in [gi::getWindows 3]
[11:05:45.18] /i de::zoom -window [gi::getWindows 3] -factor 2.0 -center {2.75 1.175}
[11:05:45.24] /# gi::executeAction {deCanvasZoomInAtPoint} -in [gi::getWindows 3]
[11:05:45.24] /i de::zoom -window [gi::getWindows 3] -factor 2.0 -center {2.75 1.175}
[11:05:45.68] /# gi::executeAction {deCanvasZoomOutAtPoint} -in [gi::getWindows 3]
[11:05:45.68] /i de::zoom -window [gi::getWindows 3] -factor 0.5 -center {2.75 1.175}
[11:05:45.72] /# gi::executeAction {deCanvasZoomOutAtPoint} -in [gi::getWindows 3]
[11:05:45.72] /i de::zoom -window [gi::getWindows 3] -factor 0.5 -center {2.75 1.175}
[11:05:50.25] /i gi::setActiveWindow 4
[11:05:50.25] /i gi::setActiveWindow 4 -raise true
[11:05:56.86] /i gi::executeAction {menuPreShow} -in [gi::getWindows 4]
[11:05:56.86] /r giMenuAccess db::getNext [gi::getMenus saConsoleSimMenu -from [gi::getWindows 4]]
[11:05:59.12] /# gi::executeAction {saNetlistAndRun} -in [gi::getWindows 4]
[11:05:59.12] /i isa::netlistAndRun -testbench [sa::findActiveTestbench -window 4] -mode [sa::_utils::findRunMode 4]
[11:05:59.32] /r giDialog gi::setActiveDialog [gi::getDialogs {xtShowDesignsPrompt}]
[11:05:59.32] /r giDialog gi::setCurrentIndex {target} -index {0,0} -in [gi::getDialogs {xtShowDesignsPrompt}]
[11:05:59.57] /r giDialog db::setAttr geometry -of [gi::getDialogs {xtShowDesignsPrompt}] -value 649x290+946+521
[11:06:07.95] /r giDialog gi::pressButton {ok} -in [gi::getDialogs {xtShowDesignsPrompt}]
[11:06:08.03] /m Information: 
[11:06:08.03] /o Checking "Tutorial/testbench_inverter/schematic"
[11:06:08.03] /o No rule violations found in "Tutorial/testbench_inverter/schematic"
[11:06:08.04] /o No Design Integrity rule violations found in "Tutorial/testbench_inverter/schematic"
[11:06:08.04] /m Information: Checking process is completed: marking the design violations
[11:06:08.04] /m Information: Marking of designs is completed
[11:06:08.28] /m Information: "Starting incremental netlisting for design "Tutorial/testbench_inverter/schematic"..." (NETLISTING-010)
[11:06:08.33] /o No Design Integrity rule violations found in "Tutorial/testbench_inverter/schematic"
[11:06:08.34] /m Information: 
[11:06:08.34] /o Checking "Tutorial/inverter/schematic"
[11:06:08.34] /o No rule violations found in "Tutorial/inverter/schematic"
[11:06:08.51] /m Information: "Tutorial inverter schematic" renetlisted. (NETLISTING-056)
[11:06:08.58] /m Information: "Tutorial testbench_inverter schematic" renetlisted. (NETLISTING-056)
[11:06:08.72] /m Information: "Netlisting design "Tutorial/testbench_inverter/schematic" finished successfully." (NETLISTING-012)
[11:06:08.75] /m Information: "Composing simulator input file for design "Tutorial/testbench_inverter/schematic"..."
[11:06:09.03] /m Information: "Simulator input file composed successfully for design "Tutorial/testbench_inverter/schematic""
[11:06:11.28] /m Information: "Starting HSPICE simulation for design: Tutorial/testbench_inverter/schematic"
[11:06:11.29] /i gi::collapse {jobMonitorTable} -index {0.0.0.1,0} -in [gi::getWindows 5]
[11:06:11.48] /i gi::setCurrentIndex {jobMonitorTable} -index {0,0} -in [gi::getWindows 5]
[11:06:13.19] /m Information: "Simulation completed successfully for design: Tutorial/testbench_inverter/schematic "
[11:06:14.72] /m Information: "Evaluating and plotting outputs..."
[11:06:14.75] /m Information: Started sharing "Custom WaveView ADV" license. (WAVEFORM-110)
[11:06:15.70] /m Information: Measurement calculations completed for testbench: HSPICE_default in 0s
[11:07:08.64] /i db::setAttr geometry -of [gi::getFrames 1] -value 1262x1320+5+53
[11:07:17.23] /i db::setAttr geometry -of [gi::getFrames 1] -value 2550x1330+5+53
[11:07:20.98] /i gi::setActiveWindow 4
[11:07:20.98] /i gi::setActiveWindow 4 -raise true
[11:07:22.92] /i gi::expand {analysisPane} -index {0,0} -in [gi::getWindows 4]
[11:07:23.02] /i gi::setSectionSizes {analysisPane} -values {115 41 28 1307} -in [gi::getWindows 4]
[11:07:31.69] /i db::setAttr geometry -of [gi::getFrames 1] -value 1262x1320+5+53
[11:07:42.76] /i db::setAttr geometry -of [gi::getFrames 1] -value 2550x1330+5+53
[11:08:40.13] /# gi::executeAction {saShowEditAnalyses} -in [gi::getWindows 4]
[11:08:40.13] /i sa::showEditAnalyses -parent 4 -analysisName "" 
[11:08:40.37] /i gi::setActiveDialog [gi::getDialogs {saEditAnalysesDialogXsaeSession0} -parent [gi::getWindows 4]]
[11:08:40.67] /i db::setAttr geometry -of [gi::getDialogs {saEditAnalysesDialogXsaeSession0} -parent [gi::getWindows 4]] -value 680x680+600+53
[11:08:45.54] /i gi::setField {/analysesGroups/tabGeneral/analysisTypeSel/op} -value {true} -in [gi::getDialogs {saEditAnalysesDialogXsaeSession0} -parent [gi::getWindows 4]]
[11:08:45.86] /i db::setAttr geometry -of [gi::getDialogs {saEditAnalysesDialogXsaeSession0} -parent [gi::getWindows 4]] -value 680x680+600+53
[11:08:47.76] /i db::setAttr geometry -of [gi::getDialogs {saEditAnalysesDialogXsaeSession0} -parent [gi::getWindows 4]] -value 680x680+650+343
[11:08:54.69] /i gi::setField {/eg/enabled} -value {true} -in [gi::getDialogs {saEditAnalysesDialogXsaeSession0} -parent [gi::getWindows 4]]
[11:09:04.18] /i gi::pressButton {/ok} -in [gi::getDialogs {saEditAnalysesDialogXsaeSession0} -parent [gi::getWindows 4]]
[11:09:06.30] /i gi::executeAction {menuPreShow} -in [gi::getWindows 4]
[11:09:06.30] /r giMenuAccess db::getNext [gi::getMenus saConsoleSimMenu -from [gi::getWindows 4]]
[11:09:06.92] /# gi::executeAction {saNetlistAndRun} -in [gi::getWindows 4]
[11:09:06.92] /i isa::netlistAndRun -testbench [sa::findActiveTestbench -window 4] -mode [sa::_utils::findRunMode 4]
[11:09:07.16] /m Information: "Starting incremental netlisting for design "Tutorial/testbench_inverter/schematic"..." (NETLISTING-010)
[11:09:07.22] /o No Design Integrity rule violations found in "Tutorial/testbench_inverter/schematic"
[11:09:07.23] /m Information: 
[11:09:07.23] /o Checking "Tutorial/inverter/schematic"
[11:09:07.23] /o No rule violations found in "Tutorial/inverter/schematic"
[11:09:07.52] /m Information: "Netlisting design "Tutorial/testbench_inverter/schematic" finished successfully." (NETLISTING-012)
[11:09:07.55] /m Information: "Composing simulator input file for design "Tutorial/testbench_inverter/schematic"..."
[11:09:07.86] /m Information: "Simulator input file composed successfully for design "Tutorial/testbench_inverter/schematic""
[11:09:10.17] /m Information: "Starting HSPICE simulation for design: Tutorial/testbench_inverter/schematic"
[11:09:10.18] /i gi::collapse {jobMonitorTable} -index {0.0.0.1,0} -in [gi::getWindows 5]
[11:09:12.19] /m Information: "Simulation completed successfully for design: Tutorial/testbench_inverter/schematic "
[11:09:13.69] /m Information: "Evaluating and plotting outputs..."
[11:09:14.80] /m Information: Measurement calculations completed for testbench: HSPICE_default in 0s
[11:09:32.46] /i gi::setActiveWindow 4
[11:09:32.46] /i gi::setActiveWindow 4 -raise true
[11:09:34.00] /i gi::executeAction {menuPreShow} -in [gi::getWindows 4]
[11:09:34.00] /r giMenuAccess db::getNext [gi::getMenus saResultsMenu -from [gi::getWindows 4]]
[11:09:35.31] /i gi::executeAction {menuPreShow} -in [gi::getWindows 4]
[11:09:35.32] /r giMenuAccess db::getAttr menu -of [db::getNext [gi::getActions saPlotSignalCascade -from [db::getNext [gi::getMenus saResultsMenu -from [gi::getWindows 4]]]]]
[11:09:35.62] /i gi::executeAction {menuPreShow} -in [gi::getWindows 4]
[11:09:35.62] /r giMenuAccess db::getAttr menu -of [db::getNext [gi::getActions saPrintCascade -from [db::getNext [gi::getMenus saResultsMenu -from [gi::getWindows 4]]]]]
[11:09:37.98] /# gi::executeAction {saPrintOp} -in [gi::getWindows 4]
[11:09:37.98] /i sa::showOpPoints -parent 4
[11:09:38.01] /m Information: Started processing Op Points results for testbench HSPICE_default
[11:09:38.45] /m Information: Finished processing Op Points results for testbench HSPICE_default
[11:09:38.46] /r giWindowId 9
[11:09:38.49] /r giWindowGeometry 100x100
[11:09:52.78] /i gi::setActiveTab {/tabsGroup} -tabName {/tabsGroup/groupmos} -in [gi::getWindows 9]
[11:10:16.74] /i db::setAttr geometry -of [gi::getFrames 1] -value 1262x1320+5+53
[11:10:24.07] /i db::setAttr geometry -of [gi::getFrames 1] -value 2550x1330+5+53
[11:10:48.64] /i gi::setActiveWindow 3
[11:10:48.64] /i gi::setActiveWindow 3 -raise true
[11:10:52.24] /# gi::executeAction {deCanvasPanWest} -in [gi::getWindows 3]
[11:10:52.24] /i de::pan -window [gi::getWindows 3] -direction W -multiplier 0.5
[11:10:52.43] /# gi::executeAction {deCanvasPanWest} -in [gi::getWindows 3]
[11:10:52.43] /i de::pan -window [gi::getWindows 3] -direction W -multiplier 0.5
[11:10:52.58] /# gi::executeAction {deCanvasPanWest} -in [gi::getWindows 3]
[11:10:52.58] /i de::pan -window [gi::getWindows 3] -direction W -multiplier 0.5
[11:10:53.01] /# gi::executeAction {deCanvasPanEast} -in [gi::getWindows 3]
[11:10:53.01] /i de::pan -window [gi::getWindows 3] -direction E -multiplier 0.5
[11:10:53.40] /# gi::executeAction {deCanvasPanEast} -in [gi::getWindows 3]
[11:10:53.40] /i de::pan -window [gi::getWindows 3] -direction E -multiplier 0.5
[11:10:56.22] /# gi::executeAction {deSelectActive} -in [gi::getWindows 3]
[11:10:56.22] /i de::deselectAll [db::getNext [de::getContexts -window 3]]
[11:10:56.22] /i de::select [de::getActiveFigure [gi::getWindows 3] -point {1.39375 0.79375} -index 0 -intent none]
[11:10:56.22] /o oa:0x2ac0a9a0
[11:11:04.42] /# gi::executeAction {seDelete} -in [gi::getWindows 3]
[11:11:04.42] /i ise::delete
[11:11:07.08] /# gi::executeAction {seCreateInst} -in [gi::getWindows 3]
[11:11:07.08] /i ise::createInst
[11:11:07.10] /i gi::setField {parametersExpand} -value {false} -in [gi::getDialogs {seCreateInst} -parent [gi::getWindows 3]]
[11:11:07.10] /i gi::setField {parametersExpand} -value {true} -in [gi::getDialogs {seCreateInst} -parent [gi::getWindows 3]]
[11:11:07.13] /i gi::setActiveDialog [gi::getDialogs {seCreateInst} -parent [gi::getWindows 3]]
[11:11:07.44] /i db::setAttr geometry -of [gi::getDialogs {seCreateInst} -parent [gi::getWindows 3]] -value 359x337+2+53
[11:11:10.45] /i gi::setField {parametersExpand} -value {false} -in [gi::getDialogs {seCreateInst} -parent [gi::getWindows 3]]
[11:11:10.45] /i gi::setField {parametersExpand} -value {true} -in [gi::getDialogs {seCreateInst} -parent [gi::getWindows 3]]
[11:11:10.45] /i gi::setField {instMasterLib} -value {analogLib} -in [gi::getDialogs {seCreateInst} -parent [gi::getWindows 3]]
[11:11:10.77] /i db::setAttr geometry -of [gi::getDialogs {seCreateInst} -parent [gi::getWindows 3]] -value 359x337+2+53
[11:11:15.50] /i gi::setField {parametersExpand} -value {false} -in [gi::getDialogs {seCreateInst} -parent [gi::getWindows 3]]
[11:11:15.50] /i gi::setField {parametersExpand} -value {true} -in [gi::getDialogs {seCreateInst} -parent [gi::getWindows 3]]
[11:11:15.51] /i gi::setField {instMasterCell} -value {vsin} -in [gi::getDialogs {seCreateInst} -parent [gi::getWindows 3]]
[11:11:15.79] /i db::setAttr geometry -of [gi::getDialogs {seCreateInst} -parent [gi::getWindows 3]] -value 359x581+2+53
[11:11:19.06] /# gi::executeAction {deAddPoint} -in [gi::getWindows 3]
[11:11:19.06] /i de::addPoint {1.36875 0.99375} -context [db::getNext [de::getContexts -window 3]]
[11:11:22.03] /i gi::pressButton {cancel} -in [gi::getDialogs {seCreateInst} -parent [gi::getWindows 3]]
[11:11:25.84] /# gi::executeAction {deSelectActive} -in [gi::getWindows 3]
[11:11:25.84] /i de::deselectAll [db::getNext [de::getContexts -window 3]]
[11:11:25.84] /i de::select [de::getActiveFigure [gi::getWindows 3] -point {1.325 0.8} -index 0 -intent none]
[11:11:25.84] /o oa:0x2ab3f440
[11:11:26.61] /i gi::executeAction {sePropertyEditorToggle} -in [gi::getWindows 3]
[11:11:26.61] /# db::setAttr shown -of [gi::getAssistants dePropertyEditor -from [gi::getWindows 3]] -value false
[11:11:28.54] /i gi::executeAction {sePropertyEditorToggle} -in [gi::getWindows 3]
[11:11:28.54] /# db::setAttr shown -of [gi::getAssistants dePropertyEditor -from [gi::getWindows 3]] -value true
[11:11:33.77] /i gi::setItemSelection {parameters} -index {va,all} -in [gi::getAssistants dePropertyEditor -from [gi::getWindows 3]]
[11:11:33.77] /i gi::setCurrentIndex {parameters} -index {va,Value} -in [gi::getAssistants dePropertyEditor -from [gi::getWindows 3]]
[11:11:38.16] /i gi::setField {parameters} -value {0.6} -index {va,Value} -in [gi::getAssistants dePropertyEditor -from [gi::getWindows 3]]
[11:11:38.19] /i gi::executeAction dePropertyEditorApplyChanges -in [gi::getAssistants dePropertyEditor -from [gi::getWindows 3]]
[11:11:44.01] /i gi::setItemSelection {parameters} -index {vo,all} -in [gi::getAssistants dePropertyEditor -from [gi::getWindows 3]]
[11:11:44.01] /i gi::setCurrentIndex {parameters} -index {vo,Value} -in [gi::getAssistants dePropertyEditor -from [gi::getWindows 3]]
[11:11:46.85] /i gi::setField {parameters} -value {0.6} -index {vo,Value} -in [gi::getAssistants dePropertyEditor -from [gi::getWindows 3]]
[11:11:46.89] /i gi::executeAction dePropertyEditorApplyChanges -in [gi::getAssistants dePropertyEditor -from [gi::getWindows 3]]
[11:11:52.01] /i gi::setItemSelection {parameters} -index {freq,all} -in [gi::getAssistants dePropertyEditor -from [gi::getWindows 3]]
[11:11:52.02] /i gi::setCurrentIndex {parameters} -index {freq,Value} -in [gi::getAssistants dePropertyEditor -from [gi::getWindows 3]]
[11:11:58.30] /i gi::setField {parameters} -value {2M} -index {freq,Value} -in [gi::getAssistants dePropertyEditor -from [gi::getWindows 3]]
[11:12:00.01] /w Warning: Nothing is bound to the 'Return' in the current active set. (WINDOW-015)
[11:12:00.01] /i gi::executeAction dePropertyEditorApplyChanges -in [gi::getAssistants dePropertyEditor -from [gi::getWindows 3]]
[11:12:08.60] /# gi::executeAction {seSchCheckAndSave} -in [gi::getWindows 3]
[11:12:08.61] /i ise::check
[11:12:08.65] /m Information: 
[11:12:08.65] /o Checking "Tutorial/testbench_inverter/schematic"
[11:12:08.65] /o No rule violations found in "Tutorial/testbench_inverter/schematic"
[11:12:08.65] /m Information: Checking process is completed: marking the design violations
[11:12:08.76] /m Information: Marking of designs is completed
[11:12:15.15] /i gi::pressButton {ConsoleToggleButton} -in [db::getAttr statusbar -of [gi::getWindows 3]]
[11:12:17.30] /i gi::pressButton {ConsoleToggleButton} -in [db::getAttr statusbar -of [gi::getWindows 3]]
[11:12:19.35] /# gi::executeAction {deCanvasZoomOutAtPoint} -in [gi::getWindows 3]
[11:12:19.35] /i de::zoom -window [gi::getWindows 3] -factor 0.5 -center {2.1125 0.76875}
[11:12:20.13] /# gi::executeAction {deCanvasZoomInAtPoint} -in [gi::getWindows 3]
[11:12:20.13] /i de::zoom -window [gi::getWindows 3] -factor 2.0 -center {2.10625 0.76875}
[11:12:22.34] /# gi::executeAction {deCanvasPanNorth} -in [gi::getWindows 3]
[11:12:22.34] /i de::pan -window [gi::getWindows 3] -direction N -multiplier 0.5
[11:12:23.14] /# gi::executeAction {deCanvasPanSouth} -in [gi::getWindows 3]
[11:12:23.15] /i de::pan -window [gi::getWindows 3] -direction S -multiplier 0.5
[11:12:28.15] /# gi::executeAction {deSetViewport} -in [gi::getWindows 3]
[11:12:29.38] /# gi::executeAction {deStartDrag} -in [gi::getWindows 3]
[11:12:30.38] /# gi::executeAction {deEndDrag} -in [gi::getWindows 3]
[11:12:30.38] /i de::setViewport -window [gi::getWindows 3] -box {{0.475 0.75} {1.7875 1.45}}
[11:12:31.45] /# gi::executeAction {deCanvasZoomOutAtPoint} -in [gi::getWindows 3]
[11:12:31.45] /i de::zoom -window [gi::getWindows 3] -factor 0.5 -center {0.9125 1.15625}
[11:12:31.48] /# gi::executeAction {deCanvasZoomOutAtPoint} -in [gi::getWindows 3]
[11:12:31.48] /i de::zoom -window [gi::getWindows 3] -factor 0.5 -center {0.91875 1.15}
[11:12:31.53] /# gi::executeAction {deCanvasZoomOutAtPoint} -in [gi::getWindows 3]
[11:12:31.53] /i de::zoom -window [gi::getWindows 3] -factor 0.5 -center {0.91875 1.15}
[11:12:32.82] /i gi::executeAction {deCanvasDragSelect} -in [gi::getWindows 3]
[11:12:32.82] /r deCanvasDragStart -0.19375 1.875
[11:12:34.09] /# gi::executeAction {deCanvasDragEnd} -in [gi::getWindows 3]
[11:12:34.09] /i gi::executeAction deCanvasDragEnd -in [gi::getWindows 3]
[11:12:34.09] /r deCanvasDragEnd 4.15625 -0.2125
[11:12:36.69] /# gi::executeAction {deSetViewport} -in [gi::getWindows 3]
[11:12:39.88] /# gi::executeAction {deStartDrag} -in [gi::getWindows 3]
[11:12:40.61] /# gi::executeAction {deEndDrag} -in [gi::getWindows 3]
[11:12:40.61] /i de::setViewport -window [gi::getWindows 3] -box {{-0.475 -0.70625} {4.6375 2.0125}}
[11:12:41.96] /# gi::executeAction {deSelectActive} -in [gi::getWindows 3]
[11:12:41.96] /i de::deselectAll [db::getNext [de::getContexts -window 3]]
[11:12:41.96] /i de::deselectAllLogic -context [de::getContexts -filter {%editDesign==[db::getAttr editDesign -of [db::getNext [de::getContexts -window 3]]]}]
[11:12:44.32] /w Warning: Nothing is bound to the 'Return' in the current active set. (WINDOW-015)
[11:12:44.39] /w Warning: Nothing is bound to the 'Space' in the current active set. (WINDOW-015)
[11:12:54.67] /i db::setAttr dockSize -of [gi::getAssistants dePropertyEditor -from [gi::getWindows 3]] -value 290x1166
[11:12:54.67] /i db::setAttr geometry -of [gi::getFrames 1] -value 1262x1320+5+53
[11:13:05.56] /i db::setAttr dockSize -of [gi::getAssistants dePropertyEditor -from [gi::getWindows 3]] -value 290x1176
[11:13:05.57] /i db::setAttr geometry -of [gi::getFrames 1] -value 2550x1330+5+53
[11:13:07.77] /# gi::executeAction {seSchCheckAndSave} -in [gi::getWindows 3]
[11:13:07.77] /i ise::check
[11:13:07.81] /m Information: 
[11:13:07.81] /o Checking "Tutorial/testbench_inverter/schematic"
[11:13:07.81] /o No rule violations found in "Tutorial/testbench_inverter/schematic"
[11:13:07.81] /m Information: Checking process is completed: marking the design violations
[11:13:07.92] /m Information: Marking of designs is completed
[11:13:09.19] /i gi::pressButton {ConsoleToggleButton} -in [db::getAttr statusbar -of [gi::getWindows 3]]
[11:13:20.69] /i gi::setActiveWindow 4
[11:13:20.69] /i gi::setActiveWindow 4 -raise true
[11:13:26.43] /i gi::expand {analysisPane} -index {1,0} -in [gi::getWindows 4]
[11:13:26.53] /i gi::setSectionSizes {analysisPane} -values {126 41 28 1296} -in [gi::getWindows 4]
[11:13:33.77] /i db::setAttr geometry -of [gi::getFrames 1] -value 1262x1320+5+53
[11:13:43.15] /i db::setAttr geometry -of [gi::getFrames 1] -value 2550x1330+5+53
[11:13:44.85] /# gi::executeAction {saShowEditAnalyses} -in [gi::getWindows 4]
[11:13:44.85] /i sa::showEditAnalyses -parent 4 -analysisName "" 
[11:13:45.05] /i gi::setActiveDialog [gi::getDialogs {saEditAnalysesDialogXsaeSession0} -parent [gi::getWindows 4]]
[11:13:45.37] /i db::setAttr geometry -of [gi::getDialogs {saEditAnalysesDialogXsaeSession0} -parent [gi::getWindows 4]] -value 680x630+600+53
[11:13:58.86] /i gi::setField {/analysesGroups/tabGeneral/analysisTypeSel/tran} -value {true} -in [gi::getDialogs {saEditAnalysesDialogXsaeSession0} -parent [gi::getWindows 4]]
[11:13:59.33] /i db::setAttr geometry -of [gi::getDialogs {saEditAnalysesDialogXsaeSession0} -parent [gi::getWindows 4]] -value 680x680+600+53
[11:14:12.33] /i gi::setField {/analysesGroups/tabGeneral/anaPane/step} -value {10n} -in [gi::getDialogs {saEditAnalysesDialogXsaeSession0} -parent [gi::getWindows 4]]
[11:14:29.74] /i gi::setField {/analysesGroups/tabGeneral/anaPane/stop} -value {1u} -in [gi::getDialogs {saEditAnalysesDialogXsaeSession0} -parent [gi::getWindows 4]]
[11:14:30.13] /i db::setAttr geometry -of [gi::getFrames 1] -value 1262x1320+5+53
[11:14:30.16] /i db::setAttr geometry -of [gi::getDialogs {saEditAnalysesDialogXsaeSession0} -parent [gi::getWindows 4]] -value 680x680+590+53
[11:14:36.56] /i db::setAttr geometry -of [gi::getFrames 1] -value 2550x1330+5+53
[11:14:36.64] /i db::setAttr geometry -of [gi::getDialogs {saEditAnalysesDialogXsaeSession0} -parent [gi::getWindows 4]] -value 680x680+600+53
[11:14:38.04] /i gi::pressButton {/ok} -in [gi::getDialogs {saEditAnalysesDialogXsaeSession0} -parent [gi::getWindows 4]]
[11:14:39.71] /i gi::expand {analysisPane} -index {2,0} -in [gi::getWindows 4]
[11:14:42.77] /m Information: Stopped sharing "Custom WaveView ADV" license. (WAVEFORM-111)
[11:14:47.23] /i gi::setCurrentIndex {outputsTable} -index {1,1} -in [gi::getWindows 4]
[11:14:47.23] /i gi::setItemSelection {outputsTable} -index {} -in [gi::getWindows 4]
[11:14:49.01] /i sa::selectOutputs -outputIndex 1 -window [gi::getWindows 4]
[11:14:52.60] /# gi::executeAction {deAddPoint} -in [gi::getWindows 3]
[11:14:52.60] /i de::addPoint {1.775 1.04375} -context [db::getNext [de::getContexts -window 3]]
[11:15:08.78] /i gi::setCurrentIndex {outputsTable} -index {0,2} -in [gi::getWindows 4]
[11:15:08.78] /i gi::setItemSelection {outputsTable} -index {0,2} -in [gi::getWindows 4]
[11:15:09.95] /i gi::setField {outputsTable} -index {0,2} -value {dc\ tran} -in [gi::getWindows 4]
[11:15:21.20] /i gi::setField {outputsTable} -index {0,2} -value {dc\ tran} -in [gi::getWindows 4]
[11:15:21.32] /i gi::setField {analysisPane} -index {0,2} -value {false} -in [gi::getWindows 4]
[11:15:25.25] /i gi::setField {analysisPane} -index {1,2} -value {false} -in [gi::getWindows 4]
[11:15:53.04] /i gi::executeAction {menuPreShow} -in [gi::getWindows 4]
[11:15:53.04] /r giMenuAccess db::getNext [gi::getMenus saConsoleSessionMenu -from [gi::getWindows 4]]
[11:15:54.05] /# gi::executeAction {saSaveState} -in [gi::getWindows 4]
[11:15:54.05] /i sa::showSaveState -parent 4
[11:15:54.50] /i gi::setActiveDialog [gi::getDialogs {saShowSaveState} -parent [gi::getWindows 4]]
[11:15:54.77] /i db::setAttr geometry -of [gi::getDialogs {saShowSaveState} -parent [gi::getWindows 4]] -value 502x639+1020+545
[11:15:55.47] /i gi::pressButton {/ok} -in [gi::getDialogs {saShowSaveState} -parent [gi::getWindows 4]]
[11:15:55.80] /o 0
[11:16:00.62] /i gi::executeAction {menuPreShow} -in [gi::getWindows 4]
[11:16:00.62] /r giMenuAccess db::getNext [gi::getMenus saConsoleSimMenu -from [gi::getWindows 4]]
[11:16:01.30] /# gi::executeAction {saNetlistAndRun} -in [gi::getWindows 4]
[11:16:01.30] /i isa::netlistAndRun -testbench [sa::findActiveTestbench -window 4] -mode [sa::_utils::findRunMode 4]
[11:16:01.54] /m Information: "Starting incremental netlisting for design "Tutorial/testbench_inverter/schematic"..." (NETLISTING-010)
[11:16:01.58] /o No Design Integrity rule violations found in "Tutorial/testbench_inverter/schematic"
[11:16:01.59] /m Information: 
[11:16:01.59] /o Checking "Tutorial/inverter/schematic"
[11:16:01.59] /o No rule violations found in "Tutorial/inverter/schematic"
[11:16:01.77] /m Information: "Tutorial testbench_inverter schematic" renetlisted. (NETLISTING-056)
[11:16:01.90] /m Information: "Netlisting design "Tutorial/testbench_inverter/schematic" finished successfully." (NETLISTING-012)
[11:16:01.93] /m Information: "Composing simulator input file for design "Tutorial/testbench_inverter/schematic"..."
[11:16:02.19] /m Information: "Simulator input file composed successfully for design "Tutorial/testbench_inverter/schematic""
[11:16:04.55] /m Information: "Starting HSPICE simulation for design: Tutorial/testbench_inverter/schematic"
[11:16:04.56] /i gi::collapse {jobMonitorTable} -index {0.0.0.1,0} -in [gi::getWindows 5]
[11:16:06.59] /m Information: "Simulation completed successfully for design: Tutorial/testbench_inverter/schematic "
[11:16:08.19] /m Information: "Evaluating and plotting outputs..."
[11:16:08.22] /m Information: Started sharing "Custom WaveView ADV" license. (WAVEFORM-110)
[11:16:09.30] /m Information: Measurement calculations completed for testbench: HSPICE_default in 1s
[11:21:13.77] /m Information: Stopped sharing "Custom WaveView ADV" license. (WAVEFORM-111)
[11:22:29.16] /i db::setAttr geometry -of [gi::getFrames 1] -value 1262x1320+5+53
[11:22:42.05] /i db::setAttr geometry -of [gi::getFrames 1] -value 2550x1330+5+53
[11:52:11.44] /i db::setAttr geometry -of [gi::getFrames 1] -value 2550x1303+5+53
[11:52:11.76] /i db::setAttr geometry -of [gi::getFrames 1] -value 2550x1357+5+53
[11:52:12.29] /i db::setAttr geometry -of [gi::getFrames 1] -value 2150x1330+5+53
[11:52:13.55] /i db::setAttr geometry -of [gi::getFrames 1] -value 2550x1330+5+53
[11:58:05.35] /i gi::setActiveWindow 8
[11:58:05.35] /i gi::setActiveWindow 8 -raise true
[11:58:10.72] /# gi::executeAction {deSetViewport} -in [gi::getWindows 8]
[11:58:12.02] /# gi::executeAction {deStartDrag} -in [gi::getWindows 8]
[11:58:12.90] /# gi::executeAction {deEndDrag} -in [gi::getWindows 8]
[11:58:12.90] /i de::setViewport -window [gi::getWindows 8] -box {{-0.6125 -0.4875} {1.4875 0.5}}
[11:58:21.65] /i db::setAttr geometry -of [gi::getFrames 1] -value 1262x1320+5+53
[11:58:29.85] /i db::setAttr geometry -of [gi::getFrames 1] -value 2550x1330+5+53
[11:59:32.76] /i gi::setActiveWindow 3
[11:59:32.76] /i gi::setActiveWindow 3 -raise true
[11:59:45.95] /# gi::executeAction {deSelectActive} -in [gi::getWindows 3]
[11:59:45.95] /i de::deselectAll [db::getNext [de::getContexts -window 3]]
[11:59:45.95] /i de::select [de::getActiveFigure [gi::getWindows 3] -point {1.44375 0.825} -index 0 -intent none]
[11:59:45.95] /o oa:0x2c03d770
[11:59:48.63] /# gi::executeAction {seDelete} -in [gi::getWindows 3]
[11:59:48.63] /i ise::delete
[11:59:51.15] /# gi::executeAction {seCreateInst} -in [gi::getWindows 3]
[11:59:51.15] /i ise::createInst
[11:59:51.40] /i gi::setField {parametersExpand} -value {false} -in [gi::getDialogs {seCreateInst} -parent [gi::getWindows 3]]
[11:59:51.41] /i gi::setField {parametersExpand} -value {true} -in [gi::getDialogs {seCreateInst} -parent [gi::getWindows 3]]
[11:59:51.46] /i gi::setActiveDialog [gi::getDialogs {seCreateInst} -parent [gi::getWindows 3]]
[11:59:51.77] /i db::setAttr geometry -of [gi::getDialogs {seCreateInst} -parent [gi::getWindows 3]] -value 359x581+2+53
[11:59:58.62] /i gi::setField {parametersExpand} -value {false} -in [gi::getDialogs {seCreateInst} -parent [gi::getWindows 3]]
[11:59:58.62] /i gi::setField {parametersExpand} -value {true} -in [gi::getDialogs {seCreateInst} -parent [gi::getWindows 3]]
[11:59:58.62] /i gi::setField {instMasterCell} -value {vdc} -in [gi::getDialogs {seCreateInst} -parent [gi::getWindows 3]]
[11:59:58.94] /i db::setAttr geometry -of [gi::getDialogs {seCreateInst} -parent [gi::getWindows 3]] -value 359x581+2+53
[12:00:00.42] /# gi::executeAction {deAddPoint} -in [gi::getWindows 3]
[12:00:00.42] /i de::addPoint {1.35 0.9875} -context [db::getNext [de::getContexts -window 3]]
[12:00:02.30] /i gi::pressButton {cancel} -in [gi::getDialogs {seCreateInst} -parent [gi::getWindows 3]]
[12:00:03.40] /# gi::executeAction {deSelectActive} -in [gi::getWindows 3]
[12:00:03.40] /i de::deselectAll [db::getNext [de::getContexts -window 3]]
[12:00:03.40] /i de::select [de::getActiveFigure [gi::getWindows 3] -point {1.45 1.06875} -index 0 -intent none]
[12:00:03.41] /o oa:0x2adab1e0
[12:00:04.99] /i gi::setItemSelection {attributes} -index {effectiveText,all} -in [gi::getAssistants dePropertyEditor -from [gi::getWindows 3]]
[12:00:04.99] /i gi::setCurrentIndex {attributes} -index {effectiveText,Value} -in [gi::getAssistants dePropertyEditor -from [gi::getWindows 3]]
[12:00:06.21] /i gi::setCurrentIndex {attributes} -index {effectiveText,Prompt} -in [gi::getAssistants dePropertyEditor -from [gi::getWindows 3]]
[12:00:06.69] /i gi::setCurrentIndex {attributes} -index {effectiveText,Value} -in [gi::getAssistants dePropertyEditor -from [gi::getWindows 3]]
[12:00:09.26] /# gi::executeAction {deSelectActive} -in [gi::getWindows 3]
[12:00:09.26] /i de::cycleActiveFigure [gi::getWindows 3] -direction next
[12:00:09.26] /o oa:0x2ab3ef00
[12:00:09.43] /# gi::executeAction {deDescend} -in [gi::getWindows 3]
[12:00:09.44] /i ide::descend 3 -inPlace false -readOnly auto
[12:00:09.50] /r giDialog gi::setActiveDialog [gi::getDialogs {deDescendFailed} -parent [gi::getWindows 3]]
[12:00:09.76] /r giDialog db::setAttr geometry -of [gi::getDialogs {deDescendFailed} -parent [gi::getWindows 3]] -value 388x82+1076+625
[12:00:11.89] /r giDialog gi::pressButton {cancel} -in [gi::getDialogs {deDescendFailed} -parent [gi::getWindows 3]]
[12:00:12.98] /# gi::executeAction {deSelectActive} -in [gi::getWindows 3]
[12:00:12.98] /i de::deselectAll [db::getNext [de::getContexts -window 3]]
[12:00:12.98] /i de::select [de::getActiveFigure [gi::getWindows 3] -point {1.39375 0.8375} -index 0 -intent none]
[12:00:12.99] /o oa:0x2beea010
[12:00:14.58] /i gi::setItemSelection {parameters} -index {vdc,all} -in [gi::getAssistants dePropertyEditor -from [gi::getWindows 3]]
[12:00:14.58] /i gi::setCurrentIndex {parameters} -index {vdc,Value} -in [gi::getAssistants dePropertyEditor -from [gi::getWindows 3]]
[12:00:16.83] /i gi::setField {parameters} -value {0} -index {vdc,Value} -in [gi::getAssistants dePropertyEditor -from [gi::getWindows 3]]
[12:00:16.86] /i gi::executeAction dePropertyEditorApplyChanges -in [gi::getAssistants dePropertyEditor -from [gi::getWindows 3]]
[12:00:20.30] /i gi::pressButton {ConsoleToggleButton} -in [db::getAttr statusbar -of [gi::getWindows 3]]
[12:00:23.09] /# gi::executeAction {deSetViewport} -in [gi::getWindows 3]
[12:00:25.00] /# gi::executeAction {deStartDrag} -in [gi::getWindows 3]
[12:00:27.72] /# gi::executeAction {deEndDrag} -in [gi::getWindows 3]
[12:00:27.72] /i de::setViewport -window [gi::getWindows 3] -box {{-0.14375 -0.14375} {4.075 2.10625}}
[12:00:38.57] /i db::setAttr dockSize -of [gi::getAssistants dePropertyEditor -from [gi::getWindows 3]] -value 290x1166
[12:00:38.57] /i db::setAttr geometry -of [gi::getFrames 1] -value 1262x1320+5+53
[12:00:48.76] /i db::setAttr dockSize -of [gi::getAssistants dePropertyEditor -from [gi::getWindows 3]] -value 290x1176
[12:00:48.76] /i db::setAttr geometry -of [gi::getFrames 1] -value 2550x1330+5+53
[12:06:23.97] /i gi::setActiveWindow 8
[12:06:23.97] /i gi::setActiveWindow 8 -raise true
[12:06:25.13] /i gi::setActiveWindow 4
[12:06:25.13] /i gi::setActiveWindow 4 -raise true
[12:06:32.16] /i db::setAttr geometry -of [gi::getFrames 1] -value 1262x1320+5+53
[12:06:36.97] /i db::setAttr geometry -of [gi::getFrames 1] -value 2550x1330+5+53
[12:09:47.27] /i db::setAttr geometry -of [gi::getFrames 1] -value 1262x1320+5+53
[12:09:52.63] /i db::setAttr geometry -of [gi::getFrames 1] -value 2550x1330+5+53
[12:10:57.55] /i gi::setActiveWindow 7
[12:10:57.55] /i gi::setActiveWindow 7 -raise true
[12:17:14.63] /i db::setAttr dockSize -of [gi::getAssistants dePropertyEditor -from [gi::getWindows 7]] -value 290x1166
[12:17:14.63] /i db::setAttr geometry -of [gi::getFrames 1] -value 1262x1320+5+53
[12:17:18.19] /i db::setAttr dockSize -of [gi::getAssistants dePropertyEditor -from [gi::getWindows 7]] -value 290x1176
[12:17:18.19] /i db::setAttr geometry -of [gi::getFrames 1] -value 2550x1330+5+53
[12:17:22.67] /i db::setAttr dockSize -of [gi::getAssistants dePropertyEditor -from [gi::getWindows 7]] -value 290x1166
[12:17:22.67] /i db::setAttr geometry -of [gi::getFrames 1] -value 1262x1320+5+53
[12:17:27.06] /i db::setAttr dockSize -of [gi::getAssistants dePropertyEditor -from [gi::getWindows 7]] -value 290x1176
[12:17:27.06] /i db::setAttr geometry -of [gi::getFrames 1] -value 2550x1330+5+53
[12:22:59.06] /i db::setAttr dockSize -of [gi::getAssistants dePropertyEditor -from [gi::getWindows 7]] -value 290x1166
[12:22:59.06] /i db::setAttr geometry -of [gi::getFrames 1] -value 1262x1320+5+53
[12:23:02.75] /i db::setAttr dockSize -of [gi::getAssistants dePropertyEditor -from [gi::getWindows 7]] -value 290x1176
[12:23:02.76] /i db::setAttr geometry -of [gi::getFrames 1] -value 2550x1330+5+53
[12:46:02.47] /i db::setAttr dockSize -of [gi::getAssistants dePropertyEditor -from [gi::getWindows 7]] -value 290x1896
[12:46:02.47] /i db::setAttr geometry -of [gi::getFrames 1] -value 3830x2050+5+53
[12:50:05.70] /i db::setAttr dockSize -of [gi::getAssistants dePropertyEditor -from [gi::getWindows 7]] -value 290x3576
[12:50:05.70] /i db::setAttr geometry -of [gi::getFrames 1] -value 2150x3730+5+53
[12:22:16.95] /# Date and Time: Sat Jan 30 12:22:16 2021
[12:22:16.95] /e Error: Waveform viewer exited abnormally.
[12:22:17.16] /i db::setAttr dockSize -of [gi::getAssistants dePropertyEditor -from [gi::getWindows 7]] -value 290x670
[12:22:17.23] /i db::setAttr geometry -of [gi::getFrames 1] -value 1040x824+759+282
[12:22:18.42] /o Error: X connection has issue. Error code: 1 (APPLICATION_GUI-001)[[1212::2222::1818..4545]] /o  /o Error: X connection has issue. Error code: 1 (APPLICATION_GUI-001)
              /c 
[12:22:18.50] /e Error: The application was unexpectedly terminated.
[12[:1222::2218:.1851.]51 /e Error: ]The application was unexpectedly terminated.
 /e Error: See the session log file for recovery details.See the session log file for recovery details. (SHUT_DOWN-001)
              /c  (SHUT_DOWN-001)
[12:22:18.54] /e Error: Error: Failed to create recovery copies for the following cellViews:[[1212::2222::1818..5555]] /e Error:  /e Error: Error: Failed to create recovery copies for the following cellViews:
              /c Tutorial/testbench_inverter/schematic
              /c               /c 
Tutorial/testbench_inverter/schematicTutorial/testbench_inverter/schematic
              /c 
Tutorial/testbench_inverter/schematic
[12:22:18.58] /o signal number = 11
              /c Stack Dump: VERSION P-2019.06-SP1-7 CONFIG 5329942 DATE Fri Jan 29 10:58:00 2021
              /c Frame 0. <>0x0x73 + 0x0
[12:22:19.11] /e Error: The application was unexpectedly terminated.
              /c See the session log file for recovery details. (SHUT_DOWN-001)
[12:22:19.20] /m Information: Recovery copies have been created for the following cellViews:
              /c Tutorial/testbench_inverter/schematic
[12:22:19.21] /e Error: Error: Failed to create recovery copies for the following cellViews:
              /c Tutorial/testbench_inverter/schematic
              /c Tutorial/testbench_inverter/schematic
