[12:02:31.97] /o sae_shell Version Custom Compiler P-2019.06-SP1-7
              /c Build  (OPT) compiled on Thu Feb 13 14:05:50 2020 for RHEL64 6.6
              /c Execution time: Fri Jan 22 12:02:19 2021
              /c Host: linux11105
              /c 
              /c Copyright © 2004-2020 Synopsys, Inc.
              /c This software and the associated documentation are proprietary to Synopsys, Inc. This software may only be used in accordance with the terms and conditions of a written license agreement with Synopsys, Inc. All other use, reproduction, or distribution of this software is strictly prohibited.
              /c 
              /c 
[12:02:32.11] /o /DCNFS/applications/synopsys/2019/app/customcompiler/P-2019.06-SP1-7/auxx/samples/basic
[12:02:32.11] /o /DCNFS/applications/synopsys/2019/app/customcompiler/P-2019.06-SP1-7/auxx/samples/snpsDeviceLib
[12:02:32.12] /o /DCNFS/applications/synopsys/2019/app/customcompiler/P-2019.06-SP1-7/auxx/samples/analogLib
[12:02:32.12] /o /DCNFS/applications/synopsys/2019/app/customcompiler/P-2019.06-SP1-7/auxx/samples/parasitics
[12:02:32.34] /o /DCNFS/applications/synopsys/2019/app/SAED/SAED_PDK90nm/SAED_PDK_90
[12:02:32.35] /o 	############################################
[12:02:32.35] /o 	        Synopsys Generic 90nm iPDK          
[12:02:32.35] /o 	--------------------------------------------
[12:02:32.35] /o 	Release Date .............. : 11-May-2016    
[12:02:32.35] /o 	============================================
[12:02:32.35] /o 	        Recommended Tool Versions           
[12:02:32.35] /o 	--------------------------------------------
[12:02:32.35] /o 	Custom Designer ........... : J-2014.12-2    
[12:02:32.35] /o 	IC Validator .............. : K-2015.12   
[12:02:32.35] /o 	StarRC..................... : K-2015.12  
[12:02:32.35] /o 	--------------------------------------------
[12:02:32.35] /o 	############################################
[12:02:32.35] /o 
[12:02:32.42] /o SAED PDK 90: Loaded callbacks
[12:02:32.43] /o SAED PDK 90: Loaded display resources
[12:02:32.46] /i ::sa::_backgroundSaeShell::signalProcessReady 1611345736
[12:02:32.46] /o saeInterBGSaeShell:  ::sa::_backgroundSaeShell::processReady 16
[12:07:33.47] /o saeInterBGSaeShell:  ::sa::_backgroundSaeShell::pingBack
[12:07:33.55] /i ::sa::_backgroundSaeShell::parentRunning
[12:07:33.55] /o 1611346053
[12:10:00.38] /i ::wf::viewerExited
[12:12:34.47] /o saeInterBGSaeShell:  ::sa::_backgroundSaeShell::pingBack
[12:12:34.65] /i ::sa::_backgroundSaeShell::parentRunning
[12:12:34.65] /o 1611346354
[12:17:35.48] /o saeInterBGSaeShell:  ::sa::_backgroundSaeShell::pingBack
[12:17:35.65] /i ::sa::_backgroundSaeShell::parentRunning
[12:17:35.65] /o 1611346655
[12:22:36.50] /o saeInterBGSaeShell:  ::sa::_backgroundSaeShell::pingBack
[12:22:36.65] /i ::sa::_backgroundSaeShell::parentRunning
[12:22:36.65] /o 1611346956
[12:27:37.52] /o saeInterBGSaeShell:  ::sa::_backgroundSaeShell::pingBack
[12:27:37.65] /i ::sa::_backgroundSaeShell::parentRunning
[12:27:37.65] /o 1611347257
[12:32:38.54] /o saeInterBGSaeShell:  ::sa::_backgroundSaeShell::pingBack
[12:32:38.65] /i ::sa::_backgroundSaeShell::parentRunning
[12:32:38.65] /o 1611347558
[12:37:39.56] /o saeInterBGSaeShell:  ::sa::_backgroundSaeShell::pingBack
[12:37:39.65] /i ::sa::_backgroundSaeShell::parentRunning
[12:37:39.65] /o 1611347859
[12:42:40.58] /o saeInterBGSaeShell:  ::sa::_backgroundSaeShell::pingBack
[12:42:40.65] /i ::sa::_backgroundSaeShell::parentRunning
[12:42:40.65] /o 1611348160
[12:47:41.60] /o saeInterBGSaeShell:  ::sa::_backgroundSaeShell::pingBack
[12:47:41.65] /i ::sa::_backgroundSaeShell::parentRunning
[12:47:41.65] /o 1611348461
[12:52:42.62] /o saeInterBGSaeShell:  ::sa::_backgroundSaeShell::pingBack
[12:52:42.75] /i ::sa::_backgroundSaeShell::parentRunning
[12:52:42.75] /o 1611348762
[12:57:43.64] /o saeInterBGSaeShell:  ::sa::_backgroundSaeShell::pingBack
[12:57:43.75] /i ::sa::_backgroundSaeShell::parentRunning
[12:57:43.75] /o 1611349063
[13:02:44.66] /o saeInterBGSaeShell:  ::sa::_backgroundSaeShell::pingBack
[13:02:44.75] /i ::sa::_backgroundSaeShell::parentRunning
[13:02:44.75] /o 1611349364
[13:07:45.68] /o saeInterBGSaeShell:  ::sa::_backgroundSaeShell::pingBack
[13:07:45.75] /i ::sa::_backgroundSaeShell::parentRunning
[13:07:45.75] /o 1611349665
[13:12:46.70] /o saeInterBGSaeShell:  ::sa::_backgroundSaeShell::pingBack
[13:12:46.85] /i ::sa::_backgroundSaeShell::parentRunning
[13:12:46.85] /o 1611349966
[13:17:47.72] /o saeInterBGSaeShell:  ::sa::_backgroundSaeShell::pingBack
[13:17:47.75] /i ::sa::_backgroundSaeShell::parentRunning
[13:17:47.75] /o 1611350267
[13:22:48.72] /o saeInterBGSaeShell:  ::sa::_backgroundSaeShell::pingBack
[13:22:48.85] /i ::sa::_backgroundSaeShell::parentRunning
[13:22:48.85] /o 1611350568
[13:27:49.74] /o saeInterBGSaeShell:  ::sa::_backgroundSaeShell::pingBack
[13:27:49.85] /i ::sa::_backgroundSaeShell::parentRunning
[13:27:49.85] /o 1611350869
[13:32:50.76] /o saeInterBGSaeShell:  ::sa::_backgroundSaeShell::pingBack
[13:32:50.95] /i ::sa::_backgroundSaeShell::parentRunning
[13:32:50.95] /o 1611351170
[13:37:51.78] /o saeInterBGSaeShell:  ::sa::_backgroundSaeShell::pingBack
[13:37:51.85] /i ::sa::_backgroundSaeShell::parentRunning
[13:37:51.85] /o 1611351471
[13:42:52.80] /o saeInterBGSaeShell:  ::sa::_backgroundSaeShell::pingBack
[13:42:52.95] /i ::sa::_backgroundSaeShell::parentRunning
[13:42:52.95] /o 1611351772
[13:47:53.82] /o saeInterBGSaeShell:  ::sa::_backgroundSaeShell::pingBack
[13:47:53.95] /i ::sa::_backgroundSaeShell::parentRunning
[13:47:53.95] /o 1611352073
[13:52:54.84] /o saeInterBGSaeShell:  ::sa::_backgroundSaeShell::pingBack
[13:52:54.95] /i ::sa::_backgroundSaeShell::parentRunning
[13:52:54.95] /o 1611352374
[13:57:55.86] /o saeInterBGSaeShell:  ::sa::_backgroundSaeShell::pingBack
[13:57:55.95] /i ::sa::_backgroundSaeShell::parentRunning
[13:57:55.95] /o 1611352675
[14:02:56.88] /o saeInterBGSaeShell:  ::sa::_backgroundSaeShell::pingBack
[14:02:57.05] /i ::sa::_backgroundSaeShell::parentRunning
[14:02:57.05] /o 1611352977
[14:07:57.90] /o saeInterBGSaeShell:  ::sa::_backgroundSaeShell::pingBack
[14:07:58.05] /i ::sa::_backgroundSaeShell::parentRunning
[14:07:58.05] /o 1611353278
[14:12:58.92] /o saeInterBGSaeShell:  ::sa::_backgroundSaeShell::pingBack
[14:12:59.05] /i ::sa::_backgroundSaeShell::parentRunning
[14:12:59.05] /o 1611353579
[14:17:59.94] /o saeInterBGSaeShell:  ::sa::_backgroundSaeShell::pingBack
[14:17:59.95] /i ::sa::_backgroundSaeShell::parentRunning
[14:17:59.95] /o 1611353879
[14:23:00.96] /o saeInterBGSaeShell:  ::sa::_backgroundSaeShell::pingBack
[14:23:01.05] /i ::sa::_backgroundSaeShell::parentRunning
[14:23:01.05] /o 1611354181
[14:28:01.98] /o saeInterBGSaeShell:  ::sa::_backgroundSaeShell::pingBack
[14:28:02.05] /i ::sa::_backgroundSaeShell::parentRunning
[14:28:02.05] /o 1611354482
[14:33:03.00] /o saeInterBGSaeShell:  ::sa::_backgroundSaeShell::pingBack
[14:33:03.05] /i ::sa::_backgroundSaeShell::parentRunning
[14:33:03.05] /o 1611354783
[14:38:04.02] /o saeInterBGSaeShell:  ::sa::_backgroundSaeShell::pingBack
[14:38:04.15] /i ::sa::_backgroundSaeShell::parentRunning
[14:38:04.15] /o 1611355084
[14:43:05.02] /o saeInterBGSaeShell:  ::sa::_backgroundSaeShell::pingBack
[14:43:05.15] /i ::sa::_backgroundSaeShell::parentRunning
[14:43:05.15] /o 1611355385
[14:48:06.04] /o saeInterBGSaeShell:  ::sa::_backgroundSaeShell::pingBack
[14:48:06.05] /i ::sa::_backgroundSaeShell::parentRunning
[14:48:06.05] /o 1611355686
[14:53:07.06] /o saeInterBGSaeShell:  ::sa::_backgroundSaeShell::pingBack
[14:53:07.15] /i ::sa::_backgroundSaeShell::parentRunning
[14:53:07.15] /o 1611355987
[14:58:08.08] /o saeInterBGSaeShell:  ::sa::_backgroundSaeShell::pingBack
[14:58:08.25] /i ::sa::_backgroundSaeShell::parentRunning
[14:58:08.25] /o 1611356288
[15:03:09.10] /o saeInterBGSaeShell:  ::sa::_backgroundSaeShell::pingBack
[15:03:09.15] /i ::sa::_backgroundSaeShell::parentRunning
[15:03:09.15] /o 1611356589
[15:08:10.10] /o saeInterBGSaeShell:  ::sa::_backgroundSaeShell::pingBack
[15:08:10.25] /i ::sa::_backgroundSaeShell::parentRunning
[15:08:10.25] /o 1611356890
[15:13:11.12] /o saeInterBGSaeShell:  ::sa::_backgroundSaeShell::pingBack
[15:13:11.25] /i ::sa::_backgroundSaeShell::parentRunning
[15:13:11.25] /o 1611357191
[15:15:26.36] /i ::sa::_backgroundSaeShell::exit
[15:15:26.36] /o saeInterBGSaeShell:  ::sa::_backgroundSaeShell::childFormallyExiting
