[13:13:28.11] /o sae_shell Version Custom Compiler P-2019.06-SP1-7
              /c Build  (OPT) compiled on Thu Feb 13 14:05:50 2020 for RHEL64 6.6
              /c Execution time: Fri Jan 22 13:13:12 2021
              /c Host: linux11105
              /c 
              /c Copyright © 2004-2020 Synopsys, Inc.
              /c This software and the associated documentation are proprietary to Synopsys, Inc. This software may only be used in accordance with the terms and conditions of a written license agreement with Synopsys, Inc. All other use, reproduction, or distribution of this software is strictly prohibited.
              /c 
              /c 
[13:13:28.21] /o /DCNFS/applications/synopsys/2019/app/customcompiler/P-2019.06-SP1-7/auxx/samples/basic
[13:13:28.21] /o /DCNFS/applications/synopsys/2019/app/customcompiler/P-2019.06-SP1-7/auxx/samples/snpsDeviceLib
[13:13:28.22] /o /DCNFS/applications/synopsys/2019/app/customcompiler/P-2019.06-SP1-7/auxx/samples/analogLib
[13:13:28.22] /o /DCNFS/applications/synopsys/2019/app/customcompiler/P-2019.06-SP1-7/auxx/samples/parasitics
[13:13:28.42] /o /DCNFS/applications/synopsys/2019/app/SAED/SAED_PDK90nm/SAED_PDK_90
[13:13:28.42] /o 	############################################
[13:13:28.42] /o 	        Synopsys Generic 90nm iPDK          
[13:13:28.42] /o 	--------------------------------------------
[13:13:28.42] /o 	Release Date .............. : 11-May-2016    
[13:13:28.42] /o 	============================================
[13:13:28.42] /o 	        Recommended Tool Versions           
[13:13:28.43] /o 	--------------------------------------------
[13:13:28.43] /o 	Custom Designer ........... : J-2014.12-2    
[13:13:28.43] /o 	IC Validator .............. : K-2015.12   
[13:13:28.43] /o 	StarRC..................... : K-2015.12  
[13:13:28.43] /o 	--------------------------------------------
[13:13:28.43] /o 	############################################
[13:13:28.43] /o 
[13:13:28.49] /o SAED PDK 90: Loaded callbacks
[13:13:28.50] /o SAED PDK 90: Loaded display resources
[13:13:28.53] /i ::sa::_backgroundSaeShell::signalProcessReady 1611349990
[13:13:28.53] /o saeInterBGSaeShell:  ::sa::_backgroundSaeShell::processReady 18
[13:18:29.55] /o saeInterBGSaeShell:  ::sa::_backgroundSaeShell::pingBack
[13:18:29.55] /i ::sa::_backgroundSaeShell::parentRunning
[13:18:29.55] /o 1611350309
[13:23:30.55] /o saeInterBGSaeShell:  ::sa::_backgroundSaeShell::pingBack
[13:23:30.55] /i ::sa::_backgroundSaeShell::parentRunning
[13:23:30.55] /o 1611350610
[13:28:31.57] /o saeInterBGSaeShell:  ::sa::_backgroundSaeShell::pingBack
[13:28:31.75] /i ::sa::_backgroundSaeShell::parentRunning
[13:28:31.75] /o 1611350911
[13:33:32.59] /o saeInterBGSaeShell:  ::sa::_backgroundSaeShell::pingBack
[13:33:32.75] /i ::sa::_backgroundSaeShell::parentRunning
[13:33:32.75] /o 1611351212
[13:38:33.61] /o saeInterBGSaeShell:  ::sa::_backgroundSaeShell::pingBack
[13:38:33.65] /i ::sa::_backgroundSaeShell::parentRunning
[13:38:33.65] /o 1611351513
[13:43:34.61] /o saeInterBGSaeShell:  ::sa::_backgroundSaeShell::pingBack
[13:43:34.65] /i ::sa::_backgroundSaeShell::parentRunning
[13:43:34.65] /o 1611351814
[13:48:35.63] /o saeInterBGSaeShell:  ::sa::_backgroundSaeShell::pingBack
[13:48:35.75] /i ::sa::_backgroundSaeShell::parentRunning
[13:48:35.75] /o 1611352115
[13:53:36.65] /o saeInterBGSaeShell:  ::sa::_backgroundSaeShell::pingBack
[13:53:36.65] /i ::sa::_backgroundSaeShell::parentRunning
[13:53:36.65] /o 1611352416
[13:58:37.67] /o saeInterBGSaeShell:  ::sa::_backgroundSaeShell::pingBack
[13:58:37.75] /i ::sa::_backgroundSaeShell::parentRunning
[13:58:37.75] /o 1611352717
[14:03:38.68] /o saeInterBGSaeShell:  ::sa::_backgroundSaeShell::pingBack
[14:03:38.75] /i ::sa::_backgroundSaeShell::parentRunning
[14:03:38.75] /o 1611353018
[14:08:39.69] /o saeInterBGSaeShell:  ::sa::_backgroundSaeShell::pingBack
[14:08:39.75] /i ::sa::_backgroundSaeShell::parentRunning
[14:08:39.75] /o 1611353319
[14:13:40.71] /o saeInterBGSaeShell:  ::sa::_backgroundSaeShell::pingBack
[14:13:40.85] /i ::sa::_backgroundSaeShell::parentRunning
[14:13:40.85] /o 1611353620
[14:18:41.73] /o saeInterBGSaeShell:  ::sa::_backgroundSaeShell::pingBack
[14:18:41.85] /i ::sa::_backgroundSaeShell::parentRunning
[14:18:41.85] /o 1611353921
[14:23:42.75] /o saeInterBGSaeShell:  ::sa::_backgroundSaeShell::pingBack
[14:23:42.85] /i ::sa::_backgroundSaeShell::parentRunning
[14:23:42.85] /o 1611354222
[14:28:43.77] /o saeInterBGSaeShell:  ::sa::_backgroundSaeShell::pingBack
[14:28:43.95] /i ::sa::_backgroundSaeShell::parentRunning
[14:28:43.95] /o 1611354523
[14:33:44.79] /o saeInterBGSaeShell:  ::sa::_backgroundSaeShell::pingBack
[14:33:44.85] /i ::sa::_backgroundSaeShell::parentRunning
[14:33:44.85] /o 1611354824
[14:38:45.81] /o saeInterBGSaeShell:  ::sa::_backgroundSaeShell::pingBack
[14:38:45.95] /i ::sa::_backgroundSaeShell::parentRunning
[14:38:45.95] /o 1611355125
[14:43:46.83] /o saeInterBGSaeShell:  ::sa::_backgroundSaeShell::pingBack
[14:43:46.85] /i ::sa::_backgroundSaeShell::parentRunning
[14:43:46.85] /o 1611355426
[14:48:47.83] /o saeInterBGSaeShell:  ::sa::_backgroundSaeShell::pingBack
[14:48:47.85] /i ::sa::_backgroundSaeShell::parentRunning
[14:48:47.85] /o 1611355727
[14:53:48.85] /o saeInterBGSaeShell:  ::sa::_backgroundSaeShell::pingBack
[14:53:48.85] /i ::sa::_backgroundSaeShell::parentRunning
[14:53:48.85] /o 1611356028
[14:58:49.87] /o saeInterBGSaeShell:  ::sa::_backgroundSaeShell::pingBack
[14:58:50.05] /i ::sa::_backgroundSaeShell::parentRunning
[14:58:50.05] /o 1611356330
[15:03:50.89] /o saeInterBGSaeShell:  ::sa::_backgroundSaeShell::pingBack
[15:03:51.05] /i ::sa::_backgroundSaeShell::parentRunning
[15:03:51.05] /o 1611356631
[15:08:51.91] /o saeInterBGSaeShell:  ::sa::_backgroundSaeShell::pingBack
[15:08:52.05] /i ::sa::_backgroundSaeShell::parentRunning
[15:08:52.05] /o 1611356932
[15:13:52.91] /o saeInterBGSaeShell:  ::sa::_backgroundSaeShell::pingBack
[15:13:53.05] /i ::sa::_backgroundSaeShell::parentRunning
[15:13:53.05] /o 1611357233
[15:15:46.01] /i ::sa::_backgroundSaeShell::exit
[15:15:46.01] /o saeInterBGSaeShell:  ::sa::_backgroundSaeShell::childFormallyExiting
