[13:43:13.12] /o sae_shell Version Custom Compiler P-2019.06-SP1-7
              /c Build  (OPT) compiled on Thu Feb 13 14:05:50 2020 for RHEL64 6.6
              /c Execution time: Fri Feb 19 13:43:01 2021
              /c Host: linux11101
              /c 
              /c Copyright © 2004-2020 Synopsys, Inc.
              /c This software and the associated documentation are proprietary to Synopsys, Inc. This software may only be used in accordance with the terms and conditions of a written license agreement with Synopsys, Inc. All other use, reproduction, or distribution of this software is strictly prohibited.
              /c 
              /c 
[13:43:13.27] /o /DCNFS/applications/synopsys/2019/app/customcompiler/P-2019.06-SP1-7/auxx/samples/basic
[13:43:13.28] /o /DCNFS/applications/synopsys/2019/app/customcompiler/P-2019.06-SP1-7/auxx/samples/snpsDeviceLib
[13:43:13.28] /o /DCNFS/applications/synopsys/2019/app/customcompiler/P-2019.06-SP1-7/auxx/samples/analogLib
[13:43:13.29] /o /DCNFS/applications/synopsys/2019/app/customcompiler/P-2019.06-SP1-7/auxx/samples/parasitics
[13:43:13.50] /o /DCNFS/applications/synopsys/2019/app/SAED/SAED_PDK90nm/SAED_PDK_90
[13:43:13.51] /o 	############################################
[13:43:13.51] /o 	        Synopsys Generic 90nm iPDK          
[13:43:13.51] /o 	--------------------------------------------
[13:43:13.51] /o 	Release Date .............. : 11-May-2016    
[13:43:13.51] /o 	============================================
[13:43:13.51] /o 	        Recommended Tool Versions           
[13:43:13.51] /o 	--------------------------------------------
[13:43:13.51] /o 	Custom Designer ........... : J-2014.12-2    
[13:43:13.51] /o 	IC Validator .............. : K-2015.12   
[13:43:13.51] /o 	StarRC..................... : K-2015.12  
[13:43:13.51] /o 	--------------------------------------------
[13:43:13.51] /o 	############################################
[13:43:13.51] /o 
[13:43:13.58] /o SAED PDK 90: Loaded callbacks
[13:43:13.59] /o SAED PDK 90: Loaded display resources
[13:43:13.61] /i ::sa::_backgroundSaeShell::signalProcessReady 1613770978
[13:43:13.62] /o saeInterBGSaeShell:  ::sa::_backgroundSaeShell::processReady 15
[13:46:51.87] /i ::sa::_backgroundSaeShell::runScript /DCNFS/users/student/cazzarel/simulation/Tutorial,testbench_nor,schematic/history_1/simulation/default/HSPICE/nominal/.bg_measurement_script.tcl sa::_resultsDatabase::saeShellProcessingCompletedProc testSuiteName saeSession7 testbenchName default resultsDir /DCNFS/users/student/cazzarel/simulation/Tutorial,testbench_nor,schematic/history_1/simulation/default/HSPICE/nominal/results testSuiteDir /DCNFS/users/student/cazzarel/simulation/Tutorial,testbench_nor,schematic/history_1/simulation/default/HSPICE/nominal databaseName /DCNFS/users/student/cazzarel/simulation/Tutorial,testbench_nor,schematic/history_1/simulation/default/HSPICE/nominal/resultsDatabase remoteRun {} testbenchId 1 saveImages true
[13:46:52.70] /m Information: Start incremental database creation...
[13:46:52.76] /o saeInterBGSaeShell:  ::sa::_backgroundSaeShell::scriptFinished 0.8 {} sa::_resultsDatabase::saeShellProcessingCompletedProc testSuiteName saeSession7 testbenchName default resultsDir /DCNFS/users/student/cazzarel/simulation/Tutorial,testbench_nor,schematic/history_1/simulation/default/HSPICE/nominal/results testSuiteDir /DCNFS/users/student/cazzarel/simulation/Tutorial,testbench_nor,schematic/history_1/simulation/default/HSPICE/nominal databaseName /DCNFS/users/student/cazzarel/simulation/Tutorial,testbench_nor,schematic/history_1/simulation/default/HSPICE/nominal/resultsDatabase remoteRun {} testbenchId 1 saveImages true
[13:46:52.76] /o false
[13:51:45.66] /i ::sa::_backgroundSaeShell::exit
[13:51:45.66] /o saeInterBGSaeShell:  ::sa::_backgroundSaeShell::childFormallyExiting
