[20:01:13.82] /o sae_shell Version Custom Compiler P-2019.06-SP1-7
              /c Build  (OPT) compiled on Thu Feb 13 14:05:50 2020 for RHEL64 6.6
              /c Execution time: Sat Mar  6 20:01:06 2021
              /c Host: linux11113
              /c 
              /c Copyright © 2004-2020 Synopsys, Inc.
              /c This software and the associated documentation are proprietary to Synopsys, Inc. This software may only be used in accordance with the terms and conditions of a written license agreement with Synopsys, Inc. All other use, reproduction, or distribution of this software is strictly prohibited.
              /c 
              /c 
[20:01:13.93] /o /DCNFS/applications/synopsys/2019/app/customcompiler/P-2019.06-SP1-7/auxx/samples/basic
[20:01:13.93] /o /DCNFS/applications/synopsys/2019/app/customcompiler/P-2019.06-SP1-7/auxx/samples/snpsDeviceLib
[20:01:13.93] /o /DCNFS/applications/synopsys/2019/app/customcompiler/P-2019.06-SP1-7/auxx/samples/analogLib
[20:01:13.94] /o /DCNFS/applications/synopsys/2019/app/customcompiler/P-2019.06-SP1-7/auxx/samples/parasitics
[20:01:14.03] /o /DCNFS/applications/synopsys/2019/app/SAED/SAED_PDK90nm/SAED_PDK_90
[20:01:14.04] /o 	############################################
[20:01:14.04] /o 	        Synopsys Generic 90nm iPDK          
[20:01:14.04] /o 	--------------------------------------------
[20:01:14.04] /o 	Release Date .............. : 11-May-2016    
[20:01:14.04] /o 	============================================
[20:01:14.04] /o 	        Recommended Tool Versions           
[20:01:14.04] /o 	--------------------------------------------
[20:01:14.04] /o 	Custom Designer ........... : J-2014.12-2    
[20:01:14.04] /o 	IC Validator .............. : K-2015.12   
[20:01:14.04] /o 	StarRC..................... : K-2015.12  
[20:01:14.04] /o 	--------------------------------------------
[20:01:14.04] /o 	############################################
[20:01:14.04] /o 
[20:01:14.06] /o SAED PDK 90: Loaded callbacks
[20:01:14.06] /o SAED PDK 90: Loaded display resources
[20:01:14.09] /i ::sa::_backgroundSaeShell::signalProcessReady 1615089664
[20:01:14.09] /o saeInterBGSaeShell:  ::sa::_backgroundSaeShell::processReady 10
[20:06:15.10] /o saeInterBGSaeShell:  ::sa::_backgroundSaeShell::pingBack
[20:06:15.24] /i ::sa::_backgroundSaeShell::parentRunning
[20:06:15.24] /o 1615089975
[20:11:16.12] /o saeInterBGSaeShell:  ::sa::_backgroundSaeShell::pingBack
[20:11:16.14] /i ::sa::_backgroundSaeShell::parentRunning
[20:11:16.14] /o 1615090276
[20:16:17.12] /o saeInterBGSaeShell:  ::sa::_backgroundSaeShell::pingBack
[20:16:17.24] /i ::sa::_backgroundSaeShell::parentRunning
[20:16:17.24] /o 1615090577
[20:21:18.14] /o saeInterBGSaeShell:  ::sa::_backgroundSaeShell::pingBack
[20:21:18.24] /i ::sa::_backgroundSaeShell::parentRunning
[20:21:18.24] /o 1615090878
[20:26:19.14] /o saeInterBGSaeShell:  ::sa::_backgroundSaeShell::pingBack
[20:26:19.24] /i ::sa::_backgroundSaeShell::parentRunning
[20:26:19.24] /o 1615091179
[20:31:20.16] /o saeInterBGSaeShell:  ::sa::_backgroundSaeShell::pingBack
[20:31:20.34] /i ::sa::_backgroundSaeShell::parentRunning
[20:31:20.34] /o 1615091480
[20:36:21.16] /o saeInterBGSaeShell:  ::sa::_backgroundSaeShell::pingBack
[20:36:21.34] /i ::sa::_backgroundSaeShell::parentRunning
[20:36:21.34] /o 1615091781
[20:41:22.18] /o saeInterBGSaeShell:  ::sa::_backgroundSaeShell::pingBack
[20:41:22.34] /i ::sa::_backgroundSaeShell::parentRunning
[20:41:22.34] /o 1615092082
[20:46:23.20] /o saeInterBGSaeShell:  ::sa::_backgroundSaeShell::pingBack
[20:46:23.24] /i ::sa::_backgroundSaeShell::parentRunning
[20:46:23.24] /o 1615092383
[20:51:24.20] /o saeInterBGSaeShell:  ::sa::_backgroundSaeShell::pingBack
[20:51:24.34] /i ::sa::_backgroundSaeShell::parentRunning
[20:51:24.34] /o 1615092684
[20:56:25.22] /o saeInterBGSaeShell:  ::sa::_backgroundSaeShell::pingBack
[20:56:25.34] /i ::sa::_backgroundSaeShell::parentRunning
[20:56:25.34] /o 1615092985
[20:57:56.80] /o Information: Received "Terminate" signal. Sending  PID: 3640 UID: 4637 Username: "cazzarel" Process name: "/DCNFS/applications/synopsys/2019/app/customcompiler/P-2019.06-SP1-7/linux64/platform/bin/ipc_wrapper". Process is terminated.
              /c signal number = 15
              /c Stack Dump: VERSION P-2019.06-SP1-7 CONFIG 5329942 DATE Sat Mar  6 20:01:06 2021
              /c Frame 0. libc.so.6: __poll + 0x24
              /c Frame 1. sae_shell: poll + 0x61
              /c Frame 2. /lib64/libglib-2.0.so.0 ::2a6ff3737c + 0x43c
              /c Frame 3. libglib-2.0.so.0: g_main_context_iteration + 0x2c
              /c Frame 4. QEventDispatcherGlib::processEvents(QFlags<QEventLoop::ProcessEventsFlag>) + 0x6a
              /c Frame 5. QEventLoop::exec(QFlags<QEventLoop::ProcessEventsFlag>) + 0xea
              /c Frame 6. QCoreApplication::exec() + 0x8d
              /c Frame 7. 0x13139d2 SNPSee_3cb5a937433b5647dfd0ba220bc88c363f9edc9e424f5618e629fa54920aaa2d42181fc4e419a971bdba91f3b1089c26 + 0xa2
              /c Frame 8. sae_shell: main + 0x6a
              /c Frame 9. libc.so.6: __libc_start_main + 0xf5
              /c Frame 10. /DCNFS/applications/synopsys/2019/app/customcompiler/P-2019.06-SP1-7/linux64/platform/bin/sae_shell ::0x1308a75 + 0x29
