[11:40:51.54] /o sae_shell Version Custom Compiler P-2019.06-SP1-7
              /c Build  (OPT) compiled on Thu Feb 13 14:05:50 2020 for RHEL64 6.6
              /c Execution time: Fri Jan 22 11:40:39 2021
              /c Host: linux11105
              /c 
              /c Copyright © 2004-2020 Synopsys, Inc.
              /c This software and the associated documentation are proprietary to Synopsys, Inc. This software may only be used in accordance with the terms and conditions of a written license agreement with Synopsys, Inc. All other use, reproduction, or distribution of this software is strictly prohibited.
              /c 
              /c 
[11:40:51.68] /o /DCNFS/applications/synopsys/2019/app/customcompiler/P-2019.06-SP1-7/auxx/samples/basic
[11:40:51.68] /o /DCNFS/applications/synopsys/2019/app/customcompiler/P-2019.06-SP1-7/auxx/samples/snpsDeviceLib
[11:40:51.69] /o /DCNFS/applications/synopsys/2019/app/customcompiler/P-2019.06-SP1-7/auxx/samples/analogLib
[11:40:51.69] /o /DCNFS/applications/synopsys/2019/app/customcompiler/P-2019.06-SP1-7/auxx/samples/parasitics
[11:40:51.92] /o /DCNFS/applications/synopsys/2019/app/SAED/SAED_PDK90nm/SAED_PDK_90
[11:40:51.93] /o 	############################################
[11:40:51.93] /o 	        Synopsys Generic 90nm iPDK          
[11:40:51.93] /o 	--------------------------------------------
[11:40:51.93] /o 	Release Date .............. : 11-May-2016    
[11:40:51.93] /o 	============================================
[11:40:51.93] /o 	        Recommended Tool Versions           
[11:40:51.93] /o 	--------------------------------------------
[11:40:51.93] /o 	Custom Designer ........... : J-2014.12-2    
[11:40:51.93] /o 	IC Validator .............. : K-2015.12   
[11:40:51.93] /o 	StarRC..................... : K-2015.12  
[11:40:51.93] /o 	--------------------------------------------
[11:40:51.93] /o 	############################################
[11:40:51.93] /o 
[11:40:51.99] /o SAED PDK 90: Loaded callbacks
[11:40:52.00] /o SAED PDK 90: Loaded display resources
[11:40:52.03] /i ::sa::_backgroundSaeShell::signalProcessReady 1611344436
[11:40:52.04] /o saeInterBGSaeShell:  ::sa::_backgroundSaeShell::processReady 16
[11:41:27.37] /i ::wf::viewerExited
[11:43:40.77] /i ::wf::viewerExited
[11:45:53.05] /o saeInterBGSaeShell:  ::sa::_backgroundSaeShell::pingBack
[11:45:53.15] /i ::sa::_backgroundSaeShell::parentRunning
[11:45:53.15] /o 1611344753
[11:49:56.38] /i ::wf::viewerExited
[11:50:20.68] /i ::sa::_backgroundSaeShell::exit
[11:50:20.68] /o saeInterBGSaeShell:  ::sa::_backgroundSaeShell::childFormallyExiting
