[13:34:20.64] /o sae_shell Version Custom Compiler P-2019.06-SP1-7
              /c Build  (OPT) compiled on Thu Feb 13 14:05:50 2020 for RHEL64 6.6
              /c Execution time: Fri Feb 19 13:34:08 2021
              /c Host: linux11101
              /c 
              /c Copyright © 2004-2020 Synopsys, Inc.
              /c This software and the associated documentation are proprietary to Synopsys, Inc. This software may only be used in accordance with the terms and conditions of a written license agreement with Synopsys, Inc. All other use, reproduction, or distribution of this software is strictly prohibited.
              /c 
              /c 
[13:34:20.77] /o /DCNFS/applications/synopsys/2019/app/customcompiler/P-2019.06-SP1-7/auxx/samples/basic
[13:34:20.78] /o /DCNFS/applications/synopsys/2019/app/customcompiler/P-2019.06-SP1-7/auxx/samples/snpsDeviceLib
[13:34:20.78] /o /DCNFS/applications/synopsys/2019/app/customcompiler/P-2019.06-SP1-7/auxx/samples/analogLib
[13:34:20.79] /o /DCNFS/applications/synopsys/2019/app/customcompiler/P-2019.06-SP1-7/auxx/samples/parasitics
[13:34:21.01] /o /DCNFS/applications/synopsys/2019/app/SAED/SAED_PDK90nm/SAED_PDK_90
[13:34:21.01] /o 	############################################
[13:34:21.01] /o 	        Synopsys Generic 90nm iPDK          
[13:34:21.01] /o 	--------------------------------------------
[13:34:21.01] /o 	Release Date .............. : 11-May-2016    
[13:34:21.01] /o 	============================================
[13:34:21.01] /o 	        Recommended Tool Versions           
[13:34:21.01] /o 	--------------------------------------------
[13:34:21.01] /o 	Custom Designer ........... : J-2014.12-2    
[13:34:21.01] /o 	IC Validator .............. : K-2015.12   
[13:34:21.01] /o 	StarRC..................... : K-2015.12  
[13:34:21.01] /o 	--------------------------------------------
[13:34:21.01] /o 	############################################
[13:34:21.01] /o 
[13:34:21.08] /o SAED PDK 90: Loaded callbacks
[13:34:21.09] /o SAED PDK 90: Loaded display resources
[13:34:21.11] /i ::sa::_backgroundSaeShell::signalProcessReady 1613770445
[13:34:21.12] /o saeInterBGSaeShell:  ::sa::_backgroundSaeShell::processReady 16
[13:39:22.13] /o saeInterBGSaeShell:  ::sa::_backgroundSaeShell::pingBack
[13:39:22.15] /i ::sa::_backgroundSaeShell::parentRunning
[13:39:22.15] /o 1613770762
[13:42:52.67] /i ::sa::_backgroundSaeShell::exit
[13:42:52.67] /o saeInterBGSaeShell:  ::sa::_backgroundSaeShell::childFormallyExiting
