[13:54:46.78] /o sae_shell Version Custom Compiler P-2019.06-SP1-7
              /c Build  (OPT) compiled on Thu Feb 13 14:05:50 2020 for RHEL64 6.6
              /c Execution time: Fri Feb 19 13:54:35 2021
              /c Host: linux11101
              /c 
              /c Copyright © 2004-2020 Synopsys, Inc.
              /c This software and the associated documentation are proprietary to Synopsys, Inc. This software may only be used in accordance with the terms and conditions of a written license agreement with Synopsys, Inc. All other use, reproduction, or distribution of this software is strictly prohibited.
              /c 
              /c 
[13:54:46.92] /o /DCNFS/applications/synopsys/2019/app/customcompiler/P-2019.06-SP1-7/auxx/samples/basic
[13:54:46.92] /o /DCNFS/applications/synopsys/2019/app/customcompiler/P-2019.06-SP1-7/auxx/samples/snpsDeviceLib
[13:54:46.93] /o /DCNFS/applications/synopsys/2019/app/customcompiler/P-2019.06-SP1-7/auxx/samples/analogLib
[13:54:46.93] /o /DCNFS/applications/synopsys/2019/app/customcompiler/P-2019.06-SP1-7/auxx/samples/parasitics
[13:54:47.14] /o /DCNFS/applications/synopsys/2019/app/SAED/SAED_PDK90nm/SAED_PDK_90
[13:54:47.15] /o 	############################################
[13:54:47.15] /o 	        Synopsys Generic 90nm iPDK          
[13:54:47.15] /o 	--------------------------------------------
[13:54:47.15] /o 	Release Date .............. : 11-May-2016    
[13:54:47.15] /o 	============================================
[13:54:47.15] /o 	        Recommended Tool Versions           
[13:54:47.15] /o 	--------------------------------------------
[13:54:47.15] /o 	Custom Designer ........... : J-2014.12-2    
[13:54:47.15] /o 	IC Validator .............. : K-2015.12   
[13:54:47.15] /o 	StarRC..................... : K-2015.12  
[13:54:47.15] /o 	--------------------------------------------
[13:54:47.15] /o 	############################################
[13:54:47.15] /o 
[13:54:47.21] /o SAED PDK 90: Loaded callbacks
[13:54:47.22] /o SAED PDK 90: Loaded display resources
[13:54:47.25] /i ::sa::_backgroundSaeShell::signalProcessReady 1613771672
[13:54:47.26] /o saeInterBGSaeShell:  ::sa::_backgroundSaeShell::processReady 15
[13:54:51.60] /i ::sa::_backgroundSaeShell::exit
[13:54:51.60] /o saeInterBGSaeShell:  ::sa::_backgroundSaeShell::childFormallyExiting
