[13:55:25.88] /o sae_shell Version Custom Compiler P-2019.06-SP1-7
              /c Build  (OPT) compiled on Thu Feb 13 14:05:50 2020 for RHEL64 6.6
              /c Execution time: Fri Feb 19 13:55:13 2021
              /c Host: linux11101
              /c 
              /c Copyright © 2004-2020 Synopsys, Inc.
              /c This software and the associated documentation are proprietary to Synopsys, Inc. This software may only be used in accordance with the terms and conditions of a written license agreement with Synopsys, Inc. All other use, reproduction, or distribution of this software is strictly prohibited.
              /c 
              /c 
[13:55:26.02] /o /DCNFS/applications/synopsys/2019/app/customcompiler/P-2019.06-SP1-7/auxx/samples/basic
[13:55:26.02] /o /DCNFS/applications/synopsys/2019/app/customcompiler/P-2019.06-SP1-7/auxx/samples/snpsDeviceLib
[13:55:26.02] /o /DCNFS/applications/synopsys/2019/app/customcompiler/P-2019.06-SP1-7/auxx/samples/analogLib
[13:55:26.03] /o /DCNFS/applications/synopsys/2019/app/customcompiler/P-2019.06-SP1-7/auxx/samples/parasitics
[13:55:26.17] /o /DCNFS/applications/synopsys/2019/app/SAED/SAED_PDK90nm/SAED_PDK_90
[13:55:26.17] /o 	############################################
[13:55:26.17] /o 	        Synopsys Generic 90nm iPDK          
[13:55:26.17] /o 	--------------------------------------------
[13:55:26.17] /o 	Release Date .............. : 11-May-2016    
[13:55:26.17] /o 	============================================
[13:55:26.17] /o 	        Recommended Tool Versions           
[13:55:26.17] /o 	--------------------------------------------
[13:55:26.17] /o 	Custom Designer ........... : J-2014.12-2    
[13:55:26.17] /o 	IC Validator .............. : K-2015.12   
[13:55:26.17] /o 	StarRC..................... : K-2015.12  
[13:55:26.17] /o 	--------------------------------------------
[13:55:26.17] /o 	############################################
[13:55:26.17] /o 
[13:55:26.22] /o SAED PDK 90: Loaded callbacks
[13:55:26.23] /o SAED PDK 90: Loaded display resources
[13:55:26.25] /i ::sa::_backgroundSaeShell::signalProcessReady 1613771710
[13:55:26.26] /o saeInterBGSaeShell:  ::sa::_backgroundSaeShell::processReady 16
[13:57:01.34] /i ::sa::_backgroundSaeShell::runScript /DCNFS/users/student/cazzarel/simulation/Tutorial,testbench_nor,schematic/history_1/simulation/default/HSPICE/nominal/.bg_measurement_script.tcl sa::_resultsDatabase::saeShellProcessingCompletedProc testSuiteName saeSession10 testbenchName default resultsDir /DCNFS/users/student/cazzarel/simulation/Tutorial,testbench_nor,schematic/history_1/simulation/default/HSPICE/nominal/results testSuiteDir /DCNFS/users/student/cazzarel/simulation/Tutorial,testbench_nor,schematic/history_1/simulation/default/HSPICE/nominal databaseName /DCNFS/users/student/cazzarel/simulation/Tutorial,testbench_nor,schematic/history_1/simulation/default/HSPICE/nominal/resultsDatabase remoteRun {} testbenchId 1 saveImages true
[13:57:02.04] /m Information: Start incremental database creation...
[13:57:02.10] /o saeInterBGSaeShell:  ::sa::_backgroundSaeShell::scriptFinished 0.7 {} sa::_resultsDatabase::saeShellProcessingCompletedProc testSuiteName saeSession10 testbenchName default resultsDir /DCNFS/users/student/cazzarel/simulation/Tutorial,testbench_nor,schematic/history_1/simulation/default/HSPICE/nominal/results testSuiteDir /DCNFS/users/student/cazzarel/simulation/Tutorial,testbench_nor,schematic/history_1/simulation/default/HSPICE/nominal databaseName /DCNFS/users/student/cazzarel/simulation/Tutorial,testbench_nor,schematic/history_1/simulation/default/HSPICE/nominal/resultsDatabase remoteRun {} testbenchId 1 saveImages true
[13:57:02.10] /o false
[14:02:03.30] /o saeInterBGSaeShell:  ::sa::_backgroundSaeShell::pingBack
[14:02:03.35] /i ::sa::_backgroundSaeShell::parentRunning
[14:02:03.35] /o 1613772123
[14:03:28.22] /i ::sa::_backgroundSaeShell::runScript /DCNFS/users/student/cazzarel/simulation/Tutorial,testbench_nor,schematic/history_1/simulation/default/HSPICE/nominal/.bg_measurement_script.tcl sa::_resultsDatabase::saeShellProcessingCompletedProc testSuiteName saeSession10 testbenchName default resultsDir /DCNFS/users/student/cazzarel/simulation/Tutorial,testbench_nor,schematic/history_1/simulation/default/HSPICE/nominal/results testSuiteDir /DCNFS/users/student/cazzarel/simulation/Tutorial,testbench_nor,schematic/history_1/simulation/default/HSPICE/nominal databaseName /DCNFS/users/student/cazzarel/simulation/Tutorial,testbench_nor,schematic/history_1/simulation/default/HSPICE/nominal/resultsDatabase remoteRun {} testbenchId 1 saveImages true
[14:03:28.83] /m Information: Start incremental database creation...
[14:03:28.90] /o saeInterBGSaeShell:  ::sa::_backgroundSaeShell::scriptFinished 0.6 {} sa::_resultsDatabase::saeShellProcessingCompletedProc testSuiteName saeSession10 testbenchName default resultsDir /DCNFS/users/student/cazzarel/simulation/Tutorial,testbench_nor,schematic/history_1/simulation/default/HSPICE/nominal/results testSuiteDir /DCNFS/users/student/cazzarel/simulation/Tutorial,testbench_nor,schematic/history_1/simulation/default/HSPICE/nominal databaseName /DCNFS/users/student/cazzarel/simulation/Tutorial,testbench_nor,schematic/history_1/simulation/default/HSPICE/nominal/resultsDatabase remoteRun {} testbenchId 1 saveImages true
[14:03:28.90] /o false
[14:04:32.89] /i ::sa::_backgroundSaeShell::runScript /DCNFS/users/student/cazzarel/simulation/Tutorial,testbench_nor,schematic/history_1/simulation/default/HSPICE/nominal/.bg_measurement_script.tcl sa::_resultsDatabase::saeShellProcessingCompletedProc testSuiteName saeSession10 testbenchName default resultsDir /DCNFS/users/student/cazzarel/simulation/Tutorial,testbench_nor,schematic/history_1/simulation/default/HSPICE/nominal/results testSuiteDir /DCNFS/users/student/cazzarel/simulation/Tutorial,testbench_nor,schematic/history_1/simulation/default/HSPICE/nominal databaseName /DCNFS/users/student/cazzarel/simulation/Tutorial,testbench_nor,schematic/history_1/simulation/default/HSPICE/nominal/resultsDatabase remoteRun {} testbenchId 1 saveImages true
[14:04:34.26] /m Information: Start incremental database creation...
[14:04:34.34] /m Information: Started sharing "Custom WaveView ADV" license. (WAVEFORM-110)
[14:04:34.56] /o saeInterBGSaeShell:  ::sa::_backgroundSaeShell::scriptFinished 1.6 {} sa::_resultsDatabase::saeShellProcessingCompletedProc testSuiteName saeSession10 testbenchName default resultsDir /DCNFS/users/student/cazzarel/simulation/Tutorial,testbench_nor,schematic/history_1/simulation/default/HSPICE/nominal/results testSuiteDir /DCNFS/users/student/cazzarel/simulation/Tutorial,testbench_nor,schematic/history_1/simulation/default/HSPICE/nominal databaseName /DCNFS/users/student/cazzarel/simulation/Tutorial,testbench_nor,schematic/history_1/simulation/default/HSPICE/nominal/resultsDatabase remoteRun {} testbenchId 1 saveImages true
[14:04:34.56] /o false
[14:05:18.16] /i ::wf::viewerExited
[14:06:19.07] /i ::wf::viewerExited
[14:07:14.24] /i ::sa::_backgroundSaeShell::runScript /DCNFS/users/student/cazzarel/simulation/Tutorial,testbench_nor,schematic/history_1/simulation/default/HSPICE/nominal/.bg_measurement_script.tcl sa::_resultsDatabase::saeShellProcessingCompletedProc testSuiteName saeSession10 testbenchName default resultsDir /DCNFS/users/student/cazzarel/simulation/Tutorial,testbench_nor,schematic/history_1/simulation/default/HSPICE/nominal/results testSuiteDir /DCNFS/users/student/cazzarel/simulation/Tutorial,testbench_nor,schematic/history_1/simulation/default/HSPICE/nominal databaseName /DCNFS/users/student/cazzarel/simulation/Tutorial,testbench_nor,schematic/history_1/simulation/default/HSPICE/nominal/resultsDatabase remoteRun {} testbenchId 1 saveImages true
[14:07:15.82] /m Information: Start incremental database creation...
[14:07:16.07] /o saeInterBGSaeShell:  ::sa::_backgroundSaeShell::scriptFinished 1.8 {} sa::_resultsDatabase::saeShellProcessingCompletedProc testSuiteName saeSession10 testbenchName default resultsDir /DCNFS/users/student/cazzarel/simulation/Tutorial,testbench_nor,schematic/history_1/simulation/default/HSPICE/nominal/results testSuiteDir /DCNFS/users/student/cazzarel/simulation/Tutorial,testbench_nor,schematic/history_1/simulation/default/HSPICE/nominal databaseName /DCNFS/users/student/cazzarel/simulation/Tutorial,testbench_nor,schematic/history_1/simulation/default/HSPICE/nominal/resultsDatabase remoteRun {} testbenchId 1 saveImages true
[14:07:16.07] /o false
[14:12:17.34] /o saeInterBGSaeShell:  ::sa::_backgroundSaeShell::pingBack
[14:12:17.45] /i ::sa::_backgroundSaeShell::parentRunning
[14:12:17.45] /o 1613772737
[14:12:20.75] /m Information: Stopped sharing "Custom WaveView ADV" license. (WAVEFORM-111)
[14:17:18.34] /o saeInterBGSaeShell:  ::sa::_backgroundSaeShell::pingBack
[14:17:18.35] /i ::sa::_backgroundSaeShell::parentRunning
[14:17:18.35] /o 1613773038
[14:22:19.36] /o saeInterBGSaeShell:  ::sa::_backgroundSaeShell::pingBack
[14:22:19.55] /i ::sa::_backgroundSaeShell::parentRunning
[14:22:19.55] /o 1613773339
[14:27:20.38] /o saeInterBGSaeShell:  ::sa::_backgroundSaeShell::pingBack
[14:27:20.55] /i ::sa::_backgroundSaeShell::parentRunning
[14:27:20.55] /o 1613773640
[14:32:21.40] /o saeInterBGSaeShell:  ::sa::_backgroundSaeShell::pingBack
[14:32:21.55] /i ::sa::_backgroundSaeShell::parentRunning
[14:32:21.55] /o 1613773941
[14:37:22.42] /o saeInterBGSaeShell:  ::sa::_backgroundSaeShell::pingBack
[14:37:22.45] /i ::sa::_backgroundSaeShell::parentRunning
[14:37:22.45] /o 1613774242
[14:42:23.44] /o saeInterBGSaeShell:  ::sa::_backgroundSaeShell::pingBack
[14:42:23.55] /i ::sa::_backgroundSaeShell::parentRunning
[14:42:23.55] /o 1613774543
[14:47:24.46] /o saeInterBGSaeShell:  ::sa::_backgroundSaeShell::pingBack
[14:47:24.55] /i ::sa::_backgroundSaeShell::parentRunning
[14:47:24.55] /o 1613774844
[14:49:45.90] /i ::sa::_backgroundSaeShell::runScript /DCNFS/users/student/cazzarel/simulation/Tutorial,testbench_nor,schematic/history_1/simulation/default/HSPICE/nominal/.bg_measurement_script.tcl sa::_resultsDatabase::saeShellProcessingCompletedProc testSuiteName saeSession10 testbenchName default resultsDir /DCNFS/users/student/cazzarel/simulation/Tutorial,testbench_nor,schematic/history_1/simulation/default/HSPICE/nominal/results testSuiteDir /DCNFS/users/student/cazzarel/simulation/Tutorial,testbench_nor,schematic/history_1/simulation/default/HSPICE/nominal databaseName /DCNFS/users/student/cazzarel/simulation/Tutorial,testbench_nor,schematic/history_1/simulation/default/HSPICE/nominal/resultsDatabase remoteRun {} testbenchId 1 saveImages true
[14:49:46.93] /m Information: Start incremental database creation...
[14:49:47.01] /m Information: Started sharing "Custom WaveView ADV" license. (WAVEFORM-110)
[14:49:47.23] /o saeInterBGSaeShell:  ::sa::_backgroundSaeShell::scriptFinished 1.3 {} sa::_resultsDatabase::saeShellProcessingCompletedProc testSuiteName saeSession10 testbenchName default resultsDir /DCNFS/users/student/cazzarel/simulation/Tutorial,testbench_nor,schematic/history_1/simulation/default/HSPICE/nominal/results testSuiteDir /DCNFS/users/student/cazzarel/simulation/Tutorial,testbench_nor,schematic/history_1/simulation/default/HSPICE/nominal databaseName /DCNFS/users/student/cazzarel/simulation/Tutorial,testbench_nor,schematic/history_1/simulation/default/HSPICE/nominal/resultsDatabase remoteRun {} testbenchId 1 saveImages true
[14:49:47.23] /o false
[14:50:38.67] /i ::wf::viewerExited
[14:54:48.49] /o saeInterBGSaeShell:  ::sa::_backgroundSaeShell::pingBack
[14:54:48.65] /i ::sa::_backgroundSaeShell::parentRunning
[14:54:48.65] /o 1613775288
[14:54:51.75] /m Information: Stopped sharing "Custom WaveView ADV" license. (WAVEFORM-111)
[14:56:17.53] /i ::sa::_backgroundSaeShell::exit
[14:56:17.53] /o saeInterBGSaeShell:  ::sa::_backgroundSaeShell::childFormallyExiting
