[14:56:36.40] /o sae_shell Version Custom Compiler P-2019.06-SP1-7
              /c Build  (OPT) compiled on Thu Feb 13 14:05:50 2020 for RHEL64 6.6
              /c Execution time: Fri Feb 19 14:56:22 2021
              /c Host: linux11101
              /c 
              /c Copyright © 2004-2020 Synopsys, Inc.
              /c This software and the associated documentation are proprietary to Synopsys, Inc. This software may only be used in accordance with the terms and conditions of a written license agreement with Synopsys, Inc. All other use, reproduction, or distribution of this software is strictly prohibited.
              /c 
              /c 
[14:56:36.51] /o /DCNFS/applications/synopsys/2019/app/customcompiler/P-2019.06-SP1-7/auxx/samples/basic
[14:56:36.51] /o /DCNFS/applications/synopsys/2019/app/customcompiler/P-2019.06-SP1-7/auxx/samples/snpsDeviceLib
[14:56:36.51] /o /DCNFS/applications/synopsys/2019/app/customcompiler/P-2019.06-SP1-7/auxx/samples/analogLib
[14:56:36.52] /o /DCNFS/applications/synopsys/2019/app/customcompiler/P-2019.06-SP1-7/auxx/samples/parasitics
[14:56:36.68] /o /DCNFS/applications/synopsys/2019/app/SAED/SAED_PDK90nm/SAED_PDK_90
[14:56:36.69] /o 	############################################
[14:56:36.69] /o 	        Synopsys Generic 90nm iPDK          
[14:56:36.69] /o 	--------------------------------------------
[14:56:36.69] /o 	Release Date .............. : 11-May-2016    
[14:56:36.69] /o 	============================================
[14:56:36.69] /o 	        Recommended Tool Versions           
[14:56:36.69] /o 	--------------------------------------------
[14:56:36.69] /o 	Custom Designer ........... : J-2014.12-2    
[14:56:36.69] /o 	IC Validator .............. : K-2015.12   
[14:56:36.69] /o 	StarRC..................... : K-2015.12  
[14:56:36.69] /o 	--------------------------------------------
[14:56:36.69] /o 	############################################
[14:56:36.69] /o 
[14:56:36.74] /o SAED PDK 90: Loaded callbacks
[14:56:36.75] /o SAED PDK 90: Loaded display resources
[14:56:36.77] /i ::sa::_backgroundSaeShell::signalProcessReady 1613775379
[14:56:36.78] /o saeInterBGSaeShell:  ::sa::_backgroundSaeShell::processReady 17
[14:58:23.15] /i ::sa::_backgroundSaeShell::runScript /DCNFS/users/student/cazzarel/simulation/Tutorial,testbench_nor,schematic/history_1/simulation/default/HSPICE/nominal/.bg_measurement_script.tcl sa::_resultsDatabase::saeShellProcessingCompletedProc testSuiteName saeSession16 testbenchName default resultsDir /DCNFS/users/student/cazzarel/simulation/Tutorial,testbench_nor,schematic/history_1/simulation/default/HSPICE/nominal/results testSuiteDir /DCNFS/users/student/cazzarel/simulation/Tutorial,testbench_nor,schematic/history_1/simulation/default/HSPICE/nominal databaseName /DCNFS/users/student/cazzarel/simulation/Tutorial,testbench_nor,schematic/history_1/simulation/default/HSPICE/nominal/resultsDatabase remoteRun {} testbenchId 1 saveImages true
[14:58:23.76] /m Information: Start incremental database creation...
[14:58:23.81] /o saeInterBGSaeShell:  ::sa::_backgroundSaeShell::scriptFinished 0.6 {} sa::_resultsDatabase::saeShellProcessingCompletedProc testSuiteName saeSession16 testbenchName default resultsDir /DCNFS/users/student/cazzarel/simulation/Tutorial,testbench_nor,schematic/history_1/simulation/default/HSPICE/nominal/results testSuiteDir /DCNFS/users/student/cazzarel/simulation/Tutorial,testbench_nor,schematic/history_1/simulation/default/HSPICE/nominal databaseName /DCNFS/users/student/cazzarel/simulation/Tutorial,testbench_nor,schematic/history_1/simulation/default/HSPICE/nominal/resultsDatabase remoteRun {} testbenchId 1 saveImages true
[14:58:23.81] /o false
[14:59:42.69] /i ::sa::_backgroundSaeShell::runScript /DCNFS/users/student/cazzarel/simulation/Tutorial,testbench_nor,schematic/history_1/simulation/default/HSPICE/nominal/.bg_measurement_script.tcl sa::_resultsDatabase::saeShellProcessingCompletedProc testSuiteName saeSession16 testbenchName default resultsDir /DCNFS/users/student/cazzarel/simulation/Tutorial,testbench_nor,schematic/history_1/simulation/default/HSPICE/nominal/results testSuiteDir /DCNFS/users/student/cazzarel/simulation/Tutorial,testbench_nor,schematic/history_1/simulation/default/HSPICE/nominal databaseName /DCNFS/users/student/cazzarel/simulation/Tutorial,testbench_nor,schematic/history_1/simulation/default/HSPICE/nominal/resultsDatabase remoteRun {} testbenchId 1 saveImages true
[14:59:43.28] /m Information: Start incremental database creation...
[14:59:43.36] /o saeInterBGSaeShell:  ::sa::_backgroundSaeShell::scriptFinished 0.6 {} sa::_resultsDatabase::saeShellProcessingCompletedProc testSuiteName saeSession16 testbenchName default resultsDir /DCNFS/users/student/cazzarel/simulation/Tutorial,testbench_nor,schematic/history_1/simulation/default/HSPICE/nominal/results testSuiteDir /DCNFS/users/student/cazzarel/simulation/Tutorial,testbench_nor,schematic/history_1/simulation/default/HSPICE/nominal databaseName /DCNFS/users/student/cazzarel/simulation/Tutorial,testbench_nor,schematic/history_1/simulation/default/HSPICE/nominal/resultsDatabase remoteRun {} testbenchId 1 saveImages true
[14:59:43.36] /o false
[15:00:35.71] /i ::sa::_backgroundSaeShell::runScript /DCNFS/users/student/cazzarel/simulation/Tutorial,testbench_nor,schematic/history_1/simulation/default/HSPICE/nominal/.bg_measurement_script.tcl sa::_resultsDatabase::saeShellProcessingCompletedProc testSuiteName saeSession16 testbenchName default resultsDir /DCNFS/users/student/cazzarel/simulation/Tutorial,testbench_nor,schematic/history_1/simulation/default/HSPICE/nominal/results testSuiteDir /DCNFS/users/student/cazzarel/simulation/Tutorial,testbench_nor,schematic/history_1/simulation/default/HSPICE/nominal databaseName /DCNFS/users/student/cazzarel/simulation/Tutorial,testbench_nor,schematic/history_1/simulation/default/HSPICE/nominal/resultsDatabase remoteRun {} testbenchId 1 saveImages true
[15:00:37.13] /m Information: Start incremental database creation...
[15:00:37.21] /m Information: Started sharing "Custom WaveView ADV" license. (WAVEFORM-110)
[15:00:37.42] /o saeInterBGSaeShell:  ::sa::_backgroundSaeShell::scriptFinished 1.7 {} sa::_resultsDatabase::saeShellProcessingCompletedProc testSuiteName saeSession16 testbenchName default resultsDir /DCNFS/users/student/cazzarel/simulation/Tutorial,testbench_nor,schematic/history_1/simulation/default/HSPICE/nominal/results testSuiteDir /DCNFS/users/student/cazzarel/simulation/Tutorial,testbench_nor,schematic/history_1/simulation/default/HSPICE/nominal databaseName /DCNFS/users/student/cazzarel/simulation/Tutorial,testbench_nor,schematic/history_1/simulation/default/HSPICE/nominal/resultsDatabase remoteRun {} testbenchId 1 saveImages true
[15:00:37.42] /o false
[15:01:05.16] /i ::wf::viewerExited
[15:01:30.53] /i ::sa::_backgroundSaeShell::runScript /DCNFS/users/student/cazzarel/simulation/Tutorial,testbench_nor,schematic/history_1/simulation/default/HSPICE/nominal/.bg_measurement_script.tcl sa::_resultsDatabase::saeShellProcessingCompletedProc testSuiteName saeSession16 testbenchName default resultsDir /DCNFS/users/student/cazzarel/simulation/Tutorial,testbench_nor,schematic/history_1/simulation/default/HSPICE/nominal/results testSuiteDir /DCNFS/users/student/cazzarel/simulation/Tutorial,testbench_nor,schematic/history_1/simulation/default/HSPICE/nominal databaseName /DCNFS/users/student/cazzarel/simulation/Tutorial,testbench_nor,schematic/history_1/simulation/default/HSPICE/nominal/resultsDatabase remoteRun {} testbenchId 1 saveImages true
[15:01:31.94] /m Information: Start incremental database creation...
[15:01:32.21] /o saeInterBGSaeShell:  ::sa::_backgroundSaeShell::scriptFinished 1.6 {} sa::_resultsDatabase::saeShellProcessingCompletedProc testSuiteName saeSession16 testbenchName default resultsDir /DCNFS/users/student/cazzarel/simulation/Tutorial,testbench_nor,schematic/history_1/simulation/default/HSPICE/nominal/results testSuiteDir /DCNFS/users/student/cazzarel/simulation/Tutorial,testbench_nor,schematic/history_1/simulation/default/HSPICE/nominal databaseName /DCNFS/users/student/cazzarel/simulation/Tutorial,testbench_nor,schematic/history_1/simulation/default/HSPICE/nominal/resultsDatabase remoteRun {} testbenchId 1 saveImages true
[15:01:32.21] /o false
[15:06:33.82] /o saeInterBGSaeShell:  ::sa::_backgroundSaeShell::pingBack
[15:06:33.95] /i ::sa::_backgroundSaeShell::parentRunning
[15:06:33.95] /o 1613775993
[15:06:36.75] /m Information: Stopped sharing "Custom WaveView ADV" license. (WAVEFORM-111)
[15:09:41.36] /i ::wf::viewerExited
[15:11:34.84] /o saeInterBGSaeShell:  ::sa::_backgroundSaeShell::pingBack
[15:11:34.94] /i ::sa::_backgroundSaeShell::parentRunning
[15:11:34.94] /o 1613776294
[15:11:37.60] /i ::sa::_backgroundSaeShell::runScript /DCNFS/users/student/cazzarel/simulation/Tutorial,testbench_nor,schematic/history_1/simulation/default/HSPICE/nominal/.bg_measurement_script.tcl sa::_resultsDatabase::saeShellProcessingCompletedProc testSuiteName saeSession16 testbenchName default resultsDir /DCNFS/users/student/cazzarel/simulation/Tutorial,testbench_nor,schematic/history_1/simulation/default/HSPICE/nominal/results testSuiteDir /DCNFS/users/student/cazzarel/simulation/Tutorial,testbench_nor,schematic/history_1/simulation/default/HSPICE/nominal databaseName /DCNFS/users/student/cazzarel/simulation/Tutorial,testbench_nor,schematic/history_1/simulation/default/HSPICE/nominal/resultsDatabase remoteRun {} testbenchId 1 saveImages true
[15:11:39.03] /m Information: Start incremental database creation...
[15:11:39.08] /m Information: Started sharing "Custom WaveView ADV" license. (WAVEFORM-110)
[15:11:39.27] /o saeInterBGSaeShell:  ::sa::_backgroundSaeShell::scriptFinished 1.6 {} sa::_resultsDatabase::saeShellProcessingCompletedProc testSuiteName saeSession16 testbenchName default resultsDir /DCNFS/users/student/cazzarel/simulation/Tutorial,testbench_nor,schematic/history_1/simulation/default/HSPICE/nominal/results testSuiteDir /DCNFS/users/student/cazzarel/simulation/Tutorial,testbench_nor,schematic/history_1/simulation/default/HSPICE/nominal databaseName /DCNFS/users/student/cazzarel/simulation/Tutorial,testbench_nor,schematic/history_1/simulation/default/HSPICE/nominal/resultsDatabase remoteRun {} testbenchId 1 saveImages true
[15:11:39.27] /o false
[15:12:04.56] /i ::wf::viewerExited
[15:14:37.63] /i ::sa::_backgroundSaeShell::runScript /DCNFS/users/student/cazzarel/simulation/Tutorial,testbench_nor,schematic/history_1/simulation/default/HSPICE/nominal/.bg_measurement_script.tcl sa::_resultsDatabase::saeShellProcessingCompletedProc testSuiteName saeSession16 testbenchName default resultsDir /DCNFS/users/student/cazzarel/simulation/Tutorial,testbench_nor,schematic/history_1/simulation/default/HSPICE/nominal/results testSuiteDir /DCNFS/users/student/cazzarel/simulation/Tutorial,testbench_nor,schematic/history_1/simulation/default/HSPICE/nominal databaseName /DCNFS/users/student/cazzarel/simulation/Tutorial,testbench_nor,schematic/history_1/simulation/default/HSPICE/nominal/resultsDatabase remoteRun {} testbenchId 1 saveImages true
[15:14:39.11] /m Information: Start incremental database creation...
[15:14:39.35] /o saeInterBGSaeShell:  ::sa::_backgroundSaeShell::scriptFinished 1.7 {} sa::_resultsDatabase::saeShellProcessingCompletedProc testSuiteName saeSession16 testbenchName default resultsDir /DCNFS/users/student/cazzarel/simulation/Tutorial,testbench_nor,schematic/history_1/simulation/default/HSPICE/nominal/results testSuiteDir /DCNFS/users/student/cazzarel/simulation/Tutorial,testbench_nor,schematic/history_1/simulation/default/HSPICE/nominal databaseName /DCNFS/users/student/cazzarel/simulation/Tutorial,testbench_nor,schematic/history_1/simulation/default/HSPICE/nominal/resultsDatabase remoteRun {} testbenchId 1 saveImages true
[15:14:39.35] /o false
[15:16:09.27] /i ::wf::viewerExited
[15:16:29.37] /i ::sa::_backgroundSaeShell::runScript /DCNFS/users/student/cazzarel/simulation/Tutorial,testbench_nor,schematic/history_1/simulation/default/HSPICE/nominal/.bg_measurement_script.tcl sa::_resultsDatabase::saeShellProcessingCompletedProc testSuiteName saeSession16 testbenchName default resultsDir /DCNFS/users/student/cazzarel/simulation/Tutorial,testbench_nor,schematic/history_1/simulation/default/HSPICE/nominal/results testSuiteDir /DCNFS/users/student/cazzarel/simulation/Tutorial,testbench_nor,schematic/history_1/simulation/default/HSPICE/nominal databaseName /DCNFS/users/student/cazzarel/simulation/Tutorial,testbench_nor,schematic/history_1/simulation/default/HSPICE/nominal/resultsDatabase remoteRun {} testbenchId 1 saveImages true
[15:16:30.72] /m Information: Start incremental database creation...
[15:16:30.97] /o saeInterBGSaeShell:  ::sa::_backgroundSaeShell::scriptFinished 1.6 {} sa::_resultsDatabase::saeShellProcessingCompletedProc testSuiteName saeSession16 testbenchName default resultsDir /DCNFS/users/student/cazzarel/simulation/Tutorial,testbench_nor,schematic/history_1/simulation/default/HSPICE/nominal/results testSuiteDir /DCNFS/users/student/cazzarel/simulation/Tutorial,testbench_nor,schematic/history_1/simulation/default/HSPICE/nominal databaseName /DCNFS/users/student/cazzarel/simulation/Tutorial,testbench_nor,schematic/history_1/simulation/default/HSPICE/nominal/resultsDatabase remoteRun {} testbenchId 1 saveImages true
[15:16:30.97] /o false
[15:18:34.51] /i ::sa::_backgroundSaeShell::runScript /DCNFS/users/student/cazzarel/simulation/Tutorial,testbench_nor,schematic/history_1/simulation/default/HSPICE/nominal/.bg_measurement_script.tcl sa::_resultsDatabase::saeShellProcessingCompletedProc testSuiteName saeSession16 testbenchName default resultsDir /DCNFS/users/student/cazzarel/simulation/Tutorial,testbench_nor,schematic/history_1/simulation/default/HSPICE/nominal/results testSuiteDir /DCNFS/users/student/cazzarel/simulation/Tutorial,testbench_nor,schematic/history_1/simulation/default/HSPICE/nominal databaseName /DCNFS/users/student/cazzarel/simulation/Tutorial,testbench_nor,schematic/history_1/simulation/default/HSPICE/nominal/resultsDatabase remoteRun {} testbenchId 1 saveImages true
[15:18:35.34] /m Information: Start incremental database creation...
[15:18:35.60] /o saeInterBGSaeShell:  ::sa::_backgroundSaeShell::scriptFinished 1.0 {} sa::_resultsDatabase::saeShellProcessingCompletedProc testSuiteName saeSession16 testbenchName default resultsDir /DCNFS/users/student/cazzarel/simulation/Tutorial,testbench_nor,schematic/history_1/simulation/default/HSPICE/nominal/results testSuiteDir /DCNFS/users/student/cazzarel/simulation/Tutorial,testbench_nor,schematic/history_1/simulation/default/HSPICE/nominal databaseName /DCNFS/users/student/cazzarel/simulation/Tutorial,testbench_nor,schematic/history_1/simulation/default/HSPICE/nominal/resultsDatabase remoteRun {} testbenchId 1 saveImages true
[15:18:35.60] /o false
[15:18:55.37] /i ::wf::viewerExited
[15:19:58.55] /i ::sa::_backgroundSaeShell::runScript /DCNFS/users/student/cazzarel/simulation/Tutorial,testbench_nor,schematic/history_1/simulation/default/HSPICE/nominal/.bg_measurement_script.tcl sa::_resultsDatabase::saeShellProcessingCompletedProc testSuiteName saeSession16 testbenchName default resultsDir /DCNFS/users/student/cazzarel/simulation/Tutorial,testbench_nor,schematic/history_1/simulation/default/HSPICE/nominal/results testSuiteDir /DCNFS/users/student/cazzarel/simulation/Tutorial,testbench_nor,schematic/history_1/simulation/default/HSPICE/nominal databaseName /DCNFS/users/student/cazzarel/simulation/Tutorial,testbench_nor,schematic/history_1/simulation/default/HSPICE/nominal/resultsDatabase remoteRun {} testbenchId 1 saveImages true
[15:20:00.04] /m Information: Start incremental database creation...
[15:20:00.30] /o saeInterBGSaeShell:  ::sa::_backgroundSaeShell::scriptFinished 1.7 {} sa::_resultsDatabase::saeShellProcessingCompletedProc testSuiteName saeSession16 testbenchName default resultsDir /DCNFS/users/student/cazzarel/simulation/Tutorial,testbench_nor,schematic/history_1/simulation/default/HSPICE/nominal/results testSuiteDir /DCNFS/users/student/cazzarel/simulation/Tutorial,testbench_nor,schematic/history_1/simulation/default/HSPICE/nominal databaseName /DCNFS/users/student/cazzarel/simulation/Tutorial,testbench_nor,schematic/history_1/simulation/default/HSPICE/nominal/resultsDatabase remoteRun {} testbenchId 1 saveImages true
[15:20:00.30] /o false
[15:21:14.07] /i ::wf::viewerExited
[15:21:23.57] /i ::sa::_backgroundSaeShell::runScript /DCNFS/users/student/cazzarel/simulation/Tutorial,testbench_nor,schematic/history_1/simulation/default/HSPICE/nominal/.bg_measurement_script.tcl sa::_resultsDatabase::saeShellProcessingCompletedProc testSuiteName saeSession16 testbenchName default resultsDir /DCNFS/users/student/cazzarel/simulation/Tutorial,testbench_nor,schematic/history_1/simulation/default/HSPICE/nominal/results testSuiteDir /DCNFS/users/student/cazzarel/simulation/Tutorial,testbench_nor,schematic/history_1/simulation/default/HSPICE/nominal databaseName /DCNFS/users/student/cazzarel/simulation/Tutorial,testbench_nor,schematic/history_1/simulation/default/HSPICE/nominal/resultsDatabase remoteRun {} testbenchId 1 saveImages true
[15:21:25.12] /m Information: Start incremental database creation...
[15:21:25.37] /o saeInterBGSaeShell:  ::sa::_backgroundSaeShell::scriptFinished 1.7 {} sa::_resultsDatabase::saeShellProcessingCompletedProc testSuiteName saeSession16 testbenchName default resultsDir /DCNFS/users/student/cazzarel/simulation/Tutorial,testbench_nor,schematic/history_1/simulation/default/HSPICE/nominal/results testSuiteDir /DCNFS/users/student/cazzarel/simulation/Tutorial,testbench_nor,schematic/history_1/simulation/default/HSPICE/nominal databaseName /DCNFS/users/student/cazzarel/simulation/Tutorial,testbench_nor,schematic/history_1/simulation/default/HSPICE/nominal/resultsDatabase remoteRun {} testbenchId 1 saveImages true
[15:21:25.37] /o false
[15:22:39.71] /i ::sa::_backgroundSaeShell::runScript /DCNFS/users/student/cazzarel/simulation/Tutorial,testbench_nor,schematic/history_1/simulation/default/HSPICE/nominal/.bg_measurement_script.tcl sa::_resultsDatabase::saeShellProcessingCompletedProc testSuiteName saeSession16 testbenchName default resultsDir /DCNFS/users/student/cazzarel/simulation/Tutorial,testbench_nor,schematic/history_1/simulation/default/HSPICE/nominal/results testSuiteDir /DCNFS/users/student/cazzarel/simulation/Tutorial,testbench_nor,schematic/history_1/simulation/default/HSPICE/nominal databaseName /DCNFS/users/student/cazzarel/simulation/Tutorial,testbench_nor,schematic/history_1/simulation/default/HSPICE/nominal/resultsDatabase remoteRun {} testbenchId 1 saveImages true
[15:22:40.56] /m Information: Start incremental database creation...
[15:22:40.82] /o saeInterBGSaeShell:  ::sa::_backgroundSaeShell::scriptFinished 1.1 {} sa::_resultsDatabase::saeShellProcessingCompletedProc testSuiteName saeSession16 testbenchName default resultsDir /DCNFS/users/student/cazzarel/simulation/Tutorial,testbench_nor,schematic/history_1/simulation/default/HSPICE/nominal/results testSuiteDir /DCNFS/users/student/cazzarel/simulation/Tutorial,testbench_nor,schematic/history_1/simulation/default/HSPICE/nominal databaseName /DCNFS/users/student/cazzarel/simulation/Tutorial,testbench_nor,schematic/history_1/simulation/default/HSPICE/nominal/resultsDatabase remoteRun {} testbenchId 1 saveImages true
[15:22:40.82] /o false
[15:26:39.84] /i ::sa::_backgroundSaeShell::runScript /DCNFS/users/student/cazzarel/simulation/Tutorial,testbench_nor,schematic/history_1/simulation/default/HSPICE/nominal/.bg_measurement_script.tcl sa::_resultsDatabase::saeShellProcessingCompletedProc testSuiteName saeSession16 testbenchName default resultsDir /DCNFS/users/student/cazzarel/simulation/Tutorial,testbench_nor,schematic/history_1/simulation/default/HSPICE/nominal/results testSuiteDir /DCNFS/users/student/cazzarel/simulation/Tutorial,testbench_nor,schematic/history_1/simulation/default/HSPICE/nominal databaseName /DCNFS/users/student/cazzarel/simulation/Tutorial,testbench_nor,schematic/history_1/simulation/default/HSPICE/nominal/resultsDatabase remoteRun {} testbenchId 1 saveImages true
[15:26:40.66] /m Information: Start incremental database creation...
[15:26:40.94] /o saeInterBGSaeShell:  ::sa::_backgroundSaeShell::scriptFinished 1.0 {} sa::_resultsDatabase::saeShellProcessingCompletedProc testSuiteName saeSession16 testbenchName default resultsDir /DCNFS/users/student/cazzarel/simulation/Tutorial,testbench_nor,schematic/history_1/simulation/default/HSPICE/nominal/results testSuiteDir /DCNFS/users/student/cazzarel/simulation/Tutorial,testbench_nor,schematic/history_1/simulation/default/HSPICE/nominal databaseName /DCNFS/users/student/cazzarel/simulation/Tutorial,testbench_nor,schematic/history_1/simulation/default/HSPICE/nominal/resultsDatabase remoteRun {} testbenchId 1 saveImages true
[15:26:40.94] /o false
[15:31:41.90] /o saeInterBGSaeShell:  ::sa::_backgroundSaeShell::pingBack
[15:31:42.05] /i ::sa::_backgroundSaeShell::parentRunning
[15:31:42.05] /o 1613777502
[15:31:45.75] /m Information: Stopped sharing "Custom WaveView ADV" license. (WAVEFORM-111)
[15:36:42.92] /o saeInterBGSaeShell:  ::sa::_backgroundSaeShell::pingBack
[15:36:42.95] /i ::sa::_backgroundSaeShell::parentRunning
[15:36:42.95] /o 1613777802
[15:41:43.94] /o saeInterBGSaeShell:  ::sa::_backgroundSaeShell::pingBack
[15:41:43.95] /i ::sa::_backgroundSaeShell::parentRunning
[15:41:43.95] /o 1613778103
[15:46:44.96] /o saeInterBGSaeShell:  ::sa::_backgroundSaeShell::pingBack
[15:46:45.15] /i ::sa::_backgroundSaeShell::parentRunning
[15:46:45.15] /o 1613778405
[15:51:45.96] /o saeInterBGSaeShell:  ::sa::_backgroundSaeShell::pingBack
[15:51:46.05] /i ::sa::_backgroundSaeShell::parentRunning
[15:51:46.05] /o 1613778706
[15:56:46.98] /o saeInterBGSaeShell:  ::sa::_backgroundSaeShell::pingBack
[15:56:47.15] /i ::sa::_backgroundSaeShell::parentRunning
[15:56:47.15] /o 1613779007
[16:01:48.00] /o saeInterBGSaeShell:  ::sa::_backgroundSaeShell::pingBack
[16:01:48.15] /i ::sa::_backgroundSaeShell::parentRunning
[16:01:48.15] /o 1613779308
[16:06:49.02] /o saeInterBGSaeShell:  ::sa::_backgroundSaeShell::pingBack
[16:06:49.15] /i ::sa::_backgroundSaeShell::parentRunning
[16:06:49.15] /o 1613779609
[16:11:50.02] /o saeInterBGSaeShell:  ::sa::_backgroundSaeShell::pingBack
[16:11:50.15] /i ::sa::_backgroundSaeShell::parentRunning
[16:11:50.15] /o 1613779910
[16:16:51.04] /o saeInterBGSaeShell:  ::sa::_backgroundSaeShell::pingBack
[16:16:51.15] /i ::sa::_backgroundSaeShell::parentRunning
[16:16:51.15] /o 1613780211
[16:21:52.06] /o saeInterBGSaeShell:  ::sa::_backgroundSaeShell::pingBack
[16:21:52.25] /i ::sa::_backgroundSaeShell::parentRunning
[16:21:52.25] /o 1613780512
[16:26:53.08] /o saeInterBGSaeShell:  ::sa::_backgroundSaeShell::pingBack
[16:26:53.25] /i ::sa::_backgroundSaeShell::parentRunning
[16:26:53.25] /o 1613780813
[16:31:54.10] /o saeInterBGSaeShell:  ::sa::_backgroundSaeShell::pingBack
[16:31:54.25] /i ::sa::_backgroundSaeShell::parentRunning
[16:31:54.25] /o 1613781114
[16:36:55.12] /o saeInterBGSaeShell:  ::sa::_backgroundSaeShell::pingBack
[16:36:55.25] /i ::sa::_backgroundSaeShell::parentRunning
[16:36:55.25] /o 1613781415
[16:41:56.14] /o saeInterBGSaeShell:  ::sa::_backgroundSaeShell::pingBack
[16:41:56.25] /i ::sa::_backgroundSaeShell::parentRunning
[16:41:56.25] /o 1613781716
[16:46:57.16] /o saeInterBGSaeShell:  ::sa::_backgroundSaeShell::pingBack
[16:46:57.35] /i ::sa::_backgroundSaeShell::parentRunning
[16:46:57.35] /o 1613782017
[16:51:58.18] /o saeInterBGSaeShell:  ::sa::_backgroundSaeShell::pingBack
[16:51:58.35] /i ::sa::_backgroundSaeShell::parentRunning
[16:51:58.35] /o 1613782318
[16:56:59.20] /o saeInterBGSaeShell:  ::sa::_backgroundSaeShell::pingBack
[16:56:59.35] /i ::sa::_backgroundSaeShell::parentRunning
[16:56:59.35] /o 1613782619
[17:02:00.22] /o saeInterBGSaeShell:  ::sa::_backgroundSaeShell::pingBack
[17:02:00.35] /i ::sa::_backgroundSaeShell::parentRunning
[17:02:00.35] /o 1613782920
[17:07:01.24] /o saeInterBGSaeShell:  ::sa::_backgroundSaeShell::pingBack
[17:07:01.25] /i ::sa::_backgroundSaeShell::parentRunning
[17:07:01.25] /o 1613783221
[17:12:02.26] /o saeInterBGSaeShell:  ::sa::_backgroundSaeShell::pingBack
[17:12:02.45] /i ::sa::_backgroundSaeShell::parentRunning
[17:12:02.45] /o 1613783522
[17:17:03.28] /o saeInterBGSaeShell:  ::sa::_backgroundSaeShell::pingBack
[17:17:03.45] /i ::sa::_backgroundSaeShell::parentRunning
[17:17:03.45] /o 1613783823
[17:22:04.30] /o saeInterBGSaeShell:  ::sa::_backgroundSaeShell::pingBack
[17:22:04.35] /i ::sa::_backgroundSaeShell::parentRunning
[17:22:04.35] /o 1613784124
[17:22:21.87] /i ::sa::_backgroundSaeShell::runScript /DCNFS/users/student/cazzarel/simulation/Tutorial,testbench_nor,schematic/history_1/simulation/default/HSPICE/nominal/.bg_measurement_script.tcl sa::_resultsDatabase::saeShellProcessingCompletedProc testSuiteName saeSession16 testbenchName default resultsDir /DCNFS/users/student/cazzarel/simulation/Tutorial,testbench_nor,schematic/history_1/simulation/default/HSPICE/nominal/results testSuiteDir /DCNFS/users/student/cazzarel/simulation/Tutorial,testbench_nor,schematic/history_1/simulation/default/HSPICE/nominal databaseName /DCNFS/users/student/cazzarel/simulation/Tutorial,testbench_nor,schematic/history_1/simulation/default/HSPICE/nominal/resultsDatabase remoteRun {} testbenchId 1 saveImages true
[17:22:22.80] /m Information: Start incremental database creation...
[17:22:22.87] /m Information: Started sharing "Custom WaveView ADV" license. (WAVEFORM-110)
[17:22:23.08] /o saeInterBGSaeShell:  ::sa::_backgroundSaeShell::scriptFinished 1.2 {} sa::_resultsDatabase::saeShellProcessingCompletedProc testSuiteName saeSession16 testbenchName default resultsDir /DCNFS/users/student/cazzarel/simulation/Tutorial,testbench_nor,schematic/history_1/simulation/default/HSPICE/nominal/results testSuiteDir /DCNFS/users/student/cazzarel/simulation/Tutorial,testbench_nor,schematic/history_1/simulation/default/HSPICE/nominal databaseName /DCNFS/users/student/cazzarel/simulation/Tutorial,testbench_nor,schematic/history_1/simulation/default/HSPICE/nominal/resultsDatabase remoteRun {} testbenchId 1 saveImages true
[17:22:23.08] /o false
[17:27:24.30] /o saeInterBGSaeShell:  ::sa::_backgroundSaeShell::pingBack
[17:27:24.45] /i ::sa::_backgroundSaeShell::parentRunning
[17:27:24.45] /o 1613784444
[17:27:27.75] /m Information: Stopped sharing "Custom WaveView ADV" license. (WAVEFORM-111)
[17:32:25.32] /o saeInterBGSaeShell:  ::sa::_backgroundSaeShell::pingBack
[17:32:25.45] /i ::sa::_backgroundSaeShell::parentRunning
[17:32:25.45] /o 1613784745
[17:37:26.34] /o saeInterBGSaeShell:  ::sa::_backgroundSaeShell::pingBack
[17:37:26.45] /i ::sa::_backgroundSaeShell::parentRunning
[17:37:26.45] /o 1613785046
[17:42:27.37] /o saeInterBGSaeShell:  ::sa::_backgroundSaeShell::pingBack
[17:42:27.45] /i ::sa::_backgroundSaeShell::parentRunning
[17:42:27.45] /o 1613785347
[17:47:28.39] /o saeInterBGSaeShell:  ::sa::_backgroundSaeShell::pingBack
[17:47:28.55] /i ::sa::_backgroundSaeShell::parentRunning
[17:47:28.55] /o 1613785648
[17:52:29.41] /o saeInterBGSaeShell:  ::sa::_backgroundSaeShell::pingBack
[17:52:29.55] /i ::sa::_backgroundSaeShell::parentRunning
[17:52:29.55] /o 1613785949
[17:57:30.43] /o saeInterBGSaeShell:  ::sa::_backgroundSaeShell::pingBack
[17:57:30.45] /i ::sa::_backgroundSaeShell::parentRunning
[17:57:30.45] /o 1613786250
[17:57:31.20] /o Information: Received "Terminate" signal. Sending  PID: 25486 UID: 4637 Username: "cazzarel" Process name: "/DCNFS/applications/synopsys/2019/app/customcompiler/P-2019.06-SP1-7/linux64/platform/bin/ipc_wrapper". Process is terminated.
              /c signal number = 15
              /c Stack Dump: VERSION P-2019.06-SP1-7 CONFIG 5329942 DATE Fri Feb 19 14:56:22 2021
              /c Frame 0. libc.so.6: __poll + 0x24
              /c Frame 1. sae_shell: poll + 0x61
              /c Frame 2. /lib64/libglib-2.0.so.0 ::9ef80a337c + 0x43c
              /c Frame 3. libglib-2.0.so.0: g_main_context_iteration + 0x2c
              /c Frame 4. QEventDispatcherGlib::processEvents(QFlags<QEventLoop::ProcessEventsFlag>) + 0x6a
              /c Frame 5. QEventLoop::exec(QFlags<QEventLoop::ProcessEventsFlag>) + 0xea
              /c Frame 6. QCoreApplication::exec() + 0x8d
              /c Frame 7. 0x13139d2 SNPSee_3cb5a937433b5647dfd0ba220bc88c363f9edc9e424f5618e629fa54920aaa2d42181fc4e419a971bdba91f3b1089c26 + 0xa2
              /c Frame 8. sae_shell: main + 0x6a
              /c Frame 9. libc.so.6: __libc_start_main + 0xf5
              /c Frame 10. /DCNFS/applications/synopsys/2019/app/customcompiler/P-2019.06-SP1-7/linux64/platform/bin/sae_shell ::0x1308a75 + 0x29
