[13:15:18.84] /o sae_shell Version Custom Compiler P-2019.06-SP1-7
              /c Build  (OPT) compiled on Thu Feb 13 14:05:50 2020 for RHEL64 6.6
              /c Execution time: Fri Feb 19 13:15:07 2021
              /c Host: linux11101
              /c 
              /c Copyright © 2004-2020 Synopsys, Inc.
              /c This software and the associated documentation are proprietary to Synopsys, Inc. This software may only be used in accordance with the terms and conditions of a written license agreement with Synopsys, Inc. All other use, reproduction, or distribution of this software is strictly prohibited.
              /c 
              /c 
[13:15:18.97] /o /DCNFS/applications/synopsys/2019/app/customcompiler/P-2019.06-SP1-7/auxx/samples/basic
[13:15:18.98] /o /DCNFS/applications/synopsys/2019/app/customcompiler/P-2019.06-SP1-7/auxx/samples/snpsDeviceLib
[13:15:18.98] /o /DCNFS/applications/synopsys/2019/app/customcompiler/P-2019.06-SP1-7/auxx/samples/analogLib
[13:15:18.99] /o /DCNFS/applications/synopsys/2019/app/customcompiler/P-2019.06-SP1-7/auxx/samples/parasitics
[13:15:19.26] /o /DCNFS/applications/synopsys/2019/app/SAED/SAED_PDK90nm/SAED_PDK_90
[13:15:19.27] /o 	############################################
[13:15:19.27] /o 	        Synopsys Generic 90nm iPDK          
[13:15:19.27] /o 	--------------------------------------------
[13:15:19.27] /o 	Release Date .............. : 11-May-2016    
[13:15:19.27] /o 	============================================
[13:15:19.27] /o 	        Recommended Tool Versions           
[13:15:19.27] /o 	--------------------------------------------
[13:15:19.27] /o 	Custom Designer ........... : J-2014.12-2    
[13:15:19.27] /o 	IC Validator .............. : K-2015.12   
[13:15:19.27] /o 	StarRC..................... : K-2015.12  
[13:15:19.27] /o 	--------------------------------------------
[13:15:19.27] /o 	############################################
[13:15:19.27] /o 
[13:15:19.34] /o SAED PDK 90: Loaded callbacks
[13:15:19.36] /o SAED PDK 90: Loaded display resources
[13:15:19.38] /i ::sa::_backgroundSaeShell::signalProcessReady 1613769304
[13:15:19.39] /o saeInterBGSaeShell:  ::sa::_backgroundSaeShell::processReady 15
[13:20:20.39] /o saeInterBGSaeShell:  ::sa::_backgroundSaeShell::pingBack
[13:20:20.55] /i ::sa::_backgroundSaeShell::parentRunning
[13:20:20.55] /o 1613769620
[13:20:30.93] /i ::sa::_backgroundSaeShell::exit
[13:20:30.93] /o saeInterBGSaeShell:  ::sa::_backgroundSaeShell::childFormallyExiting
