[13:20:49.57] /o sae_shell Version Custom Compiler P-2019.06-SP1-7
              /c Build  (OPT) compiled on Thu Feb 13 14:05:50 2020 for RHEL64 6.6
              /c Execution time: Fri Feb 19 13:20:37 2021
              /c Host: linux11101
              /c 
              /c Copyright © 2004-2020 Synopsys, Inc.
              /c This software and the associated documentation are proprietary to Synopsys, Inc. This software may only be used in accordance with the terms and conditions of a written license agreement with Synopsys, Inc. All other use, reproduction, or distribution of this software is strictly prohibited.
              /c 
              /c 
[13:20:49.70] /o /DCNFS/applications/synopsys/2019/app/customcompiler/P-2019.06-SP1-7/auxx/samples/basic
[13:20:49.70] /o /DCNFS/applications/synopsys/2019/app/customcompiler/P-2019.06-SP1-7/auxx/samples/snpsDeviceLib
[13:20:49.71] /o /DCNFS/applications/synopsys/2019/app/customcompiler/P-2019.06-SP1-7/auxx/samples/analogLib
[13:20:49.71] /o /DCNFS/applications/synopsys/2019/app/customcompiler/P-2019.06-SP1-7/auxx/samples/parasitics
[13:20:49.91] /o /DCNFS/applications/synopsys/2019/app/SAED/SAED_PDK90nm/SAED_PDK_90
[13:20:49.92] /o 	############################################
[13:20:49.92] /o 	        Synopsys Generic 90nm iPDK          
[13:20:49.92] /o 	--------------------------------------------
[13:20:49.92] /o 	Release Date .............. : 11-May-2016    
[13:20:49.92] /o 	============================================
[13:20:49.92] /o 	        Recommended Tool Versions           
[13:20:49.92] /o 	--------------------------------------------
[13:20:49.92] /o 	Custom Designer ........... : J-2014.12-2    
[13:20:49.92] /o 	IC Validator .............. : K-2015.12   
[13:20:49.92] /o 	StarRC..................... : K-2015.12  
[13:20:49.92] /o 	--------------------------------------------
[13:20:49.92] /o 	############################################
[13:20:49.92] /o 
[13:20:49.98] /o SAED PDK 90: Loaded callbacks
[13:20:49.99] /o SAED PDK 90: Loaded display resources
[13:20:50.01] /i ::sa::_backgroundSaeShell::signalProcessReady 1613769634
[13:20:50.02] /o saeInterBGSaeShell:  ::sa::_backgroundSaeShell::processReady 16
[13:22:57.19] /i ::sa::_backgroundSaeShell::runScript /DCNFS/users/student/cazzarel/simulation/Tutorial,testbench_nor,schematic/history_1/simulation/default/HSPICE/nominal/.bg_measurement_script.tcl sa::_resultsDatabase::saeShellProcessingCompletedProc testSuiteName saeSession4 testbenchName default resultsDir /DCNFS/users/student/cazzarel/simulation/Tutorial,testbench_nor,schematic/history_1/simulation/default/HSPICE/nominal/results testSuiteDir /DCNFS/users/student/cazzarel/simulation/Tutorial,testbench_nor,schematic/history_1/simulation/default/HSPICE/nominal databaseName /DCNFS/users/student/cazzarel/simulation/Tutorial,testbench_nor,schematic/history_1/simulation/default/HSPICE/nominal/resultsDatabase remoteRun {} testbenchId 1 saveImages true
[13:22:57.87] /m Information: Start incremental database creation...
[13:22:57.94] /o saeInterBGSaeShell:  ::sa::_backgroundSaeShell::scriptFinished 0.7 {} sa::_resultsDatabase::saeShellProcessingCompletedProc testSuiteName saeSession4 testbenchName default resultsDir /DCNFS/users/student/cazzarel/simulation/Tutorial,testbench_nor,schematic/history_1/simulation/default/HSPICE/nominal/results testSuiteDir /DCNFS/users/student/cazzarel/simulation/Tutorial,testbench_nor,schematic/history_1/simulation/default/HSPICE/nominal databaseName /DCNFS/users/student/cazzarel/simulation/Tutorial,testbench_nor,schematic/history_1/simulation/default/HSPICE/nominal/resultsDatabase remoteRun {} testbenchId 1 saveImages true
[13:22:57.94] /o false
[13:27:58.04] /o saeInterBGSaeShell:  ::sa::_backgroundSaeShell::pingBack
[13:27:58.15] /i ::sa::_backgroundSaeShell::parentRunning
[13:27:58.15] /o 1613770078
[13:32:59.06] /o saeInterBGSaeShell:  ::sa::_backgroundSaeShell::pingBack
[13:32:59.15] /i ::sa::_backgroundSaeShell::parentRunning
[13:32:59.15] /o 1613770379
[13:34:02.45] /i ::sa::_backgroundSaeShell::exit
[13:34:02.45] /o saeInterBGSaeShell:  ::sa::_backgroundSaeShell::childFormallyExiting
