 ** SX started using preference settings in '/tmp/tmp_sae_spxrc_mVOEkH'
sx_first_wv
sx_current_wv _562f6a0_void_p
sx_set_data_directory {/DCNFS/users/student/cazzarel/simulation/fourbitadder,ripplecarrytestbench,schematic/history_1/simulation/HSPICE_default/HSPICE/nominal/results}
sx_get_signals {/DCNFS/users/student/cazzarel/simulation/fourbitadder,ripplecarrytestbench,schematic/history_1/simulation/HSPICE_default/HSPICE/nominal/results/resultsMap.xml} {v(a0)}  -analysis {tran:tran} -openmode replace
sx_get_num_sweeps _576a0b0_void_pp
::CDSX::findIsSweepScalar _576a0b0_void_pp 1
sx_signal_attribute _576a0b0_void_pp -xrange
sx_first_wv
sx_set_wv_userinfo _562f6a0_void_p
sx_first_panel _562f6a0_void_p
sx_next_wv _562f6a0_void_p
sx_first_wv
sx_next_wv _562f6a0_void_p
sx_current_wv
sx_first_panel _562f6a0_void_p
sx_current_wv _562f6a0_void_p
sx_clear_wv
sx_set_wv_title _562f6a0_void_p tran
sx_wv_name _562f6a0_void_p tran
sx_get_last_panel _562f6a0_void_p
sx_append_panel _562f6a0_void_p linear
sx_current_wv _562f6a0_void_p
sx_signal_add_mode overlap
sx_current_panel _578cb00_void_p
sx_set_wv_testbench _562f6a0_void_p 
sx_set_wv_userinfo _562f6a0_void_p {saeSession0::tran}
sx_plot_signals {{/DCNFS/users/student/cazzarel/simulation/fourbitadder,ripplecarrytestbench,schematic/history_1/simulation/HSPICE_default/HSPICE/nominal/results/resultsMap.xml}} {{v(a0)}} {-color #FF0000 -label v(/A0)} -openmode replace -analysis tran:tran -noupdate -type volt
sx_get_panel_type _578cb00_void_p
sx_set_panel_x_type _578cb00_void_p "linear"
sx_set_panel_y_type _578cb00_void_p "linear"
sx_get_signals {/DCNFS/users/student/cazzarel/simulation/fourbitadder,ripplecarrytestbench,schematic/history_1/simulation/HSPICE_default/HSPICE/nominal/results/resultsMap.xml} {v(a1)}  -analysis {tran:tran} -openmode replace
sx_get_num_sweeps _576a140_void_pp
::CDSX::findIsSweepScalar _576a140_void_pp 1
sx_signal_attribute _576a140_void_pp -xrange
sx_current_wv
sx_first_panel _562f6a0_void_p
sx_current_wv
sx_get_last_panel _562f6a0_void_p
sx_get_panel_type _578cb00_void_p
sx_first_panel _562f6a0_void_p
sx_get_panel_type _578cb00_void_p
sx_get_x_full_range _578cb00_void_p
sx_xaxis_attribute _578cb00_void_p -scale
sx_get_last_panel _562f6a0_void_p
sx_first_panel _562f6a0_void_p
sx_next_panel _578cb00_void_p
sx_get_panel_type _578cb00_void_p
sx_signal_add_mode overlap
sx_current_panel _578cb00_void_p
sx_set_wv_testbench _562f6a0_void_p 
sx_set_wv_userinfo _562f6a0_void_p {saeSession0::tran}
sx_plot_signals {{/DCNFS/users/student/cazzarel/simulation/fourbitadder,ripplecarrytestbench,schematic/history_1/simulation/HSPICE_default/HSPICE/nominal/results/resultsMap.xml}} {{v(a1)}} {-color #CC00FF -label v(/A1)} -openmode replace -analysis tran:tran -noupdate -type volt
sx_get_panel_type _578cb00_void_p
sx_set_panel_x_type _578cb00_void_p "linear"
sx_set_panel_y_type _578cb00_void_p "linear"
sx_get_signals {/DCNFS/users/student/cazzarel/simulation/fourbitadder,ripplecarrytestbench,schematic/history_1/simulation/HSPICE_default/HSPICE/nominal/results/resultsMap.xml} {v(a2)}  -analysis {tran:tran} -openmode replace
sx_get_num_sweeps _576a1d0_void_pp
::CDSX::findIsSweepScalar _576a1d0_void_pp 1
sx_signal_attribute _576a1d0_void_pp -xrange
sx_current_wv
sx_first_panel _562f6a0_void_p
sx_current_wv
sx_get_last_panel _562f6a0_void_p
sx_get_panel_type _578cb00_void_p
sx_first_panel _562f6a0_void_p
sx_get_panel_type _578cb00_void_p
sx_get_x_full_range _578cb00_void_p
sx_xaxis_attribute _578cb00_void_p -scale
sx_get_last_panel _562f6a0_void_p
sx_first_panel _562f6a0_void_p
sx_next_panel _578cb00_void_p
sx_get_panel_type _578cb00_void_p
sx_signal_add_mode overlap
sx_current_panel _578cb00_void_p
sx_set_wv_testbench _562f6a0_void_p 
sx_set_wv_userinfo _562f6a0_void_p {saeSession0::tran}
sx_plot_signals {{/DCNFS/users/student/cazzarel/simulation/fourbitadder,ripplecarrytestbench,schematic/history_1/simulation/HSPICE_default/HSPICE/nominal/results/resultsMap.xml}} {{v(a2)}} {-color #00FF66 -label v(/A2)} -openmode replace -analysis tran:tran -noupdate -type volt
sx_get_panel_type _578cb00_void_p
sx_set_panel_x_type _578cb00_void_p "linear"
sx_set_panel_y_type _578cb00_void_p "linear"
sx_get_signals {/DCNFS/users/student/cazzarel/simulation/fourbitadder,ripplecarrytestbench,schematic/history_1/simulation/HSPICE_default/HSPICE/nominal/results/resultsMap.xml} {v(a3)}  -analysis {tran:tran} -openmode replace
sx_get_num_sweeps _576a260_void_pp
::CDSX::findIsSweepScalar _576a260_void_pp 1
sx_signal_attribute _576a260_void_pp -xrange
sx_current_wv
sx_first_panel _562f6a0_void_p
sx_current_wv
sx_get_last_panel _562f6a0_void_p
sx_get_panel_type _578cb00_void_p
sx_first_panel _562f6a0_void_p
sx_get_panel_type _578cb00_void_p
sx_get_x_full_range _578cb00_void_p
sx_xaxis_attribute _578cb00_void_p -scale
sx_get_last_panel _562f6a0_void_p
sx_first_panel _562f6a0_void_p
sx_next_panel _578cb00_void_p
sx_get_panel_type _578cb00_void_p
sx_signal_add_mode overlap
sx_current_panel _578cb00_void_p
sx_set_wv_testbench _562f6a0_void_p 
sx_set_wv_userinfo _562f6a0_void_p {saeSession0::tran}
sx_plot_signals {{/DCNFS/users/student/cazzarel/simulation/fourbitadder,ripplecarrytestbench,schematic/history_1/simulation/HSPICE_default/HSPICE/nominal/results/resultsMap.xml}} {{v(a3)}} {-color #CCFF00 -label v(/A3)} -openmode replace -analysis tran:tran -noupdate -type volt
sx_get_panel_type _578cb00_void_p
sx_set_panel_x_type _578cb00_void_p "linear"
sx_set_panel_y_type _578cb00_void_p "linear"
sx_get_signals {/DCNFS/users/student/cazzarel/simulation/fourbitadder,ripplecarrytestbench,schematic/history_1/simulation/HSPICE_default/HSPICE/nominal/results/resultsMap.xml} {v(b0)}  -analysis {tran:tran} -openmode replace
sx_get_num_sweeps _576a2f0_void_pp
::CDSX::findIsSweepScalar _576a2f0_void_pp 1
sx_signal_attribute _576a2f0_void_pp -xrange
sx_current_wv
sx_first_panel _562f6a0_void_p
sx_current_wv
sx_get_last_panel _562f6a0_void_p
sx_get_panel_type _578cb00_void_p
sx_first_panel _562f6a0_void_p
sx_get_panel_type _578cb00_void_p
sx_get_x_full_range _578cb00_void_p
sx_xaxis_attribute _578cb00_void_p -scale
sx_get_last_panel _562f6a0_void_p
sx_first_panel _562f6a0_void_p
sx_next_panel _578cb00_void_p
sx_get_panel_type _578cb00_void_p
sx_signal_add_mode overlap
sx_current_panel _578cb00_void_p
sx_set_wv_testbench _562f6a0_void_p 
sx_set_wv_userinfo _562f6a0_void_p {saeSession0::tran}
sx_plot_signals {{/DCNFS/users/student/cazzarel/simulation/fourbitadder,ripplecarrytestbench,schematic/history_1/simulation/HSPICE_default/HSPICE/nominal/results/resultsMap.xml}} {{v(b0)}} {-color #0066FF -label v(/B0)} -openmode replace -analysis tran:tran -noupdate -type volt
sx_get_panel_type _578cb00_void_p
sx_set_panel_x_type _578cb00_void_p "linear"
sx_set_panel_y_type _578cb00_void_p "linear"
sx_get_signals {/DCNFS/users/student/cazzarel/simulation/fourbitadder,ripplecarrytestbench,schematic/history_1/simulation/HSPICE_default/HSPICE/nominal/results/resultsMap.xml} {v(b1)}  -analysis {tran:tran} -openmode replace
sx_get_num_sweeps _576a380_void_pp
::CDSX::findIsSweepScalar _576a380_void_pp 1
sx_signal_attribute _576a380_void_pp -xrange
sx_current_wv
sx_first_panel _562f6a0_void_p
sx_current_wv
sx_get_last_panel _562f6a0_void_p
sx_get_panel_type _578cb00_void_p
sx_first_panel _562f6a0_void_p
sx_get_panel_type _578cb00_void_p
sx_get_x_full_range _578cb00_void_p
sx_xaxis_attribute _578cb00_void_p -scale
sx_get_last_panel _562f6a0_void_p
sx_first_panel _562f6a0_void_p
sx_next_panel _578cb00_void_p
sx_get_panel_type _578cb00_void_p
sx_signal_add_mode overlap
sx_current_panel _578cb00_void_p
sx_set_wv_testbench _562f6a0_void_p 
sx_set_wv_userinfo _562f6a0_void_p {saeSession0::tran}
sx_plot_signals {{/DCNFS/users/student/cazzarel/simulation/fourbitadder,ripplecarrytestbench,schematic/history_1/simulation/HSPICE_default/HSPICE/nominal/results/resultsMap.xml}} {{v(b1)}} {-color #FF9900 -label v(/B1)} -openmode replace -analysis tran:tran -noupdate -type volt
sx_get_panel_type _578cb00_void_p
sx_set_panel_x_type _578cb00_void_p "linear"
sx_set_panel_y_type _578cb00_void_p "linear"
sx_get_signals {/DCNFS/users/student/cazzarel/simulation/fourbitadder,ripplecarrytestbench,schematic/history_1/simulation/HSPICE_default/HSPICE/nominal/results/resultsMap.xml} {v(b2)}  -analysis {tran:tran} -openmode replace
sx_get_num_sweeps _576a410_void_pp
::CDSX::findIsSweepScalar _576a410_void_pp 1
sx_signal_attribute _576a410_void_pp -xrange
sx_current_wv
sx_first_panel _562f6a0_void_p
sx_current_wv
sx_get_last_panel _562f6a0_void_p
sx_get_panel_type _578cb00_void_p
sx_first_panel _562f6a0_void_p
sx_get_panel_type _578cb00_void_p
sx_get_x_full_range _578cb00_void_p
sx_xaxis_attribute _578cb00_void_p -scale
sx_get_last_panel _562f6a0_void_p
sx_first_panel _562f6a0_void_p
sx_next_panel _578cb00_void_p
sx_get_panel_type _578cb00_void_p
sx_signal_add_mode overlap
sx_current_panel _578cb00_void_p
sx_set_wv_testbench _562f6a0_void_p 
sx_set_wv_userinfo _562f6a0_void_p {saeSession0::tran}
sx_plot_signals {{/DCNFS/users/student/cazzarel/simulation/fourbitadder,ripplecarrytestbench,schematic/history_1/simulation/HSPICE_default/HSPICE/nominal/results/resultsMap.xml}} {{v(b2)}} {-color #FF0099 -label v(/B2)} -openmode replace -analysis tran:tran -noupdate -type volt
sx_get_panel_type _578cb00_void_p
sx_set_panel_x_type _578cb00_void_p "linear"
sx_set_panel_y_type _578cb00_void_p "linear"
sx_get_signals {/DCNFS/users/student/cazzarel/simulation/fourbitadder,ripplecarrytestbench,schematic/history_1/simulation/HSPICE_default/HSPICE/nominal/results/resultsMap.xml} {v(b3)}  -analysis {tran:tran} -openmode replace
sx_get_num_sweeps _576a4a0_void_pp
::CDSX::findIsSweepScalar _576a4a0_void_pp 1
sx_signal_attribute _576a4a0_void_pp -xrange
sx_current_wv
sx_first_panel _562f6a0_void_p
sx_current_wv
sx_get_last_panel _562f6a0_void_p
sx_get_panel_type _578cb00_void_p
sx_first_panel _562f6a0_void_p
sx_get_panel_type _578cb00_void_p
sx_get_x_full_range _578cb00_void_p
sx_xaxis_attribute _578cb00_void_p -scale
sx_get_last_panel _562f6a0_void_p
sx_first_panel _562f6a0_void_p
sx_next_panel _578cb00_void_p
sx_get_panel_type _578cb00_void_p
sx_signal_add_mode overlap
sx_current_panel _578cb00_void_p
sx_set_wv_testbench _562f6a0_void_p 
sx_set_wv_userinfo _562f6a0_void_p {saeSession0::tran}
sx_plot_signals {{/DCNFS/users/student/cazzarel/simulation/fourbitadder,ripplecarrytestbench,schematic/history_1/simulation/HSPICE_default/HSPICE/nominal/results/resultsMap.xml}} {{v(b3)}} {-color #00FFFF -label v(/B3)} -openmode replace -analysis tran:tran -noupdate -type volt
sx_get_panel_type _578cb00_void_p
sx_set_panel_x_type _578cb00_void_p "linear"
sx_set_panel_y_type _578cb00_void_p "linear"
sx_get_signals {/DCNFS/users/student/cazzarel/simulation/fourbitadder,ripplecarrytestbench,schematic/history_1/simulation/HSPICE_default/HSPICE/nominal/results/resultsMap.xml} {v(s0)}  -analysis {tran:tran} -openmode replace
sx_get_num_sweeps _576a5c0_void_pp
::CDSX::findIsSweepScalar _576a5c0_void_pp 1
sx_signal_attribute _576a5c0_void_pp -xrange
sx_current_wv
sx_first_panel _562f6a0_void_p
sx_current_wv
sx_get_last_panel _562f6a0_void_p
sx_get_panel_type _578cb00_void_p
sx_first_panel _562f6a0_void_p
sx_get_panel_type _578cb00_void_p
sx_get_x_full_range _578cb00_void_p
sx_xaxis_attribute _578cb00_void_p -scale
sx_get_last_panel _562f6a0_void_p
sx_first_panel _562f6a0_void_p
sx_next_panel _578cb00_void_p
sx_get_panel_type _578cb00_void_p
sx_signal_add_mode overlap
sx_current_panel _578cb00_void_p
sx_set_wv_testbench _562f6a0_void_p 
sx_set_wv_userinfo _562f6a0_void_p {saeSession0::tran}
sx_plot_signals {{/DCNFS/users/student/cazzarel/simulation/fourbitadder,ripplecarrytestbench,schematic/history_1/simulation/HSPICE_default/HSPICE/nominal/results/resultsMap.xml}} {{v(s0)}} {-color #33FF00 -label v(/S0)} -openmode replace -analysis tran:tran -noupdate -type volt
sx_get_panel_type _578cb00_void_p
sx_set_panel_x_type _578cb00_void_p "linear"
sx_set_panel_y_type _578cb00_void_p "linear"
sx_get_signals {/DCNFS/users/student/cazzarel/simulation/fourbitadder,ripplecarrytestbench,schematic/history_1/simulation/HSPICE_default/HSPICE/nominal/results/resultsMap.xml} {v(s1)}  -analysis {tran:tran} -openmode replace
sx_get_num_sweeps _576a650_void_pp
::CDSX::findIsSweepScalar _576a650_void_pp 1
sx_signal_attribute _576a650_void_pp -xrange
sx_current_wv
sx_first_panel _562f6a0_void_p
sx_current_wv
sx_get_last_panel _562f6a0_void_p
sx_get_panel_type _578cb00_void_p
sx_first_panel _562f6a0_void_p
sx_get_panel_type _578cb00_void_p
sx_get_x_full_range _578cb00_void_p
sx_xaxis_attribute _578cb00_void_p -scale
sx_get_last_panel _562f6a0_void_p
sx_first_panel _562f6a0_void_p
sx_next_panel _578cb00_void_p
sx_get_panel_type _578cb00_void_p
sx_signal_add_mode overlap
sx_current_panel _578cb00_void_p
sx_set_wv_testbench _562f6a0_void_p 
sx_set_wv_userinfo _562f6a0_void_p {saeSession0::tran}
sx_plot_signals {{/DCNFS/users/student/cazzarel/simulation/fourbitadder,ripplecarrytestbench,schematic/history_1/simulation/HSPICE_default/HSPICE/nominal/results/resultsMap.xml}} {{v(s1)}} {-color #3300FF -label v(/S1)} -openmode replace -analysis tran:tran -noupdate -type volt
sx_get_panel_type _578cb00_void_p
sx_set_panel_x_type _578cb00_void_p "linear"
sx_set_panel_y_type _578cb00_void_p "linear"
sx_get_signals {/DCNFS/users/student/cazzarel/simulation/fourbitadder,ripplecarrytestbench,schematic/history_1/simulation/HSPICE_default/HSPICE/nominal/results/resultsMap.xml} {v(s2)}  -analysis {tran:tran} -openmode replace
sx_get_num_sweeps _576a6e0_void_pp
::CDSX::findIsSweepScalar _576a6e0_void_pp 1
sx_signal_attribute _576a6e0_void_pp -xrange
sx_current_wv
sx_first_panel _562f6a0_void_p
sx_current_wv
sx_get_last_panel _562f6a0_void_p
sx_get_panel_type _578cb00_void_p
sx_first_panel _562f6a0_void_p
sx_get_panel_type _578cb00_void_p
sx_get_x_full_range _578cb00_void_p
sx_xaxis_attribute _578cb00_void_p -scale
sx_get_last_panel _562f6a0_void_p
sx_first_panel _562f6a0_void_p
sx_next_panel _578cb00_void_p
sx_get_panel_type _578cb00_void_p
sx_signal_add_mode overlap
sx_current_panel _578cb00_void_p
sx_set_wv_testbench _562f6a0_void_p 
sx_set_wv_userinfo _562f6a0_void_p {saeSession0::tran}
sx_plot_signals {{/DCNFS/users/student/cazzarel/simulation/fourbitadder,ripplecarrytestbench,schematic/history_1/simulation/HSPICE_default/HSPICE/nominal/results/resultsMap.xml}} {{v(s2)}} {-color #FF9999 -label v(/S2)} -openmode replace -analysis tran:tran -noupdate -type volt
sx_get_panel_type _578cb00_void_p
sx_set_panel_x_type _578cb00_void_p "linear"
sx_set_panel_y_type _578cb00_void_p "linear"
sx_get_signals {/DCNFS/users/student/cazzarel/simulation/fourbitadder,ripplecarrytestbench,schematic/history_1/simulation/HSPICE_default/HSPICE/nominal/results/resultsMap.xml} {v(s3)}  -analysis {tran:tran} -openmode replace
sx_get_num_sweeps _576a770_void_pp
::CDSX::findIsSweepScalar _576a770_void_pp 1
sx_signal_attribute _576a770_void_pp -xrange
sx_current_wv
sx_first_panel _562f6a0_void_p
sx_current_wv
sx_get_last_panel _562f6a0_void_p
sx_get_panel_type _578cb00_void_p
sx_first_panel _562f6a0_void_p
sx_get_panel_type _578cb00_void_p
sx_get_x_full_range _578cb00_void_p
sx_xaxis_attribute _578cb00_void_p -scale
sx_get_last_panel _562f6a0_void_p
sx_first_panel _562f6a0_void_p
sx_next_panel _578cb00_void_p
sx_get_panel_type _578cb00_void_p
sx_signal_add_mode overlap
sx_current_panel _578cb00_void_p
sx_set_wv_testbench _562f6a0_void_p 
sx_set_wv_userinfo _562f6a0_void_p {saeSession0::tran}
sx_plot_signals {{/DCNFS/users/student/cazzarel/simulation/fourbitadder,ripplecarrytestbench,schematic/history_1/simulation/HSPICE_default/HSPICE/nominal/results/resultsMap.xml}} {{v(s3)}} {-color #EB99FF -label v(/S3)} -openmode replace -analysis tran:tran -noupdate -type volt
sx_get_panel_type _578cb00_void_p
sx_set_panel_x_type _578cb00_void_p "linear"
sx_set_panel_y_type _578cb00_void_p "linear"
sx_get_signals {/DCNFS/users/student/cazzarel/simulation/fourbitadder,ripplecarrytestbench,schematic/history_1/simulation/HSPICE_default/HSPICE/nominal/results/resultsMap.xml} {v(cout)}  -analysis {tran:tran} -openmode replace
sx_get_num_sweeps _576a530_void_pp
::CDSX::findIsSweepScalar _576a530_void_pp 1
sx_signal_attribute _576a530_void_pp -xrange
sx_current_wv
sx_first_panel _562f6a0_void_p
sx_current_wv
sx_get_last_panel _562f6a0_void_p
sx_get_panel_type _578cb00_void_p
sx_first_panel _562f6a0_void_p
sx_get_panel_type _578cb00_void_p
sx_get_x_full_range _578cb00_void_p
sx_xaxis_attribute _578cb00_void_p -scale
sx_get_last_panel _562f6a0_void_p
sx_first_panel _562f6a0_void_p
sx_next_panel _578cb00_void_p
sx_get_panel_type _578cb00_void_p
sx_signal_add_mode overlap
sx_current_panel _578cb00_void_p
sx_set_wv_testbench _562f6a0_void_p 
sx_set_wv_userinfo _562f6a0_void_p {saeSession0::tran}
sx_plot_signals {{/DCNFS/users/student/cazzarel/simulation/fourbitadder,ripplecarrytestbench,schematic/history_1/simulation/HSPICE_default/HSPICE/nominal/results/resultsMap.xml}} {{v(cout)}} {-color #99FFC2 -label v(/Cout)} -openmode replace -analysis tran:tran -noupdate -type volt
sx_get_panel_type _578cb00_void_p
sx_set_panel_x_type _578cb00_void_p "linear"
sx_set_panel_y_type _578cb00_void_p "linear"
sx_first_wv
sx_first_panel _562f6a0_void_p
sx_toggle_right_axis _578cb00_void_p I-Signal
sx_next_panel _578cb00_void_p
sx_next_wv _562f6a0_void_p
sx_first_panel _562f6a0_void_p
sx_next_panel _578cb00_void_p
sx_first_line _578cb00_void_p
sx_first_panel _562f6a0_void_p
sx_first_wv
sx_wv_name _562f6a0_void_p
sx_next_wv _562f6a0_void_p
